#
# There is insufficient memory for the Java Runtime Environment to continue.
# Native memory allocation (malloc) failed to allocate 1370176 bytes for Chunk::new
# Possible reasons:
#   The system is out of physical RAM or swap space
#   The process is running with CompressedOops enabled, and the Java Heap may be blocking the growth of the native heap
# Possible solutions:
#   Reduce memory load on the system
#   Increase physical memory or swap space
#   Check if swap backing store is full
#   Decrease Java heap size (-Xmx/-Xms)
#   Decrease number of Java threads
#   Decrease Java thread stack sizes (-Xss)
#   Set larger code cache with -XX:ReservedCodeCacheSize=
#   JVM is running with Unscaled Compressed Oops mode in which the Java heap is
#     placed in the first 4GB address space. The Java Heap base address is the
#     maximum limit for the native heap growth. Please use -XX:HeapBaseMinAddress
#     to set the Java Heap base and to place the Java Heap above 4GB virtual address.
# This output file may be truncated or incomplete.
#
#  Out of Memory Error (./src/hotspot/share/memory/arena.cpp:197), pid=3648, tid=18472
#
# JRE version: OpenJDK Runtime Environment (11.0.10) (build 11.0.10+0-b96-7249189)
# Java VM: OpenJDK 64-Bit Server VM (11.0.10+0-b96-7249189, mixed mode, tiered, compressed oops, g1 gc, windows-amd64)
# No core dump will be written. Minidumps are not enabled by default on client versions of Windows
#

---------------  S U M M A R Y ------------

Command Line: --add-opens=java.base/java.util=ALL-UNNAMED --add-opens=java.base/java.lang=ALL-UNNAMED --add-opens=java.base/java.lang.invoke=ALL-UNNAMED --add-opens=java.base/java.util=ALL-UNNAMED --add-opens=java.prefs/java.util.prefs=ALL-UNNAMED --add-opens=java.prefs/java.util.prefs=ALL-UNNAMED --add-opens=java.base/java.nio.charset=ALL-UNNAMED --add-opens=java.base/java.net=ALL-UNNAMED --add-opens=java.base/java.util.concurrent.atomic=ALL-UNNAMED -Xmx2048m -Dfile.encoding=UTF-8 -Duser.country=US -Duser.language=en -Duser.variant org.gradle.launcher.daemon.bootstrap.GradleDaemon 7.0.2

Host: Intel(R) Core(TM) i5-10210U CPU @ 1.60GHz, 8 cores, 7G,  Windows 10 , 64 bit Build 26100 (10.0.26100.2454)
Time: Sun Jan 26 23:56:24 2025 Malay Peninsula Standard Time elapsed time: 21.903159 seconds (0d 0h 0m 21s)

---------------  T H R E A D  ---------------

Current thread (0x000001b3dfd1f000):  JavaThread "C2 CompilerThread2" daemon [_thread_in_native, id=18472, stack(0x000000132af00000,0x000000132b000000)]


Current CompileTask:
C2:  21903 15426       4       com.android.tools.r8.internal.Lv::a (455 bytes)

Stack: [0x000000132af00000,0x000000132b000000]
Native frames: (J=compiled Java code, j=interpreted, Vv=VM code, C=native code)
V  [jvm.dll+0x5ecfaa]
V  [jvm.dll+0x722bd5]
V  [jvm.dll+0x72412d]
V  [jvm.dll+0x7247e3]
V  [jvm.dll+0x242928]
V  [jvm.dll+0xbc4fc]
V  [jvm.dll+0xbca0c]
V  [jvm.dll+0x2b4fd4]
V  [jvm.dll+0x506028]
V  [jvm.dll+0x203253]
V  [jvm.dll+0x1fd07c]
V  [jvm.dll+0x1fa77f]
V  [jvm.dll+0x18354c]
V  [jvm.dll+0x208ee7]
V  [jvm.dll+0x207731]
V  [jvm.dll+0x6eb1cf]
V  [jvm.dll+0x6e3d45]
V  [jvm.dll+0x5ebe96]
C  [ucrtbase.dll+0x14ea0]
C  [KERNEL32.DLL+0x2e8d7]
C  [ntdll.dll+0xdfbcc]


---------------  P R O C E S S  ---------------

Threads class SMR info:
_java_thread_list=0x000001b3e48d4210, length=72, elements={
0x000001b3bdcda800, 0x000001b3d8957000, 0x000001b3d8961800, 0x000001b3d8975000,
0x000001b3d8976000, 0x000001b3d8977800, 0x000001b3d897a800, 0x000001b3d897e000,
0x000001b3d92f8800, 0x000001b3d9474000, 0x000001b3db159000, 0x000001b3db158000,
0x000001b3db15a000, 0x000001b3db157800, 0x000001b3db8f2800, 0x000001b3db8f6000,
0x000001b3db8f3800, 0x000001b3db8f4000, 0x000001b3db8f6800, 0x000001b3db8f7800,
0x000001b3db8f5000, 0x000001b3db8f9000, 0x000001b3db8fa000, 0x000001b3da3ef800,
0x000001b3db8fa800, 0x000001b3db8f8000, 0x000001b3db8fc800, 0x000001b3db8fb800,
0x000001b3db8ff800, 0x000001b3db8fe000, 0x000001b3db8fd000, 0x000001b3db900800,
0x000001b3dc9ed800, 0x000001b3dc9f0000, 0x000001b3dc9f1800, 0x000001b3dc9f3800,
0x000001b3dc9f2800, 0x000001b3dc9f6800, 0x000001b3dc9f4000, 0x000001b3dc9f6000,
0x000001b3dc9f7800, 0x000001b3dc9f5000, 0x000001b3dc9f9000, 0x000001b3dc9f8800,
0x000001b3dc9fc800, 0x000001b3dc9fa800, 0x000001b3dc9fa000, 0x000001b3dc9fb800,
0x000001b3da64e800, 0x000001b3da64c000, 0x000001b3da64f800, 0x000001b3da652800,
0x000001b3da651800, 0x000001b3da650000, 0x000001b3da653800, 0x000001b3da651000,
0x000001b3da655000, 0x000001b3da656000, 0x000001b3da656800, 0x000001b3da654000,
0x000001b3dfd1f000, 0x000001b3da65a000, 0x000001b3da657800, 0x000001b3da658000,
0x000001b3da65a800, 0x000001b3da659000, 0x000001b3dee74800, 0x000001b3dee76000,
0x000001b3dee75000, 0x000001b3dee77000, 0x000001b3dee77800, 0x000001b3dee7a000
}

Java Threads: ( => current thread )
  0x000001b3bdcda800 JavaThread "main" [_thread_blocked, id=16624, stack(0x0000001328800000,0x0000001328900000)]
  0x000001b3d8957000 JavaThread "Reference Handler" daemon [_thread_blocked, id=13412, stack(0x0000001328f00000,0x0000001329000000)]
  0x000001b3d8961800 JavaThread "Finalizer" daemon [_thread_blocked, id=14364, stack(0x0000001329000000,0x0000001329100000)]
  0x000001b3d8975000 JavaThread "Signal Dispatcher" daemon [_thread_blocked, id=3332, stack(0x0000001329100000,0x0000001329200000)]
  0x000001b3d8976000 JavaThread "Attach Listener" daemon [_thread_blocked, id=3540, stack(0x0000001329200000,0x0000001329300000)]
  0x000001b3d8977800 JavaThread "Service Thread" daemon [_thread_blocked, id=2480, stack(0x0000001329300000,0x0000001329400000)]
  0x000001b3d897a800 JavaThread "C2 CompilerThread0" daemon [_thread_in_native, id=17820, stack(0x0000001329400000,0x0000001329500000)]
  0x000001b3d897e000 JavaThread "C1 CompilerThread0" daemon [_thread_in_native, id=14544, stack(0x0000001329500000,0x0000001329600000)]
  0x000001b3d92f8800 JavaThread "Sweeper thread" daemon [_thread_blocked, id=8012, stack(0x0000001329600000,0x0000001329700000)]
  0x000001b3d9474000 JavaThread "Common-Cleaner" daemon [_thread_blocked, id=18780, stack(0x0000001329700000,0x0000001329800000)]
  0x000001b3db159000 JavaThread "Daemon health stats" [_thread_blocked, id=14684, stack(0x0000001329d00000,0x0000001329e00000)]
  0x000001b3db158000 JavaThread "Incoming local TCP Connector on port 64901" [_thread_in_native, id=10212, stack(0x0000001329900000,0x0000001329a00000)]
  0x000001b3db15a000 JavaThread "Daemon periodic checks" [_thread_blocked, id=11360, stack(0x0000001329a00000,0x0000001329b00000)]
  0x000001b3db157800 JavaThread "Daemon" [_thread_blocked, id=18676, stack(0x0000001329e00000,0x0000001329f00000)]
  0x000001b3db8f2800 JavaThread "Handler for socket connection from /127.0.0.1:64901 to /127.0.0.1:64902" [_thread_in_native, id=1296, stack(0x0000001329f00000,0x000000132a000000)]
  0x000001b3db8f6000 JavaThread "Cancel handler" [_thread_blocked, id=8588, stack(0x000000132a000000,0x000000132a100000)]
  0x000001b3db8f3800 JavaThread "Daemon worker" [_thread_blocked, id=8068, stack(0x000000132a100000,0x000000132a200000)]
  0x000001b3db8f4000 JavaThread "Asynchronous log dispatcher for DefaultDaemonConnection: socket connection from /127.0.0.1:64901 to /127.0.0.1:64902" [_thread_blocked, id=8076, stack(0x000000132a300000,0x000000132a400000)]
  0x000001b3db8f6800 JavaThread "Stdin handler" [_thread_blocked, id=5332, stack(0x000000132a400000,0x000000132a500000)]
  0x000001b3db8f7800 JavaThread "Daemon client event forwarder" [_thread_blocked, id=12096, stack(0x000000132a500000,0x000000132a600000)]
  0x000001b3db8f5000 JavaThread "Cache worker for file hash cache (C:\Users\labya\.gradle\caches\7.0.2\fileHashes)" [_thread_blocked, id=18796, stack(0x000000132a200000,0x000000132a300000)]
  0x000001b3db8f9000 JavaThread "File lock request listener" [_thread_in_native, id=11580, stack(0x000000132ab00000,0x000000132ac00000)]
  0x000001b3db8fa000 JavaThread "Cache worker for journal cache (C:\Users\labya\.gradle\caches\journal-1)" [_thread_blocked, id=18856, stack(0x000000132ad00000,0x000000132ae00000)]
  0x000001b3da3ef800 JavaThread "C2 CompilerThread1" daemon [_thread_in_native, id=10252, stack(0x000000132ae00000,0x000000132af00000)]
  0x000001b3db8fa800 JavaThread "Cache worker for file hash cache (C:\Users\labya\AndroidStudioProjects\MSWDOAPP\.gradle\7.0.2\fileHashes)" [_thread_blocked, id=20056, stack(0x000000132b000000,0x000000132b100000)]
  0x000001b3db8f8000 JavaThread "File watcher server" daemon [_thread_in_native, id=1696, stack(0x000000132b100000,0x000000132b200000)]
  0x000001b3db8fc800 JavaThread "File watcher consumer" daemon [_thread_blocked, id=9744, stack(0x000000132b200000,0x000000132b300000)]
  0x000001b3db8fb800 JavaThread "Cache worker for checksums cache (C:\Users\labya\AndroidStudioProjects\MSWDOAPP\.gradle\checksums)" [_thread_blocked, id=20464, stack(0x000000132b300000,0x000000132b400000)]
  0x000001b3db8ff800 JavaThread "Cache worker for cache directory md-supplier (C:\Users\labya\.gradle\caches\7.0.2\md-supplier)" [_thread_blocked, id=14392, stack(0x000000132b400000,0x000000132b500000)]
  0x000001b3db8fe000 JavaThread "Cache worker for cache directory md-rule (C:\Users\labya\.gradle\caches\7.0.2\md-rule)" [_thread_blocked, id=9724, stack(0x000000132b500000,0x000000132b600000)]
  0x000001b3db8fd000 JavaThread "Cache worker for execution history cache (C:\Users\labya\.gradle\caches\7.0.2\executionHistory)" [_thread_blocked, id=6268, stack(0x000000132b600000,0x000000132b700000)]
  0x000001b3db900800 JavaThread "jar transforms" [_thread_blocked, id=19220, stack(0x000000132b700000,0x000000132b800000)]
  0x000001b3dc9ed800 JavaThread "jar transforms Thread 2" [_thread_blocked, id=12788, stack(0x000000132b800000,0x000000132b900000)]
  0x000001b3dc9f0000 JavaThread "Cache worker for file content cache (C:\Users\labya\.gradle\caches\7.0.2\fileContent)" [_thread_blocked, id=1516, stack(0x000000132b900000,0x000000132ba00000)]
  0x000001b3dc9f1800 JavaThread "Cache worker for dependencies-accessors (C:\Users\labya\AndroidStudioProjects\MSWDOAPP\.gradle\7.0.2\dependencies-accessors)" [_thread_blocked, id=13544, stack(0x000000132ba00000,0x000000132bb00000)]
  0x000001b3dc9f3800 JavaThread "jar transforms Thread 3" [_thread_blocked, id=13352, stack(0x000000132bb00000,0x000000132bc00000)]
  0x000001b3dc9f2800 JavaThread "Cache worker for Build Output Cleanup Cache (C:\Users\labya\AndroidStudioProjects\MSWDOAPP\.gradle\buildOutputCleanup)" [_thread_blocked, id=18720, stack(0x000000132bc00000,0x000000132bd00000)]
  0x000001b3dc9f6800 JavaThread "Build operations" [_thread_in_Java, id=16448, stack(0x000000132bd00000,0x000000132be00000)]
  0x000001b3dc9f4000 JavaThread "Build operations Thread 2" [_thread_in_vm, id=19648, stack(0x000000132be00000,0x000000132bf00000)]
  0x000001b3dc9f6000 JavaThread "Build operations Thread 3" [_thread_in_Java, id=2816, stack(0x000000132bf00000,0x000000132c000000)]
  0x000001b3dc9f7800 JavaThread "Build operations Thread 4" [_thread_in_Java, id=1052, stack(0x000000132c000000,0x000000132c100000)]
  0x000001b3dc9f5000 JavaThread "Build operations Thread 5" [_thread_blocked, id=12592, stack(0x000000132c100000,0x000000132c200000)]
  0x000001b3dc9f9000 JavaThread "Build operations Thread 6" [_thread_in_Java, id=13148, stack(0x000000132c200000,0x000000132c300000)]
  0x000001b3dc9f8800 JavaThread "Build operations Thread 7" [_thread_in_Java, id=11352, stack(0x000000132c300000,0x000000132c400000)]
  0x000001b3dc9fc800 JavaThread "Build operations Thread 8" [_thread_in_Java, id=8772, stack(0x000000132c400000,0x000000132c500000)]
  0x000001b3dc9fa800 JavaThread "jar transforms Thread 4" [_thread_blocked, id=13820, stack(0x000000132c500000,0x000000132c600000)]
  0x000001b3dc9fa000 JavaThread "jar transforms Thread 5" [_thread_blocked, id=14852, stack(0x000000132c600000,0x000000132c700000)]
  0x000001b3dc9fb800 JavaThread "jar transforms Thread 6" [_thread_blocked, id=8872, stack(0x000000132c700000,0x000000132c800000)]
  0x000001b3da64e800 JavaThread "jar transforms Thread 7" [_thread_blocked, id=15128, stack(0x000000132c800000,0x000000132c900000)]
  0x000001b3da64c000 JavaThread "jar transforms Thread 8" [_thread_blocked, id=2868, stack(0x000000132c900000,0x000000132ca00000)]
  0x000001b3da64f800 JavaThread "Memory manager" [_thread_in_native, id=17364, stack(0x000000132ca00000,0x000000132cb00000)]
  0x000001b3da652800 JavaThread "build event listener" [_thread_blocked, id=1500, stack(0x000000132cb00000,0x000000132cc00000)]
  0x000001b3da651800 JavaThread "Execution worker for ':'" [_thread_blocked, id=20392, stack(0x000000132cc00000,0x000000132cd00000)]
  0x000001b3da650000 JavaThread "Execution worker for ':' Thread 2" [_thread_blocked, id=5896, stack(0x000000132cd00000,0x000000132ce00000)]
  0x000001b3da653800 JavaThread "Execution worker for ':' Thread 3" [_thread_blocked, id=11612, stack(0x000000132ce00000,0x000000132cf00000)]
  0x000001b3da651000 JavaThread "Execution worker for ':' Thread 4" [_thread_blocked, id=18524, stack(0x000000132cf00000,0x000000132d000000)]
  0x000001b3da655000 JavaThread "Execution worker for ':' Thread 5" [_thread_blocked, id=15072, stack(0x000000132d000000,0x000000132d100000)]
  0x000001b3da656000 JavaThread "Execution worker for ':' Thread 6" [_thread_blocked, id=14712, stack(0x000000132d100000,0x000000132d200000)]
  0x000001b3da656800 JavaThread "Execution worker for ':' Thread 7" [_thread_blocked, id=10320, stack(0x000000132d200000,0x000000132d300000)]
  0x000001b3da654000 JavaThread "Cache worker for execution history cache (C:\Users\labya\AndroidStudioProjects\MSWDOAPP\.gradle\7.0.2\executionHistory)" [_thread_blocked, id=12368, stack(0x000000132d300000,0x000000132d400000)]
=>0x000001b3dfd1f000 JavaThread "C2 CompilerThread2" daemon [_thread_in_native, id=18472, stack(0x000000132af00000,0x000000132b000000)]
  0x000001b3da65a000 JavaThread "WorkerExecutor Queue" [_thread_blocked, id=6040, stack(0x000000132d400000,0x000000132d500000)]
  0x000001b3da657800 JavaThread "WorkerExecutor Queue Thread 2" [_thread_blocked, id=19700, stack(0x000000132d600000,0x000000132d700000)]
  0x000001b3da658000 JavaThread "WorkerExecutor Queue Thread 3" [_thread_blocked, id=3348, stack(0x000000132d900000,0x000000132da00000)]
  0x000001b3da65a800 JavaThread "WorkerExecutor Queue Thread 4" [_thread_blocked, id=20076, stack(0x000000132da00000,0x000000132db00000)]
  0x000001b3da659000 JavaThread "WorkerExecutor Queue Thread 5" [_thread_blocked, id=19580, stack(0x000000132db00000,0x000000132dc00000)]
  0x000001b3dee74800 JavaThread "WorkerExecutor Queue Thread 6" [_thread_blocked, id=18036, stack(0x000000132dc00000,0x000000132dd00000)]
  0x000001b3dee76000 JavaThread "WorkerExecutor Queue Thread 7" [_thread_blocked, id=14472, stack(0x000000132dd00000,0x000000132de00000)]
  0x000001b3dee75000 JavaThread "WorkerExecutor Queue Thread 8" [_thread_blocked, id=17024, stack(0x000000132de00000,0x000000132df00000)]
  0x000001b3dee77000 JavaThread "pool-3-thread-1" [_thread_blocked, id=17736, stack(0x000000132df00000,0x000000132e000000)]
  0x000001b3dee77800 JavaThread "stderr" [_thread_in_native, id=9184, stack(0x000000132e000000,0x000000132e100000)]
  0x000001b3dee7a000 JavaThread "stdout" [_thread_in_native, id=11940, stack(0x000000132e100000,0x000000132e200000)]

Other Threads:
  0x000001b3d8954800 VMThread "VM Thread" [stack: 0x0000001328e00000,0x0000001328f00000] [id=11396]
  0x000001b3d948e800 WatcherThread [stack: 0x0000001329800000,0x0000001329900000] [id=19560]
  0x000001b3bdcf4000 GCTaskThread "GC Thread#0" [stack: 0x0000001328900000,0x0000001328a00000] [id=10872]
  0x000001b3da6e7800 GCTaskThread "GC Thread#1" [stack: 0x0000001329b00000,0x0000001329c00000] [id=15844]
  0x000001b3da38f800 GCTaskThread "GC Thread#2" [stack: 0x0000001329c00000,0x0000001329d00000] [id=18452]
  0x000001b3db3c2800 GCTaskThread "GC Thread#3" [stack: 0x000000132a600000,0x000000132a700000] [id=3176]
  0x000001b3dbb94000 GCTaskThread "GC Thread#4" [stack: 0x000000132a700000,0x000000132a800000] [id=2068]
  0x000001b3dbb94800 GCTaskThread "GC Thread#5" [stack: 0x000000132a800000,0x000000132a900000] [id=3436]
  0x000001b3da284800 GCTaskThread "GC Thread#6" [stack: 0x000000132a900000,0x000000132aa00000] [id=15560]
  0x000001b3daa2b000 GCTaskThread "GC Thread#7" [stack: 0x000000132aa00000,0x000000132ab00000] [id=12124]
  0x000001b3bdd2b000 ConcurrentGCThread "G1 Main Marker" [stack: 0x0000001328a00000,0x0000001328b00000] [id=19332]
  0x000001b3bdd31000 ConcurrentGCThread "G1 Conc#0" [stack: 0x0000001328b00000,0x0000001328c00000] [id=12804]
  0x000001b3dbfa2000 ConcurrentGCThread "G1 Conc#1" [stack: 0x000000132ac00000,0x000000132ad00000] [id=9208]
  0x000001b3bdd29000 ConcurrentGCThread "G1 Refine#0" [stack: 0x0000001328c00000,0x0000001328d00000] [id=16400]
  0x000001b3da8ba000 ConcurrentGCThread "G1 Refine#1" [stack: 0x000000132d500000,0x000000132d600000] [id=17700]
  0x000001b3da8bb800 ConcurrentGCThread "G1 Refine#2" [stack: 0x000000132d700000,0x000000132d800000] [id=18872]
  0x000001b3da8bc000 ConcurrentGCThread "G1 Refine#3" [stack: 0x000000132d800000,0x000000132d900000] [id=12548]
  0x000001b3d87a6000 ConcurrentGCThread "G1 Young RemSet Sampling" [stack: 0x0000001328d00000,0x0000001328e00000] [id=17644]

Threads with active compile tasks:
C2 CompilerThread0  21958 15432       4       com.android.tools.r8.ir.regalloc.c::<init> (82 bytes)
C1 CompilerThread0  21959 15612 %     3       com.android.tools.r8.ir.regalloc.a::a @ 628 (1373 bytes)
C2 CompilerThread1  21959 15598       4       com.android.tools.r8.ir.regalloc.a::a (101 bytes)
C2 CompilerThread2  21959 15426       4       com.android.tools.r8.internal.Lv::a (455 bytes)

VM state:not at safepoint (normal execution)

VM Mutex/Monitor currently owned by a thread: None

Heap address: 0x0000000080000000, size: 2048 MB, Compressed Oops mode: 32-bit
Narrow klass base: 0x0000000000000000, Narrow klass shift: 3
Compressed class space size: 1073741824 Address: 0x0000000100000000

Heap:
 garbage-first heap   total 351232K, used 245501K [0x0000000080000000, 0x0000000100000000)
  region size 1024K, 76 young (77824K), 2 survivors (2048K)
 Metaspace       used 106662K, capacity 109245K, committed 109568K, reserved 1144832K
  class space    used 13546K, capacity 14531K, committed 14668K, reserved 1048576K
Heap Regions: E=young(eden), S=young(survivor), O=old, HS=humongous(starts), HC=humongous(continues), CS=collection set, F=free, A=archive, TAMS=top-at-mark-start (previous, next)
|   0|0x0000000080000000, 0x0000000080100000, 0x0000000080100000|100%| O|  |TAMS 0x0000000080100000, 0x0000000080000000| Untracked 
|   1|0x0000000080100000, 0x0000000080200000, 0x0000000080200000|100%| O|  |TAMS 0x0000000080200000, 0x0000000080100000| Untracked 
|   2|0x0000000080200000, 0x0000000080300000, 0x0000000080300000|100%| O|  |TAMS 0x0000000080300000, 0x0000000080200000| Untracked 
|   3|0x0000000080300000, 0x0000000080400000, 0x0000000080400000|100%|HS|  |TAMS 0x0000000080400000, 0x0000000080300000| Complete 
|   4|0x0000000080400000, 0x0000000080500000, 0x0000000080500000|100%|HC|  |TAMS 0x0000000080500000, 0x0000000080400000| Complete 
|   5|0x0000000080500000, 0x0000000080600000, 0x0000000080600000|100%|HC|  |TAMS 0x0000000080600000, 0x0000000080500000| Complete 
|   6|0x0000000080600000, 0x0000000080700000, 0x0000000080700000|100%| O|  |TAMS 0x0000000080700000, 0x0000000080600000| Untracked 
|   7|0x0000000080700000, 0x0000000080800000, 0x0000000080800000|100%| O|  |TAMS 0x0000000080800000, 0x0000000080700000| Untracked 
|   8|0x0000000080800000, 0x0000000080900000, 0x0000000080900000|100%| O|  |TAMS 0x0000000080900000, 0x0000000080800000| Untracked 
|   9|0x0000000080900000, 0x0000000080a00000, 0x0000000080a00000|100%| O|  |TAMS 0x0000000080a00000, 0x0000000080900000| Untracked 
|  10|0x0000000080a00000, 0x0000000080b00000, 0x0000000080b00000|100%| O|  |TAMS 0x0000000080b00000, 0x0000000080a00000| Untracked 
|  11|0x0000000080b00000, 0x0000000080c00000, 0x0000000080c00000|100%| O|  |TAMS 0x0000000080c00000, 0x0000000080b00000| Untracked 
|  12|0x0000000080c00000, 0x0000000080d00000, 0x0000000080d00000|100%| O|  |TAMS 0x0000000080d00000, 0x0000000080c00000| Untracked 
|  13|0x0000000080d00000, 0x0000000080e00000, 0x0000000080e00000|100%| O|  |TAMS 0x0000000080e00000, 0x0000000080d00000| Untracked 
|  14|0x0000000080e00000, 0x0000000080f00000, 0x0000000080f00000|100%| O|  |TAMS 0x0000000080f00000, 0x0000000080e00000| Untracked 
|  15|0x0000000080f00000, 0x0000000081000000, 0x0000000081000000|100%| O|  |TAMS 0x0000000081000000, 0x0000000080f00000| Untracked 
|  16|0x0000000081000000, 0x0000000081100000, 0x0000000081100000|100%| O|  |TAMS 0x0000000081100000, 0x0000000081000000| Untracked 
|  17|0x0000000081100000, 0x0000000081200000, 0x0000000081200000|100%| O|  |TAMS 0x0000000081200000, 0x0000000081100000| Untracked 
|  18|0x0000000081200000, 0x0000000081300000, 0x0000000081300000|100%|HS|  |TAMS 0x0000000081300000, 0x0000000081200000| Complete 
|  19|0x0000000081300000, 0x0000000081400000, 0x0000000081400000|100%| O|  |TAMS 0x0000000081400000, 0x0000000081300000| Untracked 
|  20|0x0000000081400000, 0x0000000081500000, 0x0000000081500000|100%| O|  |TAMS 0x0000000081500000, 0x0000000081400000| Untracked 
|  21|0x0000000081500000, 0x0000000081600000, 0x0000000081600000|100%| O|  |TAMS 0x0000000081600000, 0x0000000081500000| Untracked 
|  22|0x0000000081600000, 0x0000000081700000, 0x0000000081700000|100%| O|  |TAMS 0x0000000081700000, 0x0000000081600000| Untracked 
|  23|0x0000000081700000, 0x0000000081800000, 0x0000000081800000|100%|HS|  |TAMS 0x0000000081800000, 0x0000000081700000| Complete 
|  24|0x0000000081800000, 0x0000000081900000, 0x0000000081900000|100%|HS|  |TAMS 0x0000000081900000, 0x0000000081800000| Complete 
|  25|0x0000000081900000, 0x0000000081a00000, 0x0000000081a00000|100%|HS|  |TAMS 0x0000000081a00000, 0x0000000081900000| Complete 
|  26|0x0000000081a00000, 0x0000000081b00000, 0x0000000081b00000|100%|HC|  |TAMS 0x0000000081b00000, 0x0000000081a00000| Complete 
|  27|0x0000000081b00000, 0x0000000081c00000, 0x0000000081c00000|100%|HC|  |TAMS 0x0000000081c00000, 0x0000000081b00000| Complete 
|  28|0x0000000081c00000, 0x0000000081d00000, 0x0000000081d00000|100%|HS|  |TAMS 0x0000000081d00000, 0x0000000081c00000| Complete 
|  29|0x0000000081d00000, 0x0000000081e00000, 0x0000000081e00000|100%|HC|  |TAMS 0x0000000081e00000, 0x0000000081d00000| Complete 
|  30|0x0000000081e00000, 0x0000000081f00000, 0x0000000081f00000|100%| O|  |TAMS 0x0000000081f00000, 0x0000000081e00000| Untracked 
|  31|0x0000000081f00000, 0x0000000082000000, 0x0000000082000000|100%| O|  |TAMS 0x0000000082000000, 0x0000000081f00000| Untracked 
|  32|0x0000000082000000, 0x0000000082100000, 0x0000000082100000|100%| O|  |TAMS 0x0000000082100000, 0x0000000082000000| Untracked 
|  33|0x0000000082100000, 0x0000000082200000, 0x0000000082200000|100%| O|  |TAMS 0x0000000082200000, 0x0000000082100000| Untracked 
|  34|0x0000000082200000, 0x0000000082300000, 0x0000000082300000|100%| O|  |TAMS 0x0000000082300000, 0x0000000082200000| Untracked 
|  35|0x0000000082300000, 0x0000000082400000, 0x0000000082400000|100%| O|  |TAMS 0x0000000082400000, 0x0000000082300000| Untracked 
|  36|0x0000000082400000, 0x0000000082500000, 0x0000000082500000|100%| O|  |TAMS 0x0000000082500000, 0x0000000082400000| Untracked 
|  37|0x0000000082500000, 0x0000000082600000, 0x0000000082600000|100%| O|  |TAMS 0x0000000082600000, 0x0000000082500000| Untracked 
|  38|0x0000000082600000, 0x0000000082700000, 0x0000000082700000|100%| O|  |TAMS 0x0000000082700000, 0x0000000082600000| Untracked 
|  39|0x0000000082700000, 0x0000000082800000, 0x0000000082800000|100%| O|  |TAMS 0x0000000082800000, 0x0000000082700000| Untracked 
|  40|0x0000000082800000, 0x0000000082900000, 0x0000000082900000|100%| O|  |TAMS 0x0000000082900000, 0x0000000082800000| Untracked 
|  41|0x0000000082900000, 0x0000000082a00000, 0x0000000082a00000|100%| O|  |TAMS 0x0000000082a00000, 0x0000000082900000| Untracked 
|  42|0x0000000082a00000, 0x0000000082b00000, 0x0000000082b00000|100%| O|  |TAMS 0x0000000082b00000, 0x0000000082a00000| Untracked 
|  43|0x0000000082b00000, 0x0000000082c00000, 0x0000000082c00000|100%| O|  |TAMS 0x0000000082c00000, 0x0000000082b00000| Untracked 
|  44|0x0000000082c00000, 0x0000000082d00000, 0x0000000082d00000|100%| O|  |TAMS 0x0000000082d00000, 0x0000000082c00000| Untracked 
|  45|0x0000000082d00000, 0x0000000082e00000, 0x0000000082e00000|100%| O|  |TAMS 0x0000000082e00000, 0x0000000082d00000| Untracked 
|  46|0x0000000082e00000, 0x0000000082f00000, 0x0000000082f00000|100%| O|  |TAMS 0x0000000082f00000, 0x0000000082e00000| Untracked 
|  47|0x0000000082f00000, 0x0000000083000000, 0x0000000083000000|100%| O|  |TAMS 0x0000000083000000, 0x0000000082f00000| Untracked 
|  48|0x0000000083000000, 0x0000000083100000, 0x0000000083100000|100%| O|  |TAMS 0x0000000083100000, 0x0000000083000000| Untracked 
|  49|0x0000000083100000, 0x0000000083200000, 0x0000000083200000|100%| O|  |TAMS 0x0000000083200000, 0x0000000083100000| Untracked 
|  50|0x0000000083200000, 0x0000000083300000, 0x0000000083300000|100%| O|  |TAMS 0x0000000083300000, 0x0000000083200000| Untracked 
|  51|0x0000000083300000, 0x0000000083400000, 0x0000000083400000|100%| O|  |TAMS 0x0000000083400000, 0x0000000083300000| Untracked 
|  52|0x0000000083400000, 0x0000000083500000, 0x0000000083500000|100%| O|  |TAMS 0x0000000083500000, 0x0000000083400000| Untracked 
|  53|0x0000000083500000, 0x0000000083600000, 0x0000000083600000|100%| O|  |TAMS 0x0000000083600000, 0x0000000083500000| Untracked 
|  54|0x0000000083600000, 0x0000000083700000, 0x0000000083700000|100%| O|  |TAMS 0x0000000083700000, 0x0000000083600000| Untracked 
|  55|0x0000000083700000, 0x0000000083800000, 0x0000000083800000|100%| O|  |TAMS 0x0000000083800000, 0x0000000083700000| Untracked 
|  56|0x0000000083800000, 0x0000000083900000, 0x0000000083900000|100%| O|  |TAMS 0x0000000083900000, 0x0000000083800000| Untracked 
|  57|0x0000000083900000, 0x0000000083a00000, 0x0000000083a00000|100%| O|  |TAMS 0x0000000083a00000, 0x0000000083900000| Untracked 
|  58|0x0000000083a00000, 0x0000000083b00000, 0x0000000083b00000|100%| O|  |TAMS 0x0000000083b00000, 0x0000000083a00000| Untracked 
|  59|0x0000000083b00000, 0x0000000083c00000, 0x0000000083c00000|100%| O|  |TAMS 0x0000000083c00000, 0x0000000083b00000| Untracked 
|  60|0x0000000083c00000, 0x0000000083d00000, 0x0000000083d00000|100%| O|  |TAMS 0x0000000083d00000, 0x0000000083c00000| Untracked 
|  61|0x0000000083d00000, 0x0000000083e00000, 0x0000000083e00000|100%| O|  |TAMS 0x0000000083e00000, 0x0000000083d00000| Untracked 
|  62|0x0000000083e00000, 0x0000000083f00000, 0x0000000083f00000|100%| O|  |TAMS 0x0000000083f00000, 0x0000000083e00000| Untracked 
|  63|0x0000000083f00000, 0x0000000084000000, 0x0000000084000000|100%| O|  |TAMS 0x0000000084000000, 0x0000000083f00000| Untracked 
|  64|0x0000000084000000, 0x0000000084100000, 0x0000000084100000|100%| O|  |TAMS 0x0000000084100000, 0x0000000084000000| Untracked 
|  65|0x0000000084100000, 0x0000000084200000, 0x0000000084200000|100%| O|  |TAMS 0x0000000084200000, 0x0000000084100000| Untracked 
|  66|0x0000000084200000, 0x0000000084300000, 0x0000000084300000|100%| O|  |TAMS 0x0000000084300000, 0x0000000084200000| Untracked 
|  67|0x0000000084300000, 0x0000000084400000, 0x0000000084400000|100%|HS|  |TAMS 0x0000000084400000, 0x0000000084300000| Complete 
|  68|0x0000000084400000, 0x0000000084400000, 0x0000000084500000|  0%| F|  |TAMS 0x0000000084400000, 0x0000000084400000| Untracked 
|  69|0x0000000084500000, 0x0000000084600000, 0x0000000084600000|100%| O|  |TAMS 0x0000000084600000, 0x0000000084500000| Untracked 
|  70|0x0000000084600000, 0x0000000084700000, 0x0000000084700000|100%| O|  |TAMS 0x0000000084600000, 0x0000000084600000| Untracked 
|  71|0x0000000084700000, 0x0000000084800000, 0x0000000084800000|100%| O|  |TAMS 0x0000000084800000, 0x0000000084700000| Untracked 
|  72|0x0000000084800000, 0x0000000084900000, 0x0000000084900000|100%| O|  |TAMS 0x0000000084900000, 0x0000000084800000| Untracked 
|  73|0x0000000084900000, 0x0000000084a00000, 0x0000000084a00000|100%| O|  |TAMS 0x0000000084a00000, 0x0000000084900000| Untracked 
|  74|0x0000000084a00000, 0x0000000084b00000, 0x0000000084b00000|100%| O|  |TAMS 0x0000000084b00000, 0x0000000084a00000| Untracked 
|  75|0x0000000084b00000, 0x0000000084c00000, 0x0000000084c00000|100%| O|  |TAMS 0x0000000084b00000, 0x0000000084b00000| Untracked 
|  76|0x0000000084c00000, 0x0000000084d00000, 0x0000000084d00000|100%| O|  |TAMS 0x0000000084d00000, 0x0000000084c00000| Untracked 
|  77|0x0000000084d00000, 0x0000000084e00000, 0x0000000084e00000|100%| O|  |TAMS 0x0000000084e00000, 0x0000000084d00000| Untracked 
|  78|0x0000000084e00000, 0x0000000084f00000, 0x0000000084f00000|100%| O|  |TAMS 0x0000000084f00000, 0x0000000084e00000| Untracked 
|  79|0x0000000084f00000, 0x0000000085000000, 0x0000000085000000|100%| O|  |TAMS 0x0000000085000000, 0x0000000084f00000| Untracked 
|  80|0x0000000085000000, 0x0000000085100000, 0x0000000085100000|100%| O|  |TAMS 0x0000000085100000, 0x0000000085000000| Untracked 
|  81|0x0000000085100000, 0x0000000085200000, 0x0000000085200000|100%| O|  |TAMS 0x0000000085200000, 0x0000000085100000| Untracked 
|  82|0x0000000085200000, 0x0000000085300000, 0x0000000085300000|100%|HS|  |TAMS 0x0000000085300000, 0x0000000085200000| Complete 
|  83|0x0000000085300000, 0x0000000085400000, 0x0000000085400000|100%|HC|  |TAMS 0x0000000085400000, 0x0000000085300000| Complete 
|  84|0x0000000085400000, 0x0000000085500000, 0x0000000085500000|100%| O|  |TAMS 0x0000000085500000, 0x0000000085400000| Untracked 
|  85|0x0000000085500000, 0x0000000085600000, 0x0000000085600000|100%| O|  |TAMS 0x0000000085600000, 0x0000000085500000| Untracked 
|  86|0x0000000085600000, 0x0000000085700000, 0x0000000085700000|100%| O|  |TAMS 0x0000000085700000, 0x0000000085600000| Untracked 
|  87|0x0000000085700000, 0x0000000085800000, 0x0000000085800000|100%| O|  |TAMS 0x0000000085800000, 0x0000000085700000| Untracked 
|  88|0x0000000085800000, 0x0000000085900000, 0x0000000085900000|100%| O|  |TAMS 0x0000000085900000, 0x0000000085800000| Untracked 
|  89|0x0000000085900000, 0x0000000085a00000, 0x0000000085a00000|100%| O|  |TAMS 0x0000000085a00000, 0x0000000085900000| Untracked 
|  90|0x0000000085a00000, 0x0000000085b00000, 0x0000000085b00000|100%| O|  |TAMS 0x0000000085b00000, 0x0000000085a00000| Untracked 
|  91|0x0000000085b00000, 0x0000000085c00000, 0x0000000085c00000|100%| O|  |TAMS 0x0000000085c00000, 0x0000000085b00000| Untracked 
|  92|0x0000000085c00000, 0x0000000085d00000, 0x0000000085d00000|100%| O|  |TAMS 0x0000000085d00000, 0x0000000085c00000| Untracked 
|  93|0x0000000085d00000, 0x0000000085e00000, 0x0000000085e00000|100%| O|  |TAMS 0x0000000085e00000, 0x0000000085d00000| Untracked 
|  94|0x0000000085e00000, 0x0000000085f00000, 0x0000000085f00000|100%| O|  |TAMS 0x0000000085f00000, 0x0000000085e00000| Untracked 
|  95|0x0000000085f00000, 0x0000000086000000, 0x0000000086000000|100%| O|  |TAMS 0x0000000086000000, 0x0000000085f00000| Untracked 
|  96|0x0000000086000000, 0x0000000086100000, 0x0000000086100000|100%| O|  |TAMS 0x0000000086100000, 0x0000000086000000| Untracked 
|  97|0x0000000086100000, 0x0000000086200000, 0x0000000086200000|100%| O|  |TAMS 0x0000000086200000, 0x0000000086100000| Untracked 
|  98|0x0000000086200000, 0x0000000086300000, 0x0000000086300000|100%| O|  |TAMS 0x0000000086300000, 0x0000000086200000| Untracked 
|  99|0x0000000086300000, 0x0000000086400000, 0x0000000086400000|100%| O|  |TAMS 0x0000000086400000, 0x0000000086300000| Untracked 
| 100|0x0000000086400000, 0x0000000086500000, 0x0000000086500000|100%| O|  |TAMS 0x0000000086500000, 0x0000000086400000| Untracked 
| 101|0x0000000086500000, 0x0000000086600000, 0x0000000086600000|100%| O|  |TAMS 0x0000000086600000, 0x0000000086500000| Untracked 
| 102|0x0000000086600000, 0x0000000086700000, 0x0000000086700000|100%| O|  |TAMS 0x0000000086700000, 0x0000000086600000| Untracked 
| 103|0x0000000086700000, 0x0000000086800000, 0x0000000086800000|100%| O|  |TAMS 0x0000000086800000, 0x0000000086700000| Untracked 
| 104|0x0000000086800000, 0x0000000086900000, 0x0000000086900000|100%| O|  |TAMS 0x0000000086900000, 0x0000000086800000| Untracked 
| 105|0x0000000086900000, 0x0000000086a00000, 0x0000000086a00000|100%| O|  |TAMS 0x0000000086a00000, 0x0000000086900000| Untracked 
| 106|0x0000000086a00000, 0x0000000086b00000, 0x0000000086b00000|100%| O|  |TAMS 0x0000000086b00000, 0x0000000086a00000| Untracked 
| 107|0x0000000086b00000, 0x0000000086c00000, 0x0000000086c00000|100%| O|  |TAMS 0x0000000086c00000, 0x0000000086b00000| Untracked 
| 108|0x0000000086c00000, 0x0000000086d00000, 0x0000000086d00000|100%| O|  |TAMS 0x0000000086d00000, 0x0000000086c00000| Untracked 
| 109|0x0000000086d00000, 0x0000000086e00000, 0x0000000086e00000|100%| O|  |TAMS 0x0000000086e00000, 0x0000000086d00000| Untracked 
| 110|0x0000000086e00000, 0x0000000086f00000, 0x0000000086f00000|100%| O|  |TAMS 0x0000000086f00000, 0x0000000086e00000| Untracked 
| 111|0x0000000086f00000, 0x0000000087000000, 0x0000000087000000|100%| O|  |TAMS 0x0000000087000000, 0x0000000086f00000| Untracked 
| 112|0x0000000087000000, 0x0000000087100000, 0x0000000087100000|100%| O|  |TAMS 0x0000000087100000, 0x0000000087000000| Untracked 
| 113|0x0000000087100000, 0x0000000087200000, 0x0000000087200000|100%| O|  |TAMS 0x0000000087200000, 0x0000000087100000| Untracked 
| 114|0x0000000087200000, 0x0000000087300000, 0x0000000087300000|100%| O|  |TAMS 0x0000000087300000, 0x0000000087200000| Untracked 
| 115|0x0000000087300000, 0x0000000087400000, 0x0000000087400000|100%| O|  |TAMS 0x0000000087400000, 0x0000000087300000| Untracked 
| 116|0x0000000087400000, 0x0000000087500000, 0x0000000087500000|100%| O|  |TAMS 0x0000000087500000, 0x0000000087400000| Untracked 
| 117|0x0000000087500000, 0x0000000087600000, 0x0000000087600000|100%| O|  |TAMS 0x0000000087600000, 0x0000000087500000| Untracked 
| 118|0x0000000087600000, 0x0000000087700000, 0x0000000087700000|100%| O|  |TAMS 0x0000000087700000, 0x0000000087600000| Untracked 
| 119|0x0000000087700000, 0x0000000087800000, 0x0000000087800000|100%| O|  |TAMS 0x0000000087800000, 0x0000000087700000| Untracked 
| 120|0x0000000087800000, 0x0000000087900000, 0x0000000087900000|100%| O|  |TAMS 0x0000000087900000, 0x0000000087800000| Untracked 
| 121|0x0000000087900000, 0x0000000087a00000, 0x0000000087a00000|100%| O|  |TAMS 0x0000000087a00000, 0x0000000087900000| Untracked 
| 122|0x0000000087a00000, 0x0000000087b00000, 0x0000000087b00000|100%| O|  |TAMS 0x0000000087b00000, 0x0000000087a00000| Untracked 
| 123|0x0000000087b00000, 0x0000000087c00000, 0x0000000087c00000|100%| O|  |TAMS 0x0000000087c00000, 0x0000000087b00000| Untracked 
| 124|0x0000000087c00000, 0x0000000087d00000, 0x0000000087d00000|100%| O|  |TAMS 0x0000000087d00000, 0x0000000087c00000| Untracked 
| 125|0x0000000087d00000, 0x0000000087e00000, 0x0000000087e00000|100%| O|  |TAMS 0x0000000087e00000, 0x0000000087d00000| Untracked 
| 126|0x0000000087e00000, 0x0000000087f00000, 0x0000000087f00000|100%| O|  |TAMS 0x0000000087e00000, 0x0000000087e00000| Untracked 
| 127|0x0000000087f00000, 0x0000000088000000, 0x0000000088000000|100%| O|  |TAMS 0x0000000088000000, 0x0000000087f00000| Untracked 
| 128|0x0000000088000000, 0x0000000088100000, 0x0000000088100000|100%| O|  |TAMS 0x0000000088100000, 0x0000000088000000| Untracked 
| 129|0x0000000088100000, 0x0000000088200000, 0x0000000088200000|100%| O|  |TAMS 0x0000000088200000, 0x0000000088100000| Untracked 
| 130|0x0000000088200000, 0x0000000088300000, 0x0000000088300000|100%| O|  |TAMS 0x0000000088300000, 0x0000000088200000| Untracked 
| 131|0x0000000088300000, 0x0000000088400000, 0x0000000088400000|100%| O|  |TAMS 0x0000000088400000, 0x0000000088300000| Untracked 
| 132|0x0000000088400000, 0x0000000088500000, 0x0000000088500000|100%| O|  |TAMS 0x0000000088500000, 0x0000000088400000| Untracked 
| 133|0x0000000088500000, 0x0000000088600000, 0x0000000088600000|100%| O|  |TAMS 0x0000000088600000, 0x0000000088500000| Untracked 
| 134|0x0000000088600000, 0x0000000088700000, 0x0000000088700000|100%| O|  |TAMS 0x0000000088700000, 0x0000000088600000| Untracked 
| 135|0x0000000088700000, 0x0000000088800000, 0x0000000088800000|100%| O|  |TAMS 0x0000000088800000, 0x0000000088700000| Untracked 
| 136|0x0000000088800000, 0x0000000088900000, 0x0000000088900000|100%| O|  |TAMS 0x0000000088900000, 0x0000000088800000| Untracked 
| 137|0x0000000088900000, 0x0000000088a00000, 0x0000000088a00000|100%| O|  |TAMS 0x0000000088a00000, 0x0000000088900000| Untracked 
| 138|0x0000000088a00000, 0x0000000088b00000, 0x0000000088b00000|100%| O|  |TAMS 0x0000000088b00000, 0x0000000088a00000| Untracked 
| 139|0x0000000088b00000, 0x0000000088c00000, 0x0000000088c00000|100%| O|  |TAMS 0x0000000088c00000, 0x0000000088b00000| Untracked 
| 140|0x0000000088c00000, 0x0000000088d00000, 0x0000000088d00000|100%| O|  |TAMS 0x0000000088d00000, 0x0000000088c00000| Untracked 
| 141|0x0000000088d00000, 0x0000000088e00000, 0x0000000088e00000|100%| O|  |TAMS 0x0000000088e00000, 0x0000000088d00000| Untracked 
| 142|0x0000000088e00000, 0x0000000088f00000, 0x0000000088f00000|100%| O|  |TAMS 0x0000000088f00000, 0x0000000088e00000| Untracked 
| 143|0x0000000088f00000, 0x0000000088f00000, 0x0000000089000000|  0%| F|  |TAMS 0x0000000088f00000, 0x0000000088f00000| Untracked 
| 144|0x0000000089000000, 0x0000000089100000, 0x0000000089100000|100%| O|  |TAMS 0x0000000089100000, 0x0000000089000000| Untracked 
| 145|0x0000000089100000, 0x0000000089200000, 0x0000000089200000|100%| O|  |TAMS 0x0000000089200000, 0x0000000089100000| Untracked 
| 146|0x0000000089200000, 0x0000000089300000, 0x0000000089300000|100%| O|  |TAMS 0x0000000089300000, 0x0000000089200000| Untracked 
| 147|0x0000000089300000, 0x0000000089400000, 0x0000000089400000|100%| O|  |TAMS 0x0000000089400000, 0x0000000089300000| Untracked 
| 148|0x0000000089400000, 0x0000000089500000, 0x0000000089500000|100%| O|  |TAMS 0x0000000089500000, 0x0000000089400000| Untracked 
| 149|0x0000000089500000, 0x0000000089600000, 0x0000000089600000|100%| O|  |TAMS 0x0000000089600000, 0x0000000089500000| Untracked 
| 150|0x0000000089600000, 0x0000000089700000, 0x0000000089700000|100%| O|  |TAMS 0x0000000089700000, 0x0000000089600000| Untracked 
| 151|0x0000000089700000, 0x0000000089800000, 0x0000000089800000|100%| O|  |TAMS 0x0000000089800000, 0x0000000089700000| Untracked 
| 152|0x0000000089800000, 0x0000000089900000, 0x0000000089900000|100%| O|  |TAMS 0x0000000089900000, 0x0000000089800000| Untracked 
| 153|0x0000000089900000, 0x0000000089a00000, 0x0000000089a00000|100%| O|  |TAMS 0x0000000089a00000, 0x0000000089900000| Untracked 
| 154|0x0000000089a00000, 0x0000000089b00000, 0x0000000089b00000|100%| O|  |TAMS 0x0000000089b00000, 0x0000000089a00000| Untracked 
| 155|0x0000000089b00000, 0x0000000089c00000, 0x0000000089c00000|100%| O|  |TAMS 0x0000000089c00000, 0x0000000089b00000| Untracked 
| 156|0x0000000089c00000, 0x0000000089d00000, 0x0000000089d00000|100%| O|  |TAMS 0x0000000089d00000, 0x0000000089c00000| Untracked 
| 157|0x0000000089d00000, 0x0000000089e00000, 0x0000000089e00000|100%| O|  |TAMS 0x0000000089e00000, 0x0000000089d00000| Untracked 
| 158|0x0000000089e00000, 0x0000000089f00000, 0x0000000089f00000|100%| O|  |TAMS 0x0000000089f00000, 0x0000000089e00000| Untracked 
| 159|0x0000000089f00000, 0x000000008a000000, 0x000000008a000000|100%| O|  |TAMS 0x000000008a000000, 0x0000000089f00000| Untracked 
| 160|0x000000008a000000, 0x000000008a100000, 0x000000008a100000|100%| O|  |TAMS 0x000000008a100000, 0x000000008a000000| Untracked 
| 161|0x000000008a100000, 0x000000008a200000, 0x000000008a200000|100%| O|  |TAMS 0x000000008a200000, 0x000000008a100000| Untracked 
| 162|0x000000008a200000, 0x000000008a300000, 0x000000008a300000|100%| O|  |TAMS 0x000000008a300000, 0x000000008a200000| Untracked 
| 163|0x000000008a300000, 0x000000008a400000, 0x000000008a400000|100%| O|  |TAMS 0x000000008a400000, 0x000000008a300000| Untracked 
| 164|0x000000008a400000, 0x000000008a500000, 0x000000008a500000|100%| O|  |TAMS 0x000000008a400000, 0x000000008a400000| Untracked 
| 165|0x000000008a500000, 0x000000008a600000, 0x000000008a600000|100%| O|  |TAMS 0x000000008a500000, 0x000000008a500000| Untracked 
| 166|0x000000008a600000, 0x000000008a700000, 0x000000008a700000|100%| O|  |TAMS 0x000000008a600000, 0x000000008a600000| Untracked 
| 167|0x000000008a700000, 0x000000008a739800, 0x000000008a800000| 22%| O|  |TAMS 0x000000008a700000, 0x000000008a700000| Untracked 
| 168|0x000000008a800000, 0x000000008a800000, 0x000000008a900000|  0%| F|  |TAMS 0x000000008a800000, 0x000000008a800000| Untracked 
| 169|0x000000008a900000, 0x000000008a900000, 0x000000008aa00000|  0%| F|  |TAMS 0x000000008a900000, 0x000000008a900000| Untracked 
| 170|0x000000008aa00000, 0x000000008aa00000, 0x000000008ab00000|  0%| F|  |TAMS 0x000000008aa00000, 0x000000008aa00000| Untracked 
| 171|0x000000008ab00000, 0x000000008ab00000, 0x000000008ac00000|  0%| F|  |TAMS 0x000000008ab00000, 0x000000008ab00000| Untracked 
| 172|0x000000008ac00000, 0x000000008ac00000, 0x000000008ad00000|  0%| F|  |TAMS 0x000000008ac00000, 0x000000008ac00000| Untracked 
| 173|0x000000008ad00000, 0x000000008ad00000, 0x000000008ae00000|  0%| F|  |TAMS 0x000000008ad00000, 0x000000008ad00000| Untracked 
| 174|0x000000008ae00000, 0x000000008ae00000, 0x000000008af00000|  0%| F|  |TAMS 0x000000008ae00000, 0x000000008ae00000| Untracked 
| 175|0x000000008af00000, 0x000000008af00000, 0x000000008b000000|  0%| F|  |TAMS 0x000000008af00000, 0x000000008af00000| Untracked 
| 176|0x000000008b000000, 0x000000008b000000, 0x000000008b100000|  0%| F|  |TAMS 0x000000008b000000, 0x000000008b000000| Untracked 
| 177|0x000000008b100000, 0x000000008b100000, 0x000000008b200000|  0%| F|  |TAMS 0x000000008b100000, 0x000000008b100000| Untracked 
| 178|0x000000008b200000, 0x000000008b200000, 0x000000008b300000|  0%| F|  |TAMS 0x000000008b200000, 0x000000008b200000| Untracked 
| 179|0x000000008b300000, 0x000000008b300000, 0x000000008b400000|  0%| F|  |TAMS 0x000000008b300000, 0x000000008b300000| Untracked 
| 180|0x000000008b400000, 0x000000008b400000, 0x000000008b500000|  0%| F|  |TAMS 0x000000008b400000, 0x000000008b400000| Untracked 
| 181|0x000000008b500000, 0x000000008b500000, 0x000000008b600000|  0%| F|  |TAMS 0x000000008b500000, 0x000000008b500000| Untracked 
| 182|0x000000008b600000, 0x000000008b600000, 0x000000008b700000|  0%| F|  |TAMS 0x000000008b600000, 0x000000008b600000| Untracked 
| 183|0x000000008b700000, 0x000000008b700000, 0x000000008b800000|  0%| F|  |TAMS 0x000000008b700000, 0x000000008b700000| Untracked 
| 184|0x000000008b800000, 0x000000008b800000, 0x000000008b900000|  0%| F|  |TAMS 0x000000008b800000, 0x000000008b800000| Untracked 
| 185|0x000000008b900000, 0x000000008b900000, 0x000000008ba00000|  0%| F|  |TAMS 0x000000008b900000, 0x000000008b900000| Untracked 
| 186|0x000000008ba00000, 0x000000008ba00000, 0x000000008bb00000|  0%| F|  |TAMS 0x000000008ba00000, 0x000000008ba00000| Untracked 
| 187|0x000000008bb00000, 0x000000008bb00000, 0x000000008bc00000|  0%| F|  |TAMS 0x000000008bb00000, 0x000000008bb00000| Untracked 
| 188|0x000000008bc00000, 0x000000008bc00000, 0x000000008bd00000|  0%| F|  |TAMS 0x000000008bc00000, 0x000000008bc00000| Untracked 
| 189|0x000000008bd00000, 0x000000008bd00000, 0x000000008be00000|  0%| F|  |TAMS 0x000000008bd00000, 0x000000008bd00000| Untracked 
| 190|0x000000008be00000, 0x000000008be00000, 0x000000008bf00000|  0%| F|  |TAMS 0x000000008be00000, 0x000000008be00000| Untracked 
| 191|0x000000008bf00000, 0x000000008bf00000, 0x000000008c000000|  0%| F|  |TAMS 0x000000008bf00000, 0x000000008bf00000| Untracked 
| 192|0x000000008c000000, 0x000000008c000000, 0x000000008c100000|  0%| F|  |TAMS 0x000000008c000000, 0x000000008c000000| Untracked 
| 193|0x000000008c100000, 0x000000008c100000, 0x000000008c200000|  0%| F|  |TAMS 0x000000008c100000, 0x000000008c100000| Untracked 
| 194|0x000000008c200000, 0x000000008c200000, 0x000000008c300000|  0%| F|  |TAMS 0x000000008c200000, 0x000000008c200000| Untracked 
| 195|0x000000008c300000, 0x000000008c300000, 0x000000008c400000|  0%| F|  |TAMS 0x000000008c300000, 0x000000008c300000| Untracked 
| 196|0x000000008c400000, 0x000000008c400000, 0x000000008c500000|  0%| F|  |TAMS 0x000000008c400000, 0x000000008c400000| Untracked 
| 197|0x000000008c500000, 0x000000008c500000, 0x000000008c600000|  0%| F|  |TAMS 0x000000008c500000, 0x000000008c500000| Untracked 
| 198|0x000000008c600000, 0x000000008c600000, 0x000000008c700000|  0%| F|  |TAMS 0x000000008c600000, 0x000000008c600000| Untracked 
| 199|0x000000008c700000, 0x000000008c700000, 0x000000008c800000|  0%| F|  |TAMS 0x000000008c700000, 0x000000008c700000| Untracked 
| 200|0x000000008c800000, 0x000000008c800000, 0x000000008c900000|  0%| F|  |TAMS 0x000000008c800000, 0x000000008c800000| Untracked 
| 201|0x000000008c900000, 0x000000008c900000, 0x000000008ca00000|  0%| F|  |TAMS 0x000000008c900000, 0x000000008c900000| Untracked 
| 202|0x000000008ca00000, 0x000000008ca00000, 0x000000008cb00000|  0%| F|  |TAMS 0x000000008ca00000, 0x000000008ca00000| Untracked 
| 203|0x000000008cb00000, 0x000000008cb00000, 0x000000008cc00000|  0%| F|  |TAMS 0x000000008cb00000, 0x000000008cb00000| Untracked 
| 204|0x000000008cc00000, 0x000000008cc00000, 0x000000008cd00000|  0%| F|  |TAMS 0x000000008cc00000, 0x000000008cc00000| Untracked 
| 205|0x000000008cd00000, 0x000000008cd00000, 0x000000008ce00000|  0%| F|  |TAMS 0x000000008cd00000, 0x000000008cd00000| Untracked 
| 206|0x000000008ce00000, 0x000000008ce00000, 0x000000008cf00000|  0%| F|  |TAMS 0x000000008ce00000, 0x000000008ce00000| Untracked 
| 207|0x000000008cf00000, 0x000000008cf00000, 0x000000008d000000|  0%| F|  |TAMS 0x000000008cf00000, 0x000000008cf00000| Untracked 
| 208|0x000000008d000000, 0x000000008d000000, 0x000000008d100000|  0%| F|  |TAMS 0x000000008d000000, 0x000000008d000000| Untracked 
| 209|0x000000008d100000, 0x000000008d100000, 0x000000008d200000|  0%| F|  |TAMS 0x000000008d100000, 0x000000008d100000| Untracked 
| 210|0x000000008d200000, 0x000000008d200000, 0x000000008d300000|  0%| F|  |TAMS 0x000000008d200000, 0x000000008d200000| Untracked 
| 211|0x000000008d300000, 0x000000008d300000, 0x000000008d400000|  0%| F|  |TAMS 0x000000008d300000, 0x000000008d300000| Untracked 
| 212|0x000000008d400000, 0x000000008d400000, 0x000000008d500000|  0%| F|  |TAMS 0x000000008d400000, 0x000000008d400000| Untracked 
| 213|0x000000008d500000, 0x000000008d500000, 0x000000008d600000|  0%| F|  |TAMS 0x000000008d500000, 0x000000008d500000| Untracked 
| 214|0x000000008d600000, 0x000000008d600000, 0x000000008d700000|  0%| F|  |TAMS 0x000000008d600000, 0x000000008d600000| Untracked 
| 215|0x000000008d700000, 0x000000008d700000, 0x000000008d800000|  0%| F|  |TAMS 0x000000008d700000, 0x000000008d700000| Untracked 
| 216|0x000000008d800000, 0x000000008d800000, 0x000000008d900000|  0%| F|  |TAMS 0x000000008d800000, 0x000000008d800000| Untracked 
| 217|0x000000008d900000, 0x000000008d900000, 0x000000008da00000|  0%| F|  |TAMS 0x000000008d900000, 0x000000008d900000| Untracked 
| 218|0x000000008da00000, 0x000000008da00000, 0x000000008db00000|  0%| F|  |TAMS 0x000000008da00000, 0x000000008da00000| Untracked 
| 219|0x000000008db00000, 0x000000008db00000, 0x000000008dc00000|  0%| F|  |TAMS 0x000000008db00000, 0x000000008db00000| Untracked 
| 220|0x000000008dc00000, 0x000000008dc00000, 0x000000008dd00000|  0%| F|  |TAMS 0x000000008dc00000, 0x000000008dc00000| Untracked 
| 221|0x000000008dd00000, 0x000000008dd00000, 0x000000008de00000|  0%| F|  |TAMS 0x000000008dd00000, 0x000000008dd00000| Untracked 
| 222|0x000000008de00000, 0x000000008de00000, 0x000000008df00000|  0%| F|  |TAMS 0x000000008de00000, 0x000000008de00000| Untracked 
| 223|0x000000008df00000, 0x000000008df00000, 0x000000008e000000|  0%| F|  |TAMS 0x000000008df00000, 0x000000008df00000| Untracked 
| 224|0x000000008e000000, 0x000000008e000000, 0x000000008e100000|  0%| F|  |TAMS 0x000000008e000000, 0x000000008e000000| Untracked 
| 225|0x000000008e100000, 0x000000008e100000, 0x000000008e200000|  0%| F|  |TAMS 0x000000008e100000, 0x000000008e100000| Untracked 
| 226|0x000000008e200000, 0x000000008e200000, 0x000000008e300000|  0%| F|  |TAMS 0x000000008e200000, 0x000000008e200000| Untracked 
| 227|0x000000008e300000, 0x000000008e300000, 0x000000008e400000|  0%| F|  |TAMS 0x000000008e300000, 0x000000008e300000| Untracked 
| 228|0x000000008e400000, 0x000000008e400000, 0x000000008e500000|  0%| F|  |TAMS 0x000000008e400000, 0x000000008e400000| Untracked 
| 229|0x000000008e500000, 0x000000008e500000, 0x000000008e600000|  0%| F|  |TAMS 0x000000008e500000, 0x000000008e500000| Untracked 
| 230|0x000000008e600000, 0x000000008e600000, 0x000000008e700000|  0%| F|  |TAMS 0x000000008e600000, 0x000000008e600000| Untracked 
| 231|0x000000008e700000, 0x000000008e700000, 0x000000008e800000|  0%| F|  |TAMS 0x000000008e700000, 0x000000008e700000| Untracked 
| 232|0x000000008e800000, 0x000000008e800000, 0x000000008e900000|  0%| F|  |TAMS 0x000000008e800000, 0x000000008e800000| Untracked 
| 233|0x000000008e900000, 0x000000008e900000, 0x000000008ea00000|  0%| F|  |TAMS 0x000000008e900000, 0x000000008e900000| Untracked 
| 234|0x000000008ea00000, 0x000000008ea00000, 0x000000008eb00000|  0%| F|  |TAMS 0x000000008ea00000, 0x000000008ea00000| Untracked 
| 235|0x000000008eb00000, 0x000000008eb00000, 0x000000008ec00000|  0%| F|  |TAMS 0x000000008eb00000, 0x000000008eb00000| Untracked 
| 236|0x000000008ec00000, 0x000000008ec00000, 0x000000008ed00000|  0%| F|  |TAMS 0x000000008ec00000, 0x000000008ec00000| Untracked 
| 237|0x000000008ed00000, 0x000000008ed00000, 0x000000008ee00000|  0%| F|  |TAMS 0x000000008ed00000, 0x000000008ed00000| Untracked 
| 238|0x000000008ee00000, 0x000000008ee00000, 0x000000008ef00000|  0%| F|  |TAMS 0x000000008ee00000, 0x000000008ee00000| Untracked 
| 239|0x000000008ef00000, 0x000000008ef00000, 0x000000008f000000|  0%| F|  |TAMS 0x000000008ef00000, 0x000000008ef00000| Untracked 
| 240|0x000000008f000000, 0x000000008f000000, 0x000000008f100000|  0%| F|  |TAMS 0x000000008f000000, 0x000000008f000000| Untracked 
| 241|0x000000008f100000, 0x000000008f100000, 0x000000008f200000|  0%| F|  |TAMS 0x000000008f100000, 0x000000008f100000| Untracked 
| 242|0x000000008f200000, 0x000000008f200000, 0x000000008f300000|  0%| F|  |TAMS 0x000000008f200000, 0x000000008f200000| Untracked 
| 243|0x000000008f300000, 0x000000008f300000, 0x000000008f400000|  0%| F|  |TAMS 0x000000008f300000, 0x000000008f300000| Untracked 
| 244|0x000000008f400000, 0x000000008f400000, 0x000000008f500000|  0%| F|  |TAMS 0x000000008f400000, 0x000000008f400000| Untracked 
| 245|0x000000008f500000, 0x000000008f500000, 0x000000008f600000|  0%| F|  |TAMS 0x000000008f500000, 0x000000008f500000| Untracked 
| 246|0x000000008f600000, 0x000000008f600000, 0x000000008f700000|  0%| F|  |TAMS 0x000000008f600000, 0x000000008f600000| Untracked 
| 247|0x000000008f700000, 0x000000008f700000, 0x000000008f800000|  0%| F|  |TAMS 0x000000008f700000, 0x000000008f700000| Untracked 
| 248|0x000000008f800000, 0x000000008f800000, 0x000000008f900000|  0%| F|  |TAMS 0x000000008f800000, 0x000000008f800000| Untracked 
| 249|0x000000008f900000, 0x000000008f900000, 0x000000008fa00000|  0%| F|  |TAMS 0x000000008f900000, 0x000000008f900000| Untracked 
| 250|0x000000008fa00000, 0x000000008fa00000, 0x000000008fb00000|  0%| F|  |TAMS 0x000000008fa00000, 0x000000008fa00000| Untracked 
| 251|0x000000008fb00000, 0x000000008fb00000, 0x000000008fc00000|  0%| F|  |TAMS 0x000000008fb00000, 0x000000008fb00000| Untracked 
| 252|0x000000008fc00000, 0x000000008fc00000, 0x000000008fd00000|  0%| F|  |TAMS 0x000000008fc00000, 0x000000008fc00000| Untracked 
| 253|0x000000008fd00000, 0x000000008fd00000, 0x000000008fe00000|  0%| F|  |TAMS 0x000000008fd00000, 0x000000008fd00000| Untracked 
| 254|0x000000008fe00000, 0x000000008fe00000, 0x000000008ff00000|  0%| F|  |TAMS 0x000000008fe00000, 0x000000008fe00000| Untracked 
| 255|0x000000008ff00000, 0x000000008ff00000, 0x0000000090000000|  0%| F|  |TAMS 0x000000008ff00000, 0x000000008ff00000| Untracked 
| 256|0x0000000090000000, 0x0000000090000000, 0x0000000090100000|  0%| F|  |TAMS 0x0000000090000000, 0x0000000090000000| Untracked 
| 257|0x0000000090100000, 0x0000000090100000, 0x0000000090200000|  0%| F|  |TAMS 0x0000000090100000, 0x0000000090100000| Untracked 
| 258|0x0000000090200000, 0x0000000090200000, 0x0000000090300000|  0%| F|  |TAMS 0x0000000090200000, 0x0000000090200000| Untracked 
| 259|0x0000000090300000, 0x0000000090300000, 0x0000000090400000|  0%| F|  |TAMS 0x0000000090300000, 0x0000000090300000| Untracked 
| 260|0x0000000090400000, 0x0000000090400000, 0x0000000090500000|  0%| F|  |TAMS 0x0000000090400000, 0x0000000090400000| Untracked 
| 261|0x0000000090500000, 0x0000000090500000, 0x0000000090600000|  0%| F|  |TAMS 0x0000000090500000, 0x0000000090500000| Untracked 
| 262|0x0000000090600000, 0x0000000090600000, 0x0000000090700000|  0%| F|  |TAMS 0x0000000090600000, 0x0000000090600000| Untracked 
| 263|0x0000000090700000, 0x0000000090700000, 0x0000000090800000|  0%| F|  |TAMS 0x0000000090700000, 0x0000000090700000| Untracked 
| 264|0x0000000090800000, 0x0000000090900000, 0x0000000090900000|100%| E|  |TAMS 0x0000000090800000, 0x0000000090800000| Complete 
| 265|0x0000000090900000, 0x0000000090a00000, 0x0000000090a00000|100%| E|CS|TAMS 0x0000000090900000, 0x0000000090900000| Complete 
| 266|0x0000000090a00000, 0x0000000090b00000, 0x0000000090b00000|100%| E|CS|TAMS 0x0000000090a00000, 0x0000000090a00000| Complete 
| 267|0x0000000090b00000, 0x0000000090c00000, 0x0000000090c00000|100%| E|CS|TAMS 0x0000000090b00000, 0x0000000090b00000| Complete 
| 268|0x0000000090c00000, 0x0000000090d00000, 0x0000000090d00000|100%| E|CS|TAMS 0x0000000090c00000, 0x0000000090c00000| Complete 
| 269|0x0000000090d00000, 0x0000000090e00000, 0x0000000090e00000|100%| E|CS|TAMS 0x0000000090d00000, 0x0000000090d00000| Complete 
| 270|0x0000000090e00000, 0x0000000090f00000, 0x0000000090f00000|100%| E|CS|TAMS 0x0000000090e00000, 0x0000000090e00000| Complete 
| 271|0x0000000090f00000, 0x0000000091000000, 0x0000000091000000|100%| E|CS|TAMS 0x0000000090f00000, 0x0000000090f00000| Complete 
| 272|0x0000000091000000, 0x0000000091100000, 0x0000000091100000|100%| E|CS|TAMS 0x0000000091000000, 0x0000000091000000| Complete 
| 273|0x0000000091100000, 0x0000000091200000, 0x0000000091200000|100%| E|CS|TAMS 0x0000000091100000, 0x0000000091100000| Complete 
| 274|0x0000000091200000, 0x0000000091300000, 0x0000000091300000|100%| E|CS|TAMS 0x0000000091200000, 0x0000000091200000| Complete 
| 275|0x0000000091300000, 0x0000000091400000, 0x0000000091400000|100%| E|CS|TAMS 0x0000000091300000, 0x0000000091300000| Complete 
| 276|0x0000000091400000, 0x0000000091500000, 0x0000000091500000|100%| E|CS|TAMS 0x0000000091400000, 0x0000000091400000| Complete 
| 277|0x0000000091500000, 0x0000000091600000, 0x0000000091600000|100%| E|CS|TAMS 0x0000000091500000, 0x0000000091500000| Complete 
| 278|0x0000000091600000, 0x0000000091700000, 0x0000000091700000|100%| E|CS|TAMS 0x0000000091600000, 0x0000000091600000| Complete 
| 279|0x0000000091700000, 0x0000000091800000, 0x0000000091800000|100%| E|CS|TAMS 0x0000000091700000, 0x0000000091700000| Complete 
| 280|0x0000000091800000, 0x0000000091900000, 0x0000000091900000|100%| E|CS|TAMS 0x0000000091800000, 0x0000000091800000| Complete 
| 281|0x0000000091900000, 0x0000000091a00000, 0x0000000091a00000|100%| E|CS|TAMS 0x0000000091900000, 0x0000000091900000| Complete 
| 282|0x0000000091a00000, 0x0000000091b00000, 0x0000000091b00000|100%| E|CS|TAMS 0x0000000091a00000, 0x0000000091a00000| Complete 
| 283|0x0000000091b00000, 0x0000000091c00000, 0x0000000091c00000|100%| E|CS|TAMS 0x0000000091b00000, 0x0000000091b00000| Complete 
| 284|0x0000000091c00000, 0x0000000091d00000, 0x0000000091d00000|100%| E|CS|TAMS 0x0000000091c00000, 0x0000000091c00000| Complete 
| 285|0x0000000091d00000, 0x0000000091e00000, 0x0000000091e00000|100%| E|CS|TAMS 0x0000000091d00000, 0x0000000091d00000| Complete 
| 286|0x0000000091e00000, 0x0000000091f00000, 0x0000000091f00000|100%| E|CS|TAMS 0x0000000091e00000, 0x0000000091e00000| Complete 
| 287|0x0000000091f00000, 0x0000000092000000, 0x0000000092000000|100%| E|CS|TAMS 0x0000000091f00000, 0x0000000091f00000| Complete 
| 288|0x0000000092000000, 0x0000000092100000, 0x0000000092100000|100%| E|CS|TAMS 0x0000000092000000, 0x0000000092000000| Complete 
| 289|0x0000000092100000, 0x0000000092200000, 0x0000000092200000|100%| E|CS|TAMS 0x0000000092100000, 0x0000000092100000| Complete 
| 290|0x0000000092200000, 0x0000000092300000, 0x0000000092300000|100%| E|CS|TAMS 0x0000000092200000, 0x0000000092200000| Complete 
| 291|0x0000000092300000, 0x0000000092400000, 0x0000000092400000|100%| E|CS|TAMS 0x0000000092300000, 0x0000000092300000| Complete 
| 292|0x0000000092400000, 0x0000000092500000, 0x0000000092500000|100%| E|CS|TAMS 0x0000000092400000, 0x0000000092400000| Complete 
| 293|0x0000000092500000, 0x0000000092600000, 0x0000000092600000|100%| E|CS|TAMS 0x0000000092500000, 0x0000000092500000| Complete 
| 294|0x0000000092600000, 0x0000000092700000, 0x0000000092700000|100%| E|CS|TAMS 0x0000000092600000, 0x0000000092600000| Complete 
| 295|0x0000000092700000, 0x0000000092800000, 0x0000000092800000|100%| E|CS|TAMS 0x0000000092700000, 0x0000000092700000| Complete 
| 296|0x0000000092800000, 0x0000000092900000, 0x0000000092900000|100%| E|CS|TAMS 0x0000000092800000, 0x0000000092800000| Complete 
| 297|0x0000000092900000, 0x0000000092a00000, 0x0000000092a00000|100%| E|CS|TAMS 0x0000000092900000, 0x0000000092900000| Complete 
| 298|0x0000000092a00000, 0x0000000092b00000, 0x0000000092b00000|100%| E|CS|TAMS 0x0000000092a00000, 0x0000000092a00000| Complete 
| 299|0x0000000092b00000, 0x0000000092c00000, 0x0000000092c00000|100%| E|CS|TAMS 0x0000000092b00000, 0x0000000092b00000| Complete 
| 300|0x0000000092c00000, 0x0000000092d00000, 0x0000000092d00000|100%| E|CS|TAMS 0x0000000092c00000, 0x0000000092c00000| Complete 
| 301|0x0000000092d00000, 0x0000000092e00000, 0x0000000092e00000|100%| E|CS|TAMS 0x0000000092d00000, 0x0000000092d00000| Complete 
| 302|0x0000000092e00000, 0x0000000092f00000, 0x0000000092f00000|100%| E|CS|TAMS 0x0000000092e00000, 0x0000000092e00000| Complete 
| 303|0x0000000092f00000, 0x0000000093000000, 0x0000000093000000|100%| E|CS|TAMS 0x0000000092f00000, 0x0000000092f00000| Complete 
| 304|0x0000000093000000, 0x0000000093100000, 0x0000000093100000|100%| E|CS|TAMS 0x0000000093000000, 0x0000000093000000| Complete 
| 305|0x0000000093100000, 0x0000000093200000, 0x0000000093200000|100%| E|CS|TAMS 0x0000000093100000, 0x0000000093100000| Complete 
| 306|0x0000000093200000, 0x0000000093300000, 0x0000000093300000|100%| E|CS|TAMS 0x0000000093200000, 0x0000000093200000| Complete 
| 307|0x0000000093300000, 0x0000000093400000, 0x0000000093400000|100%| E|CS|TAMS 0x0000000093300000, 0x0000000093300000| Complete 
| 308|0x0000000093400000, 0x0000000093500000, 0x0000000093500000|100%| E|CS|TAMS 0x0000000093400000, 0x0000000093400000| Complete 
| 309|0x0000000093500000, 0x0000000093600000, 0x0000000093600000|100%| E|CS|TAMS 0x0000000093500000, 0x0000000093500000| Complete 
| 310|0x0000000093600000, 0x0000000093700000, 0x0000000093700000|100%| E|CS|TAMS 0x0000000093600000, 0x0000000093600000| Complete 
| 311|0x0000000093700000, 0x0000000093800000, 0x0000000093800000|100%| E|CS|TAMS 0x0000000093700000, 0x0000000093700000| Complete 
| 312|0x0000000093800000, 0x0000000093900000, 0x0000000093900000|100%| E|CS|TAMS 0x0000000093800000, 0x0000000093800000| Complete 
| 313|0x0000000093900000, 0x0000000093a00000, 0x0000000093a00000|100%| E|CS|TAMS 0x0000000093900000, 0x0000000093900000| Complete 
| 314|0x0000000093a00000, 0x0000000093b00000, 0x0000000093b00000|100%| E|CS|TAMS 0x0000000093a00000, 0x0000000093a00000| Complete 
| 315|0x0000000093b00000, 0x0000000093c00000, 0x0000000093c00000|100%| E|CS|TAMS 0x0000000093b00000, 0x0000000093b00000| Complete 
| 316|0x0000000093c00000, 0x0000000093d00000, 0x0000000093d00000|100%| E|CS|TAMS 0x0000000093c00000, 0x0000000093c00000| Complete 
| 317|0x0000000093d00000, 0x0000000093e00000, 0x0000000093e00000|100%| E|CS|TAMS 0x0000000093d00000, 0x0000000093d00000| Complete 
| 318|0x0000000093e00000, 0x0000000093f00000, 0x0000000093f00000|100%| E|CS|TAMS 0x0000000093e00000, 0x0000000093e00000| Complete 
| 319|0x0000000093f00000, 0x0000000094000000, 0x0000000094000000|100%| E|CS|TAMS 0x0000000093f00000, 0x0000000093f00000| Complete 
| 320|0x0000000094000000, 0x0000000094100000, 0x0000000094100000|100%| E|CS|TAMS 0x0000000094000000, 0x0000000094000000| Complete 
| 321|0x0000000094100000, 0x0000000094200000, 0x0000000094200000|100%| E|CS|TAMS 0x0000000094100000, 0x0000000094100000| Complete 
| 322|0x0000000094200000, 0x0000000094300000, 0x0000000094300000|100%| E|CS|TAMS 0x0000000094200000, 0x0000000094200000| Complete 
| 323|0x0000000094300000, 0x0000000094400000, 0x0000000094400000|100%| E|CS|TAMS 0x0000000094300000, 0x0000000094300000| Complete 
| 324|0x0000000094400000, 0x0000000094500000, 0x0000000094500000|100%| E|CS|TAMS 0x0000000094400000, 0x0000000094400000| Complete 
| 325|0x0000000094500000, 0x0000000094600000, 0x0000000094600000|100%| E|CS|TAMS 0x0000000094500000, 0x0000000094500000| Complete 
| 326|0x0000000094600000, 0x0000000094700000, 0x0000000094700000|100%| E|CS|TAMS 0x0000000094600000, 0x0000000094600000| Complete 
| 327|0x0000000094700000, 0x0000000094800000, 0x0000000094800000|100%| E|CS|TAMS 0x0000000094700000, 0x0000000094700000| Complete 
| 328|0x0000000094800000, 0x0000000094900000, 0x0000000094900000|100%| E|CS|TAMS 0x0000000094800000, 0x0000000094800000| Complete 
| 329|0x0000000094900000, 0x0000000094a00000, 0x0000000094a00000|100%| E|CS|TAMS 0x0000000094900000, 0x0000000094900000| Complete 
| 330|0x0000000094a00000, 0x0000000094b00000, 0x0000000094b00000|100%| E|CS|TAMS 0x0000000094a00000, 0x0000000094a00000| Complete 
| 331|0x0000000094b00000, 0x0000000094b85ca0, 0x0000000094c00000| 52%| S|CS|TAMS 0x0000000094b00000, 0x0000000094b00000| Complete 
| 332|0x0000000094c00000, 0x0000000094d00000, 0x0000000094d00000|100%| S|CS|TAMS 0x0000000094c00000, 0x0000000094c00000| Complete 
| 333|0x0000000094d00000, 0x0000000094e00000, 0x0000000094e00000|100%| E|CS|TAMS 0x0000000094d00000, 0x0000000094d00000| Complete 
| 334|0x0000000094e00000, 0x0000000094f00000, 0x0000000094f00000|100%| E|CS|TAMS 0x0000000094e00000, 0x0000000094e00000| Complete 
| 335|0x0000000094f00000, 0x0000000095000000, 0x0000000095000000|100%| E|CS|TAMS 0x0000000094f00000, 0x0000000094f00000| Complete 
| 336|0x0000000095000000, 0x0000000095100000, 0x0000000095100000|100%| E|CS|TAMS 0x0000000095000000, 0x0000000095000000| Complete 
| 337|0x0000000095100000, 0x0000000095200000, 0x0000000095200000|100%| E|CS|TAMS 0x0000000095100000, 0x0000000095100000| Complete 
| 338|0x0000000095200000, 0x0000000095300000, 0x0000000095300000|100%| E|CS|TAMS 0x0000000095200000, 0x0000000095200000| Complete 
| 339|0x0000000095300000, 0x0000000095400000, 0x0000000095400000|100%| E|CS|TAMS 0x0000000095300000, 0x0000000095300000| Complete 
| 340|0x0000000095400000, 0x0000000095500000, 0x0000000095500000|100%| E|CS|TAMS 0x0000000095400000, 0x0000000095400000| Complete 
| 341|0x0000000095500000, 0x0000000095600000, 0x0000000095600000|100%| E|CS|TAMS 0x0000000095500000, 0x0000000095500000| Complete 
| 342|0x0000000095600000, 0x0000000095700000, 0x0000000095700000|100%| E|CS|TAMS 0x0000000095600000, 0x0000000095600000| Complete 

Card table byte_map: [0x000001b3d1670000,0x000001b3d1a70000] _byte_map_base: 0x000001b3d1270000

Marking Bits (Prev, Next): (CMBitMap*) 0x000001b3bdd20050, (CMBitMap*) 0x000001b3bdd20018
 Prev Bits: [0x000001b3d3e70000, 0x000001b3d5e70000)
 Next Bits: [0x000001b3d1e70000, 0x000001b3d3e70000)

Polling page: 0x000001b3c17d0000

Metaspace:

Usage:
  Non-class:     92.50 MB capacity,    90.95 MB ( 98%) used,     1.25 MB (  1%) free+waste,   308.25 KB ( <1%) overhead. 
      Class:     14.19 MB capacity,    13.23 MB ( 93%) used,   841.94 KB (  6%) free+waste,   139.31 KB ( <1%) overhead. 
       Both:    106.69 MB capacity,   104.18 MB ( 98%) used,     2.07 MB (  2%) free+waste,   447.56 KB ( <1%) overhead. 

Virtual space:
  Non-class space:       94.00 MB reserved,      92.68 MB ( 99%) committed 
      Class space:        1.00 GB reserved,      14.32 MB (  1%) committed 
             Both:        1.09 GB reserved,     107.00 MB ( 10%) committed 

Chunk freelists:
   Non-Class:  185.00 KB
       Class:  124.00 KB
        Both:  309.00 KB

MaxMetaspaceSize: 17179869184.00 GB
CompressedClassSpaceSize: 1.00 GB

CodeHeap 'non-profiled nmethods': size=120000Kb used=9380Kb max_used=9380Kb free=110620Kb
 bounds [0x000001b3c92c0000, 0x000001b3c9bf0000, 0x000001b3d07f0000]
CodeHeap 'profiled nmethods': size=120000Kb used=33631Kb max_used=33631Kb free=86368Kb
 bounds [0x000001b3c1d90000, 0x000001b3c3e70000, 0x000001b3c92c0000]
CodeHeap 'non-nmethods': size=5760Kb used=2318Kb max_used=2437Kb free=3441Kb
 bounds [0x000001b3c17f0000, 0x000001b3c1a70000, 0x000001b3c1d90000]
 total_blobs=16138 nmethods=15208 adapters=840
 compilation: enabled
              stopped_count=0, restarted_count=0
 full_count=0

Compilation events (20 events):
Event: 20.076 Thread 0x000001b3d897e000 nmethod 15534 0x000001b3c3de3990 code [0x000001b3c3de3b40, 0x000001b3c3de3c88]
Event: 20.076 Thread 0x000001b3d897e000 15379   !   2       com.android.tools.r8.internal.B8::T0 (25 bytes)
Event: 20.077 Thread 0x000001b3d897e000 nmethod 15379 0x000001b3c3de3d90 code [0x000001b3c3de3fa0, 0x000001b3c3de43c8]
Event: 20.077 Thread 0x000001b3d897e000 15548       2       com.android.tools.r8.internal.Le::a (3140 bytes)
Event: 20.102 Thread 0x000001b3d897e000 nmethod 15548 0x000001b3c3de4710 code [0x000001b3c3de5720, 0x000001b3c3ded148]
Event: 20.102 Thread 0x000001b3d897e000 15564       3       com.android.tools.r8.ir.regalloc.a::a (3985 bytes)
Event: 20.166 Thread 0x000001b3d897e000 nmethod 15564 0x000001b3c3df1c90 code [0x000001b3c3df3d60, 0x000001b3c3e097e8]
Event: 20.167 Thread 0x000001b3d897e000 15582       2       com.android.tools.r8.ir.regalloc.a::a (101 bytes)
Event: 20.167 Thread 0x000001b3d897e000 nmethod 15582 0x000001b3c3e10a10 code [0x000001b3c3e10be0, 0x000001b3c3e10d98]
Event: 20.167 Thread 0x000001b3d897e000 15570 %     3       java.util.Collection::removeIf @ 14 (51 bytes)
Event: 20.168 Thread 0x000001b3d897e000 nmethod 15570% 0x000001b3c3e10f10 code [0x000001b3c3e11140, 0x000001b3c3e11938]
Event: 20.168 Thread 0x000001b3d897e000 15583       3       com.android.tools.r8.internal.W4::a (366 bytes)
Event: 20.171 Thread 0x000001b3d897e000 nmethod 15583 0x000001b3c3e11b90 code [0x000001b3c3e120c0, 0x000001b3c3e14e58]
Event: 20.171 Thread 0x000001b3d897e000 15561 %     3       com.android.tools.r8.internal.Ps::a @ 0 (30 bytes)
Event: 20.171 Thread 0x000001b3d897e000 nmethod 15561% 0x000001b3c3e15a10 code [0x000001b3c3e15c00, 0x000001b3c3e160c8]
Event: 20.171 Thread 0x000001b3d897e000 15595       3       com.android.tools.r8.ir.regalloc.a::i (620 bytes)
Event: 20.179 Thread 0x000001b3d897e000 nmethod 15595 0x000001b3c3e16210 code [0x000001b3c3e16b40, 0x000001b3c3e1cc98]
Event: 20.179 Thread 0x000001b3d897e000 15602       3       java.util.Collection::removeIf (51 bytes)
Event: 20.180 Thread 0x000001b3d897e000 nmethod 15602 0x000001b3c3e1ed90 code [0x000001b3c3e1efc0, 0x000001b3c3e1f738]
Event: 20.180 Thread 0x000001b3d897e000 15590 %     3       com.android.tools.r8.internal.Kv::a @ 132 (1305 bytes)

GC Heap History (20 events):
Event: 16.985 GC heap before
{Heap before GC invocations=25 (full 0):
 garbage-first heap   total 225280K, used 183169K [0x0000000080000000, 0x0000000100000000)
  region size 1024K, 82 young (83968K), 8 survivors (8192K)
 Metaspace       used 96469K, capacity 98699K, committed 99328K, reserved 1136640K
  class space    used 12112K, capacity 12901K, committed 13132K, reserved 1048576K
}
Event: 17.003 GC heap after
{Heap after GC invocations=26 (full 0):
 garbage-first heap   total 225280K, used 112842K [0x0000000080000000, 0x0000000100000000)
  region size 1024K, 11 young (11264K), 11 survivors (11264K)
 Metaspace       used 96469K, capacity 98699K, committed 99328K, reserved 1136640K
  class space    used 12112K, capacity 12901K, committed 13132K, reserved 1048576K
}
Event: 17.010 GC heap before
{Heap before GC invocations=26 (full 0):
 garbage-first heap   total 225280K, used 113866K [0x0000000080000000, 0x0000000100000000)
  region size 1024K, 12 young (12288K), 11 survivors (11264K)
 Metaspace       used 96469K, capacity 98699K, committed 99328K, reserved 1136640K
  class space    used 12112K, capacity 12901K, committed 13132K, reserved 1048576K
}
Event: 17.025 GC heap after
{Heap after GC invocations=27 (full 0):
 garbage-first heap   total 270336K, used 103527K [0x0000000080000000, 0x0000000100000000)
  region size 1024K, 2 young (2048K), 2 survivors (2048K)
 Metaspace       used 96469K, capacity 98699K, committed 99328K, reserved 1136640K
  class space    used 12112K, capacity 12901K, committed 13132K, reserved 1048576K
}
Event: 17.572 GC heap before
{Heap before GC invocations=27 (full 0):
 garbage-first heap   total 270336K, used 195687K [0x0000000080000000, 0x0000000100000000)
  region size 1024K, 93 young (95232K), 2 survivors (2048K)
 Metaspace       used 99621K, capacity 101963K, committed 102272K, reserved 1138688K
  class space    used 12563K, capacity 13448K, committed 13516K, reserved 1048576K
}
Event: 17.592 GC heap after
{Heap after GC invocations=28 (full 0):
 garbage-first heap   total 270336K, used 125748K [0x0000000080000000, 0x0000000100000000)
  region size 1024K, 12 young (12288K), 12 survivors (12288K)
 Metaspace       used 99621K, capacity 101963K, committed 102272K, reserved 1138688K
  class space    used 12563K, capacity 13448K, committed 13516K, reserved 1048576K
}
Event: 17.901 GC heap before
{Heap before GC invocations=28 (full 0):
 garbage-first heap   total 270336K, used 204596K [0x0000000080000000, 0x0000000100000000)
  region size 1024K, 90 young (92160K), 12 survivors (12288K)
 Metaspace       used 100655K, capacity 103068K, committed 103168K, reserved 1138688K
  class space    used 12717K, capacity 13625K, committed 13644K, reserved 1048576K
}
Event: 17.935 GC heap after
{Heap after GC invocations=29 (full 0):
 garbage-first heap   total 270336K, used 142575K [0x0000000080000000, 0x0000000100000000)
  region size 1024K, 12 young (12288K), 12 survivors (12288K)
 Metaspace       used 100655K, capacity 103068K, committed 103168K, reserved 1138688K
  class space    used 12717K, capacity 13625K, committed 13644K, reserved 1048576K
}
Event: 18.142 GC heap before
{Heap before GC invocations=29 (full 0):
 garbage-first heap   total 270336K, used 209135K [0x0000000080000000, 0x0000000100000000)
  region size 1024K, 78 young (79872K), 12 survivors (12288K)
 Metaspace       used 101504K, capacity 103950K, committed 104064K, reserved 1140736K
  class space    used 12819K, capacity 13725K, committed 13772K, reserved 1048576K
}
Event: 18.177 GC heap after
{Heap after GC invocations=30 (full 0):
 garbage-first heap   total 270336K, used 157673K [0x0000000080000000, 0x0000000100000000)
  region size 1024K, 10 young (10240K), 10 survivors (10240K)
 Metaspace       used 101504K, capacity 103950K, committed 104064K, reserved 1140736K
  class space    used 12819K, capacity 13725K, committed 13772K, reserved 1048576K
}
Event: 18.822 GC heap before
{Heap before GC invocations=31 (full 0):
 garbage-first heap   total 270336K, used 213993K [0x0000000080000000, 0x0000000100000000)
  region size 1024K, 66 young (67584K), 10 survivors (10240K)
 Metaspace       used 105268K, capacity 107833K, committed 107904K, reserved 1142784K
  class space    used 13485K, capacity 14484K, committed 14540K, reserved 1048576K
}
Event: 18.851 GC heap after
{Heap after GC invocations=32 (full 0):
 garbage-first heap   total 270336K, used 167285K [0x0000000080000000, 0x0000000100000000)
  region size 1024K, 8 young (8192K), 8 survivors (8192K)
 Metaspace       used 105268K, capacity 107833K, committed 107904K, reserved 1142784K
  class space    used 13485K, capacity 14484K, committed 14540K, reserved 1048576K
}
Event: 18.880 GC heap before
{Heap before GC invocations=32 (full 0):
 garbage-first heap   total 270336K, used 172405K [0x0000000080000000, 0x0000000100000000)
  region size 1024K, 13 young (13312K), 8 survivors (8192K)
 Metaspace       used 105289K, capacity 107898K, committed 108160K, reserved 1142784K
  class space    used 13485K, capacity 14484K, committed 14540K, reserved 1048576K
}
Event: 18.898 GC heap after
{Heap after GC invocations=33 (full 0):
 garbage-first heap   total 351232K, used 166496K [0x0000000080000000, 0x0000000100000000)
  region size 1024K, 2 young (2048K), 2 survivors (2048K)
 Metaspace       used 105289K, capacity 107898K, committed 108160K, reserved 1142784K
  class space    used 13485K, capacity 14484K, committed 14540K, reserved 1048576K
}
Event: 19.419 GC heap before
{Heap before GC invocations=33 (full 0):
 garbage-first heap   total 351232K, used 247392K [0x0000000080000000, 0x0000000100000000)
  region size 1024K, 82 young (83968K), 2 survivors (2048K)
 Metaspace       used 106501K, capacity 109155K, committed 109312K, reserved 1144832K
  class space    used 13577K, capacity 14593K, committed 14668K, reserved 1048576K
}
Event: 19.435 GC heap after
{Heap after GC invocations=34 (full 0):
 garbage-first heap   total 351232K, used 169462K [0x0000000080000000, 0x0000000100000000)
  region size 1024K, 5 young (5120K), 5 survivors (5120K)
 Metaspace       used 106501K, capacity 109155K, committed 109312K, reserved 1144832K
  class space    used 13577K, capacity 14593K, committed 14668K, reserved 1048576K
}
Event: 20.057 GC heap before
{Heap before GC invocations=35 (full 0):
 garbage-first heap   total 351232K, used 255478K [0x0000000080000000, 0x0000000100000000)
  region size 1024K, 89 young (91136K), 5 survivors (5120K)
 Metaspace       used 106632K, capacity 109237K, committed 109568K, reserved 1144832K
  class space    used 13543K, capacity 14528K, committed 14668K, reserved 1048576K
}
Event: 20.071 GC heap after
{Heap after GC invocations=36 (full 0):
 garbage-first heap   total 351232K, used 171538K [0x0000000080000000, 0x0000000100000000)
  region size 1024K, 7 young (7168K), 7 survivors (7168K)
 Metaspace       used 106632K, capacity 109237K, committed 109568K, reserved 1144832K
  class space    used 13543K, capacity 14528K, committed 14668K, reserved 1048576K
}
Event: 20.104 GC heap before
{Heap before GC invocations=36 (full 0):
 garbage-first heap   total 351232K, used 180754K [0x0000000080000000, 0x0000000100000000)
  region size 1024K, 17 young (17408K), 7 survivors (7168K)
 Metaspace       used 106643K, capacity 109237K, committed 109568K, reserved 1144832K
  class space    used 13543K, capacity 14528K, committed 14668K, reserved 1048576K
}
Event: 20.117 GC heap after
{Heap after GC invocations=37 (full 0):
 garbage-first heap   total 351232K, used 170749K [0x0000000080000000, 0x0000000100000000)
  region size 1024K, 2 young (2048K), 2 survivors (2048K)
 Metaspace       used 106643K, capacity 109237K, committed 109568K, reserved 1144832K
  class space    used 13543K, capacity 14528K, committed 14668K, reserved 1048576K
}

Deoptimization events (20 events):
Event: 20.190 Thread 0x000001b3dc9f4000 DEOPT PACKING pc=0x000001b3c3cbc76b sp=0x000000132bef9a50
Event: 20.190 Thread 0x000001b3dc9f4000 DEOPT UNPACKING pc=0x000001b3c18176ce sp=0x000000132bef8f08 mode 0
Event: 20.197 Thread 0x000001b3dc9f8800 DEOPT PACKING pc=0x000001b3c3ce960e sp=0x000000132c3f8fa0
Event: 20.198 Thread 0x000001b3dc9f8800 DEOPT UNPACKING pc=0x000001b3c18176ce sp=0x000000132c3f8418 mode 0
Event: 20.205 Thread 0x000001b3dc9fc800 DEOPT PACKING pc=0x000001b3c3ce960e sp=0x000000132c4f9210
Event: 20.205 Thread 0x000001b3dc9fc800 DEOPT UNPACKING pc=0x000001b3c18176ce sp=0x000000132c4f8688 mode 0
Event: 20.219 Thread 0x000001b3dc9fc800 Uncommon trap: trap_request=0xffffff4d fr.pc=0x000001b3c9baece0 relative=0x00000000000005c0
Event: 20.219 Thread 0x000001b3dc9fc800 Uncommon trap: reason=unstable_if action=reinterpret pc=0x000001b3c9baece0 method=com.android.tools.r8.ir.regalloc.b.g(I)Lcom/android/tools/r8/ir/regalloc/b; @ 132 c2
Event: 20.219 Thread 0x000001b3dc9fc800 DEOPT PACKING pc=0x000001b3c9baece0 sp=0x000000132c4f9090
Event: 20.219 Thread 0x000001b3dc9fc800 DEOPT UNPACKING pc=0x000001b3c18178af sp=0x000000132c4f9020 mode 2
Event: 20.228 Thread 0x000001b3dc9fc800 DEOPT PACKING pc=0x000001b3c3ce960e sp=0x000000132c4f9210
Event: 20.228 Thread 0x000001b3dc9fc800 DEOPT UNPACKING pc=0x000001b3c18176ce sp=0x000000132c4f8688 mode 0
Event: 20.240 Thread 0x000001b3dc9f7800 DEOPT PACKING pc=0x000001b3c3cb0404 sp=0x000000132c0fa380
Event: 20.240 Thread 0x000001b3dc9f7800 DEOPT UNPACKING pc=0x000001b3c18176ce sp=0x000000132c0f9820 mode 0
Event: 20.252 Thread 0x000001b3dc9fc800 DEOPT PACKING pc=0x000001b3c3ce960e sp=0x000000132c4f9210
Event: 20.252 Thread 0x000001b3dc9fc800 DEOPT UNPACKING pc=0x000001b3c18176ce sp=0x000000132c4f8688 mode 0
Event: 20.277 Thread 0x000001b3dc9fc800 DEOPT PACKING pc=0x000001b3c3ce960e sp=0x000000132c4f9f10
Event: 20.277 Thread 0x000001b3dc9fc800 DEOPT UNPACKING pc=0x000001b3c18176ce sp=0x000000132c4f9388 mode 0
Event: 20.295 Thread 0x000001b3dc9fc800 DEOPT PACKING pc=0x000001b3c3ce960e sp=0x000000132c4f9210
Event: 20.295 Thread 0x000001b3dc9fc800 DEOPT UNPACKING pc=0x000001b3c18176ce sp=0x000000132c4f8688 mode 0

Classes redefined (0 events):
No events

Internal exceptions (20 events):
Event: 17.658 Thread 0x000001b3dc9f6000 Exception <a 'java/lang/IncompatibleClassChangeError'{0x000000008f707f98}: Found class java.lang.Object, but interface was expected> (0x000000008f707f98) thrown at [./src/hotspot/share/interpreter/linkResolver.cpp, line 839]
Event: 17.719 Thread 0x000001b3dc9f4000 Exception <a 'java/lang/NoSuchMethodError'{0x000000008e68e8c8}: 'void java.lang.invoke.DirectMethodHandle$Holder.invokeStatic(java.lang.Object, java.lang.Object, java.lang.Object, int)'> (0x000000008e68e8c8) thrown at [./src/hotspot/share/interpreter/linkResolver.cpp, line 773]
Event: 17.719 Thread 0x000001b3dc9f6800 Exception <a 'java/lang/NoSuchMethodError'{0x000000008e6db5e8}: 'void java.lang.invoke.DirectMethodHandle$Holder.invokeStatic(java.lang.Object, java.lang.Object, java.lang.Object, int)'> (0x000000008e6db5e8) thrown at [./src/hotspot/share/interpreter/linkResolver.cpp, line 773]
Event: 17.724 Thread 0x000001b3dc9f6000 Exception <a 'java/lang/NoSuchMethodError'{0x000000008e63d8d8}: 'void java.lang.invoke.DirectMethodHandle$Holder.invokeStatic(java.lang.Object, java.lang.Object, java.lang.Object, int)'> (0x000000008e63d8d8) thrown at [./src/hotspot/share/interpreter/linkResolver.cpp, line 773]
Event: 17.724 Thread 0x000001b3dc9fc800 Exception <a 'java/lang/NoSuchMethodError'{0x000000008e7751b8}: 'void java.lang.invoke.DirectMethodHandle$Holder.invokeStatic(java.lang.Object, java.lang.Object, java.lang.Object, int)'> (0x000000008e7751b8) thrown at [./src/hotspot/share/interpreter/linkResolver.cpp, line 773]
Event: 17.725 Thread 0x000001b3dc9f4000 Exception <a 'java/lang/IncompatibleClassChangeError'{0x000000008e6986c0}: Found class java.lang.Object, but interface was expected> (0x000000008e6986c0) thrown at [./src/hotspot/share/interpreter/linkResolver.cpp, line 839]
Event: 17.731 Thread 0x000001b3dc9fc800 Exception <a 'java/lang/NoSuchMethodError'{0x000000008e5ff688}: 'int java.lang.invoke.DirectMethodHandle$Holder.invokeVirtual(java.lang.Object, java.lang.Object, java.lang.Object)'> (0x000000008e5ff688) thrown at [./src/hotspot/share/interpreter/linkResolver.cpp, line 773]
Event: 17.732 Thread 0x000001b3dc9f6800 Exception <a 'java/lang/NoSuchMethodError'{0x000000008e6df740}: 'int java.lang.invoke.DirectMethodHandle$Holder.invokeVirtual(java.lang.Object, java.lang.Object, java.lang.Object)'> (0x000000008e6df740) thrown at [./src/hotspot/share/interpreter/linkResolver.cpp, line 773]
Event: 18.256 Thread 0x000001b3dc9f8800 Exception <a 'java/lang/NoSuchMethodError'{0x000000008fc262c8}: 'java.lang.Object java.lang.invoke.DirectMethodHandle$Holder.invokeStatic(java.lang.Object, int, java.lang.Object, java.lang.Object)'> (0x000000008fc262c8) thrown at [./src/hotspot/share/interpreter/linkResolver.cpp, line 773]
Event: 18.256 Thread 0x000001b3dc9f6000 Exception <a 'java/lang/NoSuchMethodError'{0x000000008fc72108}: 'java.lang.Object java.lang.invoke.DirectMethodHandle$Holder.invokeStatic(java.lang.Object, int, java.lang.Object, java.lang.Object)'> (0x000000008fc72108) thrown at [./src/hotspot/share/interpreter/linkResolver.cpp, line 773]
Event: 18.277 Thread 0x000001b3dc9f4000 Exception <a 'java/lang/NoSuchMethodError'{0x000000008fc9d380}: 'java.lang.Object java.lang.invoke.DirectMethodHandle$Holder.invokeStatic(java.lang.Object, int, java.lang.Object, java.lang.Object)'> (0x000000008fc9d380) thrown at [./src/hotspot/share/interpreter/linkResolver.cpp, line 773]
Event: 18.281 Thread 0x000001b3dc9f6000 Exception <a 'java/lang/NoSuchMethodError'{0x000000008f9d1480}: 'java.lang.Object java.lang.invoke.Invokers$Holder.linkToTargetMethod(java.lang.Object, java.lang.Object, java.lang.Object, java.lang.Object, java.lang.Object, java.lang.Object, java.lang.Object, java.lang.Object)'> (0x000000008f9d1480) thrown at [./src/hotspot/share/interpreter/linkResolver.cpp, line 773]
Event: 18.352 Thread 0x000001b3dc9f4000 Exception <a 'java/lang/NoSuchMethodError'{0x000000008ec58268}: 'java.lang.Object java.lang.invoke.Invokers$Holder.linkToTargetMethod(java.lang.Object, java.lang.Object, java.lang.Object, java.lang.Object, java.lang.Object, java.lang.Object, java.lang.Object)'> (0x000000008ec58268) thrown at [./src/hotspot/share/interpreter/linkResolver.cpp, line 773]
Event: 18.354 Thread 0x000001b3dc9f8800 Exception <a 'java/lang/NoSuchMethodError'{0x000000008f00eb30}: 'java.lang.Object java.lang.invoke.Invokers$Holder.linkToTargetMethod(java.lang.Object, java.lang.Object, java.lang.Object, java.lang.Object, java.lang.Object, java.lang.Object, java.lang.Object)'> (0x000000008f00eb30) thrown at [./src/hotspot/share/interpreter/linkResolver.cpp, line 773]
Event: 18.366 Thread 0x000001b3dc9f8800 Exception <a 'java/lang/NoSuchMethodError'{0x000000008eca6fc0}: 'int java.lang.invoke.DirectMethodHandle$Holder.invokeSpecial(java.lang.Object, java.lang.Object, java.lang.Object, java.lang.Object, java.lang.Object)'> (0x000000008eca6fc0) thrown at [./src/hotspot/share/interpreter/linkResolver.cpp, line 773]
Event: 18.463 Thread 0x000001b3dc9f6000 Exception <a 'java/lang/NoSuchMethodError'{0x000000008e5f97e8}: 'java.lang.Object java.lang.invoke.DirectMethodHandle$Holder.invokeVirtual(java.lang.Object, java.lang.Object, int, java.lang.Object)'> (0x000000008e5f97e8) thrown at [./src/hotspot/share/interpreter/linkResolver.cpp, line 773]
Event: 18.505 Thread 0x000001b3dc9f6000 Exception <a 'java/lang/NoSuchMethodError'{0x000000008e40ed70}: 'void java.lang.invoke.DirectMethodHandle$Holder.invokeVirtual(java.lang.Object, java.lang.Object, int, java.lang.Object)'> (0x000000008e40ed70) thrown at [./src/hotspot/share/interpreter/linkResolver.cpp, line 773]
Event: 18.505 Thread 0x000001b3dc9f6800 Exception <a 'java/lang/NoSuchMethodError'{0x000000008e3763b8}: 'void java.lang.invoke.DirectMethodHandle$Holder.invokeVirtual(java.lang.Object, java.lang.Object, int, java.lang.Object)'> (0x000000008e3763b8) thrown at [./src/hotspot/share/interpreter/linkResolver.cpp, line 773]
Event: 18.680 Thread 0x000001b3dc9f6800 Exception <a 'java/lang/NoSuchMethodError'{0x000000008da4c2f8}: 'java.lang.Object java.lang.invoke.DirectMethodHandle$Holder.invokeInterface(java.lang.Object, java.lang.Object, int)'> (0x000000008da4c2f8) thrown at [./src/hotspot/share/interpreter/linkResolver.cpp, line 773]
Event: 19.843 Thread 0x000001b3dc9f6000 Exception <a 'java/lang/NoSuchMethodError'{0x0000000092eed9d8}: 'int java.lang.invoke.DirectMethodHandle$Holder.invokeInterface(java.lang.Object, java.lang.Object, int)'> (0x0000000092eed9d8) thrown at [./src/hotspot/share/interpreter/linkResolver.cpp, line 773]

Events (20 events):
Event: 20.006 loading class com/android/tools/r8/internal/CE
Event: 20.006 loading class com/android/tools/r8/internal/CE done
Event: 20.006 loading class com/android/tools/r8/code/F0
Event: 20.006 loading class com/android/tools/r8/code/F0 done
Event: 20.006 loading class com/android/tools/r8/code/F0
Event: 20.006 loading class com/android/tools/r8/code/F0 done
Event: 20.007 loading class com/android/tools/r8/code/F0
Event: 20.007 loading class com/android/tools/r8/code/F0 done
Event: 20.007 loading class com/android/tools/r8/code/G0
Event: 20.007 loading class com/android/tools/r8/code/G0 done
Event: 20.007 loading class com/android/tools/r8/code/G0
Event: 20.007 loading class com/android/tools/r8/code/G0 done
Event: 20.057 Executing VM operation: G1CollectForAllocation
Event: 20.071 Executing VM operation: G1CollectForAllocation done
Event: 20.104 Executing VM operation: G1CollectForAllocation
Event: 20.117 Executing VM operation: G1CollectForAllocation done
Event: 20.128 loading class com/android/tools/r8/internal/X$i$a
Event: 20.128 loading class com/android/tools/r8/internal/X$i$a done
Event: 20.136 loading class com/android/tools/r8/internal/Lv
Event: 20.136 loading class com/android/tools/r8/internal/Lv done


Dynamic libraries:
0x00007ff6522a0000 - 0x00007ff6522aa000 	C:\Program Files\Android\Android Studio\jre\bin\java.exe
0x00007ffe17a20000 - 0x00007ffe17c83000 	C:\WINDOWS\SYSTEM32\ntdll.dll
0x00007ffe168d0000 - 0x00007ffe16998000 	C:\WINDOWS\System32\KERNEL32.DLL
0x00007ffe152d0000 - 0x00007ffe15682000 	C:\WINDOWS\System32\KERNELBASE.dll
0x00007ffe14df0000 - 0x00007ffe14f3b000 	C:\WINDOWS\System32\ucrtbase.dll
0x00007ffdc67d0000 - 0x00007ffdc67e9000 	C:\Program Files\Android\Android Studio\jre\bin\jli.dll
0x00007ffdde720000 - 0x00007ffdde737000 	C:\Program Files\Android\Android Studio\jre\bin\VCRUNTIME140.dll
0x00007ffe17660000 - 0x00007ffe17828000 	C:\WINDOWS\System32\USER32.dll
0x00007ffdf71f0000 - 0x00007ffdf7480000 	C:\WINDOWS\WinSxS\amd64_microsoft.windows.common-controls_6595b64144ccf1df_6.0.26100.2454_none_3e0b68a2e331ad60\COMCTL32.dll
0x00007ffe15200000 - 0x00007ffe15227000 	C:\WINDOWS\System32\win32u.dll
0x00007ffe15880000 - 0x00007ffe15929000 	C:\WINDOWS\System32\msvcrt.dll
0x00007ffe15930000 - 0x00007ffe1595a000 	C:\WINDOWS\System32\GDI32.dll
0x00007ffe15690000 - 0x00007ffe157bb000 	C:\WINDOWS\System32\gdi32full.dll
0x00007ffe15150000 - 0x00007ffe151f3000 	C:\WINDOWS\System32\msvcp_win.dll
0x00007ffe15bb0000 - 0x00007ffe15bdf000 	C:\WINDOWS\System32\IMM32.DLL
0x00007ffdb5300000 - 0x00007ffdb539d000 	C:\Program Files\Android\Android Studio\jre\bin\msvcp140.dll
0x00007ffd76a70000 - 0x00007ffd7753f000 	C:\Program Files\Android\Android Studio\jre\bin\server\jvm.dll
0x00007ffe173b0000 - 0x00007ffe17464000 	C:\WINDOWS\System32\ADVAPI32.dll
0x00007ffe15960000 - 0x00007ffe15a06000 	C:\WINDOWS\System32\sechost.dll
0x00007ffe17280000 - 0x00007ffe17396000 	C:\WINDOWS\System32\RPCRT4.dll
0x00007ffe17650000 - 0x00007ffe17658000 	C:\WINDOWS\System32\PSAPI.DLL
0x00007ffe0d940000 - 0x00007ffe0d94b000 	C:\WINDOWS\SYSTEM32\VERSION.dll
0x00007ffe05b80000 - 0x00007ffe05bb6000 	C:\WINDOWS\SYSTEM32\WINMM.dll
0x00007ffdf8c70000 - 0x00007ffdf8c7a000 	C:\WINDOWS\SYSTEM32\WSOCK32.dll
0x00007ffe15d30000 - 0x00007ffe15da4000 	C:\WINDOWS\System32\WS2_32.dll
0x00007ffe13d10000 - 0x00007ffe13d2a000 	C:\WINDOWS\SYSTEM32\kernel.appcore.dll
0x00007ffded8c0000 - 0x00007ffded8d1000 	C:\Program Files\Android\Android Studio\jre\bin\verify.dll
0x00007ffe05040000 - 0x00007ffe05281000 	C:\WINDOWS\SYSTEM32\DBGHELP.DLL
0x00007ffe163d0000 - 0x00007ffe1674e000 	C:\WINDOWS\System32\combase.dll
0x00007ffe17480000 - 0x00007ffe17556000 	C:\WINDOWS\System32\OLEAUT32.dll
0x00007ffdfb9a0000 - 0x00007ffdfb9d9000 	C:\WINDOWS\SYSTEM32\dbgcore.DLL
0x00007ffe15230000 - 0x00007ffe152c9000 	C:\WINDOWS\System32\bcryptPrimitives.dll
0x00007ffded850000 - 0x00007ffded879000 	C:\Program Files\Android\Android Studio\jre\bin\java.dll
0x00007ffe0ef30000 - 0x00007ffe0ef3b000 	C:\Program Files\Android\Android Studio\jre\bin\jimage.dll
0x00007ffde4a10000 - 0x00007ffde4a28000 	C:\Program Files\Android\Android Studio\jre\bin\zip.dll
0x00007ffe16b70000 - 0x00007ffe17270000 	C:\WINDOWS\System32\SHELL32.dll
0x00007ffe12ae0000 - 0x00007ffe13311000 	C:\WINDOWS\SYSTEM32\windows.storage.dll
0x00007ffe17900000 - 0x00007ffe179da000 	C:\WINDOWS\System32\SHCORE.dll
0x00007ffe162c0000 - 0x00007ffe1631d000 	C:\WINDOWS\System32\shlwapi.dll
0x00007ffe14d00000 - 0x00007ffe14d2e000 	C:\WINDOWS\SYSTEM32\profapi.dll
0x00007ffde49f0000 - 0x00007ffde4a0a000 	C:\Program Files\Android\Android Studio\jre\bin\net.dll
0x00007ffe0eca0000 - 0x00007ffe0edc6000 	C:\WINDOWS\SYSTEM32\WINHTTP.dll
0x00007ffe14240000 - 0x00007ffe142a8000 	C:\WINDOWS\system32\mswsock.dll
0x00007ffddeb50000 - 0x00007ffddeb64000 	C:\Program Files\Android\Android Studio\jre\bin\nio.dll
0x00007ffdc67f0000 - 0x00007ffdc6817000 	C:\Users\labya\.gradle\native\8bec1ad78214c89d9ad589b4d07fe93259594b29d510b10fafb7a158f7737e5d\windows-amd64\native-platform.dll
0x00007ffdb20d0000 - 0x00007ffdb220d000 	C:\Users\labya\.gradle\native\53dbd7edfb1c66fb8903c78663c9afc45aea4f116125fa6feffd364cf09443e8\windows-amd64\native-platform-file-events.dll
0x00007ffdf9b30000 - 0x00007ffdf9b3a000 	C:\Program Files\Android\Android Studio\jre\bin\management.dll
0x00007ffdf9b10000 - 0x00007ffdf9b1c000 	C:\Program Files\Android\Android Studio\jre\bin\management_ext.dll
0x00007ffe144e0000 - 0x00007ffe144fc000 	C:\WINDOWS\SYSTEM32\CRYPTSP.dll
0x00007ffe13bf0000 - 0x00007ffe13c28000 	C:\WINDOWS\system32\rsaenh.dll
0x00007ffe142e0000 - 0x00007ffe1430b000 	C:\WINDOWS\SYSTEM32\USERENV.dll
0x00007ffe14720000 - 0x00007ffe14746000 	C:\WINDOWS\SYSTEM32\bcrypt.dll
0x00007ffe14500000 - 0x00007ffe1450c000 	C:\WINDOWS\SYSTEM32\CRYPTBASE.dll
0x00007ffe13610000 - 0x00007ffe13642000 	C:\WINDOWS\SYSTEM32\IPHLPAPI.DLL
0x00007ffe173a0000 - 0x00007ffe173aa000 	C:\WINDOWS\System32\NSI.dll
0x00007ffe0f4a0000 - 0x00007ffe0f4be000 	C:\WINDOWS\SYSTEM32\dhcpcsvc6.DLL
0x00007ffe0ebb0000 - 0x00007ffe0ebd5000 	C:\WINDOWS\SYSTEM32\dhcpcsvc.DLL
0x00007ffe13700000 - 0x00007ffe13825000 	C:\WINDOWS\SYSTEM32\DNSAPI.dll

dbghelp: loaded successfully - version: 4.0.5 - missing functions: none
symbol engine: initialized successfully - sym options: 0x614 - pdb path: .;C:\Program Files\Android\Android Studio\jre\bin;C:\WINDOWS\SYSTEM32;C:\WINDOWS\WinSxS\amd64_microsoft.windows.common-controls_6595b64144ccf1df_6.0.26100.2454_none_3e0b68a2e331ad60;C:\Program Files\Android\Android Studio\jre\bin\server;C:\Users\labya\.gradle\native\8bec1ad78214c89d9ad589b4d07fe93259594b29d510b10fafb7a158f7737e5d\windows-amd64;C:\Users\labya\.gradle\native\53dbd7edfb1c66fb8903c78663c9afc45aea4f116125fa6feffd364cf09443e8\windows-amd64

VM Arguments:
jvm_args: --add-opens=java.base/java.util=ALL-UNNAMED --add-opens=java.base/java.lang=ALL-UNNAMED --add-opens=java.base/java.lang.invoke=ALL-UNNAMED --add-opens=java.base/java.util=ALL-UNNAMED --add-opens=java.prefs/java.util.prefs=ALL-UNNAMED --add-opens=java.prefs/java.util.prefs=ALL-UNNAMED --add-opens=java.base/java.nio.charset=ALL-UNNAMED --add-opens=java.base/java.net=ALL-UNNAMED --add-opens=java.base/java.util.concurrent.atomic=ALL-UNNAMED -Xmx2048m -Dfile.encoding=UTF-8 -Duser.country=US -Duser.language=en -Duser.variant 
java_command: org.gradle.launcher.daemon.bootstrap.GradleDaemon 7.0.2
java_class_path (initial): C:\Users\labya\.gradle\wrapper\dists\gradle-7.0.2-bin\857tjihv64xamwrf0h14cai3r\gradle-7.0.2\lib\gradle-launcher-7.0.2.jar
Launcher Type: SUN_STANDARD

[Global flags]
     intx CICompilerCount                          = 4                                         {product} {ergonomic}
     uint ConcGCThreads                            = 2                                         {product} {ergonomic}
     uint G1ConcRefinementThreads                  = 8                                         {product} {ergonomic}
   size_t G1HeapRegionSize                         = 1048576                                   {product} {ergonomic}
    uintx GCDrainStackTargetSize                   = 64                                        {product} {ergonomic}
   size_t InitialHeapSize                          = 132120576                                 {product} {ergonomic}
   size_t MarkStackSize                            = 4194304                                   {product} {ergonomic}
   size_t MaxHeapSize                              = 2147483648                                {product} {command line}
   size_t MaxNewSize                               = 1287651328                                {product} {ergonomic}
   size_t MinHeapDeltaBytes                        = 1048576                                   {product} {ergonomic}
    uintx NonNMethodCodeHeapSize                   = 5836300                                {pd product} {ergonomic}
    uintx NonProfiledCodeHeapSize                  = 122910970                              {pd product} {ergonomic}
    uintx ProfiledCodeHeapSize                     = 122910970                              {pd product} {ergonomic}
    uintx ReservedCodeCacheSize                    = 251658240                              {pd product} {ergonomic}
     bool SegmentedCodeCache                       = true                                      {product} {ergonomic}
     bool UseCompressedClassPointers               = true                                 {lp64_product} {ergonomic}
     bool UseCompressedOops                        = true                                 {lp64_product} {ergonomic}
     bool UseG1GC                                  = true                                      {product} {ergonomic}
     bool UseLargePagesIndividualAllocation        = false                                  {pd product} {ergonomic}

Logging:
Log output configuration:
 #0: stdout all=warning uptime,level,tags
 #1: stderr all=off uptime,level,tags

Environment Variables:
PATH=C:\WINDOWS\system32;C:\WINDOWS;C:\WINDOWS\System32\Wbem;C:\WINDOWS\System32\WindowsPowerShell\v1.0\;C:\WINDOWS\System32\OpenSSH\;C:\Program Files (x86)\NVIDIA Corporation\PhysX\Common;C:\xampp\php;C:\ProgramData\ComposerSetup\bin;C:\Program Files\Git\cmd;C:\Program Files\nodejs\;C:\Program Files\NVIDIA Corporation\NVIDIA app\NvDLISR;C:\Users\labya\AppData\Local\Microsoft\WindowsApps;C:\Users\labya\AppData\Local\Programs\Microsoft VS Code\bin;C:\Users\labya\AppData\Roaming\Composer\vendor\bin;C:\Users\labya\AppData\Local\GitHubDesktop\bin;C:\Users\labya\AppData\Roaming\npm;
USERNAME=labya
OS=Windows_NT
PROCESSOR_IDENTIFIER=Intel64 Family 6 Model 142 Stepping 12, GenuineIntel



---------------  S Y S T E M  ---------------

OS: Windows 10 , 64 bit Build 26100 (10.0.26100.2454)
OS uptime: 0 days 3:33 hours
Hyper-V role detected

CPU:total 8 (initial active 8) (4 cores per cpu, 2 threads per core) family 6 model 142 stepping 12 microcode 0xea, cmov, cx8, fxsr, mmx, sse, sse2, sse3, ssse3, sse4.1, sse4.2, popcnt, avx, avx2, aes, clmul, erms, 3dnowpref, lzcnt, ht, tsc, tscinvbit, bmi1, bmi2, adx, fma

Memory: 4k page, system-wide physical 8025M (742M free)
TotalPageFile size 12121M (AvailPageFile size 27M)
current process WorkingSet (physical memory assigned to process): 737M, peak: 760M
current process commit charge ("private bytes"): 800M, peak: 824M

vm_info: OpenJDK 64-Bit Server VM (11.0.10+0-b96-7249189) for windows-amd64 JRE (11.0.10+0-b96-7249189), built on Mar 31 2021 21:44:00 by "builder" with MS VC++ 14.0 (VS2015)

END.
