#
# There is insufficient memory for the Java Runtime Environment to continue.
# Native memory allocation (mmap) failed to map 226492416 bytes for Failed to commit area from 0x000000008dc00000 to 0x000000009b400000 of length 226492416.
# Possible reasons:
#   The system is out of physical RAM or swap space
#   The process is running with CompressedOops enabled, and the Java Heap may be blocking the growth of the native heap
# Possible solutions:
#   Reduce memory load on the system
#   Increase physical memory or swap space
#   Check if swap backing store is full
#   Decrease Java heap size (-Xmx/-Xms)
#   Decrease number of Java threads
#   Decrease Java thread stack sizes (-Xss)
#   Set larger code cache with -XX:ReservedCodeCacheSize=
#   JVM is running with Unscaled Compressed Oops mode in which the Java heap is
#     placed in the first 4GB address space. The Java Heap base address is the
#     maximum limit for the native heap growth. Please use -XX:HeapBaseMinAddress
#     to set the Java Heap base and to place the Java Heap above 4GB virtual address.
# This output file may be truncated or incomplete.
#
#  Out of Memory Error (./src/hotspot/os/windows/os_windows.cpp:3301), pid=4272, tid=4712
#
# JRE version: OpenJDK Runtime Environment (11.0.10) (build 11.0.10+0-b96-7249189)
# Java VM: OpenJDK 64-Bit Server VM (11.0.10+0-b96-7249189, mixed mode, tiered, compressed oops, g1 gc, windows-amd64)
# No core dump will be written. Minidumps are not enabled by default on client versions of Windows
#

---------------  S U M M A R Y ------------

Command Line: --add-opens=java.base/java.util=ALL-UNNAMED --add-opens=java.base/java.lang=ALL-UNNAMED --add-opens=java.base/java.lang.invoke=ALL-UNNAMED --add-opens=java.base/java.util=ALL-UNNAMED --add-opens=java.prefs/java.util.prefs=ALL-UNNAMED --add-opens=java.prefs/java.util.prefs=ALL-UNNAMED --add-opens=java.base/java.nio.charset=ALL-UNNAMED --add-opens=java.base/java.net=ALL-UNNAMED --add-opens=java.base/java.util.concurrent.atomic=ALL-UNNAMED -Xmx2048m -Dfile.encoding=UTF-8 -Duser.country=US -Duser.language=en -Duser.variant org.gradle.launcher.daemon.bootstrap.GradleDaemon 7.0.2

Host: Intel(R) Core(TM) i5-10210U CPU @ 1.60GHz, 8 cores, 7G,  Windows 10 , 64 bit Build 26100 (10.0.26100.2454)
Time: Sun Jan 26 23:53:45 2025 Malay Peninsula Standard Time elapsed time: 959.127926 seconds (0d 0h 15m 59s)

---------------  T H R E A D  ---------------

Current thread (0x0000021086847000):  VMThread "VM Thread" [stack: 0x000000a89a400000,0x000000a89a500000] [id=4712]

Stack: [0x000000a89a400000,0x000000a89a500000]
[error occurred during error reporting (printing stack bounds), id 0xc0000005, EXCEPTION_ACCESS_VIOLATION (0xc0000005) at pc=0x00000210efe20f2d]

Native frames: (J=compiled Java code, j=interpreted, Vv=VM code, C=native code)
V  [jvm.dll+0x5ecfaa]
V  [jvm.dll+0x722bd5]
V  [jvm.dll+0x72412d]
V  [jvm.dll+0x724745]
V  [jvm.dll+0x7246fb]
V  [jvm.dll+0x5ec348]
V  [jvm.dll+0x5ecad8]
C  [ntdll.dll+0x163e5f]
C  [ntdll.dll+0x1f358]
C  [ntdll.dll+0x16379e]
C  0x00000210efe20f2d

VM_Operation (0x000000a89d3f9330): G1CollectForAllocation, mode: safepoint, requested by thread 0x000002108af4e000


---------------  P R O C E S S  ---------------

Threads class SMR info:
_java_thread_list=0x000002108ca15270, length=62, elements={
0x00000210ec33a800, 0x000002108685c000, 0x000002108685d800, 0x0000021086863800,
0x0000021086865000, 0x0000021086866800, 0x0000021086869800, 0x00000210870c8800,
0x00000210870cb800, 0x0000021087236800, 0x000002108904c000, 0x0000021087309000,
0x0000021088b69800, 0x0000021089d14800, 0x0000021089d17800, 0x0000021089d17000,
0x0000021089d15800, 0x0000021089d18800, 0x000002108a798000, 0x000002108a795800,
0x000002108a798800, 0x000002108a796800, 0x000002108a799800, 0x000002108a797000,
0x000002108a79d000, 0x000002108a79c000, 0x000002108a79d800, 0x000002108a7a1000,
0x000002108af48800, 0x000002108af41000, 0x000002108af42000, 0x000002108af42800,
0x000002108af40800, 0x000002108af43800, 0x000002108af44800, 0x000002108af49000,
0x000002108af47800, 0x000002108af4b000, 0x000002108af4c800, 0x000002108af4a000,
0x000002108af4b800, 0x000002108a34c800, 0x000002108af4d800, 0x000002108a493000,
0x000002108af4e000, 0x000002108af4f000, 0x000002108a79a800, 0x000002108a79b000,
0x000002108a7a2800, 0x000002108a7a0000, 0x000002108a7a3800, 0x000002108a7a4000,
0x0000021089d12000, 0x0000021089d13000, 0x0000021089d16000, 0x0000021089d13800,
0x0000021092384000, 0x0000021092382800, 0x0000021092385000, 0x0000021092385800,
0x0000021092383000, 0x0000021092386800
}

Java Threads: ( => current thread )
  0x00000210ec33a800 JavaThread "main" [_thread_blocked, id=11904, stack(0x000000a899e00000,0x000000a899f00000)]
  0x000002108685c000 JavaThread "Reference Handler" daemon [_thread_blocked, id=1036, stack(0x000000a89a500000,0x000000a89a600000)]
  0x000002108685d800 JavaThread "Finalizer" daemon [_thread_blocked, id=2120, stack(0x000000a89a600000,0x000000a89a700000)]
  0x0000021086863800 JavaThread "Signal Dispatcher" daemon [_thread_blocked, id=10632, stack(0x000000a89a700000,0x000000a89a800000)]
  0x0000021086865000 JavaThread "Attach Listener" daemon [_thread_blocked, id=18300, stack(0x000000a89a800000,0x000000a89a900000)]
  0x0000021086866800 JavaThread "Service Thread" daemon [_thread_blocked, id=3948, stack(0x000000a89a900000,0x000000a89aa00000)]
  0x0000021086869800 JavaThread "C2 CompilerThread0" daemon [_thread_blocked, id=20008, stack(0x000000a89aa00000,0x000000a89ab00000)]
  0x00000210870c8800 JavaThread "C1 CompilerThread0" daemon [_thread_blocked, id=19464, stack(0x000000a89ab00000,0x000000a89ac00000)]
  0x00000210870cb800 JavaThread "Sweeper thread" daemon [_thread_blocked, id=1612, stack(0x000000a89ac00000,0x000000a89ad00000)]
  0x0000021087236800 JavaThread "Common-Cleaner" daemon [_thread_blocked, id=18484, stack(0x000000a89ad00000,0x000000a89ae00000)]
  0x000002108904c000 JavaThread "Daemon health stats" [_thread_blocked, id=6896, stack(0x000000a89b300000,0x000000a89b400000)]
  0x0000021087309000 JavaThread "Incoming local TCP Connector on port 64664" [_thread_in_native, id=14256, stack(0x000000a89af00000,0x000000a89b000000)]
  0x0000021088b69800 JavaThread "Daemon periodic checks" [_thread_blocked, id=8008, stack(0x000000a89b000000,0x000000a89b100000)]
  0x0000021089d14800 JavaThread "Cache worker for file hash cache (C:\Users\labya\.gradle\caches\7.0.2\fileHashes)" [_thread_blocked, id=20268, stack(0x000000a89bd00000,0x000000a89be00000)]
  0x0000021089d17800 JavaThread "File lock request listener" [_thread_in_native, id=19312, stack(0x000000a89c100000,0x000000a89c200000)]
  0x0000021089d17000 JavaThread "Cache worker for journal cache (C:\Users\labya\.gradle\caches\journal-1)" [_thread_blocked, id=18536, stack(0x000000a89c300000,0x000000a89c400000)]
  0x0000021089d15800 JavaThread "File watcher server" daemon [_thread_blocked, id=100, stack(0x000000a89c600000,0x000000a89c700000)]
  0x0000021089d18800 JavaThread "File watcher consumer" daemon [_thread_blocked, id=2220, stack(0x000000a89c700000,0x000000a89c800000)]
  0x000002108a798000 JavaThread "jar transforms" [_thread_blocked, id=12420, stack(0x000000a89c800000,0x000000a89c900000)]
  0x000002108a795800 JavaThread "jar transforms Thread 2" [_thread_blocked, id=3684, stack(0x000000a89c900000,0x000000a89ca00000)]
  0x000002108a798800 JavaThread "jar transforms Thread 3" [_thread_blocked, id=15084, stack(0x000000a89ca00000,0x000000a89cb00000)]
  0x000002108a796800 JavaThread "jar transforms Thread 4" [_thread_blocked, id=18964, stack(0x000000a89cb00000,0x000000a89cc00000)]
  0x000002108a799800 JavaThread "jar transforms Thread 5" [_thread_blocked, id=18428, stack(0x000000a89cc00000,0x000000a89cd00000)]
  0x000002108a797000 JavaThread "jar transforms Thread 6" [_thread_blocked, id=19672, stack(0x000000a89cd00000,0x000000a89ce00000)]
  0x000002108a79d000 JavaThread "jar transforms Thread 7" [_thread_blocked, id=15176, stack(0x000000a89ce00000,0x000000a89cf00000)]
  0x000002108a79c000 JavaThread "jar transforms Thread 8" [_thread_blocked, id=11216, stack(0x000000a89cf00000,0x000000a89d000000)]
  0x000002108a79d800 JavaThread "Cache worker for execution history cache (C:\Users\labya\.gradle\caches\7.0.2\executionHistory)" [_thread_blocked, id=10476, stack(0x000000a89d400000,0x000000a89d500000)]
  0x000002108a7a1000 JavaThread "Cache worker for file content cache (C:\Users\labya\.gradle\caches\7.0.2\fileContent)" [_thread_blocked, id=10236, stack(0x000000a89d500000,0x000000a89d600000)]
  0x000002108af48800 JavaThread "Memory manager" [_thread_blocked, id=13012, stack(0x000000a89e000000,0x000000a89e100000)]
  0x000002108af41000 JavaThread "Daemon Thread 2" [_thread_blocked, id=18256, stack(0x000000a899b00000,0x000000a899c00000)]
  0x000002108af42000 JavaThread "Handler for socket connection from /127.0.0.1:64664 to /127.0.0.1:64803" [_thread_in_native, id=11560, stack(0x000000a899c00000,0x000000a899d00000)]
  0x000002108af42800 JavaThread "Cancel handler" [_thread_blocked, id=11852, stack(0x000000a899d00000,0x000000a899e00000)]
  0x000002108af40800 JavaThread "Daemon worker Thread 2" [_thread_blocked, id=16932, stack(0x000000a89b400000,0x000000a89b500000)]
  0x000002108af43800 JavaThread "Asynchronous log dispatcher for DefaultDaemonConnection: socket connection from /127.0.0.1:64664 to /127.0.0.1:64803" [_thread_blocked, id=7720, stack(0x000000a89b500000,0x000000a89b600000)]
  0x000002108af44800 JavaThread "Stdin handler" [_thread_blocked, id=20400, stack(0x000000a89bb00000,0x000000a89bc00000)]
  0x000002108af49000 JavaThread "Daemon client event forwarder" [_thread_blocked, id=3632, stack(0x000000a89bc00000,0x000000a89bd00000)]
  0x000002108af47800 JavaThread "Cache worker for file hash cache (C:\Users\labya\AndroidStudioProjects\MSWDOAPP\.gradle\7.0.2\fileHashes)" [_thread_blocked, id=8732, stack(0x000000a89be00000,0x000000a89bf00000)]
  0x000002108af4b000 JavaThread "Cache worker for checksums cache (C:\Users\labya\AndroidStudioProjects\MSWDOAPP\.gradle\checksums)" [_thread_blocked, id=19520, stack(0x000000a89bf00000,0x000000a89c000000)]
  0x000002108af4c800 JavaThread "Cache worker for cache directory md-supplier (C:\Users\labya\.gradle\caches\7.0.2\md-supplier)" [_thread_blocked, id=15368, stack(0x000000a89c000000,0x000000a89c100000)]
  0x000002108af4a000 JavaThread "Cache worker for cache directory md-rule (C:\Users\labya\.gradle\caches\7.0.2\md-rule)" [_thread_blocked, id=18388, stack(0x000000a89c400000,0x000000a89c500000)]
  0x000002108af4b800 JavaThread "Cache worker for dependencies-accessors (C:\Users\labya\AndroidStudioProjects\MSWDOAPP\.gradle\7.0.2\dependencies-accessors)" [_thread_blocked, id=9644, stack(0x000000a89c500000,0x000000a89c600000)]
  0x000002108a34c800 JavaThread "C2 CompilerThread1" daemon [_thread_blocked, id=9012, stack(0x000000a89d000000,0x000000a89d100000)]
  0x000002108af4d800 JavaThread "Cache worker for Build Output Cleanup Cache (C:\Users\labya\AndroidStudioProjects\MSWDOAPP\.gradle\buildOutputCleanup)" [_thread_blocked, id=13640, stack(0x000000a89d100000,0x000000a89d200000)]
  0x000002108a493000 JavaThread "C2 CompilerThread2" daemon [_thread_blocked, id=13900, stack(0x000000a89d200000,0x000000a89d300000)]
  0x000002108af4e000 JavaThread "Build operations" [_thread_blocked, id=16440, stack(0x000000a89d300000,0x000000a89d400000)]
  0x000002108af4f000 JavaThread "Build operations Thread 2" [_thread_blocked, id=4396, stack(0x000000a89d600000,0x000000a89d700000)]
  0x000002108a79a800 JavaThread "Build operations Thread 3" [_thread_blocked, id=8800, stack(0x000000a89d700000,0x000000a89d800000)]
  0x000002108a79b000 JavaThread "Build operations Thread 4" [_thread_blocked, id=17540, stack(0x000000a89d800000,0x000000a89d900000)]
  0x000002108a7a2800 JavaThread "Build operations Thread 5" [_thread_blocked, id=15040, stack(0x000000a89d900000,0x000000a89da00000)]
  0x000002108a7a0000 JavaThread "Build operations Thread 6" [_thread_blocked, id=13228, stack(0x000000a89da00000,0x000000a89db00000)]
  0x000002108a7a3800 JavaThread "Build operations Thread 7" [_thread_blocked, id=14668, stack(0x000000a89db00000,0x000000a89dc00000)]
  0x000002108a7a4000 JavaThread "Build operations Thread 8" [_thread_blocked, id=2916, stack(0x000000a89dc00000,0x000000a89dd00000)]
  0x0000021089d12000 JavaThread "build event listener" [_thread_blocked, id=16464, stack(0x000000a89dd00000,0x000000a89de00000)]
  0x0000021089d13000 JavaThread "Execution worker for ':'" [_thread_blocked, id=12312, stack(0x000000a89de00000,0x000000a89df00000)]
  0x0000021089d16000 JavaThread "Execution worker for ':' Thread 2" [_thread_blocked, id=18212, stack(0x000000a89df00000,0x000000a89e000000)]
  0x0000021089d13800 JavaThread "Execution worker for ':' Thread 3" [_thread_blocked, id=16096, stack(0x000000a89e100000,0x000000a89e200000)]
  0x0000021092384000 JavaThread "Execution worker for ':' Thread 4" [_thread_blocked, id=11080, stack(0x000000a89e200000,0x000000a89e300000)]
  0x0000021092382800 JavaThread "Execution worker for ':' Thread 5" [_thread_blocked, id=13552, stack(0x000000a89e300000,0x000000a89e400000)]
  0x0000021092385000 JavaThread "Execution worker for ':' Thread 6" [_thread_blocked, id=18284, stack(0x000000a89e400000,0x000000a89e500000)]
  0x0000021092385800 JavaThread "Execution worker for ':' Thread 7" [_thread_blocked, id=16636, stack(0x000000a89e500000,0x000000a89e600000)]
  0x0000021092383000 JavaThread "Cache worker for execution history cache (C:\Users\labya\AndroidStudioProjects\MSWDOAPP\.gradle\7.0.2\executionHistory)" [_thread_blocked, id=15944, stack(0x000000a89e600000,0x000000a89e700000)]
  0x0000021092386800 JavaThread "WorkerExecutor Queue" [_thread_blocked, id=20412, stack(0x000000a89e700000,0x000000a89e800000)]

Other Threads:
=>0x0000021086847000 VMThread "VM Thread" [stack: 0x000000a89a400000,0x000000a89a500000] [id=4712]
  0x000002108726a000 WatcherThread [stack: 0x000000a89ae00000,0x000000a89af00000] [id=12280]
  0x00000210ec350800 GCTaskThread "GC Thread#0" [stack: 0x000000a899f00000,0x000000a89a000000] [id=17548]
  0x0000021087f17800 GCTaskThread "GC Thread#1" [stack: 0x000000a89b100000,0x000000a89b200000] [id=9812]
  0x0000021087e75800 GCTaskThread "GC Thread#2" [stack: 0x000000a89b200000,0x000000a89b300000] [id=1620]
  0x00000210894b3000 GCTaskThread "GC Thread#3" [stack: 0x000000a89b600000,0x000000a89b700000] [id=13792]
  0x000002108914c800 GCTaskThread "GC Thread#4" [stack: 0x000000a89b700000,0x000000a89b800000] [id=17832]
  0x000002108914d800 GCTaskThread "GC Thread#5" [stack: 0x000000a89b800000,0x000000a89b900000] [id=6836]
  0x0000021088adc800 GCTaskThread "GC Thread#6" [stack: 0x000000a89b900000,0x000000a89ba00000] [id=15768]
  0x0000021088add000 GCTaskThread "GC Thread#7" [stack: 0x000000a89ba00000,0x000000a89bb00000] [id=9956]
  0x00000210ec389800 ConcurrentGCThread "G1 Main Marker" [stack: 0x000000a89a000000,0x000000a89a100000] [id=11588]
  0x00000210ec391000 ConcurrentGCThread "G1 Conc#0" [stack: 0x000000a89a100000,0x000000a89a200000] [id=18808]
  0x0000021089d41800 ConcurrentGCThread "G1 Conc#1" [stack: 0x000000a89c200000,0x000000a89c300000] [id=13688]
  0x00000210ec38d000 ConcurrentGCThread "G1 Refine#0" [stack: 0x000000a89a200000,0x000000a89a300000] [id=11900]
  0x0000021086699800 ConcurrentGCThread "G1 Young RemSet Sampling" [stack: 0x000000a89a300000,0x000000a89a400000] [id=644]

Threads with active compile tasks:
C2 CompilerThread0 959149 14753       4       com.android.tools.r8.graph.B0$d::<init> (207 bytes)
C1 CompilerThread0 959149 14910       2       com.android.tools.r8.internal.nh::a (990 bytes)
C2 CompilerThread1 959149 14863       4       com.android.tools.r8.internal.T6::a (1069 bytes)
C2 CompilerThread2 959149 14783       4       com.android.tools.r8.graph.B0$d::c (797 bytes)

VM state:at safepoint (normal execution)

VM Mutex/Monitor currently owned by a thread:  ([mutex/lock_event])
[0x00000210ec338fe0] Threads_lock - owner thread: 0x0000021086847000
[0x00000210ea2eba00] Heap_lock - owner thread: 0x000002108af4e000

Heap address: 0x0000000080000000, size: 2048 MB, Compressed Oops mode: 32-bit
Narrow klass base: 0x0000000000000000, Narrow klass shift: 3
Compressed class space size: 1073741824 Address: 0x0000000100000000

Heap:
 garbage-first heap   total 446464K, used 186061K [0x0000000080000000, 0x0000000100000000)
  region size 1024K, 2 young (2048K), 2 survivors (2048K)
 Metaspace       used 114391K, capacity 117556K, committed 117880K, reserved 1150976K
  class space    used 14648K, capacity 15803K, committed 15992K, reserved 1048576K
Heap Regions: E=young(eden), S=young(survivor), O=old, HS=humongous(starts), HC=humongous(continues), CS=collection set, F=free, A=archive, TAMS=top-at-mark-start (previous, next)
|   0|0x0000000080000000, 0x0000000080100000, 0x0000000080100000|100%| O|  |TAMS 0x0000000080100000, 0x0000000080000000| Complete 
|   1|0x0000000080100000, 0x0000000080200000, 0x0000000080200000|100%| O|  |TAMS 0x0000000080200000, 0x0000000080100000| Untracked 
|   2|0x0000000080200000, 0x0000000080300000, 0x0000000080300000|100%| O|  |TAMS 0x0000000080300000, 0x0000000080200000| Complete 
|   3|0x0000000080300000, 0x0000000080400000, 0x0000000080400000|100%|HS|  |TAMS 0x0000000080400000, 0x0000000080300000| Complete 
|   4|0x0000000080400000, 0x0000000080500000, 0x0000000080500000|100%|HC|  |TAMS 0x0000000080500000, 0x0000000080400000| Complete 
|   5|0x0000000080500000, 0x0000000080600000, 0x0000000080600000|100%|HC|  |TAMS 0x0000000080600000, 0x0000000080500000| Complete 
|   6|0x0000000080600000, 0x0000000080700000, 0x0000000080700000|100%| O|  |TAMS 0x0000000080700000, 0x0000000080600000| Untracked 
|   7|0x0000000080700000, 0x0000000080800000, 0x0000000080800000|100%| O|  |TAMS 0x0000000080800000, 0x0000000080700000| Untracked 
|   8|0x0000000080800000, 0x0000000080900000, 0x0000000080900000|100%| O|  |TAMS 0x0000000080900000, 0x0000000080800000| Complete 
|   9|0x0000000080900000, 0x0000000080a00000, 0x0000000080a00000|100%| O|  |TAMS 0x0000000080a00000, 0x0000000080900000| Untracked 
|  10|0x0000000080a00000, 0x0000000080b00000, 0x0000000080b00000|100%| O|  |TAMS 0x0000000080b00000, 0x0000000080a00000| Untracked 
|  11|0x0000000080b00000, 0x0000000080c00000, 0x0000000080c00000|100%| O|  |TAMS 0x0000000080c00000, 0x0000000080b00000| Untracked 
|  12|0x0000000080c00000, 0x0000000080d00000, 0x0000000080d00000|100%| O|  |TAMS 0x0000000080d00000, 0x0000000080c00000| Untracked 
|  13|0x0000000080d00000, 0x0000000080e00000, 0x0000000080e00000|100%| O|  |TAMS 0x0000000080e00000, 0x0000000080d00000| Untracked 
|  14|0x0000000080e00000, 0x0000000080f00000, 0x0000000080f00000|100%| O|  |TAMS 0x0000000080f00000, 0x0000000080e00000| Untracked 
|  15|0x0000000080f00000, 0x0000000081000000, 0x0000000081000000|100%| O|  |TAMS 0x0000000081000000, 0x0000000080f00000| Complete 
|  16|0x0000000081000000, 0x0000000081100000, 0x0000000081100000|100%|HS|  |TAMS 0x0000000081100000, 0x0000000081000000| Complete 
|  17|0x0000000081100000, 0x0000000081200000, 0x0000000081200000|100%|HC|  |TAMS 0x0000000081200000, 0x0000000081100000| Complete 
|  18|0x0000000081200000, 0x0000000081300000, 0x0000000081300000|100%|HS|  |TAMS 0x0000000081300000, 0x0000000081200000| Complete 
|  19|0x0000000081300000, 0x0000000081400000, 0x0000000081400000|100%|HC|  |TAMS 0x0000000081400000, 0x0000000081300000| Complete 
|  20|0x0000000081400000, 0x0000000081500000, 0x0000000081500000|100%|HC|  |TAMS 0x0000000081500000, 0x0000000081400000| Complete 
|  21|0x0000000081500000, 0x0000000081600000, 0x0000000081600000|100%|HS|  |TAMS 0x0000000081600000, 0x0000000081500000| Complete 
|  22|0x0000000081600000, 0x0000000081700000, 0x0000000081700000|100%|HC|  |TAMS 0x0000000081700000, 0x0000000081600000| Complete 
|  23|0x0000000081700000, 0x0000000081800000, 0x0000000081800000|100%|HC|  |TAMS 0x0000000081800000, 0x0000000081700000| Complete 
|  24|0x0000000081800000, 0x0000000081900000, 0x0000000081900000|100%|HC|  |TAMS 0x0000000081900000, 0x0000000081800000| Complete 
|  25|0x0000000081900000, 0x0000000081a00000, 0x0000000081a00000|100%|HC|  |TAMS 0x0000000081a00000, 0x0000000081900000| Complete 
|  26|0x0000000081a00000, 0x0000000081b00000, 0x0000000081b00000|100%| O|  |TAMS 0x0000000081b00000, 0x0000000081a00000| Untracked 
|  27|0x0000000081b00000, 0x0000000081c00000, 0x0000000081c00000|100%| O|  |TAMS 0x0000000081c00000, 0x0000000081b00000| Untracked 
|  28|0x0000000081c00000, 0x0000000081d00000, 0x0000000081d00000|100%| O|  |TAMS 0x0000000081d00000, 0x0000000081c00000| Untracked 
|  29|0x0000000081d00000, 0x0000000081e00000, 0x0000000081e00000|100%| O|  |TAMS 0x0000000081e00000, 0x0000000081d00000| Untracked 
|  30|0x0000000081e00000, 0x0000000081f00000, 0x0000000081f00000|100%| O|  |TAMS 0x0000000081f00000, 0x0000000081e00000| Complete 
|  31|0x0000000081f00000, 0x0000000082000000, 0x0000000082000000|100%| O|  |TAMS 0x0000000082000000, 0x0000000081f00000| Untracked 
|  32|0x0000000082000000, 0x0000000082100000, 0x0000000082100000|100%| O|  |TAMS 0x0000000082100000, 0x0000000082000000| Complete 
|  33|0x0000000082100000, 0x0000000082200000, 0x0000000082200000|100%|HS|  |TAMS 0x0000000082200000, 0x0000000082100000| Complete 
|  34|0x0000000082200000, 0x0000000082300000, 0x0000000082300000|100%|HC|  |TAMS 0x0000000082300000, 0x0000000082200000| Complete 
|  35|0x0000000082300000, 0x0000000082400000, 0x0000000082400000|100%|HC|  |TAMS 0x0000000082400000, 0x0000000082300000| Complete 
|  36|0x0000000082400000, 0x0000000082500000, 0x0000000082500000|100%|HC|  |TAMS 0x0000000082500000, 0x0000000082400000| Complete 
|  37|0x0000000082500000, 0x0000000082600000, 0x0000000082600000|100%|HC|  |TAMS 0x0000000082600000, 0x0000000082500000| Complete 
|  38|0x0000000082600000, 0x0000000082700000, 0x0000000082700000|100%| O|  |TAMS 0x0000000082700000, 0x0000000082600000| Untracked 
|  39|0x0000000082700000, 0x0000000082800000, 0x0000000082800000|100%| O|  |TAMS 0x0000000082800000, 0x0000000082700000| Untracked 
|  40|0x0000000082800000, 0x0000000082900000, 0x0000000082900000|100%| O|  |TAMS 0x0000000082900000, 0x0000000082800000| Untracked 
|  41|0x0000000082900000, 0x0000000082a00000, 0x0000000082a00000|100%| O|  |TAMS 0x0000000082a00000, 0x0000000082900000| Untracked 
|  42|0x0000000082a00000, 0x0000000082b00000, 0x0000000082b00000|100%| O|  |TAMS 0x0000000082b00000, 0x0000000082a00000| Untracked 
|  43|0x0000000082b00000, 0x0000000082c00000, 0x0000000082c00000|100%|HS|  |TAMS 0x0000000082c00000, 0x0000000082b00000| Complete 
|  44|0x0000000082c00000, 0x0000000082d00000, 0x0000000082d00000|100%|HC|  |TAMS 0x0000000082d00000, 0x0000000082c00000| Complete 
|  45|0x0000000082d00000, 0x0000000082e00000, 0x0000000082e00000|100%|HC|  |TAMS 0x0000000082e00000, 0x0000000082d00000| Complete 
|  46|0x0000000082e00000, 0x0000000082f00000, 0x0000000082f00000|100%| O|  |TAMS 0x0000000082f00000, 0x0000000082e00000| Untracked 
|  47|0x0000000082f00000, 0x0000000083000000, 0x0000000083000000|100%| O|  |TAMS 0x0000000083000000, 0x0000000082f00000| Untracked 
|  48|0x0000000083000000, 0x0000000083100000, 0x0000000083100000|100%| O|  |TAMS 0x0000000083100000, 0x0000000083000000| Untracked 
|  49|0x0000000083100000, 0x0000000083200000, 0x0000000083200000|100%| O|  |TAMS 0x0000000083200000, 0x0000000083100000| Untracked 
|  50|0x0000000083200000, 0x0000000083300000, 0x0000000083300000|100%| O|  |TAMS 0x0000000083300000, 0x0000000083200000| Untracked 
|  51|0x0000000083300000, 0x0000000083400000, 0x0000000083400000|100%| O|  |TAMS 0x0000000083400000, 0x0000000083300000| Untracked 
|  52|0x0000000083400000, 0x0000000083500000, 0x0000000083500000|100%| O|  |TAMS 0x0000000083500000, 0x0000000083400000| Untracked 
|  53|0x0000000083500000, 0x0000000083600000, 0x0000000083600000|100%|HS|  |TAMS 0x0000000083600000, 0x0000000083500000| Complete 
|  54|0x0000000083600000, 0x0000000083700000, 0x0000000083700000|100%|HS|  |TAMS 0x0000000083700000, 0x0000000083600000| Complete 
|  55|0x0000000083700000, 0x0000000083800000, 0x0000000083800000|100%|HS|  |TAMS 0x0000000083800000, 0x0000000083700000| Complete 
|  56|0x0000000083800000, 0x0000000083900000, 0x0000000083900000|100%|HS|  |TAMS 0x0000000083900000, 0x0000000083800000| Complete 
|  57|0x0000000083900000, 0x0000000083a00000, 0x0000000083a00000|100%|HC|  |TAMS 0x0000000083a00000, 0x0000000083900000| Complete 
|  58|0x0000000083a00000, 0x0000000083b00000, 0x0000000083b00000|100%|HC|  |TAMS 0x0000000083b00000, 0x0000000083a00000| Complete 
|  59|0x0000000083b00000, 0x0000000083c00000, 0x0000000083c00000|100%|HS|  |TAMS 0x0000000083c00000, 0x0000000083b00000| Complete 
|  60|0x0000000083c00000, 0x0000000083d00000, 0x0000000083d00000|100%|HC|  |TAMS 0x0000000083d00000, 0x0000000083c00000| Complete 
|  61|0x0000000083d00000, 0x0000000083e00000, 0x0000000083e00000|100%| O|  |TAMS 0x0000000083e00000, 0x0000000083d00000| Untracked 
|  62|0x0000000083e00000, 0x0000000083f00000, 0x0000000083f00000|100%| O|  |TAMS 0x0000000083f00000, 0x0000000083e00000| Untracked 
|  63|0x0000000083f00000, 0x0000000084000000, 0x0000000084000000|100%| O|  |TAMS 0x0000000084000000, 0x0000000083f00000| Untracked 
|  64|0x0000000084000000, 0x0000000084100000, 0x0000000084100000|100%| O|  |TAMS 0x0000000084100000, 0x0000000084000000| Untracked 
|  65|0x0000000084100000, 0x0000000084200000, 0x0000000084200000|100%| O|  |TAMS 0x0000000084200000, 0x0000000084100000| Complete 
|  66|0x0000000084200000, 0x0000000084300000, 0x0000000084300000|100%| O|  |TAMS 0x0000000084300000, 0x0000000084200000| Complete 
|  67|0x0000000084300000, 0x0000000084400000, 0x0000000084400000|100%| O|  |TAMS 0x0000000084400000, 0x0000000084300000| Complete 
|  68|0x0000000084400000, 0x0000000084500000, 0x0000000084500000|100%| O|  |TAMS 0x0000000084500000, 0x0000000084400000| Untracked 
|  69|0x0000000084500000, 0x0000000084600000, 0x0000000084600000|100%| O|  |TAMS 0x0000000084600000, 0x0000000084500000| Untracked 
|  70|0x0000000084600000, 0x0000000084700000, 0x0000000084700000|100%| O|  |TAMS 0x0000000084700000, 0x0000000084600000| Untracked 
|  71|0x0000000084700000, 0x0000000084800000, 0x0000000084800000|100%| O|  |TAMS 0x0000000084800000, 0x0000000084700000| Untracked 
|  72|0x0000000084800000, 0x0000000084900000, 0x0000000084900000|100%| O|  |TAMS 0x0000000084900000, 0x0000000084800000| Untracked 
|  73|0x0000000084900000, 0x0000000084a00000, 0x0000000084a00000|100%| O|  |TAMS 0x0000000084a00000, 0x0000000084900000| Untracked 
|  74|0x0000000084a00000, 0x0000000084b00000, 0x0000000084b00000|100%| O|  |TAMS 0x0000000084b00000, 0x0000000084a00000| Complete 
|  75|0x0000000084b00000, 0x0000000084c00000, 0x0000000084c00000|100%| O|  |TAMS 0x0000000084c00000, 0x0000000084b00000| Complete 
|  76|0x0000000084c00000, 0x0000000084d00000, 0x0000000084d00000|100%| O|  |TAMS 0x0000000084d00000, 0x0000000084c00000| Untracked 
|  77|0x0000000084d00000, 0x0000000084e00000, 0x0000000084e00000|100%| O|  |TAMS 0x0000000084e00000, 0x0000000084d00000| Untracked 
|  78|0x0000000084e00000, 0x0000000084f00000, 0x0000000084f00000|100%| O|  |TAMS 0x0000000084f00000, 0x0000000084e00000| Untracked 
|  79|0x0000000084f00000, 0x0000000085000000, 0x0000000085000000|100%| O|  |TAMS 0x0000000085000000, 0x0000000084f00000| Untracked 
|  80|0x0000000085000000, 0x0000000085100000, 0x0000000085100000|100%| O|  |TAMS 0x0000000085100000, 0x0000000085000000| Untracked 
|  81|0x0000000085100000, 0x0000000085200000, 0x0000000085200000|100%| O|  |TAMS 0x0000000085200000, 0x0000000085100000| Complete 
|  82|0x0000000085200000, 0x0000000085300000, 0x0000000085300000|100%| O|  |TAMS 0x0000000085300000, 0x0000000085200000| Complete 
|  83|0x0000000085300000, 0x0000000085400000, 0x0000000085400000|100%| O|  |TAMS 0x0000000085400000, 0x0000000085300000| Untracked 
|  84|0x0000000085400000, 0x0000000085500000, 0x0000000085500000|100%| O|  |TAMS 0x0000000085500000, 0x0000000085400000| Complete 
|  85|0x0000000085500000, 0x0000000085600000, 0x0000000085600000|100%| O|  |TAMS 0x0000000085600000, 0x0000000085500000| Untracked 
|  86|0x0000000085600000, 0x0000000085700000, 0x0000000085700000|100%| O|  |TAMS 0x0000000085700000, 0x0000000085600000| Complete 
|  87|0x0000000085700000, 0x0000000085800000, 0x0000000085800000|100%| O|  |TAMS 0x0000000085800000, 0x0000000085700000| Untracked 
|  88|0x0000000085800000, 0x0000000085900000, 0x0000000085900000|100%| O|  |TAMS 0x0000000085900000, 0x0000000085800000| Untracked 
|  89|0x0000000085900000, 0x0000000085a00000, 0x0000000085a00000|100%| O|  |TAMS 0x0000000085a00000, 0x0000000085900000| Complete 
|  90|0x0000000085a00000, 0x0000000085b00000, 0x0000000085b00000|100%| O|  |TAMS 0x0000000085b00000, 0x0000000085a00000| Complete 
|  91|0x0000000085b00000, 0x0000000085c00000, 0x0000000085c00000|100%| O|  |TAMS 0x0000000085c00000, 0x0000000085b00000| Complete 
|  92|0x0000000085c00000, 0x0000000085d00000, 0x0000000085d00000|100%| O|  |TAMS 0x0000000085d00000, 0x0000000085c00000| Untracked 
|  93|0x0000000085d00000, 0x0000000085e00000, 0x0000000085e00000|100%| O|  |TAMS 0x0000000085e00000, 0x0000000085d00000| Untracked 
|  94|0x0000000085e00000, 0x0000000085f00000, 0x0000000085f00000|100%| O|  |TAMS 0x0000000085f00000, 0x0000000085e00000| Untracked 
|  95|0x0000000085f00000, 0x0000000086000000, 0x0000000086000000|100%| O|  |TAMS 0x0000000086000000, 0x0000000085f00000| Complete 
|  96|0x0000000086000000, 0x0000000086100000, 0x0000000086100000|100%| O|  |TAMS 0x0000000086100000, 0x0000000086000000| Complete 
|  97|0x0000000086100000, 0x0000000086200000, 0x0000000086200000|100%| O|  |TAMS 0x0000000086200000, 0x0000000086100000| Complete 
|  98|0x0000000086200000, 0x0000000086300000, 0x0000000086300000|100%| O|  |TAMS 0x0000000086300000, 0x0000000086200000| Complete 
|  99|0x0000000086300000, 0x0000000086400000, 0x0000000086400000|100%| O|  |TAMS 0x0000000086400000, 0x0000000086300000| Complete 
| 100|0x0000000086400000, 0x0000000086500000, 0x0000000086500000|100%| O|  |TAMS 0x0000000086500000, 0x0000000086400000| Complete 
| 101|0x0000000086500000, 0x0000000086600000, 0x0000000086600000|100%| O|  |TAMS 0x0000000086600000, 0x0000000086500000| Untracked 
| 102|0x0000000086600000, 0x0000000086700000, 0x0000000086700000|100%| O|  |TAMS 0x0000000086700000, 0x0000000086600000| Complete 
| 103|0x0000000086700000, 0x0000000086800000, 0x0000000086800000|100%| O|  |TAMS 0x0000000086800000, 0x0000000086700000| Complete 
| 104|0x0000000086800000, 0x0000000086900000, 0x0000000086900000|100%| O|  |TAMS 0x0000000086900000, 0x0000000086800000| Complete 
| 105|0x0000000086900000, 0x0000000086a00000, 0x0000000086a00000|100%| O|  |TAMS 0x0000000086a00000, 0x0000000086900000| Untracked 
| 106|0x0000000086a00000, 0x0000000086b00000, 0x0000000086b00000|100%| O|  |TAMS 0x0000000086b00000, 0x0000000086a00000| Complete 
| 107|0x0000000086b00000, 0x0000000086c00000, 0x0000000086c00000|100%| O|  |TAMS 0x0000000086c00000, 0x0000000086b00000| Complete 
| 108|0x0000000086c00000, 0x0000000086d00000, 0x0000000086d00000|100%| O|  |TAMS 0x0000000086d00000, 0x0000000086c00000| Complete 
| 109|0x0000000086d00000, 0x0000000086e00000, 0x0000000086e00000|100%| O|  |TAMS 0x0000000086e00000, 0x0000000086d00000| Untracked 
| 110|0x0000000086e00000, 0x0000000086f00000, 0x0000000086f00000|100%| O|  |TAMS 0x0000000086f00000, 0x0000000086e00000| Untracked 
| 111|0x0000000086f00000, 0x0000000087000000, 0x0000000087000000|100%| O|  |TAMS 0x0000000087000000, 0x0000000086f00000| Untracked 
| 112|0x0000000087000000, 0x0000000087100000, 0x0000000087100000|100%| O|  |TAMS 0x0000000087100000, 0x0000000087000000| Untracked 
| 113|0x0000000087100000, 0x0000000087200000, 0x0000000087200000|100%| O|  |TAMS 0x0000000087200000, 0x0000000087100000| Complete 
| 114|0x0000000087200000, 0x0000000087300000, 0x0000000087300000|100%| O|  |TAMS 0x0000000087300000, 0x0000000087200000| Complete 
| 115|0x0000000087300000, 0x0000000087400000, 0x0000000087400000|100%| O|  |TAMS 0x0000000087400000, 0x0000000087300000| Untracked 
| 116|0x0000000087400000, 0x0000000087500000, 0x0000000087500000|100%| O|  |TAMS 0x0000000087500000, 0x0000000087400000| Untracked 
| 117|0x0000000087500000, 0x0000000087600000, 0x0000000087600000|100%| O|  |TAMS 0x0000000087600000, 0x0000000087500000| Untracked 
| 118|0x0000000087600000, 0x0000000087700000, 0x0000000087700000|100%| O|  |TAMS 0x0000000087700000, 0x0000000087600000| Untracked 
| 119|0x0000000087700000, 0x0000000087800000, 0x0000000087800000|100%| O|  |TAMS 0x0000000087800000, 0x0000000087700000| Complete 
| 120|0x0000000087800000, 0x0000000087900000, 0x0000000087900000|100%| O|  |TAMS 0x0000000087900000, 0x0000000087800000| Untracked 
| 121|0x0000000087900000, 0x0000000087a00000, 0x0000000087a00000|100%| O|  |TAMS 0x0000000087a00000, 0x0000000087900000| Untracked 
| 122|0x0000000087a00000, 0x0000000087b00000, 0x0000000087b00000|100%|HS|  |TAMS 0x0000000087b00000, 0x0000000087a00000| Complete 
| 123|0x0000000087b00000, 0x0000000087c00000, 0x0000000087c00000|100%|HC|  |TAMS 0x0000000087c00000, 0x0000000087b00000| Complete 
| 124|0x0000000087c00000, 0x0000000087d00000, 0x0000000087d00000|100%| O|  |TAMS 0x0000000087d00000, 0x0000000087c00000| Untracked 
| 125|0x0000000087d00000, 0x0000000087e00000, 0x0000000087e00000|100%| O|  |TAMS 0x0000000087e00000, 0x0000000087d00000| Untracked 
| 126|0x0000000087e00000, 0x0000000087f00000, 0x0000000087f00000|100%| O|  |TAMS 0x0000000087f00000, 0x0000000087e00000| Complete 
| 127|0x0000000087f00000, 0x0000000088000000, 0x0000000088000000|100%| O|  |TAMS 0x0000000088000000, 0x0000000087f00000| Complete 
| 128|0x0000000088000000, 0x0000000088100000, 0x0000000088100000|100%| O|  |TAMS 0x0000000088100000, 0x0000000088000000| Untracked 
| 129|0x0000000088100000, 0x0000000088200000, 0x0000000088200000|100%|HS|  |TAMS 0x0000000088200000, 0x0000000088100000| Complete 
| 130|0x0000000088200000, 0x0000000088300000, 0x0000000088300000|100%| O|  |TAMS 0x0000000088300000, 0x0000000088200000| Complete 
| 131|0x0000000088300000, 0x0000000088400000, 0x0000000088400000|100%| O|  |TAMS 0x0000000088400000, 0x0000000088300000| Complete 
| 132|0x0000000088400000, 0x0000000088500000, 0x0000000088500000|100%| O|  |TAMS 0x0000000088500000, 0x0000000088400000| Untracked 
| 133|0x0000000088500000, 0x0000000088600000, 0x0000000088600000|100%| O|  |TAMS 0x0000000088600000, 0x0000000088500000| Complete 
| 134|0x0000000088600000, 0x0000000088700000, 0x0000000088700000|100%| O|  |TAMS 0x0000000088700000, 0x0000000088600000| Untracked 
| 135|0x0000000088700000, 0x0000000088800000, 0x0000000088800000|100%| O|  |TAMS 0x0000000088800000, 0x0000000088700000| Untracked 
| 136|0x0000000088800000, 0x0000000088900000, 0x0000000088900000|100%| O|  |TAMS 0x0000000088900000, 0x0000000088800000| Untracked 
| 137|0x0000000088900000, 0x0000000088a00000, 0x0000000088a00000|100%| O|  |TAMS 0x0000000088a00000, 0x0000000088900000| Complete 
| 138|0x0000000088a00000, 0x0000000088b00000, 0x0000000088b00000|100%| O|  |TAMS 0x0000000088b00000, 0x0000000088a00000| Untracked 
| 139|0x0000000088b00000, 0x0000000088c00000, 0x0000000088c00000|100%| O|  |TAMS 0x0000000088c00000, 0x0000000088b00000| Untracked 
| 140|0x0000000088c00000, 0x0000000088d00000, 0x0000000088d00000|100%| O|  |TAMS 0x0000000088d00000, 0x0000000088c00000| Complete 
| 141|0x0000000088d00000, 0x0000000088e00000, 0x0000000088e00000|100%| O|  |TAMS 0x0000000088e00000, 0x0000000088d00000| Complete 
| 142|0x0000000088e00000, 0x0000000088f00000, 0x0000000088f00000|100%| O|  |TAMS 0x0000000088f00000, 0x0000000088e00000| Complete 
| 143|0x0000000088f00000, 0x0000000089000000, 0x0000000089000000|100%| O|  |TAMS 0x0000000089000000, 0x0000000088f00000| Untracked 
| 144|0x0000000089000000, 0x0000000089100000, 0x0000000089100000|100%| O|  |TAMS 0x0000000089100000, 0x0000000089000000| Untracked 
| 145|0x0000000089100000, 0x0000000089200000, 0x0000000089200000|100%| O|  |TAMS 0x0000000089200000, 0x0000000089100000| Untracked 
| 146|0x0000000089200000, 0x0000000089300000, 0x0000000089300000|100%| O|  |TAMS 0x0000000089300000, 0x0000000089200000| Complete 
| 147|0x0000000089300000, 0x0000000089400000, 0x0000000089400000|100%| O|  |TAMS 0x0000000089400000, 0x0000000089300000| Untracked 
| 148|0x0000000089400000, 0x0000000089500000, 0x0000000089500000|100%| O|  |TAMS 0x0000000089500000, 0x0000000089400000| Untracked 
| 149|0x0000000089500000, 0x0000000089600000, 0x0000000089600000|100%| O|  |TAMS 0x0000000089600000, 0x0000000089500000| Untracked 
| 150|0x0000000089600000, 0x0000000089700000, 0x0000000089700000|100%| O|  |TAMS 0x0000000089700000, 0x0000000089600000| Complete 
| 151|0x0000000089700000, 0x0000000089800000, 0x0000000089800000|100%| O|  |TAMS 0x000000008971a200, 0x0000000089700000| Untracked 
| 152|0x0000000089800000, 0x0000000089900000, 0x0000000089900000|100%| O|  |TAMS 0x0000000089800000, 0x0000000089800000| Untracked 
| 153|0x0000000089900000, 0x0000000089a00000, 0x0000000089a00000|100%| O|  |TAMS 0x0000000089900000, 0x0000000089900000| Untracked 
| 154|0x0000000089a00000, 0x0000000089b00000, 0x0000000089b00000|100%| O|  |TAMS 0x0000000089a00000, 0x0000000089a00000| Untracked 
| 155|0x0000000089b00000, 0x0000000089c00000, 0x0000000089c00000|100%| O|  |TAMS 0x0000000089b00000, 0x0000000089b00000| Untracked 
| 156|0x0000000089c00000, 0x0000000089d00000, 0x0000000089d00000|100%| O|  |TAMS 0x0000000089c00000, 0x0000000089c00000| Untracked 
| 157|0x0000000089d00000, 0x0000000089e00000, 0x0000000089e00000|100%| O|  |TAMS 0x0000000089d00000, 0x0000000089d00000| Untracked 
| 158|0x0000000089e00000, 0x0000000089f00000, 0x0000000089f00000|100%| O|  |TAMS 0x0000000089e00000, 0x0000000089e00000| Untracked 
| 159|0x0000000089f00000, 0x000000008a000000, 0x000000008a000000|100%| O|  |TAMS 0x0000000089f00000, 0x0000000089f00000| Untracked 
| 160|0x000000008a000000, 0x000000008a100000, 0x000000008a100000|100%| O|  |TAMS 0x000000008a000000, 0x000000008a000000| Untracked 
| 161|0x000000008a100000, 0x000000008a200000, 0x000000008a200000|100%| O|  |TAMS 0x000000008a100000, 0x000000008a100000| Untracked 
| 162|0x000000008a200000, 0x000000008a300000, 0x000000008a300000|100%| O|  |TAMS 0x000000008a200000, 0x000000008a200000| Untracked 
| 163|0x000000008a300000, 0x000000008a400000, 0x000000008a400000|100%| O|  |TAMS 0x000000008a300000, 0x000000008a300000| Untracked 
| 164|0x000000008a400000, 0x000000008a500000, 0x000000008a500000|100%| O|  |TAMS 0x000000008a400000, 0x000000008a400000| Untracked 
| 165|0x000000008a500000, 0x000000008a600000, 0x000000008a600000|100%| O|  |TAMS 0x000000008a500000, 0x000000008a500000| Untracked 
| 166|0x000000008a600000, 0x000000008a700000, 0x000000008a700000|100%| O|  |TAMS 0x000000008a600000, 0x000000008a600000| Untracked 
| 167|0x000000008a700000, 0x000000008a800000, 0x000000008a800000|100%| O|  |TAMS 0x000000008a700000, 0x000000008a700000| Untracked 
| 168|0x000000008a800000, 0x000000008a900000, 0x000000008a900000|100%| O|  |TAMS 0x000000008a800000, 0x000000008a800000| Untracked 
| 169|0x000000008a900000, 0x000000008aa00000, 0x000000008aa00000|100%| O|  |TAMS 0x000000008a900000, 0x000000008a900000| Untracked 
| 170|0x000000008aa00000, 0x000000008ab00000, 0x000000008ab00000|100%| O|  |TAMS 0x000000008aa00000, 0x000000008aa00000| Untracked 
| 171|0x000000008ab00000, 0x000000008ac00000, 0x000000008ac00000|100%| O|  |TAMS 0x000000008ab00000, 0x000000008ab00000| Untracked 
| 172|0x000000008ac00000, 0x000000008ad00000, 0x000000008ad00000|100%| O|  |TAMS 0x000000008ac00000, 0x000000008ac00000| Untracked 
| 173|0x000000008ad00000, 0x000000008ae00000, 0x000000008ae00000|100%| O|  |TAMS 0x000000008ad00000, 0x000000008ad00000| Untracked 
| 174|0x000000008ae00000, 0x000000008af00000, 0x000000008af00000|100%| O|  |TAMS 0x000000008ae00000, 0x000000008ae00000| Untracked 
| 175|0x000000008af00000, 0x000000008b000000, 0x000000008b000000|100%| O|  |TAMS 0x000000008af00000, 0x000000008af00000| Untracked 
| 176|0x000000008b000000, 0x000000008b100000, 0x000000008b100000|100%| O|  |TAMS 0x000000008b000000, 0x000000008b000000| Untracked 
| 177|0x000000008b100000, 0x000000008b200000, 0x000000008b200000|100%| O|  |TAMS 0x000000008b100000, 0x000000008b100000| Untracked 
| 178|0x000000008b200000, 0x000000008b300000, 0x000000008b300000|100%| O|  |TAMS 0x000000008b200000, 0x000000008b200000| Untracked 
| 179|0x000000008b300000, 0x000000008b3b3600, 0x000000008b400000| 70%| O|  |TAMS 0x000000008b300000, 0x000000008b300000| Untracked 
| 180|0x000000008b400000, 0x000000008b400000, 0x000000008b500000|  0%| F|  |TAMS 0x000000008b400000, 0x000000008b400000| Untracked 
| 181|0x000000008b500000, 0x000000008b500000, 0x000000008b600000|  0%| F|  |TAMS 0x000000008b500000, 0x000000008b500000| Untracked 
| 182|0x000000008b600000, 0x000000008b600000, 0x000000008b700000|  0%| F|  |TAMS 0x000000008b600000, 0x000000008b600000| Untracked 
| 183|0x000000008b700000, 0x000000008b700000, 0x000000008b800000|  0%| F|  |TAMS 0x000000008b700000, 0x000000008b700000| Untracked 
| 184|0x000000008b800000, 0x000000008b800000, 0x000000008b900000|  0%| F|  |TAMS 0x000000008b800000, 0x000000008b800000| Untracked 
| 185|0x000000008b900000, 0x000000008b900000, 0x000000008ba00000|  0%| F|  |TAMS 0x000000008b900000, 0x000000008b900000| Untracked 
| 186|0x000000008ba00000, 0x000000008ba00000, 0x000000008bb00000|  0%| F|  |TAMS 0x000000008ba00000, 0x000000008ba00000| Untracked 
| 187|0x000000008bb00000, 0x000000008bb00000, 0x000000008bc00000|  0%| F|  |TAMS 0x000000008bb00000, 0x000000008bb00000| Untracked 
| 188|0x000000008bc00000, 0x000000008bc00000, 0x000000008bd00000|  0%| F|  |TAMS 0x000000008bc00000, 0x000000008bc00000| Untracked 
| 189|0x000000008bd00000, 0x000000008bd00000, 0x000000008be00000|  0%| F|  |TAMS 0x000000008bd00000, 0x000000008bd00000| Untracked 
| 190|0x000000008be00000, 0x000000008be00000, 0x000000008bf00000|  0%| F|  |TAMS 0x000000008be00000, 0x000000008be00000| Untracked 
| 191|0x000000008bf00000, 0x000000008bf00000, 0x000000008c000000|  0%| F|  |TAMS 0x000000008bf00000, 0x000000008bf00000| Untracked 
| 192|0x000000008c000000, 0x000000008c000000, 0x000000008c100000|  0%| F|  |TAMS 0x000000008c000000, 0x000000008c000000| Untracked 
| 193|0x000000008c100000, 0x000000008c100000, 0x000000008c200000|  0%| F|  |TAMS 0x000000008c100000, 0x000000008c100000| Untracked 
| 194|0x000000008c200000, 0x000000008c200000, 0x000000008c300000|  0%| F|  |TAMS 0x000000008c200000, 0x000000008c200000| Untracked 
| 195|0x000000008c300000, 0x000000008c300000, 0x000000008c400000|  0%| F|  |TAMS 0x000000008c300000, 0x000000008c300000| Untracked 
| 196|0x000000008c400000, 0x000000008c400000, 0x000000008c500000|  0%| F|  |TAMS 0x000000008c400000, 0x000000008c400000| Untracked 
| 197|0x000000008c500000, 0x000000008c500000, 0x000000008c600000|  0%| F|  |TAMS 0x000000008c500000, 0x000000008c500000| Untracked 
| 198|0x000000008c600000, 0x000000008c600000, 0x000000008c700000|  0%| F|  |TAMS 0x000000008c600000, 0x000000008c600000| Untracked 
| 199|0x000000008c700000, 0x000000008c700000, 0x000000008c800000|  0%| F|  |TAMS 0x000000008c700000, 0x000000008c700000| Untracked 
| 200|0x000000008c800000, 0x000000008c800000, 0x000000008c900000|  0%| F|  |TAMS 0x000000008c800000, 0x000000008c800000| Untracked 
| 201|0x000000008c900000, 0x000000008c900000, 0x000000008ca00000|  0%| F|  |TAMS 0x000000008c900000, 0x000000008c900000| Untracked 
| 202|0x000000008ca00000, 0x000000008ca00000, 0x000000008cb00000|  0%| F|  |TAMS 0x000000008ca00000, 0x000000008ca00000| Untracked 
| 203|0x000000008cb00000, 0x000000008cb00000, 0x000000008cc00000|  0%| F|  |TAMS 0x000000008cb00000, 0x000000008cb00000| Untracked 
| 204|0x000000008cc00000, 0x000000008cc00000, 0x000000008cd00000|  0%| F|  |TAMS 0x000000008cc00000, 0x000000008cc00000| Untracked 
| 205|0x000000008cd00000, 0x000000008cd00000, 0x000000008ce00000|  0%| F|  |TAMS 0x000000008cd00000, 0x000000008cd00000| Untracked 
| 206|0x000000008ce00000, 0x000000008ce00000, 0x000000008cf00000|  0%| F|  |TAMS 0x000000008ce00000, 0x000000008ce00000| Untracked 
| 207|0x000000008cf00000, 0x000000008cf00000, 0x000000008d000000|  0%| F|  |TAMS 0x000000008cf00000, 0x000000008cf00000| Untracked 
| 208|0x000000008d000000, 0x000000008d100000, 0x000000008d100000|100%| S|CS|TAMS 0x000000008d000000, 0x000000008d000000| Complete 
| 209|0x000000008d100000, 0x000000008d200000, 0x000000008d200000|100%| S|CS|TAMS 0x000000008d100000, 0x000000008d100000| Complete 
| 210|0x000000008d200000, 0x000000008d200000, 0x000000008d300000|  0%| F|  |TAMS 0x000000008d200000, 0x000000008d200000| Untracked 
| 211|0x000000008d300000, 0x000000008d300000, 0x000000008d400000|  0%| F|  |TAMS 0x000000008d300000, 0x000000008d300000| Untracked 
| 212|0x000000008d400000, 0x000000008d400000, 0x000000008d500000|  0%| F|  |TAMS 0x000000008d400000, 0x000000008d400000| Untracked 
| 213|0x000000008d500000, 0x000000008d500000, 0x000000008d600000|  0%| F|  |TAMS 0x000000008d500000, 0x000000008d500000| Untracked 
| 214|0x000000008d600000, 0x000000008d600000, 0x000000008d700000|  0%| F|  |TAMS 0x000000008d600000, 0x000000008d600000| Untracked 
| 215|0x000000008d700000, 0x000000008d700000, 0x000000008d800000|  0%| F|  |TAMS 0x000000008d700000, 0x000000008d700000| Untracked 
| 216|0x000000008d800000, 0x000000008d800000, 0x000000008d900000|  0%| F|  |TAMS 0x000000008d800000, 0x000000008d800000| Untracked 
| 217|0x000000008d900000, 0x000000008d900000, 0x000000008da00000|  0%| F|  |TAMS 0x000000008d900000, 0x000000008d900000| Untracked 
| 218|0x000000008da00000, 0x000000008da00000, 0x000000008db00000|  0%| F|  |TAMS 0x000000008da00000, 0x000000008da00000| Untracked 
| 219|0x000000008db00000, 0x000000008db00000, 0x000000008dc00000|  0%| F|  |TAMS 0x000000008db00000, 0x000000008db00000| Untracked 

Card table byte_map: [0x00000210ff560000,0x00000210ff960000] _byte_map_base: 0x00000210ff160000

Marking Bits (Prev, Next): (CMBitMap*) 0x00000210ec37ff48, (CMBitMap*) 0x00000210ec37ff80
 Prev Bits: [0x0000021080000000, 0x0000021082000000)
 Next Bits: [0x0000021082000000, 0x0000021084000000)

Polling page: 0x00000210ebac0000

Metaspace:

Usage:
  Non-class:     99.37 MB capacity,    97.41 MB ( 98%) used,     1.62 MB (  2%) free+waste,   346.44 KB ( <1%) overhead. 
      Class:     15.43 MB capacity,    14.31 MB ( 93%) used,   996.78 KB (  6%) free+waste,   157.88 KB ( <1%) overhead. 
       Both:    114.80 MB capacity,   111.71 MB ( 97%) used,     2.60 MB (  2%) free+waste,   504.31 KB ( <1%) overhead. 

Virtual space:
  Non-class space:      100.00 MB reserved,      99.50 MB (>99%) committed 
      Class space:        1.00 GB reserved,      15.62 MB (  2%) committed 
             Both:        1.10 GB reserved,     115.12 MB ( 10%) committed 

Chunk freelists:
   Non-Class:  71.00 KB
       Class:  69.00 KB
        Both:  140.00 KB

MaxMetaspaceSize: 17179869184.00 GB
CompressedClassSpaceSize: 1.00 GB

CodeHeap 'non-profiled nmethods': size=120000Kb used=9882Kb max_used=9882Kb free=110117Kb
 bounds [0x00000210f78f0000, 0x00000210f82a0000, 0x00000210fee20000]
CodeHeap 'profiled nmethods': size=120000Kb used=33289Kb max_used=33289Kb free=86710Kb
 bounds [0x00000210f03c0000, 0x00000210f2450000, 0x00000210f78f0000]
CodeHeap 'non-nmethods': size=5760Kb used=2340Kb max_used=2404Kb free=3419Kb
 bounds [0x00000210efe20000, 0x00000210f0090000, 0x00000210f03c0000]
 total_blobs=15725 nmethods=14766 adapters=869
 compilation: enabled
              stopped_count=0, restarted_count=0
 full_count=0

Compilation events (20 events):
Event: 958.012 Thread 0x000002108a34c800 14795       4       com.android.tools.r8.graph.B0::b (147 bytes)
Event: 958.023 Thread 0x00000210870c8800 14891       2       com.android.tools.r8.graph.d0::k0 (14 bytes)
Event: 958.023 Thread 0x00000210870c8800 nmethod 14891 0x00000210f242b990 code [0x00000210f242bb40, 0x00000210f242bc88]
Event: 958.023 Thread 0x00000210870c8800 14893       2       com.android.tools.r8.graph.G0::d (213 bytes)
Event: 958.024 Thread 0x00000210870c8800 nmethod 14893 0x00000210f242bd90 code [0x00000210f242c000, 0x00000210f242c778]
Event: 958.024 Thread 0x00000210870c8800 14892       2       com.android.tools.r8.internal.D9::a (57 bytes)
Event: 958.024 Thread 0x00000210870c8800 nmethod 14892 0x00000210f242ca90 code [0x00000210f242cc40, 0x00000210f242cd78]
Event: 958.024 Thread 0x00000210870c8800 14894       2       com.android.tools.r8.internal.jo::a (84 bytes)
Event: 958.025 Thread 0x00000210870c8800 nmethod 14894 0x00000210f242ce10 code [0x00000210f242cfe0, 0x00000210f242d428]
Event: 958.025 Thread 0x00000210870c8800 14895       2       com.android.tools.r8.graph.G0$$Lambda$1669/0x0000000100cd9440::apply (8 bytes)
Event: 958.025 Thread 0x00000210870c8800 nmethod 14895 0x00000210f242d610 code [0x00000210f242d7c0, 0x00000210f242d938]
Event: 958.025 Thread 0x00000210870c8800 14896       2       com.android.tools.r8.graph.G0::c (8 bytes)
Event: 958.025 Thread 0x00000210870c8800 nmethod 14896 0x00000210f242da10 code [0x00000210f242dbc0, 0x00000210f242dcf8]
Event: 958.026 Thread 0x00000210870c8800 14897       2       com.android.tools.r8.internal.T6::a (6044 bytes)
Event: 958.039 Thread 0x000002108a34c800 nmethod 14795 0x00000210f8294d10 code [0x00000210f8294f40, 0x00000210f8296038]
Event: 958.039 Thread 0x000002108a34c800 14863       4       com.android.tools.r8.internal.T6::a (1069 bytes)
Event: 958.055 Thread 0x00000210870c8800 nmethod 14897 0x00000210f242dd90 code [0x00000210f242eb60, 0x00000210f2438d68]
Event: 958.055 Thread 0x00000210870c8800 14907       2       com.android.tools.r8.internal.T6::a (78 bytes)
Event: 958.056 Thread 0x00000210870c8800 nmethod 14907 0x00000210f2441f90 code [0x00000210f2442180, 0x00000210f2442578]
Event: 958.056 Thread 0x00000210870c8800 14910       2       com.android.tools.r8.internal.nh::a (990 bytes)

GC Heap History (20 events):
Event: 957.293 GC heap after
{Heap after GC invocations=36 (full 0):
 garbage-first heap   total 225280K, used 137004K [0x0000000080000000, 0x0000000100000000)
  region size 1024K, 3 young (3072K), 3 survivors (3072K)
 Metaspace       used 112064K, capacity 115202K, committed 115576K, reserved 1148928K
  class space    used 14349K, capacity 15492K, committed 15736K, reserved 1048576K
}
Event: 957.405 GC heap before
{Heap before GC invocations=36 (full 0):
 garbage-first heap   total 225280K, used 168748K [0x0000000080000000, 0x0000000100000000)
  region size 1024K, 33 young (33792K), 3 survivors (3072K)
 Metaspace       used 112361K, capacity 115515K, committed 115832K, reserved 1148928K
  class space    used 14389K, capacity 15534K, committed 15736K, reserved 1048576K
}
Event: 957.411 GC heap after
{Heap after GC invocations=37 (full 0):
 garbage-first heap   total 225280K, used 144974K [0x0000000080000000, 0x0000000100000000)
  region size 1024K, 5 young (5120K), 5 survivors (5120K)
 Metaspace       used 112361K, capacity 115515K, committed 115832K, reserved 1148928K
  class space    used 14389K, capacity 15534K, committed 15736K, reserved 1048576K
}
Event: 957.554 GC heap before
{Heap before GC invocations=38 (full 0):
 garbage-first heap   total 225280K, used 172622K [0x0000000080000000, 0x0000000100000000)
  region size 1024K, 33 young (33792K), 5 survivors (5120K)
 Metaspace       used 113144K, capacity 116281K, committed 116728K, reserved 1150976K
  class space    used 14503K, capacity 15664K, committed 15864K, reserved 1048576K
}
Event: 957.561 GC heap after
{Heap after GC invocations=39 (full 0):
 garbage-first heap   total 225280K, used 150801K [0x0000000080000000, 0x0000000100000000)
  region size 1024K, 5 young (5120K), 5 survivors (5120K)
 Metaspace       used 113144K, capacity 116281K, committed 116728K, reserved 1150976K
  class space    used 14503K, capacity 15664K, committed 15864K, reserved 1048576K
}
Event: 957.583 GC heap before
{Heap before GC invocations=39 (full 0):
 garbage-first heap   total 225280K, used 156945K [0x0000000080000000, 0x0000000100000000)
  region size 1024K, 11 young (11264K), 5 survivors (5120K)
 Metaspace       used 113221K, capacity 116410K, committed 116728K, reserved 1150976K
  class space    used 14505K, capacity 15664K, committed 15864K, reserved 1048576K
}
Event: 957.587 GC heap after
{Heap after GC invocations=40 (full 0):
 garbage-first heap   total 225280K, used 151271K [0x0000000080000000, 0x0000000100000000)
  region size 1024K, 2 young (2048K), 2 survivors (2048K)
 Metaspace       used 113221K, capacity 116410K, committed 116728K, reserved 1150976K
  class space    used 14505K, capacity 15664K, committed 15864K, reserved 1048576K
}
Event: 957.676 GC heap before
{Heap before GC invocations=40 (full 0):
 garbage-first heap   total 225280K, used 176871K [0x0000000080000000, 0x0000000100000000)
  region size 1024K, 28 young (28672K), 2 survivors (2048K)
 Metaspace       used 113407K, capacity 116573K, committed 116984K, reserved 1150976K
  class space    used 14515K, capacity 15672K, committed 15864K, reserved 1048576K
}
Event: 957.687 GC heap after
{Heap after GC invocations=41 (full 0):
 garbage-first heap   total 225280K, used 158824K [0x0000000080000000, 0x0000000100000000)
  region size 1024K, 4 young (4096K), 4 survivors (4096K)
 Metaspace       used 113407K, capacity 116573K, committed 116984K, reserved 1150976K
  class space    used 14515K, capacity 15672K, committed 15864K, reserved 1048576K
}
Event: 957.774 GC heap before
{Heap before GC invocations=41 (full 0):
 garbage-first heap   total 225280K, used 181352K [0x0000000080000000, 0x0000000100000000)
  region size 1024K, 27 young (27648K), 4 survivors (4096K)
 Metaspace       used 113505K, capacity 116660K, committed 116984K, reserved 1150976K
  class space    used 14531K, capacity 15681K, committed 15864K, reserved 1048576K
}
Event: 957.783 GC heap after
{Heap after GC invocations=42 (full 0):
 garbage-first heap   total 225280K, used 165101K [0x0000000080000000, 0x0000000100000000)
  region size 1024K, 4 young (4096K), 4 survivors (4096K)
 Metaspace       used 113505K, capacity 116660K, committed 116984K, reserved 1150976K
  class space    used 14531K, capacity 15681K, committed 15864K, reserved 1048576K
}
Event: 957.814 GC heap before
{Heap before GC invocations=42 (full 0):
 garbage-first heap   total 225280K, used 184557K [0x0000000080000000, 0x0000000100000000)
  region size 1024K, 24 young (24576K), 4 survivors (4096K)
 Metaspace       used 113587K, capacity 116752K, committed 116984K, reserved 1150976K
  class space    used 14544K, capacity 15691K, committed 15864K, reserved 1048576K
}
Event: 957.823 GC heap after
{Heap after GC invocations=43 (full 0):
 garbage-first heap   total 225280K, used 170767K [0x0000000080000000, 0x0000000100000000)
  region size 1024K, 3 young (3072K), 3 survivors (3072K)
 Metaspace       used 113587K, capacity 116752K, committed 116984K, reserved 1150976K
  class space    used 14544K, capacity 15691K, committed 15864K, reserved 1048576K
}
Event: 957.883 GC heap before
{Heap before GC invocations=43 (full 0):
 garbage-first heap   total 225280K, used 188175K [0x0000000080000000, 0x0000000100000000)
  region size 1024K, 21 young (21504K), 3 survivors (3072K)
 Metaspace       used 113611K, capacity 116768K, committed 117240K, reserved 1150976K
  class space    used 14538K, capacity 15692K, committed 15864K, reserved 1048576K
}
Event: 957.892 GC heap after
{Heap after GC invocations=44 (full 0):
 garbage-first heap   total 225280K, used 175997K [0x0000000080000000, 0x0000000100000000)
  region size 1024K, 3 young (3072K), 3 survivors (3072K)
 Metaspace       used 113611K, capacity 116768K, committed 117240K, reserved 1150976K
  class space    used 14538K, capacity 15692K, committed 15864K, reserved 1048576K
}
Event: 957.938 GC heap before
{Heap before GC invocations=44 (full 0):
 garbage-first heap   total 225280K, used 190333K [0x0000000080000000, 0x0000000100000000)
  region size 1024K, 18 young (18432K), 3 survivors (3072K)
 Metaspace       used 113694K, capacity 116871K, committed 117240K, reserved 1150976K
  class space    used 14551K, capacity 15704K, committed 15864K, reserved 1048576K
}
Event: 957.947 GC heap after
{Heap after GC invocations=45 (full 0):
 garbage-first heap   total 225280K, used 180224K [0x0000000080000000, 0x0000000100000000)
  region size 1024K, 3 young (3072K), 3 survivors (3072K)
 Metaspace       used 113694K, capacity 116871K, committed 117240K, reserved 1150976K
  class space    used 14551K, capacity 15704K, committed 15864K, reserved 1048576K
}
Event: 957.989 GC heap before
{Heap before GC invocations=45 (full 0):
 garbage-first heap   total 225280K, used 193536K [0x0000000080000000, 0x0000000100000000)
  region size 1024K, 16 young (16384K), 3 survivors (3072K)
 Metaspace       used 113791K, capacity 116939K, committed 117240K, reserved 1150976K
  class space    used 14560K, capacity 15704K, committed 15864K, reserved 1048576K
}
Event: 957.998 GC heap after
{Heap after GC invocations=46 (full 0):
 garbage-first heap   total 225280K, used 183804K [0x0000000080000000, 0x0000000100000000)
  region size 1024K, 2 young (2048K), 2 survivors (2048K)
 Metaspace       used 113791K, capacity 116939K, committed 117240K, reserved 1150976K
  class space    used 14560K, capacity 15704K, committed 15864K, reserved 1048576K
}
Event: 958.058 GC heap before
{Heap before GC invocations=47 (full 0):
 garbage-first heap   total 225280K, used 193020K [0x0000000080000000, 0x0000000100000000)
  region size 1024K, 12 young (12288K), 2 survivors (2048K)
 Metaspace       used 114391K, capacity 117556K, committed 117880K, reserved 1150976K
  class space    used 14648K, capacity 15803K, committed 15992K, reserved 1048576K
}

Deoptimization events (20 events):
Event: 957.806 Thread 0x000002108af4f000 DEOPT PACKING pc=0x00000210f23737f7 sp=0x000000a89d6f99d0
Event: 957.806 Thread 0x000002108af4f000 DEOPT UNPACKING pc=0x00000210efe476ce sp=0x000000a89d6f8f48 mode 0
Event: 957.825 Thread 0x000002108af4f000 DEOPT PACKING pc=0x00000210f23737f7 sp=0x000000a89d6f99d0
Event: 957.825 Thread 0x000002108af4f000 DEOPT UNPACKING pc=0x00000210efe476ce sp=0x000000a89d6f8f48 mode 0
Event: 957.831 Thread 0x000002108af4f000 DEOPT PACKING pc=0x00000210f23737f7 sp=0x000000a89d6f99d0
Event: 957.831 Thread 0x000002108af4f000 DEOPT UNPACKING pc=0x00000210efe476ce sp=0x000000a89d6f8f48 mode 0
Event: 957.839 Thread 0x000002108a7a0000 DEOPT PACKING pc=0x00000210f23737f7 sp=0x000000a89daf9d50
Event: 957.839 Thread 0x000002108a7a0000 DEOPT UNPACKING pc=0x00000210efe476ce sp=0x000000a89daf92c8 mode 0
Event: 957.848 Thread 0x000002108af4f000 DEOPT PACKING pc=0x00000210f23737f7 sp=0x000000a89d6f99d0
Event: 957.848 Thread 0x000002108af4f000 DEOPT UNPACKING pc=0x00000210efe476ce sp=0x000000a89d6f8f48 mode 0
Event: 957.855 Thread 0x000002108a7a0000 DEOPT PACKING pc=0x00000210f23737f7 sp=0x000000a89daf9d50
Event: 957.855 Thread 0x000002108a7a0000 DEOPT UNPACKING pc=0x00000210efe476ce sp=0x000000a89daf92c8 mode 0
Event: 958.012 Thread 0x000002108a7a2800 Uncommon trap: trap_request=0xffffff4d fr.pc=0x00000210f82938b0 relative=0x0000000000001d10
Event: 958.012 Thread 0x000002108a7a2800 Uncommon trap: reason=unstable_if action=reinterpret pc=0x00000210f82938b0 method=com.android.tools.r8.internal.T6.a(Lcom/android/tools/r8/internal/j1;IZ[C)I @ 69 c2
Event: 958.012 Thread 0x000002108a7a2800 DEOPT PACKING pc=0x00000210f82938b0 sp=0x000000a89d9f9a70
Event: 958.012 Thread 0x000002108a7a2800 DEOPT UNPACKING pc=0x00000210efe478af sp=0x000000a89d9f9a70 mode 2
Event: 958.012 Thread 0x000002108a7a2800 Uncommon trap: trap_request=0xffffff4d fr.pc=0x00000210f82938b0 relative=0x0000000000001d10
Event: 958.012 Thread 0x000002108a7a2800 Uncommon trap: reason=unstable_if action=reinterpret pc=0x00000210f82938b0 method=com.android.tools.r8.internal.T6.a(Lcom/android/tools/r8/internal/j1;IZ[C)I @ 69 c2
Event: 958.012 Thread 0x000002108a7a2800 DEOPT PACKING pc=0x00000210f82938b0 sp=0x000000a89d9f9cb0
Event: 958.012 Thread 0x000002108a7a2800 DEOPT UNPACKING pc=0x00000210efe478af sp=0x000000a89d9f9cb0 mode 2

Classes redefined (0 events):
No events

Internal exceptions (20 events):
Event: 957.482 Thread 0x000002108a7a2800 Exception <a 'sun/nio/fs/WindowsException'{0x000000008c6f2648}> (0x000000008c6f2648) thrown at [./src/hotspot/share/prims/jni.cpp, line 615]
Event: 957.498 Thread 0x000002108a7a2800 Exception <a 'java/lang/NoSuchMethodError'{0x000000008c5e7658}: 'long java.lang.invoke.DirectMethodHandle$Holder.invokeStatic(java.lang.Object, long, java.lang.Object)'> (0x000000008c5e7658) thrown at [./src/hotspot/share/interpreter/linkResolver.cpp, line 773]
Event: 957.498 Thread 0x000002108af4e000 Exception <a 'java/lang/NoSuchMethodError'{0x000000008c5775e8}: 'java.lang.Object java.lang.invoke.DirectMethodHandle$Holder.invokeStatic(java.lang.Object, long)'> (0x000000008c5775e8) thrown at [./src/hotspot/share/interpreter/linkResolver.cpp, line 773]
Event: 957.502 Thread 0x000002108a7a3800 Exception <a 'java/lang/NoSuchMethodError'{0x000000008c409130}: 'long java.lang.invoke.DirectMethodHandle$Holder.invokeStatic(java.lang.Object, long, java.lang.Object)'> (0x000000008c409130) thrown at [./src/hotspot/share/interpreter/linkResolver.cpp, line 773]
Event: 957.504 Thread 0x000002108af4e000 Exception <a 'java/lang/NoSuchMethodError'{0x000000008c422748}: 'java.lang.Object java.lang.invoke.DirectMethodHandle$Holder.invokeSpecial(java.lang.Object, java.lang.Object, long)'> (0x000000008c422748) thrown at [./src/hotspot/share/interpreter/linkResolver.cpp, line 773]
Event: 957.504 Thread 0x000002108a7a0000 Exception <a 'java/lang/NoSuchMethodError'{0x000000008c43ac80}: 'java.lang.Object java.lang.invoke.Invokers$Holder.linkToTargetMethod(long, java.lang.Object)'> (0x000000008c43ac80) thrown at [./src/hotspot/share/interpreter/linkResolver.cpp, line 773]
Event: 957.505 Thread 0x000002108af4e000 Exception <a 'java/lang/NoSuchMethodError'{0x000000008c425f00}: 'java.lang.Object java.lang.invoke.Invokers$Holder.linkToTargetMethod(long, java.lang.Object)'> (0x000000008c425f00) thrown at [./src/hotspot/share/interpreter/linkResolver.cpp, line 773]
Event: 957.504 Thread 0x000002108a79b000 Exception <a 'java/lang/NoSuchMethodError'{0x000000008c41be68}: 'java.lang.Object java.lang.invoke.Invokers$Holder.linkToTargetMethod(long, java.lang.Object)'> (0x000000008c41be68) thrown at [./src/hotspot/share/interpreter/linkResolver.cpp, line 773]
Event: 957.505 Thread 0x000002108a7a2800 Exception <a 'java/lang/NoSuchMethodError'{0x000000008c4282d8}: 'java.lang.Object java.lang.invoke.Invokers$Holder.linkToTargetMethod(long, java.lang.Object)'> (0x000000008c4282d8) thrown at [./src/hotspot/share/interpreter/linkResolver.cpp, line 773]
Event: 957.614 Thread 0x000002108af4e000 Exception <a 'java/lang/NoSuchMethodError'{0x000000008d2b2268}: 'long java.lang.invoke.DirectMethodHandle$Holder.invokeStatic(java.lang.Object, java.lang.Object)'> (0x000000008d2b2268) thrown at [./src/hotspot/share/interpreter/linkResolver.cpp, line 773]
Event: 957.740 Thread 0x000002108a79a800 Exception <a 'java/lang/IncompatibleClassChangeError'{0x000000008d054598}: Found class java.lang.Object, but interface was expected> (0x000000008d054598) thrown at [./src/hotspot/share/interpreter/linkResolver.cpp, line 839]
Event: 957.741 Thread 0x000002108a79a800 Exception <a 'java/lang/NoSuchMethodError'{0x000000008d0bfe80}: 'java.lang.Object java.lang.invoke.DirectMethodHandle$Holder.newInvokeSpecial(java.lang.Object, int)'> (0x000000008d0bfe80) thrown at [./src/hotspot/share/interpreter/linkResolver.cpp, line 773]
Event: 957.785 Thread 0x000002108a79a800 Exception <a 'java/lang/IncompatibleClassChangeError'{0x000000008db53718}: Found class java.lang.Object, but interface was expected> (0x000000008db53718) thrown at [./src/hotspot/share/interpreter/linkResolver.cpp, line 839]
Event: 957.785 Thread 0x000002108af4e000 Exception <a 'java/lang/IncompatibleClassChangeError'{0x000000008db4cf28}: Found class java.lang.Object, but interface was expected> (0x000000008db4cf28) thrown at [./src/hotspot/share/interpreter/linkResolver.cpp, line 839]
Event: 957.786 Thread 0x000002108a79a800 Exception <a 'java/lang/IncompatibleClassChangeError'{0x000000008db5d588}: Found class java.lang.Object, but interface was expected> (0x000000008db5d588) thrown at [./src/hotspot/share/interpreter/linkResolver.cpp, line 839]
Event: 957.893 Thread 0x000002108a79a800 Exception <a 'java/lang/NoSuchMethodError'{0x000000008db04188}: 'void java.lang.invoke.DirectMethodHandle$Holder.invokeStatic(java.lang.Object, java.lang.Object, java.lang.Object, int)'> (0x000000008db04188) thrown at [./src/hotspot/share/interpreter/linkResolver.cpp, line 773]
Event: 957.893 Thread 0x000002108a7a3800 Exception <a 'java/lang/NoSuchMethodError'{0x000000008db09db0}: 'void java.lang.invoke.DirectMethodHandle$Holder.invokeStatic(java.lang.Object, java.lang.Object, java.lang.Object, int)'> (0x000000008db09db0) thrown at [./src/hotspot/share/interpreter/linkResolver.cpp, line 773]
Event: 957.899 Thread 0x000002108a79a800 Exception <a 'java/lang/IncompatibleClassChangeError'{0x000000008db15348}: Found class java.lang.Object, but interface was expected> (0x000000008db15348) thrown at [./src/hotspot/share/interpreter/linkResolver.cpp, line 839]
Event: 958.012 Thread 0x000002108a7a2800 Implicit null exception at 0x00000210f8291e2f to 0x00000210f82938a0
Event: 958.012 Thread 0x000002108a7a2800 Implicit null exception at 0x00000210f8291e2f to 0x00000210f82938a0

Events (20 events):
Event: 958.043 loading class com/android/tools/r8/graph/W0$b done
Event: 958.043 loading class com/android/tools/r8/graph/W0$g
Event: 958.043 loading class com/android/tools/r8/graph/W0$g done
Event: 958.044 loading class com/android/tools/r8/shaking/l0
Event: 958.044 loading class com/android/tools/r8/shaking/l0 done
Event: 958.045 loading class com/android/tools/r8/internal/Nt
Event: 958.045 loading class com/android/tools/r8/internal/Nt done
Event: 958.046 loading class com/android/tools/r8/internal/ru
Event: 958.046 loading class com/android/tools/r8/internal/ru done
Event: 958.049 loading class com/android/tools/r8/internal/D4
Event: 958.049 loading class com/android/tools/r8/internal/D4 done
Event: 958.049 loading class com/android/tools/r8/internal/ou
Event: 958.049 loading class com/android/tools/r8/internal/ou done
Event: 958.050 loading class com/android/tools/r8/internal/ru$a
Event: 958.050 loading class com/android/tools/r8/internal/ru$a done
Event: 958.050 loading class com/android/tools/r8/shaking/h0
Event: 958.050 loading class com/android/tools/r8/shaking/h0 done
Event: 958.051 loading class com/android/tools/r8/internal/Pr$a
Event: 958.051 loading class com/android/tools/r8/internal/Pr$a done
Event: 958.057 Executing VM operation: G1CollectForAllocation


Dynamic libraries:
0x00007ff6522a0000 - 0x00007ff6522aa000 	C:\Program Files\Android\Android Studio\jre\bin\java.exe
0x00007ffe17a20000 - 0x00007ffe17c83000 	C:\WINDOWS\SYSTEM32\ntdll.dll
0x00007ffe168d0000 - 0x00007ffe16998000 	C:\WINDOWS\System32\KERNEL32.DLL
0x00007ffe152d0000 - 0x00007ffe15682000 	C:\WINDOWS\System32\KERNELBASE.dll
0x00007ffe14df0000 - 0x00007ffe14f3b000 	C:\WINDOWS\System32\ucrtbase.dll
0x00007ffdc67d0000 - 0x00007ffdc67e9000 	C:\Program Files\Android\Android Studio\jre\bin\jli.dll
0x00007ffdde720000 - 0x00007ffdde737000 	C:\Program Files\Android\Android Studio\jre\bin\VCRUNTIME140.dll
0x00007ffe17660000 - 0x00007ffe17828000 	C:\WINDOWS\System32\USER32.dll
0x00007ffdf71f0000 - 0x00007ffdf7480000 	C:\WINDOWS\WinSxS\amd64_microsoft.windows.common-controls_6595b64144ccf1df_6.0.26100.2454_none_3e0b68a2e331ad60\COMCTL32.dll
0x00007ffe15200000 - 0x00007ffe15227000 	C:\WINDOWS\System32\win32u.dll
0x00007ffe15880000 - 0x00007ffe15929000 	C:\WINDOWS\System32\msvcrt.dll
0x00007ffe15930000 - 0x00007ffe1595a000 	C:\WINDOWS\System32\GDI32.dll
0x00007ffe15690000 - 0x00007ffe157bb000 	C:\WINDOWS\System32\gdi32full.dll
0x00007ffe15150000 - 0x00007ffe151f3000 	C:\WINDOWS\System32\msvcp_win.dll
0x00007ffe15bb0000 - 0x00007ffe15bdf000 	C:\WINDOWS\System32\IMM32.DLL
0x00007ffdb5300000 - 0x00007ffdb539d000 	C:\Program Files\Android\Android Studio\jre\bin\msvcp140.dll
0x00007ffd76a70000 - 0x00007ffd7753f000 	C:\Program Files\Android\Android Studio\jre\bin\server\jvm.dll
0x00007ffe173b0000 - 0x00007ffe17464000 	C:\WINDOWS\System32\ADVAPI32.dll
0x00007ffe15960000 - 0x00007ffe15a06000 	C:\WINDOWS\System32\sechost.dll
0x00007ffe17280000 - 0x00007ffe17396000 	C:\WINDOWS\System32\RPCRT4.dll
0x00007ffe17650000 - 0x00007ffe17658000 	C:\WINDOWS\System32\PSAPI.DLL
0x00007ffdf8c70000 - 0x00007ffdf8c7a000 	C:\WINDOWS\SYSTEM32\WSOCK32.dll
0x00007ffe05b80000 - 0x00007ffe05bb6000 	C:\WINDOWS\SYSTEM32\WINMM.dll
0x00007ffe0d940000 - 0x00007ffe0d94b000 	C:\WINDOWS\SYSTEM32\VERSION.dll
0x00007ffe15d30000 - 0x00007ffe15da4000 	C:\WINDOWS\System32\WS2_32.dll
0x00007ffe13d10000 - 0x00007ffe13d2a000 	C:\WINDOWS\SYSTEM32\kernel.appcore.dll
0x00007ffded8c0000 - 0x00007ffded8d1000 	C:\Program Files\Android\Android Studio\jre\bin\verify.dll
0x00007ffe05040000 - 0x00007ffe05281000 	C:\WINDOWS\SYSTEM32\DBGHELP.DLL
0x00007ffe163d0000 - 0x00007ffe1674e000 	C:\WINDOWS\System32\combase.dll
0x00007ffe17480000 - 0x00007ffe17556000 	C:\WINDOWS\System32\OLEAUT32.dll
0x00007ffdfb9a0000 - 0x00007ffdfb9d9000 	C:\WINDOWS\SYSTEM32\dbgcore.DLL
0x00007ffe15230000 - 0x00007ffe152c9000 	C:\WINDOWS\System32\bcryptPrimitives.dll
0x00007ffded850000 - 0x00007ffded879000 	C:\Program Files\Android\Android Studio\jre\bin\java.dll
0x00007ffe0ef30000 - 0x00007ffe0ef3b000 	C:\Program Files\Android\Android Studio\jre\bin\jimage.dll
0x00007ffde4a10000 - 0x00007ffde4a28000 	C:\Program Files\Android\Android Studio\jre\bin\zip.dll
0x00007ffe16b70000 - 0x00007ffe17270000 	C:\WINDOWS\System32\SHELL32.dll
0x00007ffe12ae0000 - 0x00007ffe13311000 	C:\WINDOWS\SYSTEM32\windows.storage.dll
0x00007ffe17900000 - 0x00007ffe179da000 	C:\WINDOWS\System32\SHCORE.dll
0x00007ffe162c0000 - 0x00007ffe1631d000 	C:\WINDOWS\System32\shlwapi.dll
0x00007ffe14d00000 - 0x00007ffe14d2e000 	C:\WINDOWS\SYSTEM32\profapi.dll
0x00007ffde49f0000 - 0x00007ffde4a0a000 	C:\Program Files\Android\Android Studio\jre\bin\net.dll
0x00007ffe0eca0000 - 0x00007ffe0edc6000 	C:\WINDOWS\SYSTEM32\WINHTTP.dll
0x00007ffe14240000 - 0x00007ffe142a8000 	C:\WINDOWS\system32\mswsock.dll
0x00007ffddeb50000 - 0x00007ffddeb64000 	C:\Program Files\Android\Android Studio\jre\bin\nio.dll
0x00007ffdc67f0000 - 0x00007ffdc6817000 	C:\Users\labya\.gradle\native\8bec1ad78214c89d9ad589b4d07fe93259594b29d510b10fafb7a158f7737e5d\windows-amd64\native-platform.dll
0x00007ffdb20d0000 - 0x00007ffdb220d000 	C:\Users\labya\.gradle\native\53dbd7edfb1c66fb8903c78663c9afc45aea4f116125fa6feffd364cf09443e8\windows-amd64\native-platform-file-events.dll
0x00007ffdf9b30000 - 0x00007ffdf9b3a000 	C:\Program Files\Android\Android Studio\jre\bin\management.dll
0x00007ffdf9b10000 - 0x00007ffdf9b1c000 	C:\Program Files\Android\Android Studio\jre\bin\management_ext.dll
0x00007ffe144e0000 - 0x00007ffe144fc000 	C:\WINDOWS\SYSTEM32\CRYPTSP.dll
0x00007ffe13bf0000 - 0x00007ffe13c28000 	C:\WINDOWS\system32\rsaenh.dll
0x00007ffe142e0000 - 0x00007ffe1430b000 	C:\WINDOWS\SYSTEM32\USERENV.dll
0x00007ffe14720000 - 0x00007ffe14746000 	C:\WINDOWS\SYSTEM32\bcrypt.dll
0x00007ffe14500000 - 0x00007ffe1450c000 	C:\WINDOWS\SYSTEM32\CRYPTBASE.dll
0x00007ffe13610000 - 0x00007ffe13642000 	C:\WINDOWS\SYSTEM32\IPHLPAPI.DLL
0x00007ffe173a0000 - 0x00007ffe173aa000 	C:\WINDOWS\System32\NSI.dll
0x00007ffe0f4a0000 - 0x00007ffe0f4be000 	C:\WINDOWS\SYSTEM32\dhcpcsvc6.DLL
0x00007ffe0ebb0000 - 0x00007ffe0ebd5000 	C:\WINDOWS\SYSTEM32\dhcpcsvc.DLL
0x00007ffe13700000 - 0x00007ffe13825000 	C:\WINDOWS\SYSTEM32\DNSAPI.dll

dbghelp: loaded successfully - version: 4.0.5 - missing functions: none
symbol engine: initialized successfully - sym options: 0x614 - pdb path: .;C:\Program Files\Android\Android Studio\jre\bin;C:\WINDOWS\SYSTEM32;C:\WINDOWS\WinSxS\amd64_microsoft.windows.common-controls_6595b64144ccf1df_6.0.26100.2454_none_3e0b68a2e331ad60;C:\Program Files\Android\Android Studio\jre\bin\server;C:\Users\labya\.gradle\native\8bec1ad78214c89d9ad589b4d07fe93259594b29d510b10fafb7a158f7737e5d\windows-amd64;C:\Users\labya\.gradle\native\53dbd7edfb1c66fb8903c78663c9afc45aea4f116125fa6feffd364cf09443e8\windows-amd64

VM Arguments:
jvm_args: --add-opens=java.base/java.util=ALL-UNNAMED --add-opens=java.base/java.lang=ALL-UNNAMED --add-opens=java.base/java.lang.invoke=ALL-UNNAMED --add-opens=java.base/java.util=ALL-UNNAMED --add-opens=java.prefs/java.util.prefs=ALL-UNNAMED --add-opens=java.prefs/java.util.prefs=ALL-UNNAMED --add-opens=java.base/java.nio.charset=ALL-UNNAMED --add-opens=java.base/java.net=ALL-UNNAMED --add-opens=java.base/java.util.concurrent.atomic=ALL-UNNAMED -Xmx2048m -Dfile.encoding=UTF-8 -Duser.country=US -Duser.language=en -Duser.variant 
java_command: org.gradle.launcher.daemon.bootstrap.GradleDaemon 7.0.2
java_class_path (initial): C:\Users\labya\.gradle\wrapper\dists\gradle-7.0.2-bin\857tjihv64xamwrf0h14cai3r\gradle-7.0.2\lib\gradle-launcher-7.0.2.jar
Launcher Type: SUN_STANDARD

[Global flags]
     intx CICompilerCount                          = 4                                         {product} {ergonomic}
     uint ConcGCThreads                            = 2                                         {product} {ergonomic}
     uint G1ConcRefinementThreads                  = 8                                         {product} {ergonomic}
   size_t G1HeapRegionSize                         = 1048576                                   {product} {ergonomic}
    uintx GCDrainStackTargetSize                   = 64                                        {product} {ergonomic}
   size_t InitialHeapSize                          = 132120576                                 {product} {ergonomic}
   size_t MarkStackSize                            = 4194304                                   {product} {ergonomic}
   size_t MaxHeapSize                              = 2147483648                                {product} {command line}
   size_t MaxNewSize                               = 1287651328                                {product} {ergonomic}
   size_t MinHeapDeltaBytes                        = 1048576                                   {product} {ergonomic}
    uintx NonNMethodCodeHeapSize                   = 5836300                                {pd product} {ergonomic}
    uintx NonProfiledCodeHeapSize                  = 122910970                              {pd product} {ergonomic}
    uintx ProfiledCodeHeapSize                     = 122910970                              {pd product} {ergonomic}
    uintx ReservedCodeCacheSize                    = 251658240                              {pd product} {ergonomic}
     bool SegmentedCodeCache                       = true                                      {product} {ergonomic}
     bool UseCompressedClassPointers               = true                                 {lp64_product} {ergonomic}
     bool UseCompressedOops                        = true                                 {lp64_product} {ergonomic}
     bool UseG1GC                                  = true                                      {product} {ergonomic}
     bool UseLargePagesIndividualAllocation        = false                                  {pd product} {ergonomic}

Logging:
Log output configuration:
 #0: stdout all=warning uptime,level,tags
 #1: stderr all=off uptime,level,tags

Environment Variables:
PATH=C:\WINDOWS\system32;C:\WINDOWS;C:\WINDOWS\System32\Wbem;C:\WINDOWS\System32\WindowsPowerShell\v1.0\;C:\WINDOWS\System32\OpenSSH\;C:\Program Files (x86)\NVIDIA Corporation\PhysX\Common;C:\xampp\php;C:\ProgramData\ComposerSetup\bin;C:\Program Files\Git\cmd;C:\Program Files\nodejs\;C:\Program Files\NVIDIA Corporation\NVIDIA app\NvDLISR;C:\Users\labya\AppData\Local\Microsoft\WindowsApps;C:\Users\labya\AppData\Local\Programs\Microsoft VS Code\bin;C:\Users\labya\AppData\Roaming\Composer\vendor\bin;C:\Users\labya\AppData\Local\GitHubDesktop\bin;C:\Users\labya\AppData\Roaming\npm;
USERNAME=labya
OS=Windows_NT
PROCESSOR_IDENTIFIER=Intel64 Family 6 Model 142 Stepping 12, GenuineIntel



---------------  S Y S T E M  ---------------

OS: Windows 10 , 64 bit Build 26100 (10.0.26100.2454)
OS uptime: 0 days 3:31 hours
Hyper-V role detected

CPU:total 8 (initial active 8) (4 cores per cpu, 2 threads per core) family 6 model 142 stepping 12 microcode 0xea, cmov, cx8, fxsr, mmx, sse, sse2, sse3, ssse3, sse4.1, sse4.2, popcnt, avx, avx2, aes, clmul, erms, 3dnowpref, lzcnt, ht, tsc, tscinvbit, bmi1, bmi2, adx, fma

Memory: 4k page, system-wide physical 8025M (888M free)
TotalPageFile size 12121M (AvailPageFile size 176M)
current process WorkingSet (physical memory assigned to process): 516M, peak: 550M
current process commit charge ("private bytes"): 662M, peak: 882M

vm_info: OpenJDK 64-Bit Server VM (11.0.10+0-b96-7249189) for windows-amd64 JRE (11.0.10+0-b96-7249189), built on Mar 31 2021 21:44:00 by "builder" with MS VC++ 14.0 (VS2015)

END.
