#
# There is insufficient memory for the Java Runtime Environment to continue.
# Native memory allocation (mmap) failed to map 315621376 bytes for Failed to commit area from 0x0000000092d00000 to 0x00000000a5a00000 of length 315621376.
# Possible reasons:
#   The system is out of physical RAM or swap space
#   The process is running with CompressedOops enabled, and the Java Heap may be blocking the growth of the native heap
# Possible solutions:
#   Reduce memory load on the system
#   Increase physical memory or swap space
#   Check if swap backing store is full
#   Decrease Java heap size (-Xmx/-Xms)
#   Decrease number of Java threads
#   Decrease Java thread stack sizes (-Xss)
#   Set larger code cache with -XX:ReservedCodeCacheSize=
#   JVM is running with Unscaled Compressed Oops mode in which the Java heap is
#     placed in the first 4GB address space. The Java Heap base address is the
#     maximum limit for the native heap growth. Please use -XX:HeapBaseMinAddress
#     to set the Java Heap base and to place the Java Heap above 4GB virtual address.
# This output file may be truncated or incomplete.
#
#  Out of Memory Error (./src/hotspot/os/windows/os_windows.cpp:3301), pid=12408, tid=3848
#
# JRE version: OpenJDK Runtime Environment (11.0.10) (build 11.0.10+0-b96-7249189)
# Java VM: OpenJDK 64-Bit Server VM (11.0.10+0-b96-7249189, mixed mode, tiered, compressed oops, g1 gc, windows-amd64)
# No core dump will be written. Minidumps are not enabled by default on client versions of Windows
#

---------------  S U M M A R Y ------------

Command Line: --add-opens=java.base/java.util=ALL-UNNAMED --add-opens=java.base/java.lang=ALL-UNNAMED --add-opens=java.base/java.lang.invoke=ALL-UNNAMED --add-opens=java.base/java.util=ALL-UNNAMED --add-opens=java.prefs/java.util.prefs=ALL-UNNAMED --add-opens=java.prefs/java.util.prefs=ALL-UNNAMED --add-opens=java.base/java.nio.charset=ALL-UNNAMED --add-opens=java.base/java.net=ALL-UNNAMED --add-opens=java.base/java.util.concurrent.atomic=ALL-UNNAMED -Xmx2048m -Dfile.encoding=UTF-8 -Duser.country=US -Duser.language=en -Duser.variant org.gradle.launcher.daemon.bootstrap.GradleDaemon 7.0.2

Host: Intel(R) Core(TM) i5-10210U CPU @ 1.60GHz, 8 cores, 7G,  Windows 10 , 64 bit Build 26100 (10.0.26100.2454)
Time: Sun Jan 26 23:36:02 2025 Malay Peninsula Standard Time elapsed time: 2052.499894 seconds (0d 0h 34m 12s)

---------------  T H R E A D  ---------------

Current thread (0x0000021d11848000):  VMThread "VM Thread" [stack: 0x0000006170500000,0x0000006170600000] [id=3848]

Stack: [0x0000006170500000,0x0000006170600000]
[error occurred during error reporting (printing stack bounds), id 0xc0000005, EXCEPTION_ACCESS_VIOLATION (0xc0000005) at pc=0x0000021d00000f2d]

Native frames: (J=compiled Java code, j=interpreted, Vv=VM code, C=native code)
V  [jvm.dll+0x5ecfaa]
V  [jvm.dll+0x722bd5]
V  [jvm.dll+0x72412d]
V  [jvm.dll+0x724745]
V  [jvm.dll+0x7246fb]
V  [jvm.dll+0x5ec348]
V  [jvm.dll+0x5ecad8]
C  [ntdll.dll+0x163e5f]
C  [ntdll.dll+0x1f358]
C  [ntdll.dll+0x16379e]
C  0x0000021d00000f2d

VM_Operation (0x00000061736f9730): G1CollectForAllocation, mode: safepoint, requested by thread 0x0000021d17b01000


---------------  P R O C E S S  ---------------

Threads class SMR info:
_java_thread_list=0x0000021d15535240, length=69, elements={
0x0000021d7738a800, 0x0000021d1185b000, 0x0000021d1185d000, 0x0000021d11858000,
0x0000021d11864800, 0x0000021d11865800, 0x0000021d11868800, 0x0000021d1186b800,
0x0000021d1186e800, 0x0000021d12240000, 0x0000021d13f74800, 0x0000021d13127800,
0x0000021d1359b800, 0x0000021d12666000, 0x0000021d12669800, 0x0000021d12668800,
0x0000021d1266b000, 0x0000021d1266b800, 0x0000021d17af9000, 0x0000021d17afc000,
0x0000021d17af9800, 0x0000021d17afd000, 0x0000021d17afd800, 0x0000021d17b06800,
0x0000021d1a8da800, 0x0000021d1a8da000, 0x0000021d1a8d8000, 0x0000021d1a8db800,
0x0000021d1a8d9000, 0x0000021d1a8e3000, 0x0000021d1a8e6000, 0x0000021d1a8e7000,
0x0000021d12823000, 0x0000021d12828000, 0x0000021d12667800, 0x0000021d12824000,
0x0000021d12821800, 0x0000021d12824800, 0x0000021d12827000, 0x0000021d12825800,
0x0000021d12828800, 0x0000021d12826800, 0x0000021d1282c000, 0x0000021d1282b000,
0x0000021d12829800, 0x0000021d1282a800, 0x0000021d1282f800, 0x0000021d1282e800,
0x0000021d1282d000, 0x0000021d12830000, 0x0000021d1282d800, 0x0000021d17afa800,
0x0000021d17afe800, 0x0000021d17b01000, 0x0000021d17b02000, 0x0000021d17aff800,
0x0000021d17b04000, 0x0000021d17b05000, 0x0000021d17b02800, 0x0000021d17b06000,
0x0000021d17b07800, 0x0000021d1a8df800, 0x0000021d1a8de000, 0x0000021d1a8dd000,
0x0000021d1a8e1000, 0x0000021d1a8e3800, 0x0000021d1a8e4800, 0x0000021d12667000,
0x0000021d1266a000
}

Java Threads: ( => current thread )
  0x0000021d7738a800 JavaThread "main" [_thread_blocked, id=14288, stack(0x000000616ff00000,0x0000006170000000)]
  0x0000021d1185b000 JavaThread "Reference Handler" daemon [_thread_blocked, id=8468, stack(0x0000006170600000,0x0000006170700000)]
  0x0000021d1185d000 JavaThread "Finalizer" daemon [_thread_blocked, id=20436, stack(0x0000006170700000,0x0000006170800000)]
  0x0000021d11858000 JavaThread "Signal Dispatcher" daemon [_thread_blocked, id=20472, stack(0x0000006170800000,0x0000006170900000)]
  0x0000021d11864800 JavaThread "Attach Listener" daemon [_thread_blocked, id=20184, stack(0x0000006170900000,0x0000006170a00000)]
  0x0000021d11865800 JavaThread "Service Thread" daemon [_thread_blocked, id=8496, stack(0x0000006170a00000,0x0000006170b00000)]
  0x0000021d11868800 JavaThread "C2 CompilerThread0" daemon [_thread_blocked, id=1132, stack(0x0000006170b00000,0x0000006170c00000)]
  0x0000021d1186b800 JavaThread "C1 CompilerThread0" daemon [_thread_blocked, id=19932, stack(0x0000006170c00000,0x0000006170d00000)]
  0x0000021d1186e800 JavaThread "Sweeper thread" daemon [_thread_blocked, id=19276, stack(0x0000006170d00000,0x0000006170e00000)]
  0x0000021d12240000 JavaThread "Common-Cleaner" daemon [_thread_blocked, id=2864, stack(0x0000006170e00000,0x0000006170f00000)]
  0x0000021d13f74800 JavaThread "Daemon health stats" [_thread_blocked, id=5732, stack(0x0000006171300000,0x0000006171400000)]
  0x0000021d13127800 JavaThread "Incoming local TCP Connector on port 63681" [_thread_in_native, id=17288, stack(0x0000006171000000,0x0000006171100000)]
  0x0000021d1359b800 JavaThread "Daemon periodic checks" [_thread_blocked, id=18580, stack(0x0000006171400000,0x0000006171500000)]
  0x0000021d12666000 JavaThread "Cache worker for file hash cache (C:\Users\labya\.gradle\caches\7.0.2\fileHashes)" [_thread_blocked, id=3176, stack(0x0000006171900000,0x0000006171a00000)]
  0x0000021d12669800 JavaThread "File lock request listener" [_thread_in_native, id=15324, stack(0x0000006172300000,0x0000006172400000)]
  0x0000021d12668800 JavaThread "Cache worker for journal cache (C:\Users\labya\.gradle\caches\journal-1)" [_thread_blocked, id=1896, stack(0x0000006172500000,0x0000006172600000)]
  0x0000021d1266b000 JavaThread "File watcher server" daemon [_thread_blocked, id=16284, stack(0x0000006172800000,0x0000006172900000)]
  0x0000021d1266b800 JavaThread "File watcher consumer" daemon [_thread_blocked, id=1800, stack(0x0000006172900000,0x0000006172a00000)]
  0x0000021d17af9000 JavaThread "Cache worker for execution history cache (C:\Users\labya\.gradle\caches\7.0.2\executionHistory)" [_thread_blocked, id=14212, stack(0x0000006172e00000,0x0000006172f00000)]
  0x0000021d17afc000 JavaThread "jar transforms" [_thread_blocked, id=6664, stack(0x0000006172f00000,0x0000006173000000)]
  0x0000021d17af9800 JavaThread "jar transforms Thread 2" [_thread_blocked, id=14724, stack(0x0000006173000000,0x0000006173100000)]
  0x0000021d17afd000 JavaThread "Cache worker for file content cache (C:\Users\labya\.gradle\caches\7.0.2\fileContent)" [_thread_blocked, id=12540, stack(0x0000006173100000,0x0000006173200000)]
  0x0000021d17afd800 JavaThread "jar transforms Thread 3" [_thread_blocked, id=7148, stack(0x0000006173300000,0x0000006173400000)]
  0x0000021d17b06800 JavaThread "jar transforms Thread 4" [_thread_blocked, id=17444, stack(0x0000006173c00000,0x0000006173d00000)]
  0x0000021d1a8da800 JavaThread "jar transforms Thread 5" [_thread_blocked, id=18556, stack(0x0000006173d00000,0x0000006173e00000)]
  0x0000021d1a8da000 JavaThread "jar transforms Thread 6" [_thread_blocked, id=18016, stack(0x0000006173e00000,0x0000006173f00000)]
  0x0000021d1a8d8000 JavaThread "jar transforms Thread 7" [_thread_blocked, id=18752, stack(0x0000006173f00000,0x0000006174000000)]
  0x0000021d1a8db800 JavaThread "jar transforms Thread 8" [_thread_blocked, id=6620, stack(0x0000006174000000,0x0000006174100000)]
  0x0000021d1a8d9000 JavaThread "Memory manager" [_thread_blocked, id=9300, stack(0x0000006174200000,0x0000006174300000)]
  0x0000021d1a8e3000 JavaThread "RMI Scheduler(0)" daemon [_thread_blocked, id=13112, stack(0x000000616fd00000,0x000000616fe00000)]
  0x0000021d1a8e6000 JavaThread "RMI GC Daemon" daemon [_thread_blocked, id=11284, stack(0x0000006174100000,0x0000006174200000)]
  0x0000021d1a8e7000 JavaThread "RMI TCP Accept-0" daemon [_thread_in_native, id=2728, stack(0x0000006174c00000,0x0000006174d00000)]
  0x0000021d12823000 JavaThread "RMI Reaper" [_thread_blocked, id=19748, stack(0x0000006174d00000,0x0000006174e00000)]
  0x0000021d12828000 JavaThread "Cache worker for Java compile cache (C:\Users\labya\.gradle\caches\7.0.2\javaCompile)" [_thread_blocked, id=2388, stack(0x0000006175200000,0x0000006175300000)]
  0x0000021d12667800 JavaThread "ForkJoinPool.commonPool-worker-9" daemon [_thread_blocked, id=13840, stack(0x0000006176200000,0x0000006176300000)]
  0x0000021d12824000 JavaThread "RMI TCP Connection(idle)" daemon [_thread_blocked, id=13424, stack(0x000000616fc00000,0x000000616fd00000)]
  0x0000021d12821800 JavaThread "Daemon Thread 8" [_thread_blocked, id=14924, stack(0x000000616fe00000,0x000000616ff00000)]
  0x0000021d12824800 JavaThread "Handler for socket connection from /127.0.0.1:63681 to /127.0.0.1:64636" [_thread_in_native, id=12964, stack(0x0000006171500000,0x0000006171600000)]
  0x0000021d12827000 JavaThread "Cancel handler" [_thread_blocked, id=14340, stack(0x0000006171600000,0x0000006171700000)]
  0x0000021d12825800 JavaThread "Daemon worker Thread 8" [_thread_blocked, id=19876, stack(0x0000006171700000,0x0000006171800000)]
  0x0000021d12828800 JavaThread "Asynchronous log dispatcher for DefaultDaemonConnection: socket connection from /127.0.0.1:63681 to /127.0.0.1:64636" [_thread_blocked, id=14308, stack(0x0000006171800000,0x0000006171900000)]
  0x0000021d12826800 JavaThread "Stdin handler" [_thread_blocked, id=6012, stack(0x0000006171a00000,0x0000006171b00000)]
  0x0000021d1282c000 JavaThread "Daemon client event forwarder" [_thread_blocked, id=772, stack(0x0000006171b00000,0x0000006171c00000)]
  0x0000021d1282b000 JavaThread "Cache worker for file hash cache (C:\Users\labya\AndroidStudioProjects\MSWDOAPP\.gradle\7.0.2\fileHashes)" [_thread_blocked, id=15428, stack(0x0000006171c00000,0x0000006171d00000)]
  0x0000021d12829800 JavaThread "Cache worker for checksums cache (C:\Users\labya\AndroidStudioProjects\MSWDOAPP\.gradle\checksums)" [_thread_blocked, id=12392, stack(0x0000006172600000,0x0000006172700000)]
  0x0000021d1282a800 JavaThread "Cache worker for cache directory md-supplier (C:\Users\labya\.gradle\caches\7.0.2\md-supplier)" [_thread_blocked, id=20152, stack(0x0000006172700000,0x0000006172800000)]
  0x0000021d1282f800 JavaThread "Cache worker for cache directory md-rule (C:\Users\labya\.gradle\caches\7.0.2\md-rule)" [_thread_blocked, id=12328, stack(0x0000006172a00000,0x0000006172b00000)]
  0x0000021d1282e800 JavaThread "Cache worker for dependencies-accessors (C:\Users\labya\AndroidStudioProjects\MSWDOAPP\.gradle\7.0.2\dependencies-accessors)" [_thread_blocked, id=7860, stack(0x0000006172b00000,0x0000006172c00000)]
  0x0000021d1282d000 JavaThread "Cache worker for Build Output Cleanup Cache (C:\Users\labya\AndroidStudioProjects\MSWDOAPP\.gradle\buildOutputCleanup)" [_thread_blocked, id=8168, stack(0x0000006172c00000,0x0000006172d00000)]
  0x0000021d12830000 JavaThread "C2 CompilerThread1" daemon [_thread_blocked, id=2180, stack(0x0000006172d00000,0x0000006172e00000)]
  0x0000021d1282d800 JavaThread "Build operations" [_thread_blocked, id=20000, stack(0x0000006173200000,0x0000006173300000)]
  0x0000021d17afa800 JavaThread "Build operations Thread 2" [_thread_blocked, id=18312, stack(0x0000006173400000,0x0000006173500000)]
  0x0000021d17afe800 JavaThread "Build operations Thread 3" [_thread_blocked, id=9284, stack(0x0000006173500000,0x0000006173600000)]
  0x0000021d17b01000 JavaThread "Build operations Thread 4" [_thread_blocked, id=11488, stack(0x0000006173600000,0x0000006173700000)]
  0x0000021d17b02000 JavaThread "Build operations Thread 5" [_thread_blocked, id=9100, stack(0x0000006173700000,0x0000006173800000)]
  0x0000021d17aff800 JavaThread "Build operations Thread 6" [_thread_blocked, id=7120, stack(0x0000006173800000,0x0000006173900000)]
  0x0000021d17b04000 JavaThread "Build operations Thread 7" [_thread_blocked, id=18568, stack(0x0000006173900000,0x0000006173a00000)]
  0x0000021d17b05000 JavaThread "Build operations Thread 8" [_thread_blocked, id=17808, stack(0x0000006173a00000,0x0000006173b00000)]
  0x0000021d17b02800 JavaThread "C2 CompilerThread2" daemon [_thread_blocked, id=5512, stack(0x0000006173b00000,0x0000006173c00000)]
  0x0000021d17b06000 JavaThread "build event listener" [_thread_blocked, id=7364, stack(0x0000006174300000,0x0000006174400000)]
  0x0000021d17b07800 JavaThread "Execution worker for ':'" [_thread_blocked, id=12684, stack(0x0000006174400000,0x0000006174500000)]
  0x0000021d1a8df800 JavaThread "Execution worker for ':' Thread 2" [_thread_blocked, id=2260, stack(0x0000006174500000,0x0000006174600000)]
  0x0000021d1a8de000 JavaThread "Execution worker for ':' Thread 3" [_thread_blocked, id=10364, stack(0x0000006174600000,0x0000006174700000)]
  0x0000021d1a8dd000 JavaThread "Execution worker for ':' Thread 4" [_thread_blocked, id=5760, stack(0x0000006174700000,0x0000006174800000)]
  0x0000021d1a8e1000 JavaThread "Execution worker for ':' Thread 5" [_thread_blocked, id=15020, stack(0x0000006174800000,0x0000006174900000)]
  0x0000021d1a8e3800 JavaThread "Execution worker for ':' Thread 6" [_thread_blocked, id=4204, stack(0x0000006174900000,0x0000006174a00000)]
  0x0000021d1a8e4800 JavaThread "Execution worker for ':' Thread 7" [_thread_blocked, id=17916, stack(0x0000006174a00000,0x0000006174b00000)]
  0x0000021d12667000 JavaThread "Cache worker for execution history cache (C:\Users\labya\AndroidStudioProjects\MSWDOAPP\.gradle\7.0.2\executionHistory)" [_thread_blocked, id=20312, stack(0x0000006174b00000,0x0000006174c00000)]
  0x0000021d1266a000 JavaThread "WorkerExecutor Queue" [_thread_blocked, id=19344, stack(0x0000006174e00000,0x0000006174f00000)]

Other Threads:
=>0x0000021d11848000 VMThread "VM Thread" [stack: 0x0000006170500000,0x0000006170600000] [id=3848]
  0x0000021d1225e000 WatcherThread [stack: 0x0000006170f00000,0x0000006171000000] [id=16008]
  0x0000021d773a3000 GCTaskThread "GC Thread#0" [stack: 0x0000006170000000,0x0000006170100000] [id=17700]
  0x0000021d12694000 GCTaskThread "GC Thread#1" [stack: 0x0000006171100000,0x0000006171200000] [id=3264]
  0x0000021d12dbf800 GCTaskThread "GC Thread#2" [stack: 0x0000006171200000,0x0000006171300000] [id=12056]
  0x0000021d14239000 GCTaskThread "GC Thread#3" [stack: 0x0000006171d00000,0x0000006171e00000] [id=8660]
  0x0000021d127b4000 GCTaskThread "GC Thread#4" [stack: 0x0000006171e00000,0x0000006171f00000] [id=15712]
  0x0000021d129de800 GCTaskThread "GC Thread#5" [stack: 0x0000006171f00000,0x0000006172000000] [id=11684]
  0x0000021d135bc000 GCTaskThread "GC Thread#6" [stack: 0x0000006172000000,0x0000006172100000] [id=18160]
  0x0000021d1305f800 GCTaskThread "GC Thread#7" [stack: 0x0000006172100000,0x0000006172200000] [id=19612]
  0x0000021d773db800 ConcurrentGCThread "G1 Main Marker" [stack: 0x0000006170100000,0x0000006170200000] [id=1904]
  0x0000021d773e3800 ConcurrentGCThread "G1 Conc#0" [stack: 0x0000006170200000,0x0000006170300000] [id=11092]
  0x0000021d12f12000 ConcurrentGCThread "G1 Conc#1" [stack: 0x0000006172400000,0x0000006172500000] [id=9724]
  0x0000021d773dc800 ConcurrentGCThread "G1 Refine#0" [stack: 0x0000006170300000,0x0000006170400000] [id=13984]
  0x0000021d12f0f800 ConcurrentGCThread "G1 Refine#1" [stack: 0x0000006172200000,0x0000006172300000] [id=17048]
  0x0000021d11697800 ConcurrentGCThread "G1 Young RemSet Sampling" [stack: 0x0000006170400000,0x0000006170500000] [id=16568]

Threads with active compile tasks:
C2 CompilerThread02052538 26748 %     4       com.android.tools.r8.internal.T6::a @ 2246 (6044 bytes)
C1 CompilerThread02052538 26806       3       com.android.tools.r8.internal.E7::j (627 bytes)
C2 CompilerThread12052538 25666 %     4       com.android.tools.r8.internal.T6::a @ 3180 (4191 bytes)
C2 CompilerThread22052538 26774       4       org.gradle.api.internal.artifacts.transform.TransformingAsyncArtifactListener$TransformedArtifact::startFinalization (15 bytes)

VM state:at safepoint (normal execution)

VM Mutex/Monitor currently owned by a thread:  ([mutex/lock_event])
[0x0000021d77386f60] Threads_lock - owner thread: 0x0000021d11848000
[0x0000021d77388670] Heap_lock - owner thread: 0x0000021d17b01000

Heap address: 0x0000000080000000, size: 2048 MB, Compressed Oops mode: 32-bit
Narrow klass base: 0x0000000000000000, Narrow klass shift: 3
Compressed class space size: 1073741824 Address: 0x0000000100000000

Heap:
 garbage-first heap   total 616448K, used 179086K [0x0000000080000000, 0x0000000100000000)
  region size 1024K, 6 young (6144K), 6 survivors (6144K)
 Metaspace       used 131615K, capacity 135769K, committed 137804K, reserved 1169408K
  class space    used 16418K, capacity 17962K, committed 18764K, reserved 1048576K
Heap Regions: E=young(eden), S=young(survivor), O=old, HS=humongous(starts), HC=humongous(continues), CS=collection set, F=free, A=archive, TAMS=top-at-mark-start (previous, next)
|   0|0x0000000080000000, 0x0000000080100000, 0x0000000080100000|100%| O|  |TAMS 0x0000000080100000, 0x0000000080000000| Untracked 
|   1|0x0000000080100000, 0x0000000080200000, 0x0000000080200000|100%| O|  |TAMS 0x0000000080200000, 0x0000000080100000| Untracked 
|   2|0x0000000080200000, 0x0000000080300000, 0x0000000080300000|100%| O|  |TAMS 0x0000000080300000, 0x0000000080200000| Untracked 
|   3|0x0000000080300000, 0x0000000080400000, 0x0000000080400000|100%|HS|  |TAMS 0x0000000080400000, 0x0000000080300000| Complete 
|   4|0x0000000080400000, 0x0000000080500000, 0x0000000080500000|100%|HC|  |TAMS 0x0000000080500000, 0x0000000080400000| Complete 
|   5|0x0000000080500000, 0x0000000080600000, 0x0000000080600000|100%|HC|  |TAMS 0x0000000080600000, 0x0000000080500000| Complete 
|   6|0x0000000080600000, 0x0000000080700000, 0x0000000080700000|100%| O|  |TAMS 0x0000000080700000, 0x0000000080600000| Untracked 
|   7|0x0000000080700000, 0x0000000080800000, 0x0000000080800000|100%| O|  |TAMS 0x0000000080800000, 0x0000000080700000| Untracked 
|   8|0x0000000080800000, 0x0000000080900000, 0x0000000080900000|100%| O|  |TAMS 0x0000000080900000, 0x0000000080800000| Untracked 
|   9|0x0000000080900000, 0x0000000080a00000, 0x0000000080a00000|100%| O|  |TAMS 0x0000000080a00000, 0x0000000080900000| Untracked 
|  10|0x0000000080a00000, 0x0000000080b00000, 0x0000000080b00000|100%| O|  |TAMS 0x0000000080b00000, 0x0000000080a00000| Untracked 
|  11|0x0000000080b00000, 0x0000000080c00000, 0x0000000080c00000|100%| O|  |TAMS 0x0000000080c00000, 0x0000000080b00000| Untracked 
|  12|0x0000000080c00000, 0x0000000080d00000, 0x0000000080d00000|100%| O|  |TAMS 0x0000000080d00000, 0x0000000080c00000| Untracked 
|  13|0x0000000080d00000, 0x0000000080e00000, 0x0000000080e00000|100%| O|  |TAMS 0x0000000080e00000, 0x0000000080d00000| Untracked 
|  14|0x0000000080e00000, 0x0000000080f00000, 0x0000000080f00000|100%| O|  |TAMS 0x0000000080f00000, 0x0000000080e00000| Untracked 
|  15|0x0000000080f00000, 0x0000000081000000, 0x0000000081000000|100%| O|  |TAMS 0x0000000081000000, 0x0000000080f00000| Untracked 
|  16|0x0000000081000000, 0x0000000081100000, 0x0000000081100000|100%| O|  |TAMS 0x0000000081100000, 0x0000000081000000| Untracked 
|  17|0x0000000081100000, 0x0000000081200000, 0x0000000081200000|100%|HS|  |TAMS 0x0000000081200000, 0x0000000081100000| Complete 
|  18|0x0000000081200000, 0x0000000081300000, 0x0000000081300000|100%| O|  |TAMS 0x0000000081300000, 0x0000000081200000| Untracked 
|  19|0x0000000081300000, 0x0000000081400000, 0x0000000081400000|100%| O|  |TAMS 0x0000000081400000, 0x0000000081300000| Untracked 
|  20|0x0000000081400000, 0x0000000081500000, 0x0000000081500000|100%| O|  |TAMS 0x0000000081500000, 0x0000000081400000| Untracked 
|  21|0x0000000081500000, 0x0000000081600000, 0x0000000081600000|100%| O|  |TAMS 0x0000000081600000, 0x0000000081500000| Untracked 
|  22|0x0000000081600000, 0x0000000081700000, 0x0000000081700000|100%| O|  |TAMS 0x0000000081700000, 0x0000000081600000| Untracked 
|  23|0x0000000081700000, 0x0000000081800000, 0x0000000081800000|100%|HS|  |TAMS 0x0000000081800000, 0x0000000081700000| Complete 
|  24|0x0000000081800000, 0x0000000081900000, 0x0000000081900000|100%| O|  |TAMS 0x0000000081900000, 0x0000000081800000| Untracked 
|  25|0x0000000081900000, 0x0000000081a00000, 0x0000000081a00000|100%| O|  |TAMS 0x0000000081a00000, 0x0000000081900000| Untracked 
|  26|0x0000000081a00000, 0x0000000081b00000, 0x0000000081b00000|100%| O|  |TAMS 0x0000000081b00000, 0x0000000081a00000| Untracked 
|  27|0x0000000081b00000, 0x0000000081c00000, 0x0000000081c00000|100%| O|  |TAMS 0x0000000081c00000, 0x0000000081b00000| Untracked 
|  28|0x0000000081c00000, 0x0000000081d00000, 0x0000000081d00000|100%|HS|  |TAMS 0x0000000081d00000, 0x0000000081c00000| Complete 
|  29|0x0000000081d00000, 0x0000000081e00000, 0x0000000081e00000|100%|HS|  |TAMS 0x0000000081e00000, 0x0000000081d00000| Complete 
|  30|0x0000000081e00000, 0x0000000081f00000, 0x0000000081f00000|100%|HC|  |TAMS 0x0000000081f00000, 0x0000000081e00000| Complete 
|  31|0x0000000081f00000, 0x0000000082000000, 0x0000000082000000|100%|HC|  |TAMS 0x0000000082000000, 0x0000000081f00000| Complete 
|  32|0x0000000082000000, 0x0000000082100000, 0x0000000082100000|100%|HS|  |TAMS 0x0000000082100000, 0x0000000082000000| Complete 
|  33|0x0000000082100000, 0x0000000082200000, 0x0000000082200000|100%|HC|  |TAMS 0x0000000082200000, 0x0000000082100000| Complete 
|  34|0x0000000082200000, 0x0000000082300000, 0x0000000082300000|100%| O|  |TAMS 0x0000000082300000, 0x0000000082200000| Untracked 
|  35|0x0000000082300000, 0x0000000082400000, 0x0000000082400000|100%| O|  |TAMS 0x0000000082300000, 0x0000000082300000| Untracked 
|  36|0x0000000082400000, 0x0000000082500000, 0x0000000082500000|100%| O|  |TAMS 0x0000000082500000, 0x0000000082400000| Untracked 
|  37|0x0000000082500000, 0x0000000082600000, 0x0000000082600000|100%| O|  |TAMS 0x0000000082600000, 0x0000000082500000| Untracked 
|  38|0x0000000082600000, 0x0000000082700000, 0x0000000082700000|100%| O|  |TAMS 0x0000000082700000, 0x0000000082600000| Untracked 
|  39|0x0000000082700000, 0x0000000082800000, 0x0000000082800000|100%| O|  |TAMS 0x0000000082800000, 0x0000000082700000| Untracked 
|  40|0x0000000082800000, 0x0000000082900000, 0x0000000082900000|100%| O|  |TAMS 0x0000000082900000, 0x0000000082800000| Untracked 
|  41|0x0000000082900000, 0x0000000082a00000, 0x0000000082a00000|100%| O|  |TAMS 0x0000000082a00000, 0x0000000082900000| Untracked 
|  42|0x0000000082a00000, 0x0000000082b00000, 0x0000000082b00000|100%| O|  |TAMS 0x0000000082b00000, 0x0000000082a00000| Untracked 
|  43|0x0000000082b00000, 0x0000000082c00000, 0x0000000082c00000|100%| O|  |TAMS 0x0000000082c00000, 0x0000000082b00000| Untracked 
|  44|0x0000000082c00000, 0x0000000082d00000, 0x0000000082d00000|100%| O|  |TAMS 0x0000000082d00000, 0x0000000082c00000| Untracked 
|  45|0x0000000082d00000, 0x0000000082e00000, 0x0000000082e00000|100%| O|  |TAMS 0x0000000082e00000, 0x0000000082d00000| Untracked 
|  46|0x0000000082e00000, 0x0000000082f00000, 0x0000000082f00000|100%| O|  |TAMS 0x0000000082f00000, 0x0000000082e00000| Untracked 
|  47|0x0000000082f00000, 0x0000000083000000, 0x0000000083000000|100%| O|  |TAMS 0x0000000083000000, 0x0000000082f00000| Untracked 
|  48|0x0000000083000000, 0x0000000083100000, 0x0000000083100000|100%| O|  |TAMS 0x0000000083100000, 0x0000000083000000| Untracked 
|  49|0x0000000083100000, 0x0000000083200000, 0x0000000083200000|100%| O|  |TAMS 0x0000000083200000, 0x0000000083100000| Untracked 
|  50|0x0000000083200000, 0x0000000083300000, 0x0000000083300000|100%| O|  |TAMS 0x0000000083200000, 0x0000000083200000| Untracked 
|  51|0x0000000083300000, 0x0000000083400000, 0x0000000083400000|100%| O|  |TAMS 0x0000000083300000, 0x0000000083300000| Untracked 
|  52|0x0000000083400000, 0x0000000083500000, 0x0000000083500000|100%| O|  |TAMS 0x0000000083500000, 0x0000000083400000| Untracked 
|  53|0x0000000083500000, 0x0000000083600000, 0x0000000083600000|100%| O|  |TAMS 0x0000000083600000, 0x0000000083500000| Untracked 
|  54|0x0000000083600000, 0x0000000083700000, 0x0000000083700000|100%| O|  |TAMS 0x0000000083700000, 0x0000000083600000| Untracked 
|  55|0x0000000083700000, 0x0000000083800000, 0x0000000083800000|100%| O|  |TAMS 0x0000000083700000, 0x0000000083700000| Untracked 
|  56|0x0000000083800000, 0x0000000083900000, 0x0000000083900000|100%| O|  |TAMS 0x0000000083900000, 0x0000000083800000| Untracked 
|  57|0x0000000083900000, 0x0000000083a00000, 0x0000000083a00000|100%| O|  |TAMS 0x0000000083a00000, 0x0000000083900000| Untracked 
|  58|0x0000000083a00000, 0x0000000083b00000, 0x0000000083b00000|100%| O|  |TAMS 0x0000000083b00000, 0x0000000083a00000| Untracked 
|  59|0x0000000083b00000, 0x0000000083c00000, 0x0000000083c00000|100%| O|  |TAMS 0x0000000083c00000, 0x0000000083b00000| Untracked 
|  60|0x0000000083c00000, 0x0000000083d00000, 0x0000000083d00000|100%| O|  |TAMS 0x0000000083c00000, 0x0000000083c00000| Untracked 
|  61|0x0000000083d00000, 0x0000000083e00000, 0x0000000083e00000|100%| O|  |TAMS 0x0000000083d00000, 0x0000000083d00000| Untracked 
|  62|0x0000000083e00000, 0x0000000083f00000, 0x0000000083f00000|100%| O|  |TAMS 0x0000000083e00000, 0x0000000083e00000| Untracked 
|  63|0x0000000083f00000, 0x0000000084000000, 0x0000000084000000|100%| O|  |TAMS 0x0000000084000000, 0x0000000083f00000| Untracked 
|  64|0x0000000084000000, 0x0000000084100000, 0x0000000084100000|100%| O|  |TAMS 0x0000000084000000, 0x0000000084000000| Untracked 
|  65|0x0000000084100000, 0x0000000084200000, 0x0000000084200000|100%| O|  |TAMS 0x0000000084100000, 0x0000000084100000| Untracked 
|  66|0x0000000084200000, 0x0000000084300000, 0x0000000084300000|100%| O|  |TAMS 0x0000000084300000, 0x0000000084200000| Untracked 
|  67|0x0000000084300000, 0x0000000084400000, 0x0000000084400000|100%| O|  |TAMS 0x0000000084400000, 0x0000000084300000| Untracked 
|  68|0x0000000084400000, 0x0000000084500000, 0x0000000084500000|100%| O|  |TAMS 0x0000000084500000, 0x0000000084400000| Untracked 
|  69|0x0000000084500000, 0x0000000084600000, 0x0000000084600000|100%| O|  |TAMS 0x0000000084600000, 0x0000000084500000| Untracked 
|  70|0x0000000084600000, 0x0000000084700000, 0x0000000084700000|100%| O|  |TAMS 0x0000000084700000, 0x0000000084600000| Untracked 
|  71|0x0000000084700000, 0x0000000084800000, 0x0000000084800000|100%| O|  |TAMS 0x0000000084700000, 0x0000000084700000| Untracked 
|  72|0x0000000084800000, 0x0000000084900000, 0x0000000084900000|100%| O|  |TAMS 0x0000000084900000, 0x0000000084800000| Untracked 
|  73|0x0000000084900000, 0x0000000084a00000, 0x0000000084a00000|100%| O|  |TAMS 0x0000000084a00000, 0x0000000084900000| Untracked 
|  74|0x0000000084a00000, 0x0000000084b00000, 0x0000000084b00000|100%| O|  |TAMS 0x0000000084b00000, 0x0000000084a00000| Untracked 
|  75|0x0000000084b00000, 0x0000000084c00000, 0x0000000084c00000|100%| O|  |TAMS 0x0000000084c00000, 0x0000000084b00000| Untracked 
|  76|0x0000000084c00000, 0x0000000084d00000, 0x0000000084d00000|100%| O|  |TAMS 0x0000000084d00000, 0x0000000084c00000| Untracked 
|  77|0x0000000084d00000, 0x0000000084e00000, 0x0000000084e00000|100%| O|  |TAMS 0x0000000084d00000, 0x0000000084d00000| Untracked 
|  78|0x0000000084e00000, 0x0000000084f00000, 0x0000000084f00000|100%| O|  |TAMS 0x0000000084e00000, 0x0000000084e00000| Untracked 
|  79|0x0000000084f00000, 0x0000000085000000, 0x0000000085000000|100%| O|  |TAMS 0x0000000084f00000, 0x0000000084f00000| Untracked 
|  80|0x0000000085000000, 0x0000000085100000, 0x0000000085100000|100%| O|  |TAMS 0x0000000085000000, 0x0000000085000000| Untracked 
|  81|0x0000000085100000, 0x0000000085200000, 0x0000000085200000|100%| O|  |TAMS 0x0000000085100000, 0x0000000085100000| Untracked 
|  82|0x0000000085200000, 0x0000000085300000, 0x0000000085300000|100%| O|  |TAMS 0x0000000085200000, 0x0000000085200000| Untracked 
|  83|0x0000000085300000, 0x0000000085400000, 0x0000000085400000|100%| O|  |TAMS 0x0000000085300000, 0x0000000085300000| Untracked 
|  84|0x0000000085400000, 0x0000000085500000, 0x0000000085500000|100%| O|  |TAMS 0x0000000085500000, 0x0000000085400000| Untracked 
|  85|0x0000000085500000, 0x0000000085600000, 0x0000000085600000|100%| O|  |TAMS 0x0000000085500000, 0x0000000085500000| Untracked 
|  86|0x0000000085600000, 0x0000000085700000, 0x0000000085700000|100%| O|  |TAMS 0x0000000085600000, 0x0000000085600000| Untracked 
|  87|0x0000000085700000, 0x0000000085800000, 0x0000000085800000|100%| O|  |TAMS 0x0000000085800000, 0x0000000085700000| Untracked 
|  88|0x0000000085800000, 0x0000000085900000, 0x0000000085900000|100%| O|  |TAMS 0x0000000085800000, 0x0000000085800000| Untracked 
|  89|0x0000000085900000, 0x0000000085a00000, 0x0000000085a00000|100%| O|  |TAMS 0x0000000085900000, 0x0000000085900000| Untracked 
|  90|0x0000000085a00000, 0x0000000085b00000, 0x0000000085b00000|100%| O|  |TAMS 0x0000000085a00000, 0x0000000085a00000| Untracked 
|  91|0x0000000085b00000, 0x0000000085c00000, 0x0000000085c00000|100%| O|  |TAMS 0x0000000085b00000, 0x0000000085b00000| Untracked 
|  92|0x0000000085c00000, 0x0000000085d00000, 0x0000000085d00000|100%| O|  |TAMS 0x0000000085c00000, 0x0000000085c00000| Untracked 
|  93|0x0000000085d00000, 0x0000000085e00000, 0x0000000085e00000|100%| O|  |TAMS 0x0000000085d00000, 0x0000000085d00000| Untracked 
|  94|0x0000000085e00000, 0x0000000085f00000, 0x0000000085f00000|100%| O|  |TAMS 0x0000000085f00000, 0x0000000085e00000| Untracked 
|  95|0x0000000085f00000, 0x0000000086000000, 0x0000000086000000|100%| O|  |TAMS 0x0000000085f00000, 0x0000000085f00000| Untracked 
|  96|0x0000000086000000, 0x000000008601f200, 0x0000000086100000| 12%| O|  |TAMS 0x0000000086000000, 0x0000000086000000| Untracked 
|  97|0x0000000086100000, 0x0000000086100000, 0x0000000086200000|  0%| F|  |TAMS 0x0000000086100000, 0x0000000086100000| Untracked 
|  98|0x0000000086200000, 0x0000000086300000, 0x0000000086300000|100%| O|  |TAMS 0x0000000086200000, 0x0000000086200000| Untracked 
|  99|0x0000000086300000, 0x0000000086400000, 0x0000000086400000|100%| O|  |TAMS 0x0000000086300000, 0x0000000086300000| Untracked 
| 100|0x0000000086400000, 0x0000000086400000, 0x0000000086500000|  0%| F|  |TAMS 0x0000000086400000, 0x0000000086400000| Untracked 
| 101|0x0000000086500000, 0x0000000086500000, 0x0000000086600000|  0%| F|  |TAMS 0x0000000086500000, 0x0000000086500000| Untracked 
| 102|0x0000000086600000, 0x0000000086700000, 0x0000000086700000|100%| O|  |TAMS 0x0000000086600000, 0x0000000086600000| Untracked 
| 103|0x0000000086700000, 0x0000000086800000, 0x0000000086800000|100%| O|  |TAMS 0x0000000086700000, 0x0000000086700000| Untracked 
| 104|0x0000000086800000, 0x0000000086900000, 0x0000000086900000|100%| O|  |TAMS 0x0000000086800000, 0x0000000086800000| Untracked 
| 105|0x0000000086900000, 0x0000000086900000, 0x0000000086a00000|  0%| F|  |TAMS 0x0000000086900000, 0x0000000086900000| Untracked 
| 106|0x0000000086a00000, 0x0000000086a00000, 0x0000000086b00000|  0%| F|  |TAMS 0x0000000086a00000, 0x0000000086a00000| Untracked 
| 107|0x0000000086b00000, 0x0000000086b00000, 0x0000000086c00000|  0%| F|  |TAMS 0x0000000086b00000, 0x0000000086b00000| Untracked 
| 108|0x0000000086c00000, 0x0000000086c00000, 0x0000000086d00000|  0%| F|  |TAMS 0x0000000086c00000, 0x0000000086c00000| Untracked 
| 109|0x0000000086d00000, 0x0000000086d00000, 0x0000000086e00000|  0%| F|  |TAMS 0x0000000086d00000, 0x0000000086d00000| Untracked 
| 110|0x0000000086e00000, 0x0000000086e00000, 0x0000000086f00000|  0%| F|  |TAMS 0x0000000086e00000, 0x0000000086e00000| Untracked 
| 111|0x0000000086f00000, 0x0000000086f00000, 0x0000000087000000|  0%| F|  |TAMS 0x0000000086f00000, 0x0000000086f00000| Untracked 
| 112|0x0000000087000000, 0x0000000087000000, 0x0000000087100000|  0%| F|  |TAMS 0x0000000087000000, 0x0000000087000000| Untracked 
| 113|0x0000000087100000, 0x0000000087100000, 0x0000000087200000|  0%| F|  |TAMS 0x0000000087100000, 0x0000000087100000| Untracked 
| 114|0x0000000087200000, 0x0000000087200000, 0x0000000087300000|  0%| F|  |TAMS 0x0000000087200000, 0x0000000087200000| Untracked 
| 115|0x0000000087300000, 0x0000000087300000, 0x0000000087400000|  0%| F|  |TAMS 0x0000000087300000, 0x0000000087300000| Untracked 
| 116|0x0000000087400000, 0x0000000087500000, 0x0000000087500000|100%| O|  |TAMS 0x0000000087400000, 0x0000000087400000| Untracked 
| 117|0x0000000087500000, 0x0000000087500000, 0x0000000087600000|  0%| F|  |TAMS 0x0000000087500000, 0x0000000087500000| Untracked 
| 118|0x0000000087600000, 0x0000000087600000, 0x0000000087700000|  0%| F|  |TAMS 0x0000000087600000, 0x0000000087600000| Untracked 
| 119|0x0000000087700000, 0x0000000087800000, 0x0000000087800000|100%| O|  |TAMS 0x0000000087700000, 0x0000000087700000| Untracked 
| 120|0x0000000087800000, 0x0000000087800000, 0x0000000087900000|  0%| F|  |TAMS 0x0000000087800000, 0x0000000087800000| Untracked 
| 121|0x0000000087900000, 0x0000000087900000, 0x0000000087a00000|  0%| F|  |TAMS 0x0000000087900000, 0x0000000087900000| Untracked 
| 122|0x0000000087a00000, 0x0000000087a00000, 0x0000000087b00000|  0%| F|  |TAMS 0x0000000087a00000, 0x0000000087a00000| Untracked 
| 123|0x0000000087b00000, 0x0000000087b00000, 0x0000000087c00000|  0%| F|  |TAMS 0x0000000087b00000, 0x0000000087b00000| Untracked 
| 124|0x0000000087c00000, 0x0000000087c00000, 0x0000000087d00000|  0%| F|  |TAMS 0x0000000087c00000, 0x0000000087c00000| Untracked 
| 125|0x0000000087d00000, 0x0000000087d00000, 0x0000000087e00000|  0%| F|  |TAMS 0x0000000087d00000, 0x0000000087d00000| Untracked 
| 126|0x0000000087e00000, 0x0000000087e00000, 0x0000000087f00000|  0%| F|  |TAMS 0x0000000087e00000, 0x0000000087e00000| Untracked 
| 127|0x0000000087f00000, 0x0000000087f00000, 0x0000000088000000|  0%| F|  |TAMS 0x0000000087f00000, 0x0000000087f00000| Untracked 
| 128|0x0000000088000000, 0x0000000088000000, 0x0000000088100000|  0%| F|  |TAMS 0x0000000088000000, 0x0000000088000000| Untracked 
| 129|0x0000000088100000, 0x0000000088100000, 0x0000000088200000|  0%| F|  |TAMS 0x0000000088100000, 0x0000000088100000| Untracked 
| 130|0x0000000088200000, 0x0000000088200000, 0x0000000088300000|  0%| F|  |TAMS 0x0000000088200000, 0x0000000088200000| Untracked 
| 131|0x0000000088300000, 0x0000000088300000, 0x0000000088400000|  0%| F|  |TAMS 0x0000000088300000, 0x0000000088300000| Untracked 
| 132|0x0000000088400000, 0x0000000088500000, 0x0000000088500000|100%| O|  |TAMS 0x0000000088500000, 0x0000000088400000| Untracked 
| 133|0x0000000088500000, 0x0000000088600000, 0x0000000088600000|100%| O|  |TAMS 0x0000000088600000, 0x0000000088500000| Untracked 
| 134|0x0000000088600000, 0x0000000088700000, 0x0000000088700000|100%| O|  |TAMS 0x0000000088700000, 0x0000000088600000| Untracked 
| 135|0x0000000088700000, 0x0000000088800000, 0x0000000088800000|100%| O|  |TAMS 0x0000000088800000, 0x0000000088700000| Untracked 
| 136|0x0000000088800000, 0x0000000088900000, 0x0000000088900000|100%| O|  |TAMS 0x0000000088900000, 0x0000000088800000| Untracked 
| 137|0x0000000088900000, 0x0000000088a00000, 0x0000000088a00000|100%| O|  |TAMS 0x0000000088a00000, 0x0000000088900000| Untracked 
| 138|0x0000000088a00000, 0x0000000088a00000, 0x0000000088b00000|  0%| F|  |TAMS 0x0000000088a00000, 0x0000000088a00000| Untracked 
| 139|0x0000000088b00000, 0x0000000088c00000, 0x0000000088c00000|100%| O|  |TAMS 0x0000000088c00000, 0x0000000088b00000| Untracked 
| 140|0x0000000088c00000, 0x0000000088c00000, 0x0000000088d00000|  0%| F|  |TAMS 0x0000000088c00000, 0x0000000088c00000| Untracked 
| 141|0x0000000088d00000, 0x0000000088d00000, 0x0000000088e00000|  0%| F|  |TAMS 0x0000000088d00000, 0x0000000088d00000| Untracked 
| 142|0x0000000088e00000, 0x0000000088e00000, 0x0000000088f00000|  0%| F|  |TAMS 0x0000000088e00000, 0x0000000088e00000| Untracked 
| 143|0x0000000088f00000, 0x0000000088f00000, 0x0000000089000000|  0%| F|  |TAMS 0x0000000088f00000, 0x0000000088f00000| Untracked 
| 144|0x0000000089000000, 0x0000000089000000, 0x0000000089100000|  0%| F|  |TAMS 0x0000000089000000, 0x0000000089000000| Untracked 
| 145|0x0000000089100000, 0x0000000089100000, 0x0000000089200000|  0%| F|  |TAMS 0x0000000089100000, 0x0000000089100000| Untracked 
| 146|0x0000000089200000, 0x0000000089200000, 0x0000000089300000|  0%| F|  |TAMS 0x0000000089200000, 0x0000000089200000| Untracked 
| 147|0x0000000089300000, 0x0000000089300000, 0x0000000089400000|  0%| F|  |TAMS 0x0000000089300000, 0x0000000089300000| Untracked 
| 148|0x0000000089400000, 0x0000000089400000, 0x0000000089500000|  0%| F|  |TAMS 0x0000000089400000, 0x0000000089400000| Untracked 
| 149|0x0000000089500000, 0x0000000089500000, 0x0000000089600000|  0%| F|  |TAMS 0x0000000089500000, 0x0000000089500000| Untracked 
| 150|0x0000000089600000, 0x0000000089600000, 0x0000000089700000|  0%| F|  |TAMS 0x0000000089600000, 0x0000000089600000| Untracked 
| 151|0x0000000089700000, 0x0000000089700000, 0x0000000089800000|  0%| F|  |TAMS 0x0000000089700000, 0x0000000089700000| Untracked 
| 152|0x0000000089800000, 0x0000000089800000, 0x0000000089900000|  0%| F|  |TAMS 0x0000000089800000, 0x0000000089800000| Untracked 
| 153|0x0000000089900000, 0x0000000089900000, 0x0000000089a00000|  0%| F|  |TAMS 0x0000000089900000, 0x0000000089900000| Untracked 
| 154|0x0000000089a00000, 0x0000000089a00000, 0x0000000089b00000|  0%| F|  |TAMS 0x0000000089a00000, 0x0000000089a00000| Untracked 
| 155|0x0000000089b00000, 0x0000000089b00000, 0x0000000089c00000|  0%| F|  |TAMS 0x0000000089b00000, 0x0000000089b00000| Untracked 
| 156|0x0000000089c00000, 0x0000000089d00000, 0x0000000089d00000|100%|HS|  |TAMS 0x0000000089d00000, 0x0000000089c00000| Complete 
| 157|0x0000000089d00000, 0x0000000089e00000, 0x0000000089e00000|100%| O|  |TAMS 0x0000000089e00000, 0x0000000089d00000| Untracked 
| 158|0x0000000089e00000, 0x0000000089f00000, 0x0000000089f00000|100%| O|  |TAMS 0x0000000089f00000, 0x0000000089e00000| Untracked 
| 159|0x0000000089f00000, 0x0000000089f00000, 0x000000008a000000|  0%| F|  |TAMS 0x0000000089f00000, 0x0000000089f00000| Untracked 
| 160|0x000000008a000000, 0x000000008a000000, 0x000000008a100000|  0%| F|  |TAMS 0x000000008a000000, 0x000000008a000000| Untracked 
| 161|0x000000008a100000, 0x000000008a100000, 0x000000008a200000|  0%| F|  |TAMS 0x000000008a100000, 0x000000008a100000| Untracked 
| 162|0x000000008a200000, 0x000000008a200000, 0x000000008a300000|  0%| F|  |TAMS 0x000000008a200000, 0x000000008a200000| Untracked 
| 163|0x000000008a300000, 0x000000008a300000, 0x000000008a400000|  0%| F|  |TAMS 0x000000008a300000, 0x000000008a300000| Untracked 
| 164|0x000000008a400000, 0x000000008a400000, 0x000000008a500000|  0%| F|  |TAMS 0x000000008a400000, 0x000000008a400000| Untracked 
| 165|0x000000008a500000, 0x000000008a600000, 0x000000008a600000|100%| O|  |TAMS 0x000000008a600000, 0x000000008a500000| Untracked 
| 166|0x000000008a600000, 0x000000008a600000, 0x000000008a700000|  0%| F|  |TAMS 0x000000008a600000, 0x000000008a600000| Untracked 
| 167|0x000000008a700000, 0x000000008a700000, 0x000000008a800000|  0%| F|  |TAMS 0x000000008a700000, 0x000000008a700000| Untracked 
| 168|0x000000008a800000, 0x000000008a800000, 0x000000008a900000|  0%| F|  |TAMS 0x000000008a800000, 0x000000008a800000| Untracked 
| 169|0x000000008a900000, 0x000000008aa00000, 0x000000008aa00000|100%| O|  |TAMS 0x000000008aa00000, 0x000000008a900000| Untracked 
| 170|0x000000008aa00000, 0x000000008ab00000, 0x000000008ab00000|100%| O|  |TAMS 0x000000008ab00000, 0x000000008aa00000| Untracked 
| 171|0x000000008ab00000, 0x000000008ac00000, 0x000000008ac00000|100%| O|  |TAMS 0x000000008ac00000, 0x000000008ab00000| Untracked 
| 172|0x000000008ac00000, 0x000000008ad00000, 0x000000008ad00000|100%| O|  |TAMS 0x000000008ad00000, 0x000000008ac00000| Untracked 
| 173|0x000000008ad00000, 0x000000008ae00000, 0x000000008ae00000|100%| O|  |TAMS 0x000000008ae00000, 0x000000008ad00000| Untracked 
| 174|0x000000008ae00000, 0x000000008af00000, 0x000000008af00000|100%| O|  |TAMS 0x000000008af00000, 0x000000008ae00000| Untracked 
| 175|0x000000008af00000, 0x000000008b000000, 0x000000008b000000|100%|HS|  |TAMS 0x000000008b000000, 0x000000008af00000| Complete 
| 176|0x000000008b000000, 0x000000008b100000, 0x000000008b100000|100%|HC|  |TAMS 0x000000008b100000, 0x000000008b000000| Complete 
| 177|0x000000008b100000, 0x000000008b200000, 0x000000008b200000|100%| O|  |TAMS 0x000000008b200000, 0x000000008b100000| Untracked 
| 178|0x000000008b200000, 0x000000008b300000, 0x000000008b300000|100%| O|  |TAMS 0x000000008b300000, 0x000000008b200000| Untracked 
| 179|0x000000008b300000, 0x000000008b400000, 0x000000008b400000|100%| O|  |TAMS 0x000000008b400000, 0x000000008b300000| Untracked 
| 180|0x000000008b400000, 0x000000008b500000, 0x000000008b500000|100%| O|  |TAMS 0x000000008b500000, 0x000000008b400000| Untracked 
| 181|0x000000008b500000, 0x000000008b600000, 0x000000008b600000|100%| O|  |TAMS 0x000000008b600000, 0x000000008b500000| Untracked 
| 182|0x000000008b600000, 0x000000008b700000, 0x000000008b700000|100%| O|  |TAMS 0x000000008b700000, 0x000000008b600000| Untracked 
| 183|0x000000008b700000, 0x000000008b800000, 0x000000008b800000|100%| O|  |TAMS 0x000000008b800000, 0x000000008b700000| Untracked 
| 184|0x000000008b800000, 0x000000008b900000, 0x000000008b900000|100%| O|  |TAMS 0x000000008b900000, 0x000000008b800000| Untracked 
| 185|0x000000008b900000, 0x000000008ba00000, 0x000000008ba00000|100%| O|  |TAMS 0x000000008ba00000, 0x000000008b900000| Untracked 
| 186|0x000000008ba00000, 0x000000008bb00000, 0x000000008bb00000|100%| O|  |TAMS 0x000000008bb00000, 0x000000008ba00000| Untracked 
| 187|0x000000008bb00000, 0x000000008bc00000, 0x000000008bc00000|100%| O|  |TAMS 0x000000008bc00000, 0x000000008bb00000| Untracked 
| 188|0x000000008bc00000, 0x000000008bd00000, 0x000000008bd00000|100%| O|  |TAMS 0x000000008bd00000, 0x000000008bc00000| Untracked 
| 189|0x000000008bd00000, 0x000000008be00000, 0x000000008be00000|100%| O|  |TAMS 0x000000008be00000, 0x000000008bd00000| Untracked 
| 190|0x000000008be00000, 0x000000008bf00000, 0x000000008bf00000|100%| O|  |TAMS 0x000000008bf00000, 0x000000008be00000| Untracked 
| 191|0x000000008bf00000, 0x000000008c000000, 0x000000008c000000|100%| O|  |TAMS 0x000000008c000000, 0x000000008bf00000| Untracked 
| 192|0x000000008c000000, 0x000000008c100000, 0x000000008c100000|100%| O|  |TAMS 0x000000008c100000, 0x000000008c000000| Untracked 
| 193|0x000000008c100000, 0x000000008c200000, 0x000000008c200000|100%| O|  |TAMS 0x000000008c200000, 0x000000008c100000| Untracked 
| 194|0x000000008c200000, 0x000000008c300000, 0x000000008c300000|100%| O|  |TAMS 0x000000008c300000, 0x000000008c200000| Untracked 
| 195|0x000000008c300000, 0x000000008c400000, 0x000000008c400000|100%| O|  |TAMS 0x000000008c400000, 0x000000008c300000| Untracked 
| 196|0x000000008c400000, 0x000000008c500000, 0x000000008c500000|100%| O|  |TAMS 0x000000008c500000, 0x000000008c400000| Untracked 
| 197|0x000000008c500000, 0x000000008c600000, 0x000000008c600000|100%| O|  |TAMS 0x000000008c600000, 0x000000008c500000| Untracked 
| 198|0x000000008c600000, 0x000000008c700000, 0x000000008c700000|100%| O|  |TAMS 0x000000008c700000, 0x000000008c600000| Untracked 
| 199|0x000000008c700000, 0x000000008c700000, 0x000000008c800000|  0%| F|  |TAMS 0x000000008c700000, 0x000000008c700000| Untracked 
| 200|0x000000008c800000, 0x000000008c900000, 0x000000008c900000|100%| O|  |TAMS 0x000000008c900000, 0x000000008c800000| Untracked 
| 201|0x000000008c900000, 0x000000008ca00000, 0x000000008ca00000|100%| O|  |TAMS 0x000000008ca00000, 0x000000008c900000| Untracked 
| 202|0x000000008ca00000, 0x000000008cb00000, 0x000000008cb00000|100%| O|  |TAMS 0x000000008cb00000, 0x000000008ca00000| Untracked 
| 203|0x000000008cb00000, 0x000000008cc00000, 0x000000008cc00000|100%| O|  |TAMS 0x000000008cc00000, 0x000000008cb00000| Untracked 
| 204|0x000000008cc00000, 0x000000008cd00000, 0x000000008cd00000|100%| O|  |TAMS 0x000000008cd00000, 0x000000008cc00000| Untracked 
| 205|0x000000008cd00000, 0x000000008ce00000, 0x000000008ce00000|100%| O|  |TAMS 0x000000008ce00000, 0x000000008cd00000| Untracked 
| 206|0x000000008ce00000, 0x000000008cf00000, 0x000000008cf00000|100%| O|  |TAMS 0x000000008cf00000, 0x000000008ce00000| Untracked 
| 207|0x000000008cf00000, 0x000000008d000000, 0x000000008d000000|100%| O|  |TAMS 0x000000008d000000, 0x000000008cf00000| Untracked 
| 208|0x000000008d000000, 0x000000008d100000, 0x000000008d100000|100%| O|  |TAMS 0x000000008d100000, 0x000000008d000000| Untracked 
| 209|0x000000008d100000, 0x000000008d100000, 0x000000008d200000|  0%| F|  |TAMS 0x000000008d100000, 0x000000008d100000| Untracked 
| 210|0x000000008d200000, 0x000000008d200000, 0x000000008d300000|  0%| F|  |TAMS 0x000000008d200000, 0x000000008d200000| Untracked 
| 211|0x000000008d300000, 0x000000008d400000, 0x000000008d400000|100%| O|  |TAMS 0x000000008d400000, 0x000000008d300000| Untracked 
| 212|0x000000008d400000, 0x000000008d500000, 0x000000008d500000|100%| O|  |TAMS 0x000000008d500000, 0x000000008d400000| Untracked 
| 213|0x000000008d500000, 0x000000008d600000, 0x000000008d600000|100%| O|  |TAMS 0x000000008d600000, 0x000000008d500000| Untracked 
| 214|0x000000008d600000, 0x000000008d700000, 0x000000008d700000|100%| O|  |TAMS 0x000000008d700000, 0x000000008d600000| Untracked 
| 215|0x000000008d700000, 0x000000008d800000, 0x000000008d800000|100%| O|  |TAMS 0x000000008d800000, 0x000000008d700000| Untracked 
| 216|0x000000008d800000, 0x000000008d900000, 0x000000008d900000|100%| O|  |TAMS 0x000000008d900000, 0x000000008d800000| Untracked 
| 217|0x000000008d900000, 0x000000008d900000, 0x000000008da00000|  0%| F|  |TAMS 0x000000008d900000, 0x000000008d900000| Untracked 
| 218|0x000000008da00000, 0x000000008db00000, 0x000000008db00000|100%| O|  |TAMS 0x000000008db00000, 0x000000008da00000| Untracked 
| 219|0x000000008db00000, 0x000000008dc00000, 0x000000008dc00000|100%| O|  |TAMS 0x000000008dc00000, 0x000000008db00000| Untracked 
| 220|0x000000008dc00000, 0x000000008dd00000, 0x000000008dd00000|100%| O|  |TAMS 0x000000008dd00000, 0x000000008dc00000| Untracked 
| 221|0x000000008dd00000, 0x000000008de00000, 0x000000008de00000|100%| O|  |TAMS 0x000000008de00000, 0x000000008dd00000| Untracked 
| 222|0x000000008de00000, 0x000000008df00000, 0x000000008df00000|100%| O|  |TAMS 0x000000008df00000, 0x000000008de00000| Untracked 
| 223|0x000000008df00000, 0x000000008df00000, 0x000000008e000000|  0%| F|  |TAMS 0x000000008df00000, 0x000000008df00000| Untracked 
| 224|0x000000008e000000, 0x000000008e100000, 0x000000008e100000|100%| O|  |TAMS 0x000000008e100000, 0x000000008e000000| Untracked 
| 225|0x000000008e100000, 0x000000008e200000, 0x000000008e200000|100%| O|  |TAMS 0x000000008e200000, 0x000000008e100000| Untracked 
| 226|0x000000008e200000, 0x000000008e300000, 0x000000008e300000|100%| O|  |TAMS 0x000000008e300000, 0x000000008e200000| Untracked 
| 227|0x000000008e300000, 0x000000008e400000, 0x000000008e400000|100%| O|  |TAMS 0x000000008e400000, 0x000000008e300000| Untracked 
| 228|0x000000008e400000, 0x000000008e500000, 0x000000008e500000|100%| O|  |TAMS 0x000000008e500000, 0x000000008e400000| Untracked 
| 229|0x000000008e500000, 0x000000008e500000, 0x000000008e600000|  0%| F|  |TAMS 0x000000008e500000, 0x000000008e500000| Untracked 
| 230|0x000000008e600000, 0x000000008e600000, 0x000000008e700000|  0%| F|  |TAMS 0x000000008e600000, 0x000000008e600000| Untracked 
| 231|0x000000008e700000, 0x000000008e700000, 0x000000008e800000|  0%| F|  |TAMS 0x000000008e700000, 0x000000008e700000| Untracked 
| 232|0x000000008e800000, 0x000000008e800000, 0x000000008e900000|  0%| F|  |TAMS 0x000000008e800000, 0x000000008e800000| Untracked 
| 233|0x000000008e900000, 0x000000008e900000, 0x000000008ea00000|  0%| F|  |TAMS 0x000000008e900000, 0x000000008e900000| Untracked 
| 234|0x000000008ea00000, 0x000000008eac47a0, 0x000000008eb00000| 76%| S|CS|TAMS 0x000000008ea00000, 0x000000008ea00000| Complete 
| 235|0x000000008eb00000, 0x000000008ec00000, 0x000000008ec00000|100%| S|CS|TAMS 0x000000008eb00000, 0x000000008eb00000| Complete 
| 236|0x000000008ec00000, 0x000000008ed00000, 0x000000008ed00000|100%| S|CS|TAMS 0x000000008ec00000, 0x000000008ec00000| Complete 
| 237|0x000000008ed00000, 0x000000008ee00000, 0x000000008ee00000|100%| S|CS|TAMS 0x000000008ed00000, 0x000000008ed00000| Complete 
| 238|0x000000008ee00000, 0x000000008ef00000, 0x000000008ef00000|100%| S|CS|TAMS 0x000000008ee00000, 0x000000008ee00000| Complete 
| 239|0x000000008ef00000, 0x000000008f000000, 0x000000008f000000|100%| S|CS|TAMS 0x000000008ef00000, 0x000000008ef00000| Complete 
| 240|0x000000008f000000, 0x000000008f000000, 0x000000008f100000|  0%| F|  |TAMS 0x000000008f000000, 0x000000008f000000| Untracked 
| 241|0x000000008f100000, 0x000000008f100000, 0x000000008f200000|  0%| F|  |TAMS 0x000000008f100000, 0x000000008f100000| Untracked 
| 242|0x000000008f200000, 0x000000008f200000, 0x000000008f300000|  0%| F|  |TAMS 0x000000008f200000, 0x000000008f200000| Untracked 
| 243|0x000000008f300000, 0x000000008f300000, 0x000000008f400000|  0%| F|  |TAMS 0x000000008f300000, 0x000000008f300000| Untracked 
| 244|0x000000008f400000, 0x000000008f400000, 0x000000008f500000|  0%| F|  |TAMS 0x000000008f400000, 0x000000008f400000| Untracked 
| 245|0x000000008f500000, 0x000000008f500000, 0x000000008f600000|  0%| F|  |TAMS 0x000000008f500000, 0x000000008f500000| Untracked 
| 246|0x000000008f600000, 0x000000008f600000, 0x000000008f700000|  0%| F|  |TAMS 0x000000008f600000, 0x000000008f600000| Untracked 
| 247|0x000000008f700000, 0x000000008f700000, 0x000000008f800000|  0%| F|  |TAMS 0x000000008f700000, 0x000000008f700000| Untracked 
| 248|0x000000008f800000, 0x000000008f800000, 0x000000008f900000|  0%| F|  |TAMS 0x000000008f800000, 0x000000008f800000| Untracked 
| 249|0x000000008f900000, 0x000000008f900000, 0x000000008fa00000|  0%| F|  |TAMS 0x000000008f900000, 0x000000008f900000| Untracked 
| 250|0x000000008fa00000, 0x000000008fa00000, 0x000000008fb00000|  0%| F|  |TAMS 0x000000008fa00000, 0x000000008fa00000| Untracked 
| 251|0x000000008fb00000, 0x000000008fb00000, 0x000000008fc00000|  0%| F|  |TAMS 0x000000008fb00000, 0x000000008fb00000| Untracked 
| 252|0x000000008fc00000, 0x000000008fc00000, 0x000000008fd00000|  0%| F|  |TAMS 0x000000008fc00000, 0x000000008fc00000| Untracked 
| 253|0x000000008fd00000, 0x000000008fd00000, 0x000000008fe00000|  0%| F|  |TAMS 0x000000008fd00000, 0x000000008fd00000| Untracked 
| 254|0x000000008fe00000, 0x000000008fe00000, 0x000000008ff00000|  0%| F|  |TAMS 0x000000008fe00000, 0x000000008fe00000| Untracked 
| 255|0x000000008ff00000, 0x000000008ff00000, 0x0000000090000000|  0%| F|  |TAMS 0x000000008ff00000, 0x000000008ff00000| Untracked 
| 256|0x0000000090000000, 0x0000000090000000, 0x0000000090100000|  0%| F|  |TAMS 0x0000000090000000, 0x0000000090000000| Untracked 
| 257|0x0000000090100000, 0x0000000090100000, 0x0000000090200000|  0%| F|  |TAMS 0x0000000090100000, 0x0000000090100000| Untracked 
| 258|0x0000000090200000, 0x0000000090200000, 0x0000000090300000|  0%| F|  |TAMS 0x0000000090200000, 0x0000000090200000| Untracked 
| 259|0x0000000090300000, 0x0000000090300000, 0x0000000090400000|  0%| F|  |TAMS 0x0000000090300000, 0x0000000090300000| Untracked 
| 260|0x0000000090400000, 0x0000000090400000, 0x0000000090500000|  0%| F|  |TAMS 0x0000000090400000, 0x0000000090400000| Untracked 
| 261|0x0000000090500000, 0x0000000090500000, 0x0000000090600000|  0%| F|  |TAMS 0x0000000090500000, 0x0000000090500000| Untracked 
| 262|0x0000000090600000, 0x0000000090600000, 0x0000000090700000|  0%| F|  |TAMS 0x0000000090600000, 0x0000000090600000| Untracked 
| 263|0x0000000090700000, 0x0000000090700000, 0x0000000090800000|  0%| F|  |TAMS 0x0000000090700000, 0x0000000090700000| Untracked 
| 264|0x0000000090800000, 0x0000000090800000, 0x0000000090900000|  0%| F|  |TAMS 0x0000000090800000, 0x0000000090800000| Untracked 
| 265|0x0000000090900000, 0x0000000090900000, 0x0000000090a00000|  0%| F|  |TAMS 0x0000000090900000, 0x0000000090900000| Untracked 
| 266|0x0000000090a00000, 0x0000000090a00000, 0x0000000090b00000|  0%| F|  |TAMS 0x0000000090a00000, 0x0000000090a00000| Untracked 
| 267|0x0000000090b00000, 0x0000000090b00000, 0x0000000090c00000|  0%| F|  |TAMS 0x0000000090b00000, 0x0000000090b00000| Untracked 
| 268|0x0000000090c00000, 0x0000000090c00000, 0x0000000090d00000|  0%| F|  |TAMS 0x0000000090c00000, 0x0000000090c00000| Untracked 
| 269|0x0000000090d00000, 0x0000000090d00000, 0x0000000090e00000|  0%| F|  |TAMS 0x0000000090d00000, 0x0000000090d00000| Untracked 
| 270|0x0000000090e00000, 0x0000000090e00000, 0x0000000090f00000|  0%| F|  |TAMS 0x0000000090e00000, 0x0000000090e00000| Untracked 
| 271|0x0000000090f00000, 0x0000000090f00000, 0x0000000091000000|  0%| F|  |TAMS 0x0000000090f00000, 0x0000000090f00000| Untracked 
| 272|0x0000000091000000, 0x0000000091000000, 0x0000000091100000|  0%| F|  |TAMS 0x0000000091000000, 0x0000000091000000| Untracked 
| 273|0x0000000091100000, 0x0000000091100000, 0x0000000091200000|  0%| F|  |TAMS 0x0000000091100000, 0x0000000091100000| Untracked 
| 274|0x0000000091200000, 0x0000000091200000, 0x0000000091300000|  0%| F|  |TAMS 0x0000000091200000, 0x0000000091200000| Untracked 
| 275|0x0000000091300000, 0x0000000091300000, 0x0000000091400000|  0%| F|  |TAMS 0x0000000091300000, 0x0000000091300000| Untracked 
| 276|0x0000000091400000, 0x0000000091400000, 0x0000000091500000|  0%| F|  |TAMS 0x0000000091400000, 0x0000000091400000| Untracked 
| 277|0x0000000091500000, 0x0000000091500000, 0x0000000091600000|  0%| F|  |TAMS 0x0000000091500000, 0x0000000091500000| Untracked 
| 278|0x0000000091600000, 0x0000000091600000, 0x0000000091700000|  0%| F|  |TAMS 0x0000000091600000, 0x0000000091600000| Untracked 
| 279|0x0000000091700000, 0x0000000091700000, 0x0000000091800000|  0%| F|  |TAMS 0x0000000091700000, 0x0000000091700000| Untracked 
| 280|0x0000000091800000, 0x0000000091800000, 0x0000000091900000|  0%| F|  |TAMS 0x0000000091800000, 0x0000000091800000| Untracked 
| 281|0x0000000091900000, 0x0000000091900000, 0x0000000091a00000|  0%| F|  |TAMS 0x0000000091900000, 0x0000000091900000| Untracked 
| 282|0x0000000091a00000, 0x0000000091a00000, 0x0000000091b00000|  0%| F|  |TAMS 0x0000000091a00000, 0x0000000091a00000| Untracked 
| 283|0x0000000091b00000, 0x0000000091b00000, 0x0000000091c00000|  0%| F|  |TAMS 0x0000000091b00000, 0x0000000091b00000| Untracked 
| 284|0x0000000091c00000, 0x0000000091c00000, 0x0000000091d00000|  0%| F|  |TAMS 0x0000000091c00000, 0x0000000091c00000| Untracked 
| 285|0x0000000091d00000, 0x0000000091d00000, 0x0000000091e00000|  0%| F|  |TAMS 0x0000000091d00000, 0x0000000091d00000| Untracked 
| 286|0x0000000091e00000, 0x0000000091e00000, 0x0000000091f00000|  0%| F|  |TAMS 0x0000000091e00000, 0x0000000091e00000| Untracked 
| 287|0x0000000091f00000, 0x0000000091f00000, 0x0000000092000000|  0%| F|  |TAMS 0x0000000091f00000, 0x0000000091f00000| Untracked 
| 288|0x0000000092000000, 0x0000000092000000, 0x0000000092100000|  0%| F|  |TAMS 0x0000000092000000, 0x0000000092000000| Untracked 
| 289|0x0000000092100000, 0x0000000092100000, 0x0000000092200000|  0%| F|  |TAMS 0x0000000092100000, 0x0000000092100000| Untracked 
| 290|0x0000000092200000, 0x0000000092200000, 0x0000000092300000|  0%| F|  |TAMS 0x0000000092200000, 0x0000000092200000| Untracked 
| 291|0x0000000092300000, 0x0000000092300000, 0x0000000092400000|  0%| F|  |TAMS 0x0000000092300000, 0x0000000092300000| Untracked 
| 292|0x0000000092400000, 0x0000000092400000, 0x0000000092500000|  0%| F|  |TAMS 0x0000000092400000, 0x0000000092400000| Untracked 
| 293|0x0000000092500000, 0x0000000092500000, 0x0000000092600000|  0%| F|  |TAMS 0x0000000092500000, 0x0000000092500000| Untracked 
| 294|0x0000000092600000, 0x0000000092600000, 0x0000000092700000|  0%| F|  |TAMS 0x0000000092600000, 0x0000000092600000| Untracked 
| 295|0x0000000092700000, 0x0000000092700000, 0x0000000092800000|  0%| F|  |TAMS 0x0000000092700000, 0x0000000092700000| Untracked 
| 296|0x0000000092800000, 0x0000000092800000, 0x0000000092900000|  0%| F|  |TAMS 0x0000000092800000, 0x0000000092800000| Untracked 
| 297|0x0000000092900000, 0x0000000092900000, 0x0000000092a00000|  0%| F|  |TAMS 0x0000000092900000, 0x0000000092900000| Untracked 
| 298|0x0000000092a00000, 0x0000000092a00000, 0x0000000092b00000|  0%| F|  |TAMS 0x0000000092a00000, 0x0000000092a00000| Untracked 
| 299|0x0000000092b00000, 0x0000000092b00000, 0x0000000092c00000|  0%| F|  |TAMS 0x0000000092b00000, 0x0000000092b00000| Untracked 
| 300|0x0000000092c00000, 0x0000000092c00000, 0x0000000092d00000|  0%| F|  |TAMS 0x0000000092c00000, 0x0000000092c00000| Untracked 

Card table byte_map: [0x0000021d7b5a0000,0x0000021d7b9a0000] _byte_map_base: 0x0000021d7b1a0000

Marking Bits (Prev, Next): (CMBitMap*) 0x0000021d773d26f0, (CMBitMap*) 0x0000021d773d26b8
 Prev Bits: [0x0000021d7dda0000, 0x0000021d7fda0000)
 Next Bits: [0x0000021d7bda0000, 0x0000021d7dda0000)

Polling page: 0x0000021d75250000

Metaspace:

Usage:
  Non-class:    115.05 MB capacity,   112.50 MB ( 98%) used,     2.07 MB (  2%) free+waste,   490.94 KB ( <1%) overhead. 
      Class:     17.54 MB capacity,    16.03 MB ( 91%) used,     1.29 MB (  7%) free+waste,   218.00 KB (  1%) overhead. 
       Both:    132.59 MB capacity,   128.53 MB ( 97%) used,     3.36 MB (  3%) free+waste,   708.94 KB ( <1%) overhead. 

Virtual space:
  Non-class space:      118.00 MB reserved,     116.25 MB ( 99%) committed 
      Class space:        1.00 GB reserved,      18.32 MB (  2%) committed 
             Both:        1.12 GB reserved,     134.57 MB ( 12%) committed 

Chunk freelists:
   Non-Class:  1.14 MB
       Class:  694.00 KB
        Both:  1.82 MB

MaxMetaspaceSize: 17179869184.00 GB
CompressedClassSpaceSize: 1.00 GB

CodeHeap 'non-profiled nmethods': size=120000Kb used=18391Kb max_used=18391Kb free=101608Kb
 bounds [0x0000021d07ad0000, 0x0000021d08cd0000, 0x0000021d0f000000]
CodeHeap 'profiled nmethods': size=120000Kb used=53335Kb max_used=53335Kb free=66664Kb
 bounds [0x0000021d005a0000, 0x0000021d039e0000, 0x0000021d07ad0000]
CodeHeap 'non-nmethods': size=5760Kb used=2384Kb max_used=2451Kb free=3375Kb
 bounds [0x0000021d00000000, 0x0000021d00270000, 0x0000021d005a0000]
 total_blobs=24689 nmethods=23674 adapters=924
 compilation: enabled
              stopped_count=0, restarted_count=0
 full_count=0

Compilation events (20 events):
Event: 2051.096 Thread 0x0000021d1186b800 nmethod 26833% 0x0000021d039b0310 code [0x0000021d039b0520, 0x0000021d039b0b58]
Event: 2051.096 Thread 0x0000021d1186b800 26812       3       com.android.tools.r8.ir.regalloc.a::a (3985 bytes)
Event: 2051.134 Thread 0x0000021d11868800 nmethod 26815 0x0000021d08cc3b90 code [0x0000021d08cc3dc0, 0x0000021d08cc54a8]
Event: 2051.134 Thread 0x0000021d11868800 26741       4       com.android.tools.r8.internal.zh$f::j (143 bytes)
Event: 2051.137 Thread 0x0000021d11868800 nmethod 26741 0x0000021d08cc5d10 code [0x0000021d08cc5ec0, 0x0000021d08cc6018]
Event: 2051.137 Thread 0x0000021d11868800 26748 %     4       com.android.tools.r8.internal.T6::a @ 2246 (6044 bytes)
Event: 2051.141 Thread 0x0000021d1186b800 nmethod 26812 0x0000021d039b0d10 code [0x0000021d039b2ea0, 0x0000021d039c8e88]
Event: 2051.142 Thread 0x0000021d1186b800 26835       3       com.android.tools.r8.internal.k4::B (52 bytes)
Event: 2051.142 Thread 0x0000021d1186b800 nmethod 26835 0x0000021d039d0090 code [0x0000021d039d02a0, 0x0000021d039d0898]
Event: 2051.142 Thread 0x0000021d1186b800 26850       2       com.android.tools.r8.dex.o::a (32 bytes)
Event: 2051.143 Thread 0x0000021d1186b800 nmethod 26850 0x0000021d039d0a90 code [0x0000021d039d0c60, 0x0000021d039d0e38]
Event: 2051.143 Thread 0x0000021d1186b800 26843       2       com.android.tools.r8.graph.j0$g::d (13 bytes)
Event: 2051.143 Thread 0x0000021d1186b800 nmethod 26843 0x0000021d039d0f90 code [0x0000021d039d1140, 0x0000021d039d1258]
Event: 2051.143 Thread 0x0000021d1186b800 26766 %     3       com.android.tools.r8.internal.U4::a @ 17 (170 bytes)
Event: 2051.144 Thread 0x0000021d1186b800 nmethod 26766% 0x0000021d039d1310 code [0x0000021d039d15e0, 0x0000021d039d2668]
Event: 2051.144 Thread 0x0000021d1186b800 26799       3       com.android.tools.r8.internal.W4::b (169 bytes)
Event: 2051.147 Thread 0x0000021d1186b800 nmethod 26799 0x0000021d039d2c10 code [0x0000021d039d30c0, 0x0000021d039d5e88]
Event: 2051.147 Thread 0x0000021d1186b800 26859       2       com.android.tools.r8.internal.fr::f (97 bytes)
Event: 2051.147 Thread 0x0000021d1186b800 nmethod 26859 0x0000021d039d6b10 code [0x0000021d039d6d00, 0x0000021d039d7098]
Event: 2051.147 Thread 0x0000021d1186b800 26806       3       com.android.tools.r8.internal.E7::j (627 bytes)

GC Heap History (20 events):
Event: 2049.907 GC heap after
{Heap after GC invocations=105 (full 0):
 garbage-first heap   total 308224K, used 222485K [0x0000000080000000, 0x0000000100000000)
  region size 1024K, 6 young (6144K), 6 survivors (6144K)
 Metaspace       used 131616K, capacity 136406K, committed 136652K, reserved 1167360K
  class space    used 16690K, capacity 18516K, committed 18636K, reserved 1048576K
}
Event: 2049.976 GC heap before
{Heap before GC invocations=105 (full 0):
 garbage-first heap   total 308224K, used 256277K [0x0000000080000000, 0x0000000100000000)
  region size 1024K, 39 young (39936K), 6 survivors (6144K)
 Metaspace       used 131887K, capacity 136715K, committed 136908K, reserved 1167360K
  class space    used 16736K, capacity 18576K, committed 18636K, reserved 1048576K
}
Event: 2049.988 GC heap after
{Heap after GC invocations=106 (full 0):
 garbage-first heap   total 308224K, used 228620K [0x0000000080000000, 0x0000000100000000)
  region size 1024K, 5 young (5120K), 5 survivors (5120K)
 Metaspace       used 131887K, capacity 136715K, committed 136908K, reserved 1167360K
  class space    used 16736K, capacity 18576K, committed 18636K, reserved 1048576K
}
Event: 2050.084 GC heap before
{Heap before GC invocations=106 (full 0):
 garbage-first heap   total 308224K, used 257292K [0x0000000080000000, 0x0000000100000000)
  region size 1024K, 34 young (34816K), 5 survivors (5120K)
 Metaspace       used 132064K, capacity 136881K, committed 137164K, reserved 1167360K
  class space    used 16757K, capacity 18587K, committed 18636K, reserved 1048576K
}
Event: 2050.094 GC heap after
{Heap after GC invocations=107 (full 0):
 garbage-first heap   total 308224K, used 234496K [0x0000000080000000, 0x0000000100000000)
  region size 1024K, 5 young (5120K), 5 survivors (5120K)
 Metaspace       used 132064K, capacity 136881K, committed 137164K, reserved 1167360K
  class space    used 16757K, capacity 18587K, committed 18636K, reserved 1048576K
}
Event: 2050.212 GC heap before
{Heap before GC invocations=107 (full 0):
 garbage-first heap   total 308224K, used 262144K [0x0000000080000000, 0x0000000100000000)
  region size 1024K, 32 young (32768K), 5 survivors (5120K)
 Metaspace       used 132190K, capacity 136979K, committed 137164K, reserved 1167360K
  class space    used 16764K, capacity 18597K, committed 18636K, reserved 1048576K
}
Event: 2050.230 GC heap after
{Heap after GC invocations=108 (full 0):
 garbage-first heap   total 308224K, used 239296K [0x0000000080000000, 0x0000000100000000)
  region size 1024K, 4 young (4096K), 4 survivors (4096K)
 Metaspace       used 132190K, capacity 136979K, committed 137164K, reserved 1167360K
  class space    used 16764K, capacity 18597K, committed 18636K, reserved 1048576K
}
Event: 2050.622 GC heap before
{Heap before GC invocations=108 (full 0):
 garbage-first heap   total 308224K, used 240320K [0x0000000080000000, 0x0000000100000000)
  region size 1024K, 28 young (28672K), 4 survivors (4096K)
 Metaspace       used 131562K, capacity 135693K, committed 137676K, reserved 1169408K
  class space    used 16403K, capacity 17917K, committed 18636K, reserved 1048576K
}
Event: 2050.636 GC heap after
{Heap after GC invocations=109 (full 0):
 garbage-first heap   total 308224K, used 218077K [0x0000000080000000, 0x0000000100000000)
  region size 1024K, 2 young (2048K), 2 survivors (2048K)
 Metaspace       used 131562K, capacity 135693K, committed 137676K, reserved 1169408K
  class space    used 16403K, capacity 17917K, committed 18636K, reserved 1048576K
}
Event: 2050.755 GC heap before
{Heap before GC invocations=110 (full 0):
 garbage-first heap   total 308224K, used 251869K [0x0000000080000000, 0x0000000100000000)
  region size 1024K, 35 young (35840K), 2 survivors (2048K)
 Metaspace       used 131581K, capacity 135719K, committed 137676K, reserved 1169408K
  class space    used 16408K, capacity 17924K, committed 18636K, reserved 1048576K
}
Event: 2050.766 GC heap after
{Heap after GC invocations=111 (full 0):
 garbage-first heap   total 308224K, used 223000K [0x0000000080000000, 0x0000000100000000)
  region size 1024K, 5 young (5120K), 5 survivors (5120K)
 Metaspace       used 131581K, capacity 135719K, committed 137676K, reserved 1169408K
  class space    used 16408K, capacity 17924K, committed 18636K, reserved 1048576K
}
Event: 2050.788 GC heap before
{Heap before GC invocations=111 (full 0):
 garbage-first heap   total 308224K, used 232216K [0x0000000080000000, 0x0000000100000000)
  region size 1024K, 15 young (15360K), 5 survivors (5120K)
 Metaspace       used 131583K, capacity 135719K, committed 137676K, reserved 1169408K
  class space    used 16409K, capacity 17924K, committed 18636K, reserved 1048576K
}
Event: 2050.801 GC heap after
{Heap after GC invocations=112 (full 0):
 garbage-first heap   total 308224K, used 194242K [0x0000000080000000, 0x0000000100000000)
  region size 1024K, 2 young (2048K), 2 survivors (2048K)
 Metaspace       used 131583K, capacity 135719K, committed 137676K, reserved 1169408K
  class space    used 16409K, capacity 17924K, committed 18636K, reserved 1048576K
}
Event: 2050.839 GC heap before
{Heap before GC invocations=112 (full 0):
 garbage-first heap   total 308224K, used 207554K [0x0000000080000000, 0x0000000100000000)
  region size 1024K, 15 young (15360K), 2 survivors (2048K)
 Metaspace       used 131585K, capacity 135751K, committed 137804K, reserved 1169408K
  class space    used 16411K, capacity 17956K, committed 18764K, reserved 1048576K
}
Event: 2050.863 GC heap after
{Heap after GC invocations=113 (full 0):
 garbage-first heap   total 308224K, used 169073K [0x0000000080000000, 0x0000000100000000)
  region size 1024K, 2 young (2048K), 2 survivors (2048K)
 Metaspace       used 131585K, capacity 135751K, committed 137804K, reserved 1169408K
  class space    used 16411K, capacity 17956K, committed 18764K, reserved 1048576K
}
Event: 2050.897 GC heap before
{Heap before GC invocations=113 (full 0):
 garbage-first heap   total 308224K, used 182385K [0x0000000080000000, 0x0000000100000000)
  region size 1024K, 15 young (15360K), 2 survivors (2048K)
 Metaspace       used 131589K, capacity 135751K, committed 137804K, reserved 1169408K
  class space    used 16414K, capacity 17956K, committed 18764K, reserved 1048576K
}
Event: 2050.911 GC heap after
{Heap after GC invocations=114 (full 0):
 garbage-first heap   total 308224K, used 168960K [0x0000000080000000, 0x0000000100000000)
  region size 1024K, 2 young (2048K), 2 survivors (2048K)
 Metaspace       used 131589K, capacity 135751K, committed 137804K, reserved 1169408K
  class space    used 16414K, capacity 17956K, committed 18764K, reserved 1048576K
}
Event: 2051.037 GC heap before
{Heap before GC invocations=114 (full 0):
 garbage-first heap   total 308224K, used 221184K [0x0000000080000000, 0x0000000100000000)
  region size 1024K, 54 young (55296K), 2 survivors (2048K)
 Metaspace       used 131591K, capacity 135751K, committed 137804K, reserved 1169408K
  class space    used 16414K, capacity 17956K, committed 18764K, reserved 1048576K
}
Event: 2051.045 GC heap after
{Heap after GC invocations=115 (full 0):
 garbage-first heap   total 308224K, used 173948K [0x0000000080000000, 0x0000000100000000)
  region size 1024K, 7 young (7168K), 7 survivors (7168K)
 Metaspace       used 131591K, capacity 135751K, committed 137804K, reserved 1169408K
  class space    used 16414K, capacity 17956K, committed 18764K, reserved 1048576K
}
Event: 2051.184 GC heap before
{Heap before GC invocations=115 (full 0):
 garbage-first heap   total 308224K, used 228220K [0x0000000080000000, 0x0000000100000000)
  region size 1024K, 61 young (62464K), 7 survivors (7168K)
 Metaspace       used 131615K, capacity 135769K, committed 137804K, reserved 1169408K
  class space    used 16418K, capacity 17962K, committed 18764K, reserved 1048576K
}

Deoptimization events (20 events):
Event: 2051.106 Thread 0x0000021d17afa800 DEOPT PACKING pc=0x0000021d03740931 sp=0x00000061734f9510
Event: 2051.106 Thread 0x0000021d17afa800 DEOPT UNPACKING pc=0x0000021d000276ce sp=0x00000061734f8b60 mode 0
Event: 2051.110 Thread 0x0000021d17b02000 DEOPT PACKING pc=0x0000021d032d6034 sp=0x00000061737f9b00
Event: 2051.110 Thread 0x0000021d17b02000 DEOPT UNPACKING pc=0x0000021d000276ce sp=0x00000061737f9010 mode 0
Event: 2051.156 Thread 0x0000021d17b02000 DEOPT PACKING pc=0x0000021d032f06ac sp=0x00000061737f9f60
Event: 2051.156 Thread 0x0000021d17b02000 DEOPT UNPACKING pc=0x0000021d000276ce sp=0x00000061737f9500 mode 0
Event: 2051.156 Thread 0x0000021d17afe800 DEOPT PACKING pc=0x0000021d037755bb sp=0x00000061735f9ab0
Event: 2051.156 Thread 0x0000021d17afe800 DEOPT UNPACKING pc=0x0000021d000276ce sp=0x00000061735f8fa0 mode 0
Event: 2051.161 Thread 0x0000021d17aff800 Uncommon trap: trap_request=0xffffff4d fr.pc=0x0000021d08cbf044 relative=0x0000000000004e44
Event: 2051.161 Thread 0x0000021d17aff800 Uncommon trap: reason=unstable_if action=reinterpret pc=0x0000021d08cbf044 method=com.android.tools.r8.graph.G0.a(I)V @ 1250 c2
Event: 2051.161 Thread 0x0000021d17aff800 DEOPT PACKING pc=0x0000021d08cbf044 sp=0x00000061738f9fc0
Event: 2051.161 Thread 0x0000021d17aff800 DEOPT UNPACKING pc=0x0000021d000278af sp=0x00000061738f9fa0 mode 2
Event: 2051.164 Thread 0x0000021d17aff800 DEOPT PACKING pc=0x0000021d032306c8 sp=0x00000061738fa040
Event: 2051.164 Thread 0x0000021d17aff800 DEOPT UNPACKING pc=0x0000021d000276ce sp=0x00000061738f9870 mode 0
Event: 2051.166 Thread 0x0000021d17afe800 DEOPT PACKING pc=0x0000021d03775579 sp=0x00000061735f9ab0
Event: 2051.166 Thread 0x0000021d17afe800 DEOPT UNPACKING pc=0x0000021d000276ce sp=0x00000061735f8fa0 mode 0
Event: 2051.173 Thread 0x0000021d17afe800 DEOPT PACKING pc=0x0000021d03775579 sp=0x00000061735f8570
Event: 2051.173 Thread 0x0000021d17afe800 DEOPT UNPACKING pc=0x0000021d000276ce sp=0x00000061735f7a60 mode 0
Event: 2051.175 Thread 0x0000021d17aff800 DEOPT PACKING pc=0x0000021d032306c8 sp=0x00000061738fa040
Event: 2051.175 Thread 0x0000021d17aff800 DEOPT UNPACKING pc=0x0000021d000276ce sp=0x00000061738f9870 mode 0

Classes redefined (0 events):
No events

Internal exceptions (20 events):
Event: 2049.603 Thread 0x0000021d17afe800 Exception <a 'sun/nio/fs/WindowsException'{0x000000008fbf05b0}> (0x000000008fbf05b0) thrown at [./src/hotspot/share/prims/jni.cpp, line 615]
Event: 2049.629 Thread 0x0000021d1282d800 Exception <a 'sun/nio/fs/WindowsException'{0x000000008eb67808}> (0x000000008eb67808) thrown at [./src/hotspot/share/prims/jni.cpp, line 615]
Event: 2049.687 Thread 0x0000021d17b05000 Exception <a 'java/lang/IncompatibleClassChangeError'{0x0000000092b226d0}: Found class java.lang.Object, but interface was expected> (0x0000000092b226d0) thrown at [./src/hotspot/share/interpreter/linkResolver.cpp, line 839]
Event: 2049.757 Thread 0x0000021d17b05000 Exception <a 'java/lang/NoSuchMethodError'{0x0000000090866040}: 'java.lang.Object java.lang.invoke.DirectMethodHandle$Holder.invokeStatic(java.lang.Object, int, java.lang.Object, java.lang.Object)'> (0x0000000090866040) thrown at [./src/hotspot/share/interpreter/linkResolver.cpp, line 773]
Event: 2049.757 Thread 0x0000021d17b04000 Exception <a 'java/lang/NoSuchMethodError'{0x000000009087add8}: 'java.lang.Object java.lang.invoke.DirectMethodHandle$Holder.invokeStatic(java.lang.Object, int, java.lang.Object, java.lang.Object)'> (0x000000009087add8) thrown at [./src/hotspot/share/interpreter/linkResolver.cpp, line 773]
Event: 2049.776 Thread 0x0000021d17b02000 Exception <a 'sun/nio/fs/WindowsException'{0x000000008ff772f0}> (0x000000008ff772f0) thrown at [./src/hotspot/share/prims/jni.cpp, line 615]
Event: 2049.782 Thread 0x0000021d17b04000 Exception <a 'java/lang/NoSuchMethodError'{0x0000000090141ad0}: 'int java.lang.invoke.DirectMethodHandle$Holder.invokeSpecial(java.lang.Object, java.lang.Object, java.lang.Object, java.lang.Object, java.lang.Object, java.lang.Object, java.lang.Object, java.lang.Object, java.lang.Object)'> (0x0000000090141ad0) thrown at [./src/hotspot/share/interpreter/linkResolver.cpp, line 773]
Event: 2049.782 Thread 0x0000021d17b05000 Exception <a 'java/lang/NoSuchMethodError'{0x000000008fc56d40}: 'java.lang.Object java.lang.invoke.Invokers$Holder.linkToTargetMethod(java.lang.Object, java.lang.Object, java.lang.Object, java.lang.Object, java.lang.Object, java.lang.Object, java.lang.Object, java.lang.Object)'> (0x000000008fc56d40) thrown at [./src/hotspot/share/interpreter/linkResolver.cpp, line 773]
Event: 2049.783 Thread 0x0000021d17b01000 Exception <a 'java/lang/NoSuchMethodError'{0x000000008fd50688}: 'int java.lang.invoke.DirectMethodHandle$Holder.invokeSpecial(java.lang.Object, java.lang.Object, java.lang.Object, java.lang.Object, java.lang.Object, java.lang.Object, java.lang.Object, java.lang.Object, java.lang.Object)'> (0x000000008fd50688) thrown at [./src/hotspot/share/interpreter/linkResolver.cpp, line 773]
Event: 2049.812 Thread 0x0000021d17b05000 Implicit null exception at 0x0000021d08a32035 to 0x0000021d08a335bf
Event: 2049.836 Thread 0x0000021d17b04000 Implicit null exception at 0x0000021d08b20e19 to 0x0000021d08b21024
Event: 2049.873 Thread 0x0000021d17b05000 Implicit null exception at 0x0000021d08a27492 to 0x0000021d08a27690
Event: 2049.881 Thread 0x0000021d17aff800 Exception <a 'sun/nio/fs/WindowsException'{0x0000000090ae11a8}> (0x0000000090ae11a8) thrown at [./src/hotspot/share/prims/jni.cpp, line 615]
Event: 2049.909 Thread 0x0000021d17b05000 Implicit null exception at 0x0000021d08a26c5d to 0x0000021d08a26d84
Event: 2050.019 Thread 0x0000021d17afe800 Exception <a 'java/lang/NoSuchMethodError'{0x00000000923bd0d8}: 'java.lang.Object java.lang.invoke.DirectMethodHandle$Holder.invokeInterface(java.lang.Object, java.lang.Object, int)'> (0x00000000923bd0d8) thrown at [./src/hotspot/share/interpreter/linkResolver.cpp, line 773]
Event: 2050.283 Thread 0x0000021d17b05000 Exception <a 'java/lang/NoSuchMethodError'{0x0000000092606680}: 'int java.lang.invoke.DirectMethodHandle$Holder.invokeInterface(java.lang.Object, java.lang.Object, int)'> (0x0000000092606680) thrown at [./src/hotspot/share/interpreter/linkResolver.cpp, line 773]
Event: 2050.350 Thread 0x0000021d17b01000 Exception <a 'java/lang/IncompatibleClassChangeError'{0x000000009207aad8}: Found class java.lang.Object, but interface was expected> (0x000000009207aad8) thrown at [./src/hotspot/share/interpreter/linkResolver.cpp, line 839]
Event: 2050.674 Thread 0x0000021d17b01000 Exception <a 'sun/nio/fs/WindowsException'{0x0000000092920e70}> (0x0000000092920e70) thrown at [./src/hotspot/share/prims/jni.cpp, line 615]
Event: 2050.977 Thread 0x0000021d17b01000 Exception <a 'sun/nio/fs/WindowsException'{0x0000000090b987d0}> (0x0000000090b987d0) thrown at [./src/hotspot/share/prims/jni.cpp, line 615]
Event: 2051.147 Thread 0x0000021d17b05000 Exception <a 'sun/nio/fs/WindowsException'{0x0000000090849540}> (0x0000000090849540) thrown at [./src/hotspot/share/prims/jni.cpp, line 615]

Events (20 events):
Event: 2051.118 loading class com/android/tools/r8/graph/Z done
Event: 2051.119 loading class com/android/tools/r8/graph/P
Event: 2051.119 loading class com/android/tools/r8/graph/P done
Event: 2051.119 loading class com/android/tools/r8/graph/Z
Event: 2051.119 loading class com/android/tools/r8/graph/Z done
Event: 2051.138 loading class com/android/tools/r8/internal/pr
Event: 2051.138 loading class com/android/tools/r8/internal/pr done
Event: 2051.139 loading class com/android/tools/r8/graph/P
Event: 2051.139 loading class com/android/tools/r8/graph/P done
Event: 2051.139 loading class com/android/tools/r8/internal/pr
Event: 2051.139 loading class com/android/tools/r8/internal/pr done
Event: 2051.142 loading class com/android/tools/r8/internal/pr
Event: 2051.142 loading class com/android/tools/r8/internal/pr done
Event: 2051.142 loading class com/android/tools/r8/internal/pr
Event: 2051.142 loading class com/android/tools/r8/internal/pr done
Event: 2051.149 Executing VM operation: RevokeBias
Event: 2051.150 Executing VM operation: RevokeBias done
Event: 2051.150 Executing VM operation: RevokeBias
Event: 2051.151 Executing VM operation: RevokeBias done
Event: 2051.184 Executing VM operation: G1CollectForAllocation


Dynamic libraries:
0x00007ff6522a0000 - 0x00007ff6522aa000 	C:\Program Files\Android\Android Studio\jre\bin\java.exe
0x00007ffe17a20000 - 0x00007ffe17c83000 	C:\WINDOWS\SYSTEM32\ntdll.dll
0x00007ffe168d0000 - 0x00007ffe16998000 	C:\WINDOWS\System32\KERNEL32.DLL
0x00007ffe152d0000 - 0x00007ffe15682000 	C:\WINDOWS\System32\KERNELBASE.dll
0x00007ffe14df0000 - 0x00007ffe14f3b000 	C:\WINDOWS\System32\ucrtbase.dll
0x00007ffdde720000 - 0x00007ffdde737000 	C:\Program Files\Android\Android Studio\jre\bin\VCRUNTIME140.dll
0x00007ffdc67d0000 - 0x00007ffdc67e9000 	C:\Program Files\Android\Android Studio\jre\bin\jli.dll
0x00007ffe17660000 - 0x00007ffe17828000 	C:\WINDOWS\System32\USER32.dll
0x00007ffe15200000 - 0x00007ffe15227000 	C:\WINDOWS\System32\win32u.dll
0x00007ffdf71f0000 - 0x00007ffdf7480000 	C:\WINDOWS\WinSxS\amd64_microsoft.windows.common-controls_6595b64144ccf1df_6.0.26100.2454_none_3e0b68a2e331ad60\COMCTL32.dll
0x00007ffe15930000 - 0x00007ffe1595a000 	C:\WINDOWS\System32\GDI32.dll
0x00007ffe15880000 - 0x00007ffe15929000 	C:\WINDOWS\System32\msvcrt.dll
0x00007ffe15690000 - 0x00007ffe157bb000 	C:\WINDOWS\System32\gdi32full.dll
0x00007ffe15150000 - 0x00007ffe151f3000 	C:\WINDOWS\System32\msvcp_win.dll
0x00007ffe15bb0000 - 0x00007ffe15bdf000 	C:\WINDOWS\System32\IMM32.DLL
0x00007ffdb5300000 - 0x00007ffdb539d000 	C:\Program Files\Android\Android Studio\jre\bin\msvcp140.dll
0x00007ffd76a70000 - 0x00007ffd7753f000 	C:\Program Files\Android\Android Studio\jre\bin\server\jvm.dll
0x00007ffe173b0000 - 0x00007ffe17464000 	C:\WINDOWS\System32\ADVAPI32.dll
0x00007ffe15960000 - 0x00007ffe15a06000 	C:\WINDOWS\System32\sechost.dll
0x00007ffe17280000 - 0x00007ffe17396000 	C:\WINDOWS\System32\RPCRT4.dll
0x00007ffe17650000 - 0x00007ffe17658000 	C:\WINDOWS\System32\PSAPI.DLL
0x00007ffdf8c70000 - 0x00007ffdf8c7a000 	C:\WINDOWS\SYSTEM32\WSOCK32.dll
0x00007ffe05b80000 - 0x00007ffe05bb6000 	C:\WINDOWS\SYSTEM32\WINMM.dll
0x00007ffe15d30000 - 0x00007ffe15da4000 	C:\WINDOWS\System32\WS2_32.dll
0x00007ffe0d940000 - 0x00007ffe0d94b000 	C:\WINDOWS\SYSTEM32\VERSION.dll
0x00007ffe13d10000 - 0x00007ffe13d2a000 	C:\WINDOWS\SYSTEM32\kernel.appcore.dll
0x00007ffded8c0000 - 0x00007ffded8d1000 	C:\Program Files\Android\Android Studio\jre\bin\verify.dll
0x00007ffe05040000 - 0x00007ffe05281000 	C:\WINDOWS\SYSTEM32\DBGHELP.DLL
0x00007ffe163d0000 - 0x00007ffe1674e000 	C:\WINDOWS\System32\combase.dll
0x00007ffe17480000 - 0x00007ffe17556000 	C:\WINDOWS\System32\OLEAUT32.dll
0x00007ffdfb9a0000 - 0x00007ffdfb9d9000 	C:\WINDOWS\SYSTEM32\dbgcore.DLL
0x00007ffe15230000 - 0x00007ffe152c9000 	C:\WINDOWS\System32\bcryptPrimitives.dll
0x00007ffded850000 - 0x00007ffded879000 	C:\Program Files\Android\Android Studio\jre\bin\java.dll
0x00007ffe0ef30000 - 0x00007ffe0ef3b000 	C:\Program Files\Android\Android Studio\jre\bin\jimage.dll
0x00007ffde4a10000 - 0x00007ffde4a28000 	C:\Program Files\Android\Android Studio\jre\bin\zip.dll
0x00007ffe16b70000 - 0x00007ffe17270000 	C:\WINDOWS\System32\SHELL32.dll
0x00007ffe12ae0000 - 0x00007ffe13311000 	C:\WINDOWS\SYSTEM32\windows.storage.dll
0x00007ffe17900000 - 0x00007ffe179da000 	C:\WINDOWS\System32\SHCORE.dll
0x00007ffe162c0000 - 0x00007ffe1631d000 	C:\WINDOWS\System32\shlwapi.dll
0x00007ffe14d00000 - 0x00007ffe14d2e000 	C:\WINDOWS\SYSTEM32\profapi.dll
0x00007ffde49f0000 - 0x00007ffde4a0a000 	C:\Program Files\Android\Android Studio\jre\bin\net.dll
0x00007ffe0eca0000 - 0x00007ffe0edc6000 	C:\WINDOWS\SYSTEM32\WINHTTP.dll
0x00007ffe14240000 - 0x00007ffe142a8000 	C:\WINDOWS\system32\mswsock.dll
0x00007ffddeb50000 - 0x00007ffddeb64000 	C:\Program Files\Android\Android Studio\jre\bin\nio.dll
0x00007ffdc67f0000 - 0x00007ffdc6817000 	C:\Users\labya\.gradle\native\8bec1ad78214c89d9ad589b4d07fe93259594b29d510b10fafb7a158f7737e5d\windows-amd64\native-platform.dll
0x00007ffdb20d0000 - 0x00007ffdb220d000 	C:\Users\labya\.gradle\native\53dbd7edfb1c66fb8903c78663c9afc45aea4f116125fa6feffd364cf09443e8\windows-amd64\native-platform-file-events.dll
0x00007ffdf9b30000 - 0x00007ffdf9b3a000 	C:\Program Files\Android\Android Studio\jre\bin\management.dll
0x00007ffdf9b10000 - 0x00007ffdf9b1c000 	C:\Program Files\Android\Android Studio\jre\bin\management_ext.dll
0x00007ffe144e0000 - 0x00007ffe144fc000 	C:\WINDOWS\SYSTEM32\CRYPTSP.dll
0x00007ffe13bf0000 - 0x00007ffe13c28000 	C:\WINDOWS\system32\rsaenh.dll
0x00007ffe142e0000 - 0x00007ffe1430b000 	C:\WINDOWS\SYSTEM32\USERENV.dll
0x00007ffe14720000 - 0x00007ffe14746000 	C:\WINDOWS\SYSTEM32\bcrypt.dll
0x00007ffe14500000 - 0x00007ffe1450c000 	C:\WINDOWS\SYSTEM32\CRYPTBASE.dll
0x00007ffe13610000 - 0x00007ffe13642000 	C:\WINDOWS\SYSTEM32\IPHLPAPI.DLL
0x00007ffe173a0000 - 0x00007ffe173aa000 	C:\WINDOWS\System32\NSI.dll
0x00007ffe0f4a0000 - 0x00007ffe0f4be000 	C:\WINDOWS\SYSTEM32\dhcpcsvc6.DLL
0x00007ffe0ebb0000 - 0x00007ffe0ebd5000 	C:\WINDOWS\SYSTEM32\dhcpcsvc.DLL
0x00007ffe13700000 - 0x00007ffe13825000 	C:\WINDOWS\SYSTEM32\DNSAPI.dll
0x00007ffdc6760000 - 0x00007ffdc677e000 	C:\Users\labya\AppData\Local\Temp\native-platform13502192044180186881dir\native-platform.dll
0x00007ffdf3170000 - 0x00007ffdf3178000 	C:\Program Files\Android\Android Studio\jre\bin\rmi.dll
0x00007ffdde6a0000 - 0x00007ffdde6c7000 	C:\Program Files\Android\Android Studio\jre\bin\sunec.dll

dbghelp: loaded successfully - version: 4.0.5 - missing functions: none
symbol engine: initialized successfully - sym options: 0x614 - pdb path: .;C:\Program Files\Android\Android Studio\jre\bin;C:\WINDOWS\SYSTEM32;C:\WINDOWS\WinSxS\amd64_microsoft.windows.common-controls_6595b64144ccf1df_6.0.26100.2454_none_3e0b68a2e331ad60;C:\Program Files\Android\Android Studio\jre\bin\server;C:\Users\labya\.gradle\native\8bec1ad78214c89d9ad589b4d07fe93259594b29d510b10fafb7a158f7737e5d\windows-amd64;C:\Users\labya\.gradle\native\53dbd7edfb1c66fb8903c78663c9afc45aea4f116125fa6feffd364cf09443e8\windows-amd64;C:\Users\labya\AppData\Local\Temp\native-platform13502192044180186881dir

VM Arguments:
jvm_args: --add-opens=java.base/java.util=ALL-UNNAMED --add-opens=java.base/java.lang=ALL-UNNAMED --add-opens=java.base/java.lang.invoke=ALL-UNNAMED --add-opens=java.base/java.util=ALL-UNNAMED --add-opens=java.prefs/java.util.prefs=ALL-UNNAMED --add-opens=java.prefs/java.util.prefs=ALL-UNNAMED --add-opens=java.base/java.nio.charset=ALL-UNNAMED --add-opens=java.base/java.net=ALL-UNNAMED --add-opens=java.base/java.util.concurrent.atomic=ALL-UNNAMED -Xmx2048m -Dfile.encoding=UTF-8 -Duser.country=US -Duser.language=en -Duser.variant 
java_command: org.gradle.launcher.daemon.bootstrap.GradleDaemon 7.0.2
java_class_path (initial): C:\Users\labya\.gradle\wrapper\dists\gradle-7.0.2-bin\857tjihv64xamwrf0h14cai3r\gradle-7.0.2\lib\gradle-launcher-7.0.2.jar
Launcher Type: SUN_STANDARD

[Global flags]
     intx CICompilerCount                          = 4                                         {product} {ergonomic}
     uint ConcGCThreads                            = 2                                         {product} {ergonomic}
     uint G1ConcRefinementThreads                  = 8                                         {product} {ergonomic}
   size_t G1HeapRegionSize                         = 1048576                                   {product} {ergonomic}
    uintx GCDrainStackTargetSize                   = 64                                        {product} {ergonomic}
   size_t InitialHeapSize                          = 132120576                                 {product} {ergonomic}
   size_t MarkStackSize                            = 4194304                                   {product} {ergonomic}
   size_t MaxHeapSize                              = 2147483648                                {product} {command line}
   size_t MaxNewSize                               = 1287651328                                {product} {ergonomic}
   size_t MinHeapDeltaBytes                        = 1048576                                   {product} {ergonomic}
    uintx NonNMethodCodeHeapSize                   = 5836300                                {pd product} {ergonomic}
    uintx NonProfiledCodeHeapSize                  = 122910970                              {pd product} {ergonomic}
    uintx ProfiledCodeHeapSize                     = 122910970                              {pd product} {ergonomic}
    uintx ReservedCodeCacheSize                    = 251658240                              {pd product} {ergonomic}
     bool SegmentedCodeCache                       = true                                      {product} {ergonomic}
     bool UseCompressedClassPointers               = true                                 {lp64_product} {ergonomic}
     bool UseCompressedOops                        = true                                 {lp64_product} {ergonomic}
     bool UseG1GC                                  = true                                      {product} {ergonomic}
     bool UseLargePagesIndividualAllocation        = false                                  {pd product} {ergonomic}

Logging:
Log output configuration:
 #0: stdout all=warning uptime,level,tags
 #1: stderr all=off uptime,level,tags

Environment Variables:
PATH=C:\WINDOWS\system32;C:\WINDOWS;C:\WINDOWS\System32\Wbem;C:\WINDOWS\System32\WindowsPowerShell\v1.0\;C:\WINDOWS\System32\OpenSSH\;C:\Program Files (x86)\NVIDIA Corporation\PhysX\Common;C:\xampp\php;C:\ProgramData\ComposerSetup\bin;C:\Program Files\Git\cmd;C:\Program Files\nodejs\;C:\Program Files\NVIDIA Corporation\NVIDIA app\NvDLISR;C:\Users\labya\AppData\Local\Microsoft\WindowsApps;C:\Users\labya\AppData\Local\Programs\Microsoft VS Code\bin;C:\Users\labya\AppData\Roaming\Composer\vendor\bin;C:\Users\labya\AppData\Local\GitHubDesktop\bin;C:\Users\labya\AppData\Roaming\npm;
USERNAME=labya
OS=Windows_NT
PROCESSOR_IDENTIFIER=Intel64 Family 6 Model 142 Stepping 12, GenuineIntel



---------------  S Y S T E M  ---------------

OS: Windows 10 , 64 bit Build 26100 (10.0.26100.2454)
OS uptime: 0 days 3:13 hours
Hyper-V role detected

CPU:total 8 (initial active 8) (4 cores per cpu, 2 threads per core) family 6 model 142 stepping 12 microcode 0xea, cmov, cx8, fxsr, mmx, sse, sse2, sse3, ssse3, sse4.1, sse4.2, popcnt, avx, avx2, aes, clmul, erms, 3dnowpref, lzcnt, ht, tsc, tscinvbit, bmi1, bmi2, adx, fma

Memory: 4k page, system-wide physical 8025M (828M free)
TotalPageFile size 12121M (AvailPageFile size 197M)
current process WorkingSet (physical memory assigned to process): 641M, peak: 647M
current process commit charge ("private bytes"): 834M, peak: 1143M

vm_info: OpenJDK 64-Bit Server VM (11.0.10+0-b96-7249189) for windows-amd64 JRE (11.0.10+0-b96-7249189), built on Mar 31 2021 21:44:00 by "builder" with MS VC++ 14.0 (VS2015)

END.
