#
# There is insufficient memory for the Java Runtime Environment to continue.
# Native memory allocation (mmap) failed to map 196083712 bytes for Failed to commit area from 0x0000000092a00000 to 0x000000009e500000 of length 196083712.
# Possible reasons:
#   The system is out of physical RAM or swap space
#   The process is running with CompressedOops enabled, and the Java Heap may be blocking the growth of the native heap
# Possible solutions:
#   Reduce memory load on the system
#   Increase physical memory or swap space
#   Check if swap backing store is full
#   Decrease Java heap size (-Xmx/-Xms)
#   Decrease number of Java threads
#   Decrease Java thread stack sizes (-Xss)
#   Set larger code cache with -XX:ReservedCodeCacheSize=
#   JVM is running with Unscaled Compressed Oops mode in which the Java heap is
#     placed in the first 4GB address space. The Java Heap base address is the
#     maximum limit for the native heap growth. Please use -XX:HeapBaseMinAddress
#     to set the Java Heap base and to place the Java Heap above 4GB virtual address.
# This output file may be truncated or incomplete.
#
#  Out of Memory Error (./src/hotspot/os/windows/os_windows.cpp:3301), pid=6880, tid=4124
#
# JRE version: OpenJDK Runtime Environment (11.0.10) (build 11.0.10+0-b96-7249189)
# Java VM: OpenJDK 64-Bit Server VM (11.0.10+0-b96-7249189, mixed mode, tiered, compressed oops, g1 gc, windows-amd64)
# No core dump will be written. Minidumps are not enabled by default on client versions of Windows
#

---------------  S U M M A R Y ------------

Command Line: --add-opens=java.base/java.util=ALL-UNNAMED --add-opens=java.base/java.lang=ALL-UNNAMED --add-opens=java.base/java.lang.invoke=ALL-UNNAMED --add-opens=java.base/java.util=ALL-UNNAMED --add-opens=java.prefs/java.util.prefs=ALL-UNNAMED --add-opens=java.prefs/java.util.prefs=ALL-UNNAMED --add-opens=java.base/java.nio.charset=ALL-UNNAMED --add-opens=java.base/java.net=ALL-UNNAMED --add-opens=java.base/java.util.concurrent.atomic=ALL-UNNAMED -Xmx2048m -Dfile.encoding=UTF-8 -Duser.country=US -Duser.language=en -Duser.variant org.gradle.launcher.daemon.bootstrap.GradleDaemon 7.0.2

Host: Intel(R) Core(TM) i5-10210U CPU @ 1.60GHz, 8 cores, 7G,  Windows 10 , 64 bit Build 26100 (10.0.26100.2454)
Time: Sun Jan 26 23:55:54 2025 Malay Peninsula Standard Time elapsed time: 112.478304 seconds (0d 0h 1m 52s)

---------------  T H R E A D  ---------------

Current thread (0x0000021096f00000):  VMThread "VM Thread" [stack: 0x000000e95bf00000,0x000000e95c000000] [id=4124]

Stack: [0x000000e95bf00000,0x000000e95c000000]
[error occurred during error reporting (printing stack bounds), id 0xc0000005, EXCEPTION_ACCESS_VIOLATION (0xc0000005) at pc=0x0000021083a10f2d]

Native frames: (J=compiled Java code, j=interpreted, Vv=VM code, C=native code)
V  [jvm.dll+0x5ecfaa]
V  [jvm.dll+0x722bd5]
V  [jvm.dll+0x72412d]
V  [jvm.dll+0x724745]
V  [jvm.dll+0x7246fb]
V  [jvm.dll+0x5ec348]
V  [jvm.dll+0x5ecad8]
C  [ntdll.dll+0x163e5f]
C  [ntdll.dll+0x1f358]
C  [ntdll.dll+0x16379e]
C  0x0000021083a10f2d

VM_Operation (0x000000e95f4f8d00): G1CollectForAllocation, mode: safepoint, requested by thread 0x00000210a3156000


---------------  P R O C E S S  ---------------

Threads class SMR info:
_java_thread_list=0x000002109d2e3410, length=78, elements={
0x00000210fca19800, 0x0000021096f01800, 0x0000021096f0c800, 0x0000021097786000,
0x0000021097787000, 0x0000021097788800, 0x000002109778d800, 0x0000021097790800,
0x0000021096f2d800, 0x0000021097951800, 0x0000021099c0d800, 0x0000021097a2a800,
0x0000021098e92000, 0x00000210997a8000, 0x0000021099a67800, 0x0000021099dae800,
0x0000021099daf800, 0x0000021099db1000, 0x000002109a29d000, 0x000002109a29e800,
0x000002109a2a2800, 0x000002109a2a0000, 0x000002109a2a4800, 0x000002109a2a3800,
0x000002109a2a6000, 0x000002109d451000, 0x000002109d44f000, 0x000002109d44e800,
0x000002109d451800, 0x000002109d452800, 0x000002109d450000, 0x00000210a08be000,
0x00000210a08c0800, 0x00000210a08c1800, 0x00000210a08bf800, 0x00000210a08c2000,
0x00000210a08c9800, 0x00000210a3153800, 0x00000210a3152000, 0x00000210a3151000,
0x00000210a3152800, 0x00000210a08bb000, 0x00000210a08bd000, 0x00000210a08bb800,
0x00000210a08bf000, 0x00000210a08bc800, 0x00000210a08c3000, 0x00000210a08c6000,
0x00000210a08c4800, 0x00000210a08c4000, 0x00000210a08c7000, 0x00000210a08c8000,
0x00000210a1516800, 0x00000210a08c5800, 0x00000210a08c8800, 0x00000210a3150800,
0x00000210a3155000, 0x00000210a3157000, 0x00000210a3154800, 0x00000210a3157800,
0x00000210a3156000, 0x000002109e814800, 0x00000210a3159800, 0x00000210a315b000,
0x00000210a3158800, 0x00000210a315c800, 0x00000210a315b800, 0x00000210a315a000,
0x00000210a315d800, 0x00000210a315f000, 0x00000210a315e000, 0x000002109d44c000,
0x000002109d44d000, 0x000002109d44b000, 0x000002109d44a800, 0x000002109d44d800,
0x000002109d457800, 0x000002109d456000
}

Java Threads: ( => current thread )
  0x00000210fca19800 JavaThread "main" [_thread_blocked, id=13068, stack(0x000000e95b900000,0x000000e95ba00000)]
  0x0000021096f01800 JavaThread "Reference Handler" daemon [_thread_blocked, id=10940, stack(0x000000e95c000000,0x000000e95c100000)]
  0x0000021096f0c800 JavaThread "Finalizer" daemon [_thread_blocked, id=2664, stack(0x000000e95c100000,0x000000e95c200000)]
  0x0000021097786000 JavaThread "Signal Dispatcher" daemon [_thread_blocked, id=15020, stack(0x000000e95c200000,0x000000e95c300000)]
  0x0000021097787000 JavaThread "Attach Listener" daemon [_thread_blocked, id=9980, stack(0x000000e95c300000,0x000000e95c400000)]
  0x0000021097788800 JavaThread "Service Thread" daemon [_thread_blocked, id=17316, stack(0x000000e95c400000,0x000000e95c500000)]
  0x000002109778d800 JavaThread "C2 CompilerThread0" daemon [_thread_blocked, id=8560, stack(0x000000e95c500000,0x000000e95c600000)]
  0x0000021097790800 JavaThread "C1 CompilerThread0" daemon [_thread_blocked, id=13776, stack(0x000000e95c600000,0x000000e95c700000)]
  0x0000021096f2d800 JavaThread "Sweeper thread" daemon [_thread_blocked, id=4980, stack(0x000000e95c700000,0x000000e95c800000)]
  0x0000021097951800 JavaThread "Common-Cleaner" daemon [_thread_blocked, id=5052, stack(0x000000e95c800000,0x000000e95c900000)]
  0x0000021099c0d800 JavaThread "Daemon health stats" [_thread_blocked, id=12316, stack(0x000000e95cd00000,0x000000e95ce00000)]
  0x0000021097a2a800 JavaThread "Incoming local TCP Connector on port 64808" [_thread_in_native, id=16808, stack(0x000000e95ca00000,0x000000e95cb00000)]
  0x0000021098e92000 JavaThread "Daemon periodic checks" [_thread_blocked, id=18712, stack(0x000000e95ce00000,0x000000e95cf00000)]
  0x00000210997a8000 JavaThread "Daemon" [_thread_blocked, id=10024, stack(0x000000e95cf00000,0x000000e95d000000)]
  0x0000021099a67800 JavaThread "Daemon worker" [_thread_blocked, id=3584, stack(0x000000e95d200000,0x000000e95d300000)]
  0x0000021099dae800 JavaThread "Cache worker for file hash cache (C:\Users\labya\.gradle\caches\7.0.2\fileHashes)" [_thread_blocked, id=15076, stack(0x000000e95dc00000,0x000000e95dd00000)]
  0x0000021099daf800 JavaThread "File lock request listener" [_thread_in_native, id=19400, stack(0x000000e95dd00000,0x000000e95de00000)]
  0x0000021099db1000 JavaThread "Cache worker for journal cache (C:\Users\labya\.gradle\caches\journal-1)" [_thread_blocked, id=4024, stack(0x000000e95df00000,0x000000e95e000000)]
  0x000002109a29d000 JavaThread "File watcher server" daemon [_thread_blocked, id=18120, stack(0x000000e95e100000,0x000000e95e200000)]
  0x000002109a29e800 JavaThread "File watcher consumer" daemon [_thread_blocked, id=7660, stack(0x000000e95e200000,0x000000e95e300000)]
  0x000002109a2a2800 JavaThread "Cache worker for execution history cache (C:\Users\labya\.gradle\caches\7.0.2\executionHistory)" [_thread_blocked, id=13848, stack(0x000000e95e700000,0x000000e95e800000)]
  0x000002109a2a0000 JavaThread "jar transforms" [_thread_blocked, id=1384, stack(0x000000e95e800000,0x000000e95e900000)]
  0x000002109a2a4800 JavaThread "jar transforms Thread 2" [_thread_blocked, id=18180, stack(0x000000e95e900000,0x000000e95ea00000)]
  0x000002109a2a3800 JavaThread "Cache worker for file content cache (C:\Users\labya\.gradle\caches\7.0.2\fileContent)" [_thread_blocked, id=12260, stack(0x000000e95ea00000,0x000000e95eb00000)]
  0x000002109a2a6000 JavaThread "jar transforms Thread 3" [_thread_blocked, id=15932, stack(0x000000e95ec00000,0x000000e95ed00000)]
  0x000002109d451000 JavaThread "jar transforms Thread 4" [_thread_blocked, id=10660, stack(0x000000e95f600000,0x000000e95f700000)]
  0x000002109d44f000 JavaThread "jar transforms Thread 5" [_thread_blocked, id=19048, stack(0x000000e95f700000,0x000000e95f800000)]
  0x000002109d44e800 JavaThread "jar transforms Thread 6" [_thread_blocked, id=19176, stack(0x000000e95f800000,0x000000e95f900000)]
  0x000002109d451800 JavaThread "jar transforms Thread 7" [_thread_blocked, id=6084, stack(0x000000e95f900000,0x000000e95fa00000)]
  0x000002109d452800 JavaThread "jar transforms Thread 8" [_thread_blocked, id=12380, stack(0x000000e95fa00000,0x000000e95fb00000)]
  0x000002109d450000 JavaThread "Memory manager" [_thread_blocked, id=5556, stack(0x000000e95fb00000,0x000000e95fc00000)]
  0x00000210a08be000 JavaThread "RMI Scheduler(0)" daemon [_thread_blocked, id=8648, stack(0x000000e960700000,0x000000e960800000)]
  0x00000210a08c0800 JavaThread "RMI GC Daemon" daemon [_thread_blocked, id=19044, stack(0x000000e960900000,0x000000e960a00000)]
  0x00000210a08c1800 JavaThread "RMI TCP Accept-0" daemon [_thread_in_native, id=13152, stack(0x000000e960a00000,0x000000e960b00000)]
  0x00000210a08bf800 JavaThread "RMI Reaper" [_thread_blocked, id=15872, stack(0x000000e960b00000,0x000000e960c00000)]
  0x00000210a08c2000 JavaThread "ForkJoinPool.commonPool-worker-3" daemon [_thread_blocked, id=5192, stack(0x000000e95e600000,0x000000e95e700000)]
  0x00000210a08c9800 JavaThread "ForkJoinPool.commonPool-worker-5" daemon [_thread_blocked, id=15668, stack(0x000000e960800000,0x000000e960900000)]
  0x00000210a3153800 JavaThread "ForkJoinPool.commonPool-worker-9" daemon [_thread_blocked, id=15612, stack(0x000000e961500000,0x000000e961600000)]
  0x00000210a3152000 JavaThread "ForkJoinPool.commonPool-worker-11" daemon [_thread_blocked, id=13692, stack(0x000000e961600000,0x000000e961700000)]
  0x00000210a3151000 JavaThread "ForkJoinPool.commonPool-worker-13" daemon [_thread_blocked, id=11740, stack(0x000000e961700000,0x000000e961800000)]
  0x00000210a3152800 JavaThread "ForkJoinPool.commonPool-worker-15" daemon [_thread_blocked, id=17908, stack(0x000000e961800000,0x000000e961900000)]
  0x00000210a08bb000 JavaThread "Handler for socket connection from /127.0.0.1:64808 to /127.0.0.1:64895" [_thread_in_native, id=1704, stack(0x000000e95b600000,0x000000e95b700000)]
  0x00000210a08bd000 JavaThread "Cancel handler" [_thread_blocked, id=10436, stack(0x000000e95b800000,0x000000e95b900000)]
  0x00000210a08bb800 JavaThread "Asynchronous log dispatcher for DefaultDaemonConnection: socket connection from /127.0.0.1:64808 to /127.0.0.1:64895" [_thread_blocked, id=18752, stack(0x000000e95d100000,0x000000e95d200000)]
  0x00000210a08bf000 JavaThread "Stdin handler" [_thread_blocked, id=19216, stack(0x000000e95d300000,0x000000e95d400000)]
  0x00000210a08bc800 JavaThread "Daemon client event forwarder" [_thread_blocked, id=17332, stack(0x000000e95d400000,0x000000e95d500000)]
  0x00000210a08c3000 JavaThread "Cache worker for file hash cache (C:\Users\labya\AndroidStudioProjects\MSWDOAPP\.gradle\7.0.2\fileHashes)" [_thread_blocked, id=6252, stack(0x000000e95d500000,0x000000e95d600000)]
  0x00000210a08c6000 JavaThread "Cache worker for checksums cache (C:\Users\labya\AndroidStudioProjects\MSWDOAPP\.gradle\checksums)" [_thread_blocked, id=8968, stack(0x000000e95d600000,0x000000e95d700000)]
  0x00000210a08c4800 JavaThread "Cache worker for cache directory md-supplier (C:\Users\labya\.gradle\caches\7.0.2\md-supplier)" [_thread_blocked, id=2484, stack(0x000000e95e000000,0x000000e95e100000)]
  0x00000210a08c4000 JavaThread "Cache worker for cache directory md-rule (C:\Users\labya\.gradle\caches\7.0.2\md-rule)" [_thread_blocked, id=13556, stack(0x000000e95e300000,0x000000e95e400000)]
  0x00000210a08c7000 JavaThread "Cache worker for dependencies-accessors (C:\Users\labya\AndroidStudioProjects\MSWDOAPP\.gradle\7.0.2\dependencies-accessors)" [_thread_blocked, id=16568, stack(0x000000e95e400000,0x000000e95e500000)]
  0x00000210a08c8000 JavaThread "Cache worker for Build Output Cleanup Cache (C:\Users\labya\AndroidStudioProjects\MSWDOAPP\.gradle\buildOutputCleanup)" [_thread_blocked, id=14160, stack(0x000000e95e500000,0x000000e95e600000)]
  0x00000210a1516800 JavaThread "C2 CompilerThread1" daemon [_thread_blocked, id=11428, stack(0x000000e95eb00000,0x000000e95ec00000)]
  0x00000210a08c5800 JavaThread "Build operations" [_thread_blocked, id=17360, stack(0x000000e95ed00000,0x000000e95ee00000)]
  0x00000210a08c8800 JavaThread "Build operations Thread 2" [_thread_blocked, id=18504, stack(0x000000e95ee00000,0x000000e95ef00000)]
  0x00000210a3150800 JavaThread "Build operations Thread 3" [_thread_blocked, id=13496, stack(0x000000e95ef00000,0x000000e95f000000)]
  0x00000210a3155000 JavaThread "Build operations Thread 4" [_thread_blocked, id=18528, stack(0x000000e95f000000,0x000000e95f100000)]
  0x00000210a3157000 JavaThread "Build operations Thread 5" [_thread_blocked, id=15088, stack(0x000000e95f100000,0x000000e95f200000)]
  0x00000210a3154800 JavaThread "Build operations Thread 6" [_thread_blocked, id=15660, stack(0x000000e95f200000,0x000000e95f300000)]
  0x00000210a3157800 JavaThread "Build operations Thread 7" [_thread_blocked, id=11440, stack(0x000000e95f300000,0x000000e95f400000)]
  0x00000210a3156000 JavaThread "Build operations Thread 8" [_thread_blocked, id=1632, stack(0x000000e95f400000,0x000000e95f500000)]
  0x000002109e814800 JavaThread "C2 CompilerThread2" daemon [_thread_blocked, id=13456, stack(0x000000e95f500000,0x000000e95f600000)]
  0x00000210a3159800 JavaThread "build event listener" [_thread_blocked, id=13616, stack(0x000000e95fc00000,0x000000e95fd00000)]
  0x00000210a315b000 JavaThread "Execution worker for ':'" [_thread_blocked, id=9364, stack(0x000000e95fd00000,0x000000e95fe00000)]
  0x00000210a3158800 JavaThread "Execution worker for ':' Thread 2" [_thread_blocked, id=16028, stack(0x000000e95fe00000,0x000000e95ff00000)]
  0x00000210a315c800 JavaThread "Execution worker for ':' Thread 3" [_thread_blocked, id=5048, stack(0x000000e95ff00000,0x000000e960000000)]
  0x00000210a315b800 JavaThread "Execution worker for ':' Thread 4" [_thread_blocked, id=19480, stack(0x000000e960000000,0x000000e960100000)]
  0x00000210a315a000 JavaThread "Execution worker for ':' Thread 5" [_thread_blocked, id=1624, stack(0x000000e960100000,0x000000e960200000)]
  0x00000210a315d800 JavaThread "Execution worker for ':' Thread 6" [_thread_blocked, id=12512, stack(0x000000e960200000,0x000000e960300000)]
  0x00000210a315f000 JavaThread "Execution worker for ':' Thread 7" [_thread_blocked, id=11728, stack(0x000000e960300000,0x000000e960400000)]
  0x00000210a315e000 JavaThread "Cache worker for execution history cache (C:\Users\labya\AndroidStudioProjects\MSWDOAPP\.gradle\7.0.2\executionHistory)" [_thread_blocked, id=10348, stack(0x000000e960400000,0x000000e960500000)]
  0x000002109d44c000 JavaThread "WorkerExecutor Queue" [_thread_blocked, id=7884, stack(0x000000e960500000,0x000000e960600000)]
  0x000002109d44d000 JavaThread "WorkerExecutor Queue Thread 2" [_thread_blocked, id=20200, stack(0x000000e960600000,0x000000e960700000)]
  0x000002109d44b000 JavaThread "WorkerExecutor Queue Thread 3" [_thread_blocked, id=6200, stack(0x000000e960c00000,0x000000e960d00000)]
  0x000002109d44a800 JavaThread "WorkerExecutor Queue Thread 4" [_thread_blocked, id=7036, stack(0x000000e960d00000,0x000000e960e00000)]
  0x000002109d44d800 JavaThread "WorkerExecutor Queue Thread 5" [_thread_blocked, id=19896, stack(0x000000e960e00000,0x000000e960f00000)]
  0x000002109d457800 JavaThread "WorkerExecutor Queue Thread 7" [_thread_blocked, id=5492, stack(0x000000e961000000,0x000000e961100000)]
  0x000002109d456000 JavaThread "WorkerExecutor Queue Thread 8" [_thread_blocked, id=2320, stack(0x000000e961100000,0x000000e961200000)]

Other Threads:
=>0x0000021096f00000 VMThread "VM Thread" [stack: 0x000000e95bf00000,0x000000e95c000000] [id=4124]
  0x0000021097956800 WatcherThread [stack: 0x000000e95c900000,0x000000e95ca00000] [id=20148]
  0x00000210fca32800 GCTaskThread "GC Thread#0" [stack: 0x000000e95ba00000,0x000000e95bb00000] [id=11132]
  0x000002109844c800 GCTaskThread "GC Thread#1" [stack: 0x000000e95cb00000,0x000000e95cc00000] [id=3508]
  0x0000021097a2d800 GCTaskThread "GC Thread#2" [stack: 0x000000e95cc00000,0x000000e95cd00000] [id=11796]
  0x0000021099abf000 GCTaskThread "GC Thread#3" [stack: 0x000000e95d700000,0x000000e95d800000] [id=2440]
  0x0000021098932800 GCTaskThread "GC Thread#4" [stack: 0x000000e95d800000,0x000000e95d900000] [id=9428]
  0x000002109844b000 GCTaskThread "GC Thread#5" [stack: 0x000000e95d900000,0x000000e95da00000] [id=11624]
  0x00000210992db800 GCTaskThread "GC Thread#6" [stack: 0x000000e95da00000,0x000000e95db00000] [id=7600]
  0x0000021098df7800 GCTaskThread "GC Thread#7" [stack: 0x000000e95db00000,0x000000e95dc00000] [id=18020]
  0x00000210fca6d000 ConcurrentGCThread "G1 Main Marker" [stack: 0x000000e95bb00000,0x000000e95bc00000] [id=14624]
  0x00000210fca73000 ConcurrentGCThread "G1 Conc#0" [stack: 0x000000e95bc00000,0x000000e95bd00000] [id=14616]
  0x000002109a1ef000 ConcurrentGCThread "G1 Conc#1" [stack: 0x000000e95de00000,0x000000e95df00000] [id=14748]
  0x00000210fca6b800 ConcurrentGCThread "G1 Refine#0" [stack: 0x000000e95bd00000,0x000000e95be00000] [id=10920]
  0x0000021096d69800 ConcurrentGCThread "G1 Young RemSet Sampling" [stack: 0x000000e95be00000,0x000000e95bf00000] [id=19656]

Threads with active compile tasks:
C2 CompilerThread0 112492 18782       4       com.android.tools.r8.internal.Lv::a (455 bytes)
C1 CompilerThread0 112492 18787 %     3       com.android.tools.r8.ir.regalloc.a::a @ 2121 (3985 bytes)
C2 CompilerThread1 112492 18009 %     4       com.android.tools.r8.internal.T6::a @ 1511 (6044 bytes)
C2 CompilerThread2 112492 18786       4       com.android.tools.r8.internal.wj::b (65 bytes)

VM state:at safepoint (normal execution)

VM Mutex/Monitor currently owned by a thread:  ([mutex/lock_event])
[0x00000210fca15df0] Threads_lock - owner thread: 0x0000021096f00000
[0x00000210fca17620] Heap_lock - owner thread: 0x00000210a3156000

Heap address: 0x0000000080000000, size: 2048 MB, Compressed Oops mode: 32-bit
Narrow klass base: 0x0000000000000000, Narrow klass shift: 3
Compressed class space size: 1073741824 Address: 0x0000000100000000

Heap:
 garbage-first heap   total 496640K, used 175190K [0x0000000080000000, 0x0000000100000000)
  region size 1024K, 8 young (8192K), 8 survivors (8192K)
 Metaspace       used 117686K, capacity 120999K, committed 121260K, reserved 1155072K
  class space    used 15016K, capacity 16290K, committed 16332K, reserved 1048576K
Heap Regions: E=young(eden), S=young(survivor), O=old, HS=humongous(starts), HC=humongous(continues), CS=collection set, F=free, A=archive, TAMS=top-at-mark-start (previous, next)
|   0|0x0000000080000000, 0x0000000080100000, 0x0000000080100000|100%| O|  |TAMS 0x0000000080100000, 0x0000000080000000| Untracked 
|   1|0x0000000080100000, 0x0000000080200000, 0x0000000080200000|100%| O|  |TAMS 0x0000000080200000, 0x0000000080100000| Untracked 
|   2|0x0000000080200000, 0x0000000080300000, 0x0000000080300000|100%| O|  |TAMS 0x0000000080300000, 0x0000000080200000| Untracked 
|   3|0x0000000080300000, 0x0000000080400000, 0x0000000080400000|100%|HS|  |TAMS 0x0000000080400000, 0x0000000080300000| Complete 
|   4|0x0000000080400000, 0x0000000080500000, 0x0000000080500000|100%|HC|  |TAMS 0x0000000080500000, 0x0000000080400000| Complete 
|   5|0x0000000080500000, 0x0000000080600000, 0x0000000080600000|100%|HC|  |TAMS 0x0000000080600000, 0x0000000080500000| Complete 
|   6|0x0000000080600000, 0x0000000080700000, 0x0000000080700000|100%| O|  |TAMS 0x0000000080700000, 0x0000000080600000| Untracked 
|   7|0x0000000080700000, 0x0000000080800000, 0x0000000080800000|100%| O|  |TAMS 0x0000000080800000, 0x0000000080700000| Untracked 
|   8|0x0000000080800000, 0x0000000080900000, 0x0000000080900000|100%| O|  |TAMS 0x0000000080900000, 0x0000000080800000| Untracked 
|   9|0x0000000080900000, 0x0000000080a00000, 0x0000000080a00000|100%| O|  |TAMS 0x0000000080a00000, 0x0000000080900000| Untracked 
|  10|0x0000000080a00000, 0x0000000080b00000, 0x0000000080b00000|100%| O|  |TAMS 0x0000000080b00000, 0x0000000080a00000| Untracked 
|  11|0x0000000080b00000, 0x0000000080c00000, 0x0000000080c00000|100%| O|  |TAMS 0x0000000080c00000, 0x0000000080b00000| Untracked 
|  12|0x0000000080c00000, 0x0000000080d00000, 0x0000000080d00000|100%| O|  |TAMS 0x0000000080d00000, 0x0000000080c00000| Untracked 
|  13|0x0000000080d00000, 0x0000000080e00000, 0x0000000080e00000|100%| O|  |TAMS 0x0000000080e00000, 0x0000000080d00000| Untracked 
|  14|0x0000000080e00000, 0x0000000080f00000, 0x0000000080f00000|100%| O|  |TAMS 0x0000000080f00000, 0x0000000080e00000| Untracked 
|  15|0x0000000080f00000, 0x0000000081000000, 0x0000000081000000|100%| O|  |TAMS 0x0000000081000000, 0x0000000080f00000| Untracked 
|  16|0x0000000081000000, 0x0000000081100000, 0x0000000081100000|100%| O|  |TAMS 0x0000000081100000, 0x0000000081000000| Untracked 
|  17|0x0000000081100000, 0x0000000081200000, 0x0000000081200000|100%| O|  |TAMS 0x0000000081200000, 0x0000000081100000| Untracked 
|  18|0x0000000081200000, 0x0000000081300000, 0x0000000081300000|100%|HS|  |TAMS 0x0000000081300000, 0x0000000081200000| Complete 
|  19|0x0000000081300000, 0x0000000081400000, 0x0000000081400000|100%| O|  |TAMS 0x0000000081400000, 0x0000000081300000| Untracked 
|  20|0x0000000081400000, 0x0000000081500000, 0x0000000081500000|100%| O|  |TAMS 0x0000000081500000, 0x0000000081400000| Untracked 
|  21|0x0000000081500000, 0x0000000081600000, 0x0000000081600000|100%| O|  |TAMS 0x0000000081600000, 0x0000000081500000| Untracked 
|  22|0x0000000081600000, 0x0000000081700000, 0x0000000081700000|100%| O|  |TAMS 0x0000000081700000, 0x0000000081600000| Untracked 
|  23|0x0000000081700000, 0x0000000081800000, 0x0000000081800000|100%|HS|  |TAMS 0x0000000081800000, 0x0000000081700000| Complete 
|  24|0x0000000081800000, 0x0000000081900000, 0x0000000081900000|100%|HS|  |TAMS 0x0000000081900000, 0x0000000081800000| Complete 
|  25|0x0000000081900000, 0x0000000081a00000, 0x0000000081a00000|100%|HS|  |TAMS 0x0000000081a00000, 0x0000000081900000| Complete 
|  26|0x0000000081a00000, 0x0000000081b00000, 0x0000000081b00000|100%|HC|  |TAMS 0x0000000081b00000, 0x0000000081a00000| Complete 
|  27|0x0000000081b00000, 0x0000000081c00000, 0x0000000081c00000|100%|HC|  |TAMS 0x0000000081c00000, 0x0000000081b00000| Complete 
|  28|0x0000000081c00000, 0x0000000081d00000, 0x0000000081d00000|100%|HS|  |TAMS 0x0000000081d00000, 0x0000000081c00000| Complete 
|  29|0x0000000081d00000, 0x0000000081e00000, 0x0000000081e00000|100%|HC|  |TAMS 0x0000000081e00000, 0x0000000081d00000| Complete 
|  30|0x0000000081e00000, 0x0000000081f00000, 0x0000000081f00000|100%| O|  |TAMS 0x0000000081f00000, 0x0000000081e00000| Untracked 
|  31|0x0000000081f00000, 0x0000000082000000, 0x0000000082000000|100%| O|  |TAMS 0x0000000082000000, 0x0000000081f00000| Untracked 
|  32|0x0000000082000000, 0x0000000082100000, 0x0000000082100000|100%| O|  |TAMS 0x0000000082100000, 0x0000000082000000| Untracked 
|  33|0x0000000082100000, 0x0000000082200000, 0x0000000082200000|100%| O|  |TAMS 0x0000000082200000, 0x0000000082100000| Untracked 
|  34|0x0000000082200000, 0x0000000082300000, 0x0000000082300000|100%| O|  |TAMS 0x0000000082300000, 0x0000000082200000| Untracked 
|  35|0x0000000082300000, 0x0000000082400000, 0x0000000082400000|100%| O|  |TAMS 0x0000000082400000, 0x0000000082300000| Untracked 
|  36|0x0000000082400000, 0x0000000082500000, 0x0000000082500000|100%| O|  |TAMS 0x0000000082500000, 0x0000000082400000| Untracked 
|  37|0x0000000082500000, 0x0000000082600000, 0x0000000082600000|100%| O|  |TAMS 0x0000000082600000, 0x0000000082500000| Untracked 
|  38|0x0000000082600000, 0x0000000082700000, 0x0000000082700000|100%| O|  |TAMS 0x0000000082700000, 0x0000000082600000| Untracked 
|  39|0x0000000082700000, 0x0000000082800000, 0x0000000082800000|100%| O|  |TAMS 0x0000000082800000, 0x0000000082700000| Untracked 
|  40|0x0000000082800000, 0x0000000082900000, 0x0000000082900000|100%| O|  |TAMS 0x0000000082900000, 0x0000000082800000| Untracked 
|  41|0x0000000082900000, 0x0000000082a00000, 0x0000000082a00000|100%| O|  |TAMS 0x0000000082a00000, 0x0000000082900000| Untracked 
|  42|0x0000000082a00000, 0x0000000082b00000, 0x0000000082b00000|100%| O|  |TAMS 0x0000000082b00000, 0x0000000082a00000| Untracked 
|  43|0x0000000082b00000, 0x0000000082c00000, 0x0000000082c00000|100%| O|  |TAMS 0x0000000082c00000, 0x0000000082b00000| Untracked 
|  44|0x0000000082c00000, 0x0000000082d00000, 0x0000000082d00000|100%| O|  |TAMS 0x0000000082d00000, 0x0000000082c00000| Untracked 
|  45|0x0000000082d00000, 0x0000000082e00000, 0x0000000082e00000|100%| O|  |TAMS 0x0000000082e00000, 0x0000000082d00000| Untracked 
|  46|0x0000000082e00000, 0x0000000082f00000, 0x0000000082f00000|100%| O|  |TAMS 0x0000000082f00000, 0x0000000082e00000| Untracked 
|  47|0x0000000082f00000, 0x0000000083000000, 0x0000000083000000|100%| O|  |TAMS 0x0000000083000000, 0x0000000082f00000| Untracked 
|  48|0x0000000083000000, 0x0000000083100000, 0x0000000083100000|100%| O|  |TAMS 0x0000000083100000, 0x0000000083000000| Untracked 
|  49|0x0000000083100000, 0x0000000083200000, 0x0000000083200000|100%| O|  |TAMS 0x0000000083200000, 0x0000000083100000| Untracked 
|  50|0x0000000083200000, 0x0000000083300000, 0x0000000083300000|100%| O|  |TAMS 0x0000000083300000, 0x0000000083200000| Untracked 
|  51|0x0000000083300000, 0x0000000083400000, 0x0000000083400000|100%| O|  |TAMS 0x0000000083400000, 0x0000000083300000| Untracked 
|  52|0x0000000083400000, 0x0000000083500000, 0x0000000083500000|100%| O|  |TAMS 0x0000000083500000, 0x0000000083400000| Untracked 
|  53|0x0000000083500000, 0x0000000083600000, 0x0000000083600000|100%| O|  |TAMS 0x0000000083600000, 0x0000000083500000| Untracked 
|  54|0x0000000083600000, 0x0000000083700000, 0x0000000083700000|100%| O|  |TAMS 0x0000000083700000, 0x0000000083600000| Untracked 
|  55|0x0000000083700000, 0x0000000083800000, 0x0000000083800000|100%| O|  |TAMS 0x0000000083800000, 0x0000000083700000| Untracked 
|  56|0x0000000083800000, 0x0000000083900000, 0x0000000083900000|100%| O|  |TAMS 0x0000000083900000, 0x0000000083800000| Untracked 
|  57|0x0000000083900000, 0x0000000083a00000, 0x0000000083a00000|100%| O|  |TAMS 0x0000000083a00000, 0x0000000083900000| Untracked 
|  58|0x0000000083a00000, 0x0000000083b00000, 0x0000000083b00000|100%| O|  |TAMS 0x0000000083b00000, 0x0000000083a00000| Untracked 
|  59|0x0000000083b00000, 0x0000000083c00000, 0x0000000083c00000|100%| O|  |TAMS 0x0000000083c00000, 0x0000000083b00000| Untracked 
|  60|0x0000000083c00000, 0x0000000083d00000, 0x0000000083d00000|100%| O|  |TAMS 0x0000000083d00000, 0x0000000083c00000| Untracked 
|  61|0x0000000083d00000, 0x0000000083e00000, 0x0000000083e00000|100%| O|  |TAMS 0x0000000083e00000, 0x0000000083d00000| Untracked 
|  62|0x0000000083e00000, 0x0000000083f00000, 0x0000000083f00000|100%| O|  |TAMS 0x0000000083f00000, 0x0000000083e00000| Untracked 
|  63|0x0000000083f00000, 0x0000000084000000, 0x0000000084000000|100%| O|  |TAMS 0x0000000084000000, 0x0000000083f00000| Untracked 
|  64|0x0000000084000000, 0x0000000084100000, 0x0000000084100000|100%| O|  |TAMS 0x0000000084100000, 0x0000000084000000| Untracked 
|  65|0x0000000084100000, 0x0000000084200000, 0x0000000084200000|100%| O|  |TAMS 0x0000000084200000, 0x0000000084100000| Untracked 
|  66|0x0000000084200000, 0x0000000084300000, 0x0000000084300000|100%| O|  |TAMS 0x0000000084300000, 0x0000000084200000| Untracked 
|  67|0x0000000084300000, 0x0000000084400000, 0x0000000084400000|100%| O|  |TAMS 0x0000000084400000, 0x0000000084300000| Untracked 
|  68|0x0000000084400000, 0x0000000084500000, 0x0000000084500000|100%| O|  |TAMS 0x0000000084500000, 0x0000000084400000| Untracked 
|  69|0x0000000084500000, 0x0000000084600000, 0x0000000084600000|100%| O|  |TAMS 0x0000000084600000, 0x0000000084500000| Untracked 
|  70|0x0000000084600000, 0x0000000084700000, 0x0000000084700000|100%| O|  |TAMS 0x0000000084700000, 0x0000000084600000| Untracked 
|  71|0x0000000084700000, 0x0000000084800000, 0x0000000084800000|100%| O|  |TAMS 0x0000000084800000, 0x0000000084700000| Untracked 
|  72|0x0000000084800000, 0x0000000084900000, 0x0000000084900000|100%| O|  |TAMS 0x0000000084900000, 0x0000000084800000| Untracked 
|  73|0x0000000084900000, 0x0000000084a00000, 0x0000000084a00000|100%| O|  |TAMS 0x0000000084a00000, 0x0000000084900000| Untracked 
|  74|0x0000000084a00000, 0x0000000084b00000, 0x0000000084b00000|100%| O|  |TAMS 0x0000000084b00000, 0x0000000084a00000| Untracked 
|  75|0x0000000084b00000, 0x0000000084c00000, 0x0000000084c00000|100%| O|  |TAMS 0x0000000084c00000, 0x0000000084b00000| Untracked 
|  76|0x0000000084c00000, 0x0000000084d00000, 0x0000000084d00000|100%| O|  |TAMS 0x0000000084c38400, 0x0000000084c00000| Untracked 
|  77|0x0000000084d00000, 0x0000000084e00000, 0x0000000084e00000|100%| O|  |TAMS 0x0000000084e00000, 0x0000000084d00000| Untracked 
|  78|0x0000000084e00000, 0x0000000084f00000, 0x0000000084f00000|100%| O|  |TAMS 0x0000000084f00000, 0x0000000084e00000| Untracked 
|  79|0x0000000084f00000, 0x0000000085000000, 0x0000000085000000|100%| O|  |TAMS 0x0000000085000000, 0x0000000084f00000| Untracked 
|  80|0x0000000085000000, 0x0000000085015a00, 0x0000000085100000|  8%| O|  |TAMS 0x0000000085000000, 0x0000000085000000| Untracked 
|  81|0x0000000085100000, 0x0000000085200000, 0x0000000085200000|100%| O|  |TAMS 0x0000000085200000, 0x0000000085100000| Untracked 
|  82|0x0000000085200000, 0x0000000085300000, 0x0000000085300000|100%| O|  |TAMS 0x0000000085300000, 0x0000000085200000| Untracked 
|  83|0x0000000085300000, 0x0000000085400000, 0x0000000085400000|100%| O|  |TAMS 0x0000000085300000, 0x0000000085300000| Untracked 
|  84|0x0000000085400000, 0x0000000085500000, 0x0000000085500000|100%| O|  |TAMS 0x0000000085400000, 0x0000000085400000| Untracked 
|  85|0x0000000085500000, 0x0000000085600000, 0x0000000085600000|100%| O|  |TAMS 0x0000000085500000, 0x0000000085500000| Untracked 
|  86|0x0000000085600000, 0x0000000085700000, 0x0000000085700000|100%| O|  |TAMS 0x0000000085700000, 0x0000000085600000| Untracked 
|  87|0x0000000085700000, 0x0000000085800000, 0x0000000085800000|100%| O|  |TAMS 0x0000000085800000, 0x0000000085700000| Untracked 
|  88|0x0000000085800000, 0x0000000085900000, 0x0000000085900000|100%| O|  |TAMS 0x0000000085900000, 0x0000000085800000| Untracked 
|  89|0x0000000085900000, 0x0000000085a00000, 0x0000000085a00000|100%| O|  |TAMS 0x0000000085a00000, 0x0000000085900000| Untracked 
|  90|0x0000000085a00000, 0x0000000085b00000, 0x0000000085b00000|100%| O|  |TAMS 0x0000000085b00000, 0x0000000085a00000| Untracked 
|  91|0x0000000085b00000, 0x0000000085c00000, 0x0000000085c00000|100%| O|  |TAMS 0x0000000085c00000, 0x0000000085b00000| Untracked 
|  92|0x0000000085c00000, 0x0000000085d00000, 0x0000000085d00000|100%| O|  |TAMS 0x0000000085d00000, 0x0000000085c00000| Untracked 
|  93|0x0000000085d00000, 0x0000000085e00000, 0x0000000085e00000|100%| O|  |TAMS 0x0000000085e00000, 0x0000000085d00000| Untracked 
|  94|0x0000000085e00000, 0x0000000085f00000, 0x0000000085f00000|100%| O|  |TAMS 0x0000000085f00000, 0x0000000085e00000| Untracked 
|  95|0x0000000085f00000, 0x0000000086000000, 0x0000000086000000|100%| O|  |TAMS 0x0000000085f00000, 0x0000000085f00000| Untracked 
|  96|0x0000000086000000, 0x0000000086100000, 0x0000000086100000|100%| O|  |TAMS 0x0000000086100000, 0x0000000086000000| Untracked 
|  97|0x0000000086100000, 0x0000000086200000, 0x0000000086200000|100%| O|  |TAMS 0x0000000086200000, 0x0000000086100000| Untracked 
|  98|0x0000000086200000, 0x0000000086300000, 0x0000000086300000|100%| O|  |TAMS 0x0000000086200000, 0x0000000086200000| Untracked 
|  99|0x0000000086300000, 0x0000000086400000, 0x0000000086400000|100%| O|  |TAMS 0x0000000086400000, 0x0000000086300000| Untracked 
| 100|0x0000000086400000, 0x0000000086500000, 0x0000000086500000|100%| O|  |TAMS 0x0000000086500000, 0x0000000086400000| Untracked 
| 101|0x0000000086500000, 0x0000000086600000, 0x0000000086600000|100%| O|  |TAMS 0x0000000086600000, 0x0000000086500000| Untracked 
| 102|0x0000000086600000, 0x0000000086700000, 0x0000000086700000|100%| O|  |TAMS 0x0000000086600000, 0x0000000086600000| Untracked 
| 103|0x0000000086700000, 0x0000000086800000, 0x0000000086800000|100%| O|  |TAMS 0x0000000086800000, 0x0000000086700000| Untracked 
| 104|0x0000000086800000, 0x0000000086900000, 0x0000000086900000|100%| O|  |TAMS 0x0000000086800000, 0x0000000086800000| Untracked 
| 105|0x0000000086900000, 0x0000000086a00000, 0x0000000086a00000|100%| O|  |TAMS 0x0000000086a00000, 0x0000000086900000| Untracked 
| 106|0x0000000086a00000, 0x0000000086b00000, 0x0000000086b00000|100%| O|  |TAMS 0x0000000086b00000, 0x0000000086a00000| Untracked 
| 107|0x0000000086b00000, 0x0000000086c00000, 0x0000000086c00000|100%| O|  |TAMS 0x0000000086c00000, 0x0000000086b00000| Untracked 
| 108|0x0000000086c00000, 0x0000000086d00000, 0x0000000086d00000|100%| O|  |TAMS 0x0000000086d00000, 0x0000000086c00000| Untracked 
| 109|0x0000000086d00000, 0x0000000086e00000, 0x0000000086e00000|100%| O|  |TAMS 0x0000000086e00000, 0x0000000086d00000| Untracked 
| 110|0x0000000086e00000, 0x0000000086f00000, 0x0000000086f00000|100%| O|  |TAMS 0x0000000086f00000, 0x0000000086e00000| Untracked 
| 111|0x0000000086f00000, 0x0000000087000000, 0x0000000087000000|100%| O|  |TAMS 0x0000000087000000, 0x0000000086f00000| Untracked 
| 112|0x0000000087000000, 0x0000000087100000, 0x0000000087100000|100%| O|  |TAMS 0x0000000087100000, 0x0000000087000000| Untracked 
| 113|0x0000000087100000, 0x0000000087200000, 0x0000000087200000|100%|HS|  |TAMS 0x0000000087200000, 0x0000000087100000| Complete 
| 114|0x0000000087200000, 0x0000000087300000, 0x0000000087300000|100%|HC|  |TAMS 0x0000000087300000, 0x0000000087200000| Complete 
| 115|0x0000000087300000, 0x0000000087400000, 0x0000000087400000|100%| O|  |TAMS 0x0000000087400000, 0x0000000087300000| Untracked 
| 116|0x0000000087400000, 0x0000000087500000, 0x0000000087500000|100%| O|  |TAMS 0x0000000087500000, 0x0000000087400000| Untracked 
| 117|0x0000000087500000, 0x0000000087600000, 0x0000000087600000|100%| O|  |TAMS 0x0000000087600000, 0x0000000087500000| Untracked 
| 118|0x0000000087600000, 0x0000000087700000, 0x0000000087700000|100%| O|  |TAMS 0x0000000087700000, 0x0000000087600000| Untracked 
| 119|0x0000000087700000, 0x0000000087800000, 0x0000000087800000|100%| O|  |TAMS 0x0000000087800000, 0x0000000087700000| Untracked 
| 120|0x0000000087800000, 0x0000000087900000, 0x0000000087900000|100%| O|  |TAMS 0x0000000087900000, 0x0000000087800000| Untracked 
| 121|0x0000000087900000, 0x0000000087a00000, 0x0000000087a00000|100%| O|  |TAMS 0x0000000087a00000, 0x0000000087900000| Untracked 
| 122|0x0000000087a00000, 0x0000000087b00000, 0x0000000087b00000|100%|HS|  |TAMS 0x0000000087b00000, 0x0000000087a00000| Complete 
| 123|0x0000000087b00000, 0x0000000087c00000, 0x0000000087c00000|100%| O|  |TAMS 0x0000000087c00000, 0x0000000087b00000| Untracked 
| 124|0x0000000087c00000, 0x0000000087c00000, 0x0000000087d00000|  0%| F|  |TAMS 0x0000000087c00000, 0x0000000087c00000| Untracked 
| 125|0x0000000087d00000, 0x0000000087e00000, 0x0000000087e00000|100%| O|  |TAMS 0x0000000087e00000, 0x0000000087d00000| Untracked 
| 126|0x0000000087e00000, 0x0000000087f00000, 0x0000000087f00000|100%| O|  |TAMS 0x0000000087f00000, 0x0000000087e00000| Untracked 
| 127|0x0000000087f00000, 0x0000000088000000, 0x0000000088000000|100%| O|  |TAMS 0x0000000088000000, 0x0000000087f00000| Untracked 
| 128|0x0000000088000000, 0x0000000088100000, 0x0000000088100000|100%| O|  |TAMS 0x0000000088100000, 0x0000000088000000| Untracked 
| 129|0x0000000088100000, 0x0000000088200000, 0x0000000088200000|100%| O|  |TAMS 0x0000000088200000, 0x0000000088100000| Untracked 
| 130|0x0000000088200000, 0x0000000088300000, 0x0000000088300000|100%| O|  |TAMS 0x0000000088300000, 0x0000000088200000| Untracked 
| 131|0x0000000088300000, 0x0000000088400000, 0x0000000088400000|100%| O|  |TAMS 0x0000000088400000, 0x0000000088300000| Untracked 
| 132|0x0000000088400000, 0x0000000088500000, 0x0000000088500000|100%| O|  |TAMS 0x0000000088500000, 0x0000000088400000| Untracked 
| 133|0x0000000088500000, 0x0000000088600000, 0x0000000088600000|100%| O|  |TAMS 0x0000000088500000, 0x0000000088500000| Untracked 
| 134|0x0000000088600000, 0x0000000088700000, 0x0000000088700000|100%| O|  |TAMS 0x0000000088700000, 0x0000000088600000| Untracked 
| 135|0x0000000088700000, 0x0000000088800000, 0x0000000088800000|100%| O|  |TAMS 0x0000000088800000, 0x0000000088700000| Untracked 
| 136|0x0000000088800000, 0x0000000088900000, 0x0000000088900000|100%| O|  |TAMS 0x0000000088900000, 0x0000000088800000| Untracked 
| 137|0x0000000088900000, 0x0000000088a00000, 0x0000000088a00000|100%| O|  |TAMS 0x0000000088a00000, 0x0000000088900000| Untracked 
| 138|0x0000000088a00000, 0x0000000088b00000, 0x0000000088b00000|100%| O|  |TAMS 0x0000000088b00000, 0x0000000088a00000| Untracked 
| 139|0x0000000088b00000, 0x0000000088c00000, 0x0000000088c00000|100%| O|  |TAMS 0x0000000088c00000, 0x0000000088b00000| Untracked 
| 140|0x0000000088c00000, 0x0000000088d00000, 0x0000000088d00000|100%| O|  |TAMS 0x0000000088d00000, 0x0000000088c00000| Untracked 
| 141|0x0000000088d00000, 0x0000000088e00000, 0x0000000088e00000|100%| O|  |TAMS 0x0000000088e00000, 0x0000000088d00000| Untracked 
| 142|0x0000000088e00000, 0x0000000088f00000, 0x0000000088f00000|100%| O|  |TAMS 0x0000000088f00000, 0x0000000088e00000| Untracked 
| 143|0x0000000088f00000, 0x0000000089000000, 0x0000000089000000|100%| O|  |TAMS 0x0000000089000000, 0x0000000088f00000| Untracked 
| 144|0x0000000089000000, 0x0000000089100000, 0x0000000089100000|100%| O|  |TAMS 0x0000000089100000, 0x0000000089000000| Untracked 
| 145|0x0000000089100000, 0x0000000089200000, 0x0000000089200000|100%| O|  |TAMS 0x0000000089100000, 0x0000000089100000| Untracked 
| 146|0x0000000089200000, 0x0000000089300000, 0x0000000089300000|100%| O|  |TAMS 0x0000000089300000, 0x0000000089200000| Untracked 
| 147|0x0000000089300000, 0x0000000089400000, 0x0000000089400000|100%| O|  |TAMS 0x0000000089400000, 0x0000000089300000| Untracked 
| 148|0x0000000089400000, 0x0000000089500000, 0x0000000089500000|100%| O|  |TAMS 0x0000000089500000, 0x0000000089400000| Untracked 
| 149|0x0000000089500000, 0x0000000089600000, 0x0000000089600000|100%| O|  |TAMS 0x0000000089600000, 0x0000000089500000| Untracked 
| 150|0x0000000089600000, 0x0000000089700000, 0x0000000089700000|100%| O|  |TAMS 0x0000000089700000, 0x0000000089600000| Untracked 
| 151|0x0000000089700000, 0x0000000089800000, 0x0000000089800000|100%| O|  |TAMS 0x0000000089800000, 0x0000000089700000| Untracked 
| 152|0x0000000089800000, 0x0000000089900000, 0x0000000089900000|100%| O|  |TAMS 0x0000000089900000, 0x0000000089800000| Untracked 
| 153|0x0000000089900000, 0x0000000089a00000, 0x0000000089a00000|100%| O|  |TAMS 0x0000000089a00000, 0x0000000089900000| Untracked 
| 154|0x0000000089a00000, 0x0000000089b00000, 0x0000000089b00000|100%| O|  |TAMS 0x0000000089b00000, 0x0000000089a00000| Untracked 
| 155|0x0000000089b00000, 0x0000000089c00000, 0x0000000089c00000|100%| O|  |TAMS 0x0000000089c00000, 0x0000000089b00000| Untracked 
| 156|0x0000000089c00000, 0x0000000089d00000, 0x0000000089d00000|100%| O|  |TAMS 0x0000000089d00000, 0x0000000089c00000| Untracked 
| 157|0x0000000089d00000, 0x0000000089e00000, 0x0000000089e00000|100%| O|  |TAMS 0x0000000089e00000, 0x0000000089d00000| Untracked 
| 158|0x0000000089e00000, 0x0000000089f00000, 0x0000000089f00000|100%| O|  |TAMS 0x0000000089f00000, 0x0000000089e00000| Untracked 
| 159|0x0000000089f00000, 0x000000008a000000, 0x000000008a000000|100%| O|  |TAMS 0x000000008a000000, 0x0000000089f00000| Untracked 
| 160|0x000000008a000000, 0x000000008a100000, 0x000000008a100000|100%| O|  |TAMS 0x000000008a100000, 0x000000008a000000| Untracked 
| 161|0x000000008a100000, 0x000000008a200000, 0x000000008a200000|100%| O|  |TAMS 0x000000008a200000, 0x000000008a100000| Untracked 
| 162|0x000000008a200000, 0x000000008a300000, 0x000000008a300000|100%| O|  |TAMS 0x000000008a200000, 0x000000008a200000| Untracked 
| 163|0x000000008a300000, 0x000000008a400000, 0x000000008a400000|100%| O|  |TAMS 0x000000008a300000, 0x000000008a300000| Untracked 
| 164|0x000000008a400000, 0x000000008a500000, 0x000000008a500000|100%| O|  |TAMS 0x000000008a400000, 0x000000008a400000| Untracked 
| 165|0x000000008a500000, 0x000000008a500000, 0x000000008a600000|  0%| F|  |TAMS 0x000000008a500000, 0x000000008a500000| Untracked 
| 166|0x000000008a600000, 0x000000008a600000, 0x000000008a700000|  0%| F|  |TAMS 0x000000008a600000, 0x000000008a600000| Untracked 
| 167|0x000000008a700000, 0x000000008a700000, 0x000000008a800000|  0%| F|  |TAMS 0x000000008a700000, 0x000000008a700000| Untracked 
| 168|0x000000008a800000, 0x000000008a800000, 0x000000008a900000|  0%| F|  |TAMS 0x000000008a800000, 0x000000008a800000| Untracked 
| 169|0x000000008a900000, 0x000000008a900000, 0x000000008aa00000|  0%| F|  |TAMS 0x000000008a900000, 0x000000008a900000| Untracked 
| 170|0x000000008aa00000, 0x000000008aa00000, 0x000000008ab00000|  0%| F|  |TAMS 0x000000008aa00000, 0x000000008aa00000| Untracked 
| 171|0x000000008ab00000, 0x000000008ab00000, 0x000000008ac00000|  0%| F|  |TAMS 0x000000008ab00000, 0x000000008ab00000| Untracked 
| 172|0x000000008ac00000, 0x000000008ac00000, 0x000000008ad00000|  0%| F|  |TAMS 0x000000008ac00000, 0x000000008ac00000| Untracked 
| 173|0x000000008ad00000, 0x000000008ad00000, 0x000000008ae00000|  0%| F|  |TAMS 0x000000008ad00000, 0x000000008ad00000| Untracked 
| 174|0x000000008ae00000, 0x000000008ae00000, 0x000000008af00000|  0%| F|  |TAMS 0x000000008ae00000, 0x000000008ae00000| Untracked 
| 175|0x000000008af00000, 0x000000008af00000, 0x000000008b000000|  0%| F|  |TAMS 0x000000008af00000, 0x000000008af00000| Untracked 
| 176|0x000000008b000000, 0x000000008b000000, 0x000000008b100000|  0%| F|  |TAMS 0x000000008b000000, 0x000000008b000000| Untracked 
| 177|0x000000008b100000, 0x000000008b100000, 0x000000008b200000|  0%| F|  |TAMS 0x000000008b100000, 0x000000008b100000| Untracked 
| 178|0x000000008b200000, 0x000000008b200000, 0x000000008b300000|  0%| F|  |TAMS 0x000000008b200000, 0x000000008b200000| Untracked 
| 179|0x000000008b300000, 0x000000008b300000, 0x000000008b400000|  0%| F|  |TAMS 0x000000008b300000, 0x000000008b300000| Untracked 
| 180|0x000000008b400000, 0x000000008b400000, 0x000000008b500000|  0%| F|  |TAMS 0x000000008b400000, 0x000000008b400000| Untracked 
| 181|0x000000008b500000, 0x000000008b500000, 0x000000008b600000|  0%| F|  |TAMS 0x000000008b500000, 0x000000008b500000| Untracked 
| 182|0x000000008b600000, 0x000000008b600000, 0x000000008b700000|  0%| F|  |TAMS 0x000000008b600000, 0x000000008b600000| Untracked 
| 183|0x000000008b700000, 0x000000008b700000, 0x000000008b800000|  0%| F|  |TAMS 0x000000008b700000, 0x000000008b700000| Untracked 
| 184|0x000000008b800000, 0x000000008b800000, 0x000000008b900000|  0%| F|  |TAMS 0x000000008b800000, 0x000000008b800000| Untracked 
| 185|0x000000008b900000, 0x000000008b900000, 0x000000008ba00000|  0%| F|  |TAMS 0x000000008b900000, 0x000000008b900000| Untracked 
| 186|0x000000008ba00000, 0x000000008ba00000, 0x000000008bb00000|  0%| F|  |TAMS 0x000000008ba00000, 0x000000008ba00000| Untracked 
| 187|0x000000008bb00000, 0x000000008bb00000, 0x000000008bc00000|  0%| F|  |TAMS 0x000000008bb00000, 0x000000008bb00000| Untracked 
| 188|0x000000008bc00000, 0x000000008bc00000, 0x000000008bd00000|  0%| F|  |TAMS 0x000000008bc00000, 0x000000008bc00000| Untracked 
| 189|0x000000008bd00000, 0x000000008bd00000, 0x000000008be00000|  0%| F|  |TAMS 0x000000008bd00000, 0x000000008bd00000| Untracked 
| 190|0x000000008be00000, 0x000000008be00000, 0x000000008bf00000|  0%| F|  |TAMS 0x000000008be00000, 0x000000008be00000| Untracked 
| 191|0x000000008bf00000, 0x000000008bf00000, 0x000000008c000000|  0%| F|  |TAMS 0x000000008bf00000, 0x000000008bf00000| Untracked 
| 192|0x000000008c000000, 0x000000008c000000, 0x000000008c100000|  0%| F|  |TAMS 0x000000008c000000, 0x000000008c000000| Untracked 
| 193|0x000000008c100000, 0x000000008c100000, 0x000000008c200000|  0%| F|  |TAMS 0x000000008c100000, 0x000000008c100000| Untracked 
| 194|0x000000008c200000, 0x000000008c200000, 0x000000008c300000|  0%| F|  |TAMS 0x000000008c200000, 0x000000008c200000| Untracked 
| 195|0x000000008c300000, 0x000000008c300000, 0x000000008c400000|  0%| F|  |TAMS 0x000000008c300000, 0x000000008c300000| Untracked 
| 196|0x000000008c400000, 0x000000008c400000, 0x000000008c500000|  0%| F|  |TAMS 0x000000008c400000, 0x000000008c400000| Untracked 
| 197|0x000000008c500000, 0x000000008c500000, 0x000000008c600000|  0%| F|  |TAMS 0x000000008c500000, 0x000000008c500000| Untracked 
| 198|0x000000008c600000, 0x000000008c600000, 0x000000008c700000|  0%| F|  |TAMS 0x000000008c600000, 0x000000008c600000| Untracked 
| 199|0x000000008c700000, 0x000000008c700000, 0x000000008c800000|  0%| F|  |TAMS 0x000000008c700000, 0x000000008c700000| Untracked 
| 200|0x000000008c800000, 0x000000008c800000, 0x000000008c900000|  0%| F|  |TAMS 0x000000008c800000, 0x000000008c800000| Untracked 
| 201|0x000000008c900000, 0x000000008c900000, 0x000000008ca00000|  0%| F|  |TAMS 0x000000008c900000, 0x000000008c900000| Untracked 
| 202|0x000000008ca00000, 0x000000008ca00000, 0x000000008cb00000|  0%| F|  |TAMS 0x000000008ca00000, 0x000000008ca00000| Untracked 
| 203|0x000000008cb00000, 0x000000008cb00000, 0x000000008cc00000|  0%| F|  |TAMS 0x000000008cb00000, 0x000000008cb00000| Untracked 
| 204|0x000000008cc00000, 0x000000008cc00000, 0x000000008cd00000|  0%| F|  |TAMS 0x000000008cc00000, 0x000000008cc00000| Untracked 
| 205|0x000000008cd00000, 0x000000008cd00000, 0x000000008ce00000|  0%| F|  |TAMS 0x000000008cd00000, 0x000000008cd00000| Untracked 
| 206|0x000000008ce00000, 0x000000008ce00000, 0x000000008cf00000|  0%| F|  |TAMS 0x000000008ce00000, 0x000000008ce00000| Untracked 
| 207|0x000000008cf00000, 0x000000008cf00000, 0x000000008d000000|  0%| F|  |TAMS 0x000000008cf00000, 0x000000008cf00000| Untracked 
| 208|0x000000008d000000, 0x000000008d000000, 0x000000008d100000|  0%| F|  |TAMS 0x000000008d000000, 0x000000008d000000| Untracked 
| 209|0x000000008d100000, 0x000000008d100000, 0x000000008d200000|  0%| F|  |TAMS 0x000000008d100000, 0x000000008d100000| Untracked 
| 210|0x000000008d200000, 0x000000008d200000, 0x000000008d300000|  0%| F|  |TAMS 0x000000008d200000, 0x000000008d200000| Untracked 
| 211|0x000000008d300000, 0x000000008d300000, 0x000000008d400000|  0%| F|  |TAMS 0x000000008d300000, 0x000000008d300000| Untracked 
| 212|0x000000008d400000, 0x000000008d400000, 0x000000008d500000|  0%| F|  |TAMS 0x000000008d400000, 0x000000008d400000| Untracked 
| 213|0x000000008d500000, 0x000000008d500000, 0x000000008d600000|  0%| F|  |TAMS 0x000000008d500000, 0x000000008d500000| Untracked 
| 214|0x000000008d600000, 0x000000008d600000, 0x000000008d700000|  0%| F|  |TAMS 0x000000008d600000, 0x000000008d600000| Untracked 
| 215|0x000000008d700000, 0x000000008d700000, 0x000000008d800000|  0%| F|  |TAMS 0x000000008d700000, 0x000000008d700000| Untracked 
| 216|0x000000008d800000, 0x000000008d800000, 0x000000008d900000|  0%| F|  |TAMS 0x000000008d800000, 0x000000008d800000| Untracked 
| 217|0x000000008d900000, 0x000000008d900000, 0x000000008da00000|  0%| F|  |TAMS 0x000000008d900000, 0x000000008d900000| Untracked 
| 218|0x000000008da00000, 0x000000008da00000, 0x000000008db00000|  0%| F|  |TAMS 0x000000008da00000, 0x000000008da00000| Untracked 
| 219|0x000000008db00000, 0x000000008db00000, 0x000000008dc00000|  0%| F|  |TAMS 0x000000008db00000, 0x000000008db00000| Untracked 
| 220|0x000000008dc00000, 0x000000008dc00000, 0x000000008dd00000|  0%| F|  |TAMS 0x000000008dc00000, 0x000000008dc00000| Untracked 
| 221|0x000000008dd00000, 0x000000008dd00000, 0x000000008de00000|  0%| F|  |TAMS 0x000000008dd00000, 0x000000008dd00000| Untracked 
| 222|0x000000008de00000, 0x000000008de00000, 0x000000008df00000|  0%| F|  |TAMS 0x000000008de00000, 0x000000008de00000| Untracked 
| 223|0x000000008df00000, 0x000000008df00000, 0x000000008e000000|  0%| F|  |TAMS 0x000000008df00000, 0x000000008df00000| Untracked 
| 224|0x000000008e000000, 0x000000008e000000, 0x000000008e100000|  0%| F|  |TAMS 0x000000008e000000, 0x000000008e000000| Untracked 
| 225|0x000000008e100000, 0x000000008e100000, 0x000000008e200000|  0%| F|  |TAMS 0x000000008e100000, 0x000000008e100000| Untracked 
| 226|0x000000008e200000, 0x000000008e200000, 0x000000008e300000|  0%| F|  |TAMS 0x000000008e200000, 0x000000008e200000| Untracked 
| 227|0x000000008e300000, 0x000000008e400000, 0x000000008e400000|100%| S|CS|TAMS 0x000000008e300000, 0x000000008e300000| Complete 
| 228|0x000000008e400000, 0x000000008e500000, 0x000000008e500000|100%| S|CS|TAMS 0x000000008e400000, 0x000000008e400000| Complete 
| 229|0x000000008e500000, 0x000000008e600000, 0x000000008e600000|100%| S|CS|TAMS 0x000000008e500000, 0x000000008e500000| Complete 
| 230|0x000000008e600000, 0x000000008e700000, 0x000000008e700000|100%| S|CS|TAMS 0x000000008e600000, 0x000000008e600000| Complete 
| 231|0x000000008e700000, 0x000000008e800000, 0x000000008e800000|100%| S|CS|TAMS 0x000000008e700000, 0x000000008e700000| Complete 
| 232|0x000000008e800000, 0x000000008e900000, 0x000000008e900000|100%| S|CS|TAMS 0x000000008e800000, 0x000000008e800000| Complete 
| 233|0x000000008e900000, 0x000000008ea00000, 0x000000008ea00000|100%| S|CS|TAMS 0x000000008e900000, 0x000000008e900000| Complete 
| 234|0x000000008ea00000, 0x000000008eb00000, 0x000000008eb00000|100%| S|CS|TAMS 0x000000008ea00000, 0x000000008ea00000| Complete 
| 235|0x000000008eb00000, 0x000000008eb00000, 0x000000008ec00000|  0%| F|  |TAMS 0x000000008eb00000, 0x000000008eb00000| Untracked 
| 236|0x000000008ec00000, 0x000000008ec00000, 0x000000008ed00000|  0%| F|  |TAMS 0x000000008ec00000, 0x000000008ec00000| Untracked 
| 237|0x000000008ed00000, 0x000000008ed00000, 0x000000008ee00000|  0%| F|  |TAMS 0x000000008ed00000, 0x000000008ed00000| Untracked 
| 238|0x000000008ee00000, 0x000000008ee00000, 0x000000008ef00000|  0%| F|  |TAMS 0x000000008ee00000, 0x000000008ee00000| Untracked 
| 239|0x000000008ef00000, 0x000000008ef00000, 0x000000008f000000|  0%| F|  |TAMS 0x000000008ef00000, 0x000000008ef00000| Untracked 
| 240|0x000000008f000000, 0x000000008f000000, 0x000000008f100000|  0%| F|  |TAMS 0x000000008f000000, 0x000000008f000000| Untracked 
| 241|0x000000008f100000, 0x000000008f100000, 0x000000008f200000|  0%| F|  |TAMS 0x000000008f100000, 0x000000008f100000| Untracked 
| 242|0x000000008f200000, 0x000000008f200000, 0x000000008f300000|  0%| F|  |TAMS 0x000000008f200000, 0x000000008f200000| Untracked 
| 243|0x000000008f300000, 0x000000008f300000, 0x000000008f400000|  0%| F|  |TAMS 0x000000008f300000, 0x000000008f300000| Untracked 
| 244|0x000000008f400000, 0x000000008f400000, 0x000000008f500000|  0%| F|  |TAMS 0x000000008f400000, 0x000000008f400000| Untracked 
| 245|0x000000008f500000, 0x000000008f500000, 0x000000008f600000|  0%| F|  |TAMS 0x000000008f500000, 0x000000008f500000| Untracked 
| 246|0x000000008f600000, 0x000000008f600000, 0x000000008f700000|  0%| F|  |TAMS 0x000000008f600000, 0x000000008f600000| Untracked 
| 247|0x000000008f700000, 0x000000008f700000, 0x000000008f800000|  0%| F|  |TAMS 0x000000008f700000, 0x000000008f700000| Untracked 
| 248|0x000000008f800000, 0x000000008f800000, 0x000000008f900000|  0%| F|  |TAMS 0x000000008f800000, 0x000000008f800000| Untracked 
| 249|0x000000008f900000, 0x000000008f900000, 0x000000008fa00000|  0%| F|  |TAMS 0x000000008f900000, 0x000000008f900000| Untracked 
| 250|0x000000008fa00000, 0x000000008fa00000, 0x000000008fb00000|  0%| F|  |TAMS 0x000000008fa00000, 0x000000008fa00000| Untracked 
| 251|0x000000008fb00000, 0x000000008fb00000, 0x000000008fc00000|  0%| F|  |TAMS 0x000000008fb00000, 0x000000008fb00000| Untracked 
| 252|0x000000008fc00000, 0x000000008fc00000, 0x000000008fd00000|  0%| F|  |TAMS 0x000000008fc00000, 0x000000008fc00000| Untracked 
| 253|0x000000008fd00000, 0x000000008fd00000, 0x000000008fe00000|  0%| F|  |TAMS 0x000000008fd00000, 0x000000008fd00000| Untracked 
| 254|0x000000008fe00000, 0x000000008fe00000, 0x000000008ff00000|  0%| F|  |TAMS 0x000000008fe00000, 0x000000008fe00000| Untracked 
| 255|0x000000008ff00000, 0x000000008ff00000, 0x0000000090000000|  0%| F|  |TAMS 0x000000008ff00000, 0x000000008ff00000| Untracked 
| 256|0x0000000090000000, 0x0000000090000000, 0x0000000090100000|  0%| F|  |TAMS 0x0000000090000000, 0x0000000090000000| Untracked 
| 257|0x0000000090100000, 0x0000000090100000, 0x0000000090200000|  0%| F|  |TAMS 0x0000000090100000, 0x0000000090100000| Untracked 
| 258|0x0000000090200000, 0x0000000090200000, 0x0000000090300000|  0%| F|  |TAMS 0x0000000090200000, 0x0000000090200000| Untracked 
| 259|0x0000000090300000, 0x0000000090300000, 0x0000000090400000|  0%| F|  |TAMS 0x0000000090300000, 0x0000000090300000| Untracked 
| 260|0x0000000090400000, 0x0000000090400000, 0x0000000090500000|  0%| F|  |TAMS 0x0000000090400000, 0x0000000090400000| Untracked 
| 261|0x0000000090500000, 0x0000000090500000, 0x0000000090600000|  0%| F|  |TAMS 0x0000000090500000, 0x0000000090500000| Untracked 
| 262|0x0000000090600000, 0x0000000090600000, 0x0000000090700000|  0%| F|  |TAMS 0x0000000090600000, 0x0000000090600000| Untracked 
| 263|0x0000000090700000, 0x0000000090700000, 0x0000000090800000|  0%| F|  |TAMS 0x0000000090700000, 0x0000000090700000| Untracked 
| 264|0x0000000090800000, 0x0000000090800000, 0x0000000090900000|  0%| F|  |TAMS 0x0000000090800000, 0x0000000090800000| Untracked 
| 265|0x0000000090900000, 0x0000000090900000, 0x0000000090a00000|  0%| F|  |TAMS 0x0000000090900000, 0x0000000090900000| Untracked 
| 266|0x0000000090a00000, 0x0000000090a00000, 0x0000000090b00000|  0%| F|  |TAMS 0x0000000090a00000, 0x0000000090a00000| Untracked 
| 267|0x0000000090b00000, 0x0000000090b00000, 0x0000000090c00000|  0%| F|  |TAMS 0x0000000090b00000, 0x0000000090b00000| Untracked 
| 268|0x0000000090c00000, 0x0000000090c00000, 0x0000000090d00000|  0%| F|  |TAMS 0x0000000090c00000, 0x0000000090c00000| Untracked 
| 269|0x0000000090d00000, 0x0000000090d00000, 0x0000000090e00000|  0%| F|  |TAMS 0x0000000090d00000, 0x0000000090d00000| Untracked 
| 270|0x0000000090e00000, 0x0000000090e00000, 0x0000000090f00000|  0%| F|  |TAMS 0x0000000090e00000, 0x0000000090e00000| Untracked 
| 271|0x0000000090f00000, 0x0000000090f00000, 0x0000000091000000|  0%| F|  |TAMS 0x0000000090f00000, 0x0000000090f00000| Untracked 
| 272|0x0000000091000000, 0x0000000091000000, 0x0000000091100000|  0%| F|  |TAMS 0x0000000091000000, 0x0000000091000000| Untracked 
| 273|0x0000000091100000, 0x0000000091100000, 0x0000000091200000|  0%| F|  |TAMS 0x0000000091100000, 0x0000000091100000| Untracked 
| 274|0x0000000091200000, 0x0000000091200000, 0x0000000091300000|  0%| F|  |TAMS 0x0000000091200000, 0x0000000091200000| Untracked 
| 275|0x0000000091300000, 0x0000000091300000, 0x0000000091400000|  0%| F|  |TAMS 0x0000000091300000, 0x0000000091300000| Untracked 
| 276|0x0000000091400000, 0x0000000091400000, 0x0000000091500000|  0%| F|  |TAMS 0x0000000091400000, 0x0000000091400000| Untracked 
| 277|0x0000000091500000, 0x0000000091500000, 0x0000000091600000|  0%| F|  |TAMS 0x0000000091500000, 0x0000000091500000| Untracked 
| 278|0x0000000091600000, 0x0000000091600000, 0x0000000091700000|  0%| F|  |TAMS 0x0000000091600000, 0x0000000091600000| Untracked 
| 279|0x0000000091700000, 0x0000000091700000, 0x0000000091800000|  0%| F|  |TAMS 0x0000000091700000, 0x0000000091700000| Untracked 
| 280|0x0000000091800000, 0x0000000091800000, 0x0000000091900000|  0%| F|  |TAMS 0x0000000091800000, 0x0000000091800000| Untracked 
| 281|0x0000000091900000, 0x0000000091900000, 0x0000000091a00000|  0%| F|  |TAMS 0x0000000091900000, 0x0000000091900000| Untracked 
| 282|0x0000000091a00000, 0x0000000091a00000, 0x0000000091b00000|  0%| F|  |TAMS 0x0000000091a00000, 0x0000000091a00000| Untracked 
| 283|0x0000000091b00000, 0x0000000091b00000, 0x0000000091c00000|  0%| F|  |TAMS 0x0000000091b00000, 0x0000000091b00000| Untracked 
| 284|0x0000000091c00000, 0x0000000091c00000, 0x0000000091d00000|  0%| F|  |TAMS 0x0000000091c00000, 0x0000000091c00000| Untracked 
| 285|0x0000000091d00000, 0x0000000091d00000, 0x0000000091e00000|  0%| F|  |TAMS 0x0000000091d00000, 0x0000000091d00000| Untracked 
| 286|0x0000000091e00000, 0x0000000091e00000, 0x0000000091f00000|  0%| F|  |TAMS 0x0000000091e00000, 0x0000000091e00000| Untracked 
| 287|0x0000000091f00000, 0x0000000091f00000, 0x0000000092000000|  0%| F|  |TAMS 0x0000000091f00000, 0x0000000091f00000| Untracked 
| 288|0x0000000092000000, 0x0000000092000000, 0x0000000092100000|  0%| F|  |TAMS 0x0000000092000000, 0x0000000092000000| Untracked 
| 289|0x0000000092100000, 0x0000000092100000, 0x0000000092200000|  0%| F|  |TAMS 0x0000000092100000, 0x0000000092100000| Untracked 
| 290|0x0000000092200000, 0x0000000092200000, 0x0000000092300000|  0%| F|  |TAMS 0x0000000092200000, 0x0000000092200000| Untracked 
| 291|0x0000000092300000, 0x0000000092300000, 0x0000000092400000|  0%| F|  |TAMS 0x0000000092300000, 0x0000000092300000| Untracked 
| 292|0x0000000092400000, 0x0000000092400000, 0x0000000092500000|  0%| F|  |TAMS 0x0000000092400000, 0x0000000092400000| Untracked 
| 293|0x0000000092500000, 0x0000000092500000, 0x0000000092600000|  0%| F|  |TAMS 0x0000000092500000, 0x0000000092500000| Untracked 
| 294|0x0000000092600000, 0x0000000092600000, 0x0000000092700000|  0%| F|  |TAMS 0x0000000092600000, 0x0000000092600000| Untracked 
| 295|0x0000000092700000, 0x0000000092700000, 0x0000000092800000|  0%| F|  |TAMS 0x0000000092700000, 0x0000000092700000| Untracked 
| 296|0x0000000092800000, 0x0000000092800000, 0x0000000092900000|  0%| F|  |TAMS 0x0000000092800000, 0x0000000092800000| Untracked 
| 297|0x0000000092900000, 0x0000000092900000, 0x0000000092a00000|  0%| F|  |TAMS 0x0000000092900000, 0x0000000092900000| Untracked 

Card table byte_map: [0x00000210fd220000,0x00000210fd620000] _byte_map_base: 0x00000210fce20000

Marking Bits (Prev, Next): (CMBitMap*) 0x00000210fca62118, (CMBitMap*) 0x00000210fca62150
 Prev Bits: [0x00000210fda20000, 0x00000210ffa20000)
 Next Bits: [0x0000021092a10000, 0x0000021094a10000)

Polling page: 0x00000210fc120000

Metaspace:

Usage:
  Non-class:    102.25 MB capacity,   100.26 MB ( 98%) used,     1.60 MB (  2%) free+waste,   399.44 KB ( <1%) overhead. 
      Class:     15.91 MB capacity,    14.66 MB ( 92%) used,     1.07 MB (  7%) free+waste,   181.38 KB (  1%) overhead. 
       Both:    118.16 MB capacity,   114.93 MB ( 97%) used,     2.67 MB (  2%) free+waste,   580.81 KB ( <1%) overhead. 

Virtual space:
  Non-class space:      104.00 MB reserved,     102.47 MB ( 99%) committed 
      Class space:        1.00 GB reserved,      15.95 MB (  2%) committed 
             Both:        1.10 GB reserved,     118.42 MB ( 10%) committed 

Chunk freelists:
   Non-Class:  27.00 KB
       Class:  0 bytes
        Both:  27.00 KB

MaxMetaspaceSize: 17179869184.00 GB
CompressedClassSpaceSize: 1.00 GB

CodeHeap 'non-profiled nmethods': size=120000Kb used=10900Kb max_used=11117Kb free=109099Kb
 bounds [0x000002108b4e0000, 0x000002108bfc0000, 0x0000021092a10000]
CodeHeap 'profiled nmethods': size=120000Kb used=39405Kb max_used=39405Kb free=80594Kb
 bounds [0x0000021083fb0000, 0x0000021086670000, 0x000002108b4e0000]
CodeHeap 'non-nmethods': size=5760Kb used=2363Kb max_used=2421Kb free=3397Kb
 bounds [0x0000021083a10000, 0x0000021083c80000, 0x0000021083fb0000]
 total_blobs=18579 nmethods=17592 adapters=897
 compilation: enabled
              stopped_count=0, restarted_count=0
 full_count=0

Compilation events (20 events):
Event: 110.404 Thread 0x000002109778d800 nmethod 18767 0x000002108b638090 code [0x000002108b638220, 0x000002108b638298]
Event: 110.404 Thread 0x000002109778d800 18782       4       com.android.tools.r8.internal.Lv::a (455 bytes)
Event: 110.415 Thread 0x0000021097790800 nmethod 18740 0x0000021086640b10 code [0x00000210866429c0, 0x0000021086658ae8]
Event: 110.415 Thread 0x0000021097790800 18783       2       com.android.tools.r8.internal.jo::a (63 bytes)
Event: 110.415 Thread 0x0000021097790800 nmethod 18783 0x00000210845a9210 code [0x00000210845a9400, 0x00000210845a96a8]
Event: 110.415 Thread 0x0000021097790800 18747       3       com.android.tools.r8.internal.U4::a (170 bytes)
Event: 110.416 Thread 0x0000021097790800 nmethod 18747 0x000002108461a010 code [0x000002108461a2e0, 0x000002108461b228]
Event: 110.416 Thread 0x0000021097790800 18789 %     3       java.util.LinkedList::toArray @ 15 (39 bytes)
Event: 110.417 Thread 0x0000021097790800 nmethod 18789% 0x00000210845f9690 code [0x00000210845f9860, 0x00000210845f9c98]
Event: 110.417 Thread 0x0000021097790800 18748 %     3       com.android.tools.r8.internal.W4::b @ 104 (169 bytes)
Event: 110.419 Thread 0x0000021097790800 nmethod 18748% 0x0000021086660210 code [0x0000021086660700, 0x0000021086663858]
Event: 110.419 Thread 0x0000021097790800 18792       3       com.android.tools.r8.internal.gw::apply (47 bytes)
Event: 110.420 Thread 0x0000021097790800 nmethod 18792 0x0000021084619710 code [0x0000021084619900, 0x0000021084619e88]
Event: 110.420 Thread 0x0000021097790800 18777       3       com.android.tools.r8.internal.Wi::l2 (44 bytes)
Event: 110.420 Thread 0x0000021097790800 nmethod 18777 0x0000021084618d90 code [0x0000021084618fa0, 0x0000021084619538]
Event: 110.420 Thread 0x0000021097790800 18736 %     3       com.android.tools.r8.internal.c9::a @ 34 (485 bytes)
Event: 110.424 Thread 0x0000021097790800 nmethod 18736% 0x0000021086664610 code [0x0000021086664c00, 0x0000021086668808]
Event: 110.424 Thread 0x0000021097790800 18787 %     3       com.android.tools.r8.ir.regalloc.a::a @ 2121 (3985 bytes)
Event: 110.426 Thread 0x000002109e814800 nmethod 18765 0x000002108b6a4390 code [0x000002108b6a4640, 0x000002108b6a6020]
Event: 110.426 Thread 0x000002109e814800 18786       4       com.android.tools.r8.internal.wj::b (65 bytes)

GC Heap History (20 events):
Event: 109.067 GC heap after
{Heap after GC invocations=38 (full 0):
 garbage-first heap   total 225280K, used 143809K [0x0000000080000000, 0x0000000100000000)
  region size 1024K, 7 young (7168K), 7 survivors (7168K)
 Metaspace       used 116207K, capacity 119505K, committed 119724K, reserved 1153024K
  class space    used 14938K, capacity 16213K, committed 16332K, reserved 1048576K
}
Event: 109.079 GC heap before
{Heap before GC invocations=38 (full 0):
 garbage-first heap   total 225280K, used 146881K [0x0000000080000000, 0x0000000100000000)
  region size 1024K, 11 young (11264K), 7 survivors (7168K)
 Metaspace       used 116213K, capacity 119508K, committed 119724K, reserved 1153024K
  class space    used 14940K, capacity 16214K, committed 16332K, reserved 1048576K
}
Event: 109.091 GC heap after
{Heap after GC invocations=39 (full 0):
 garbage-first heap   total 225280K, used 138120K [0x0000000080000000, 0x0000000100000000)
  region size 1024K, 2 young (2048K), 2 survivors (2048K)
 Metaspace       used 116213K, capacity 119508K, committed 119724K, reserved 1153024K
  class space    used 14940K, capacity 16214K, committed 16332K, reserved 1048576K
}
Event: 109.210 GC heap before
{Heap before GC invocations=39 (full 0):
 garbage-first heap   total 225280K, used 177032K [0x0000000080000000, 0x0000000100000000)
  region size 1024K, 41 young (41984K), 2 survivors (2048K)
 Metaspace       used 116412K, capacity 119691K, committed 119980K, reserved 1153024K
  class space    used 14968K, capacity 16233K, committed 16332K, reserved 1048576K
}
Event: 109.223 GC heap after
{Heap after GC invocations=40 (full 0):
 garbage-first heap   total 225280K, used 146711K [0x0000000080000000, 0x0000000100000000)
  region size 1024K, 6 young (6144K), 6 survivors (6144K)
 Metaspace       used 116412K, capacity 119691K, committed 119980K, reserved 1153024K
  class space    used 14968K, capacity 16233K, committed 16332K, reserved 1048576K
}
Event: 109.391 GC heap before
{Heap before GC invocations=40 (full 0):
 garbage-first heap   total 225280K, used 181527K [0x0000000080000000, 0x0000000100000000)
  region size 1024K, 42 young (43008K), 6 survivors (6144K)
 Metaspace       used 116651K, capacity 119936K, committed 120236K, reserved 1153024K
  class space    used 14975K, capacity 16268K, committed 16332K, reserved 1048576K
}
Event: 109.402 GC heap after
{Heap after GC invocations=41 (full 0):
 garbage-first heap   total 225280K, used 154280K [0x0000000080000000, 0x0000000100000000)
  region size 1024K, 5 young (5120K), 5 survivors (5120K)
 Metaspace       used 116651K, capacity 119936K, committed 120236K, reserved 1153024K
  class space    used 14975K, capacity 16268K, committed 16332K, reserved 1048576K
}
Event: 109.530 GC heap before
{Heap before GC invocations=42 (full 0):
 garbage-first heap   total 225280K, used 185000K [0x0000000080000000, 0x0000000100000000)
  region size 1024K, 35 young (35840K), 5 survivors (5120K)
 Metaspace       used 116949K, capacity 120208K, committed 120492K, reserved 1153024K
  class space    used 14977K, capacity 16268K, committed 16332K, reserved 1048576K
}
Event: 109.541 GC heap after
{Heap after GC invocations=43 (full 0):
 garbage-first heap   total 225280K, used 159178K [0x0000000080000000, 0x0000000100000000)
  region size 1024K, 5 young (5120K), 5 survivors (5120K)
 Metaspace       used 116949K, capacity 120208K, committed 120492K, reserved 1153024K
  class space    used 14977K, capacity 16268K, committed 16332K, reserved 1048576K
}
Event: 109.552 GC heap before
{Heap before GC invocations=43 (full 0):
 garbage-first heap   total 225280K, used 165322K [0x0000000080000000, 0x0000000100000000)
  region size 1024K, 11 young (11264K), 5 survivors (5120K)
 Metaspace       used 116962K, capacity 120214K, committed 120492K, reserved 1153024K
  class space    used 14979K, capacity 16270K, committed 16332K, reserved 1048576K
}
Event: 109.564 GC heap after
{Heap after GC invocations=44 (full 0):
 garbage-first heap   total 225280K, used 155682K [0x0000000080000000, 0x0000000100000000)
  region size 1024K, 2 young (2048K), 2 survivors (2048K)
 Metaspace       used 116962K, capacity 120214K, committed 120492K, reserved 1153024K
  class space    used 14979K, capacity 16270K, committed 16332K, reserved 1048576K
}
Event: 109.611 GC heap before
{Heap before GC invocations=44 (full 0):
 garbage-first heap   total 225280K, used 185378K [0x0000000080000000, 0x0000000100000000)
  region size 1024K, 31 young (31744K), 2 survivors (2048K)
 Metaspace       used 117045K, capacity 120305K, committed 120492K, reserved 1153024K
  class space    used 14985K, capacity 16278K, committed 16332K, reserved 1048576K
}
Event: 109.621 GC heap after
{Heap after GC invocations=45 (full 0):
 garbage-first heap   total 305152K, used 159969K [0x0000000080000000, 0x0000000100000000)
  region size 1024K, 4 young (4096K), 4 survivors (4096K)
 Metaspace       used 117045K, capacity 120305K, committed 120492K, reserved 1153024K
  class space    used 14985K, capacity 16278K, committed 16332K, reserved 1048576K
}
Event: 109.992 GC heap before
{Heap before GC invocations=46 (full 0):
 garbage-first heap   total 305152K, used 218337K [0x0000000080000000, 0x0000000100000000)
  region size 1024K, 62 young (63488K), 4 survivors (4096K)
 Metaspace       used 117548K, capacity 120838K, committed 121004K, reserved 1155072K
  class space    used 15005K, capacity 16279K, committed 16332K, reserved 1048576K
}
Event: 110.007 GC heap after
{Heap after GC invocations=47 (full 0):
 garbage-first heap   total 305152K, used 167933K [0x0000000080000000, 0x0000000100000000)
  region size 1024K, 8 young (8192K), 8 survivors (8192K)
 Metaspace       used 117548K, capacity 120838K, committed 121004K, reserved 1155072K
  class space    used 15005K, capacity 16279K, committed 16332K, reserved 1048576K
}
Event: 110.048 GC heap before
{Heap before GC invocations=47 (full 0):
 garbage-first heap   total 305152K, used 174077K [0x0000000080000000, 0x0000000100000000)
  region size 1024K, 14 young (14336K), 8 survivors (8192K)
 Metaspace       used 117595K, capacity 120902K, committed 121004K, reserved 1155072K
  class space    used 15006K, capacity 16279K, committed 16332K, reserved 1048576K
}
Event: 110.059 GC heap after
{Heap after GC invocations=48 (full 0):
 garbage-first heap   total 305152K, used 167782K [0x0000000080000000, 0x0000000100000000)
  region size 1024K, 2 young (2048K), 2 survivors (2048K)
 Metaspace       used 117595K, capacity 120902K, committed 121004K, reserved 1155072K
  class space    used 15006K, capacity 16279K, committed 16332K, reserved 1048576K
}
Event: 110.262 GC heap before
{Heap before GC invocations=48 (full 0):
 garbage-first heap   total 305152K, used 225126K [0x0000000080000000, 0x0000000100000000)
  region size 1024K, 59 young (60416K), 2 survivors (2048K)
 Metaspace       used 117635K, capacity 120972K, committed 121260K, reserved 1155072K
  class space    used 15007K, capacity 16281K, committed 16332K, reserved 1048576K
}
Event: 110.268 GC heap after
{Heap after GC invocations=49 (full 0):
 garbage-first heap   total 305152K, used 169001K [0x0000000080000000, 0x0000000100000000)
  region size 1024K, 3 young (3072K), 3 survivors (3072K)
 Metaspace       used 117635K, capacity 120972K, committed 121260K, reserved 1155072K
  class space    used 15007K, capacity 16281K, committed 16332K, reserved 1048576K
}
Event: 110.447 GC heap before
{Heap before GC invocations=49 (full 0):
 garbage-first heap   total 305152K, used 230441K [0x0000000080000000, 0x0000000100000000)
  region size 1024K, 63 young (64512K), 3 survivors (3072K)
 Metaspace       used 117686K, capacity 120999K, committed 121260K, reserved 1155072K
  class space    used 15016K, capacity 16290K, committed 16332K, reserved 1048576K
}

Deoptimization events (20 events):
Event: 110.406 Thread 0x00000210a08c8800 Uncommon trap: trap_request=0xffffffbe fr.pc=0x000002108b64f64c relative=0x00000000000008ec
Event: 110.406 Thread 0x00000210a08c8800 Uncommon trap: reason=profile_predicate action=maybe_recompile pc=0x000002108b64f64c method=com.android.tools.r8.internal.wj.b(Ljava/lang/Iterable;Lcom/android/tools/r8/internal/Yv;)Z @ 22 c2
Event: 110.406 Thread 0x00000210a08c8800 DEOPT PACKING pc=0x000002108b64f64c sp=0x000000e95eef9d10
Event: 110.406 Thread 0x00000210a08c8800 DEOPT UNPACKING pc=0x0000021083a378af sp=0x000000e95eef9ce8 mode 2
Event: 110.406 Thread 0x00000210a08c8800 Uncommon trap: trap_request=0xffffffbe fr.pc=0x000002108b64f64c relative=0x00000000000008ec
Event: 110.406 Thread 0x00000210a08c8800 Uncommon trap: reason=profile_predicate action=maybe_recompile pc=0x000002108b64f64c method=com.android.tools.r8.internal.wj.b(Ljava/lang/Iterable;Lcom/android/tools/r8/internal/Yv;)Z @ 22 c2
Event: 110.406 Thread 0x00000210a08c8800 DEOPT PACKING pc=0x000002108b64f64c sp=0x000000e95eef9d10
Event: 110.406 Thread 0x00000210a08c8800 DEOPT UNPACKING pc=0x0000021083a378af sp=0x000000e95eef9ce8 mode 2
Event: 110.406 Thread 0x00000210a08c8800 Uncommon trap: trap_request=0xffffffbe fr.pc=0x000002108b64f64c relative=0x00000000000008ec
Event: 110.406 Thread 0x00000210a08c8800 Uncommon trap: reason=profile_predicate action=maybe_recompile pc=0x000002108b64f64c method=com.android.tools.r8.internal.wj.b(Ljava/lang/Iterable;Lcom/android/tools/r8/internal/Yv;)Z @ 22 c2
Event: 110.406 Thread 0x00000210a08c8800 DEOPT PACKING pc=0x000002108b64f64c sp=0x000000e95eef9d10
Event: 110.406 Thread 0x00000210a08c8800 DEOPT UNPACKING pc=0x0000021083a378af sp=0x000000e95eef9ce8 mode 2
Event: 110.406 Thread 0x00000210a08c8800 Uncommon trap: trap_request=0xffffffbe fr.pc=0x000002108b64f64c relative=0x00000000000008ec
Event: 110.406 Thread 0x00000210a08c8800 Uncommon trap: reason=profile_predicate action=maybe_recompile pc=0x000002108b64f64c method=com.android.tools.r8.internal.wj.b(Ljava/lang/Iterable;Lcom/android/tools/r8/internal/Yv;)Z @ 22 c2
Event: 110.406 Thread 0x00000210a08c8800 DEOPT PACKING pc=0x000002108b64f64c sp=0x000000e95eef9d10
Event: 110.406 Thread 0x00000210a08c8800 DEOPT UNPACKING pc=0x0000021083a378af sp=0x000000e95eef9ce8 mode 2
Event: 110.415 Thread 0x00000210a08c8800 DEOPT PACKING pc=0x0000021084556200 sp=0x000000e95eef98d0
Event: 110.415 Thread 0x00000210a08c8800 DEOPT UNPACKING pc=0x0000021083a376ce sp=0x000000e95eef8f60 mode 0
Event: 110.441 Thread 0x00000210a3150800 DEOPT PACKING pc=0x00000210844e7c8a sp=0x000000e95eff9bc0
Event: 110.441 Thread 0x00000210a3150800 DEOPT UNPACKING pc=0x0000021083a376ce sp=0x000000e95eff90e8 mode 0

Classes redefined (0 events):
No events

Internal exceptions (20 events):
Event: 107.305 Thread 0x00000210a315b000 Exception <a 'sun/nio/fs/WindowsException'{0x000000008c4ada30}> (0x000000008c4ada30) thrown at [./src/hotspot/share/prims/jni.cpp, line 615]
Event: 107.669 Thread 0x00000210a315b000 Exception <a 'sun/nio/fs/WindowsException'{0x000000008da8dc50}> (0x000000008da8dc50) thrown at [./src/hotspot/share/prims/jni.cpp, line 615]
Event: 107.669 Thread 0x00000210a315b000 Exception <a 'sun/nio/fs/WindowsException'{0x000000008da8eb08}> (0x000000008da8eb08) thrown at [./src/hotspot/share/prims/jni.cpp, line 615]
Event: 107.729 Thread 0x000002109d454000 Exception <a 'sun/nio/fs/WindowsException'{0x000000008d0289a0}> (0x000000008d0289a0) thrown at [./src/hotspot/share/prims/jni.cpp, line 615]
Event: 108.156 Thread 0x000002109d44d000 Implicit null exception at 0x000002108bf07a7c to 0x000002108bf07f58
Event: 108.156 Thread 0x000002109d44d000 Implicit null exception at 0x000002108bf07a7c to 0x000002108bf07f58
Event: 108.156 Thread 0x000002109d44d000 Implicit null exception at 0x000002108bf07a7c to 0x000002108bf07f58
Event: 108.156 Thread 0x000002109d44d000 Implicit null exception at 0x000002108bf07a7c to 0x000002108bf07f58
Event: 108.577 Thread 0x00000210a08c8800 Exception <a 'sun/nio/fs/WindowsException'{0x000000008d0cd0d0}> (0x000000008d0cd0d0) thrown at [./src/hotspot/share/prims/jni.cpp, line 615]
Event: 108.597 Thread 0x00000210a3150800 Exception <a 'sun/nio/fs/WindowsException'{0x000000008c73cd80}> (0x000000008c73cd80) thrown at [./src/hotspot/share/prims/jni.cpp, line 615]
Event: 108.620 Thread 0x00000210a3154800 Exception <a 'sun/nio/fs/WindowsException'{0x000000008c02f0a0}> (0x000000008c02f0a0) thrown at [./src/hotspot/share/prims/jni.cpp, line 615]
Event: 108.642 Thread 0x00000210a3155000 Exception <a 'sun/nio/fs/WindowsException'{0x000000008bc75af8}> (0x000000008bc75af8) thrown at [./src/hotspot/share/prims/jni.cpp, line 615]
Event: 108.659 Thread 0x00000210a3156000 Exception <a 'sun/nio/fs/WindowsException'{0x000000008b79c5a0}> (0x000000008b79c5a0) thrown at [./src/hotspot/share/prims/jni.cpp, line 615]
Event: 108.667 Thread 0x00000210a08c8800 Exception <a 'java/lang/NoSuchMethodError'{0x000000008b5dfa38}: 'long java.lang.invoke.DirectMethodHandle$Holder.invokeStatic(java.lang.Object, java.lang.Object)'> (0x000000008b5dfa38) thrown at [./src/hotspot/share/interpreter/linkResolver.cpp, line 773]
Event: 108.721 Thread 0x00000210a3157800 Exception <a 'sun/nio/fs/WindowsException'{0x000000008a77e568}> (0x000000008a77e568) thrown at [./src/hotspot/share/prims/jni.cpp, line 615]
Event: 108.746 Thread 0x00000210a08c8800 Exception <a 'java/lang/IncompatibleClassChangeError'{0x000000008a1f6a18}: Found class java.lang.Object, but interface was expected> (0x000000008a1f6a18) thrown at [./src/hotspot/share/interpreter/linkResolver.cpp, line 839]
Event: 108.945 Thread 0x00000210a08c8800 Exception <a 'java/lang/NoSuchMethodError'{0x000000008c34eff0}: 'java.lang.Object java.lang.invoke.DirectMethodHandle$Holder.invokeStatic(java.lang.Object, int, java.lang.Object, java.lang.Object)'> (0x000000008c34eff0) thrown at [./src/hotspot/share/interpreter/linkResolver.cpp, line 773]
Event: 109.003 Thread 0x00000210a08c8800 Exception <a 'java/lang/NoSuchMethodError'{0x000000008b84d708}: 'java.lang.Object java.lang.invoke.Invokers$Holder.linkToTargetMethod(java.lang.Object, java.lang.Object, java.lang.Object, java.lang.Object, java.lang.Object, java.lang.Object, java.lang.Object, java.lang.Object)'> (0x000000008b84d708) thrown at [./src/hotspot/share/interpreter/linkResolver.cpp, line 773]
Event: 109.032 Thread 0x00000210a08c8800 Exception <a 'java/lang/NoSuchMethodError'{0x000000008b237658}: 'java.lang.Object java.lang.invoke.DirectMethodHandle$Holder.invokeInterface(java.lang.Object, java.lang.Object, int)'> (0x000000008b237658) thrown at [./src/hotspot/share/interpreter/linkResolver.cpp, line 773]
Event: 109.405 Thread 0x00000210a08c5800 Exception <a 'sun/nio/fs/WindowsException'{0x000000008db6cde8}> (0x000000008db6cde8) thrown at [./src/hotspot/share/prims/jni.cpp, line 615]

Events (20 events):
Event: 110.422 loading class com/android/tools/r8/code/K0 done
Event: 110.422 loading class com/android/tools/r8/code/K0
Event: 110.422 loading class com/android/tools/r8/code/K0 done
Event: 110.422 loading class com/android/tools/r8/code/K0
Event: 110.422 loading class com/android/tools/r8/code/K0 done
Event: 110.422 loading class com/android/tools/r8/ir/regalloc/a
Event: 110.422 loading class com/android/tools/r8/ir/regalloc/a done
Event: 110.426 loading class com/android/tools/r8/internal/Ug
Event: 110.426 loading class com/android/tools/r8/internal/Ug done
Event: 110.428 loading class com/android/tools/r8/internal/ah
Event: 110.428 loading class com/android/tools/r8/internal/ah done
Event: 110.428 loading class com/android/tools/r8/internal/Wg
Event: 110.428 loading class com/android/tools/r8/internal/Wg done
Event: 110.429 loading class com/android/tools/r8/internal/bh
Event: 110.429 loading class com/android/tools/r8/internal/bh done
Event: 110.430 loading class com/android/tools/r8/internal/Zg
Event: 110.430 loading class com/android/tools/r8/internal/Zg done
Event: 110.430 loading class com/android/tools/r8/internal/Tg
Event: 110.430 loading class com/android/tools/r8/internal/Tg done
Event: 110.446 Executing VM operation: G1CollectForAllocation


Dynamic libraries:
0x00007ff6522a0000 - 0x00007ff6522aa000 	C:\Program Files\Android\Android Studio\jre\bin\java.exe
0x00007ffe17a20000 - 0x00007ffe17c83000 	C:\WINDOWS\SYSTEM32\ntdll.dll
0x00007ffe168d0000 - 0x00007ffe16998000 	C:\WINDOWS\System32\KERNEL32.DLL
0x00007ffe152d0000 - 0x00007ffe15682000 	C:\WINDOWS\System32\KERNELBASE.dll
0x00007ffe14df0000 - 0x00007ffe14f3b000 	C:\WINDOWS\System32\ucrtbase.dll
0x00007ffdde720000 - 0x00007ffdde737000 	C:\Program Files\Android\Android Studio\jre\bin\VCRUNTIME140.dll
0x00007ffdc67d0000 - 0x00007ffdc67e9000 	C:\Program Files\Android\Android Studio\jre\bin\jli.dll
0x00007ffe17660000 - 0x00007ffe17828000 	C:\WINDOWS\System32\USER32.dll
0x00007ffe15200000 - 0x00007ffe15227000 	C:\WINDOWS\System32\win32u.dll
0x00007ffdf71f0000 - 0x00007ffdf7480000 	C:\WINDOWS\WinSxS\amd64_microsoft.windows.common-controls_6595b64144ccf1df_6.0.26100.2454_none_3e0b68a2e331ad60\COMCTL32.dll
0x00007ffe15930000 - 0x00007ffe1595a000 	C:\WINDOWS\System32\GDI32.dll
0x00007ffe15880000 - 0x00007ffe15929000 	C:\WINDOWS\System32\msvcrt.dll
0x00007ffe15690000 - 0x00007ffe157bb000 	C:\WINDOWS\System32\gdi32full.dll
0x00007ffe15150000 - 0x00007ffe151f3000 	C:\WINDOWS\System32\msvcp_win.dll
0x00007ffe15bb0000 - 0x00007ffe15bdf000 	C:\WINDOWS\System32\IMM32.DLL
0x00007ffdb5300000 - 0x00007ffdb539d000 	C:\Program Files\Android\Android Studio\jre\bin\msvcp140.dll
0x00007ffd76a70000 - 0x00007ffd7753f000 	C:\Program Files\Android\Android Studio\jre\bin\server\jvm.dll
0x00007ffe173b0000 - 0x00007ffe17464000 	C:\WINDOWS\System32\ADVAPI32.dll
0x00007ffe15960000 - 0x00007ffe15a06000 	C:\WINDOWS\System32\sechost.dll
0x00007ffe17280000 - 0x00007ffe17396000 	C:\WINDOWS\System32\RPCRT4.dll
0x00007ffe17650000 - 0x00007ffe17658000 	C:\WINDOWS\System32\PSAPI.DLL
0x00007ffdf8c70000 - 0x00007ffdf8c7a000 	C:\WINDOWS\SYSTEM32\WSOCK32.dll
0x00007ffe05b80000 - 0x00007ffe05bb6000 	C:\WINDOWS\SYSTEM32\WINMM.dll
0x00007ffe15d30000 - 0x00007ffe15da4000 	C:\WINDOWS\System32\WS2_32.dll
0x00007ffe0d940000 - 0x00007ffe0d94b000 	C:\WINDOWS\SYSTEM32\VERSION.dll
0x00007ffe13d10000 - 0x00007ffe13d2a000 	C:\WINDOWS\SYSTEM32\kernel.appcore.dll
0x00007ffded8c0000 - 0x00007ffded8d1000 	C:\Program Files\Android\Android Studio\jre\bin\verify.dll
0x00007ffe05040000 - 0x00007ffe05281000 	C:\WINDOWS\SYSTEM32\DBGHELP.DLL
0x00007ffe163d0000 - 0x00007ffe1674e000 	C:\WINDOWS\System32\combase.dll
0x00007ffe17480000 - 0x00007ffe17556000 	C:\WINDOWS\System32\OLEAUT32.dll
0x00007ffdfb9a0000 - 0x00007ffdfb9d9000 	C:\WINDOWS\SYSTEM32\dbgcore.DLL
0x00007ffe15230000 - 0x00007ffe152c9000 	C:\WINDOWS\System32\bcryptPrimitives.dll
0x00007ffded850000 - 0x00007ffded879000 	C:\Program Files\Android\Android Studio\jre\bin\java.dll
0x00007ffe0ef30000 - 0x00007ffe0ef3b000 	C:\Program Files\Android\Android Studio\jre\bin\jimage.dll
0x00007ffde4a10000 - 0x00007ffde4a28000 	C:\Program Files\Android\Android Studio\jre\bin\zip.dll
0x00007ffe16b70000 - 0x00007ffe17270000 	C:\WINDOWS\System32\SHELL32.dll
0x00007ffe12ae0000 - 0x00007ffe13311000 	C:\WINDOWS\SYSTEM32\windows.storage.dll
0x00007ffe17900000 - 0x00007ffe179da000 	C:\WINDOWS\System32\SHCORE.dll
0x00007ffe162c0000 - 0x00007ffe1631d000 	C:\WINDOWS\System32\shlwapi.dll
0x00007ffe14d00000 - 0x00007ffe14d2e000 	C:\WINDOWS\SYSTEM32\profapi.dll
0x00007ffde49f0000 - 0x00007ffde4a0a000 	C:\Program Files\Android\Android Studio\jre\bin\net.dll
0x00007ffe0eca0000 - 0x00007ffe0edc6000 	C:\WINDOWS\SYSTEM32\WINHTTP.dll
0x00007ffe14240000 - 0x00007ffe142a8000 	C:\WINDOWS\system32\mswsock.dll
0x00007ffddeb50000 - 0x00007ffddeb64000 	C:\Program Files\Android\Android Studio\jre\bin\nio.dll
0x00007ffdc67f0000 - 0x00007ffdc6817000 	C:\Users\labya\.gradle\native\8bec1ad78214c89d9ad589b4d07fe93259594b29d510b10fafb7a158f7737e5d\windows-amd64\native-platform.dll
0x00007ffdb20d0000 - 0x00007ffdb220d000 	C:\Users\labya\.gradle\native\53dbd7edfb1c66fb8903c78663c9afc45aea4f116125fa6feffd364cf09443e8\windows-amd64\native-platform-file-events.dll
0x00007ffdf9b30000 - 0x00007ffdf9b3a000 	C:\Program Files\Android\Android Studio\jre\bin\management.dll
0x00007ffdf9b10000 - 0x00007ffdf9b1c000 	C:\Program Files\Android\Android Studio\jre\bin\management_ext.dll
0x00007ffe144e0000 - 0x00007ffe144fc000 	C:\WINDOWS\SYSTEM32\CRYPTSP.dll
0x00007ffe13bf0000 - 0x00007ffe13c28000 	C:\WINDOWS\system32\rsaenh.dll
0x00007ffe142e0000 - 0x00007ffe1430b000 	C:\WINDOWS\SYSTEM32\USERENV.dll
0x00007ffe14720000 - 0x00007ffe14746000 	C:\WINDOWS\SYSTEM32\bcrypt.dll
0x00007ffe14500000 - 0x00007ffe1450c000 	C:\WINDOWS\SYSTEM32\CRYPTBASE.dll
0x00007ffe13610000 - 0x00007ffe13642000 	C:\WINDOWS\SYSTEM32\IPHLPAPI.DLL
0x00007ffe173a0000 - 0x00007ffe173aa000 	C:\WINDOWS\System32\NSI.dll
0x00007ffe0f4a0000 - 0x00007ffe0f4be000 	C:\WINDOWS\SYSTEM32\dhcpcsvc6.DLL
0x00007ffe0ebb0000 - 0x00007ffe0ebd5000 	C:\WINDOWS\SYSTEM32\dhcpcsvc.DLL
0x00007ffe13700000 - 0x00007ffe13825000 	C:\WINDOWS\SYSTEM32\DNSAPI.dll
0x00007ffdf3170000 - 0x00007ffdf3178000 	C:\Program Files\Android\Android Studio\jre\bin\rmi.dll
0x00007ffdde6a0000 - 0x00007ffdde6c7000 	C:\Program Files\Android\Android Studio\jre\bin\sunec.dll

dbghelp: loaded successfully - version: 4.0.5 - missing functions: none
symbol engine: initialized successfully - sym options: 0x614 - pdb path: .;C:\Program Files\Android\Android Studio\jre\bin;C:\WINDOWS\SYSTEM32;C:\WINDOWS\WinSxS\amd64_microsoft.windows.common-controls_6595b64144ccf1df_6.0.26100.2454_none_3e0b68a2e331ad60;C:\Program Files\Android\Android Studio\jre\bin\server;C:\Users\labya\.gradle\native\8bec1ad78214c89d9ad589b4d07fe93259594b29d510b10fafb7a158f7737e5d\windows-amd64;C:\Users\labya\.gradle\native\53dbd7edfb1c66fb8903c78663c9afc45aea4f116125fa6feffd364cf09443e8\windows-amd64

VM Arguments:
jvm_args: --add-opens=java.base/java.util=ALL-UNNAMED --add-opens=java.base/java.lang=ALL-UNNAMED --add-opens=java.base/java.lang.invoke=ALL-UNNAMED --add-opens=java.base/java.util=ALL-UNNAMED --add-opens=java.prefs/java.util.prefs=ALL-UNNAMED --add-opens=java.prefs/java.util.prefs=ALL-UNNAMED --add-opens=java.base/java.nio.charset=ALL-UNNAMED --add-opens=java.base/java.net=ALL-UNNAMED --add-opens=java.base/java.util.concurrent.atomic=ALL-UNNAMED -Xmx2048m -Dfile.encoding=UTF-8 -Duser.country=US -Duser.language=en -Duser.variant 
java_command: org.gradle.launcher.daemon.bootstrap.GradleDaemon 7.0.2
java_class_path (initial): C:\Users\labya\.gradle\wrapper\dists\gradle-7.0.2-bin\857tjihv64xamwrf0h14cai3r\gradle-7.0.2\lib\gradle-launcher-7.0.2.jar
Launcher Type: SUN_STANDARD

[Global flags]
     intx CICompilerCount                          = 4                                         {product} {ergonomic}
     uint ConcGCThreads                            = 2                                         {product} {ergonomic}
     uint G1ConcRefinementThreads                  = 8                                         {product} {ergonomic}
   size_t G1HeapRegionSize                         = 1048576                                   {product} {ergonomic}
    uintx GCDrainStackTargetSize                   = 64                                        {product} {ergonomic}
   size_t InitialHeapSize                          = 132120576                                 {product} {ergonomic}
   size_t MarkStackSize                            = 4194304                                   {product} {ergonomic}
   size_t MaxHeapSize                              = 2147483648                                {product} {command line}
   size_t MaxNewSize                               = 1287651328                                {product} {ergonomic}
   size_t MinHeapDeltaBytes                        = 1048576                                   {product} {ergonomic}
    uintx NonNMethodCodeHeapSize                   = 5836300                                {pd product} {ergonomic}
    uintx NonProfiledCodeHeapSize                  = 122910970                              {pd product} {ergonomic}
    uintx ProfiledCodeHeapSize                     = 122910970                              {pd product} {ergonomic}
    uintx ReservedCodeCacheSize                    = 251658240                              {pd product} {ergonomic}
     bool SegmentedCodeCache                       = true                                      {product} {ergonomic}
     bool UseCompressedClassPointers               = true                                 {lp64_product} {ergonomic}
     bool UseCompressedOops                        = true                                 {lp64_product} {ergonomic}
     bool UseG1GC                                  = true                                      {product} {ergonomic}
     bool UseLargePagesIndividualAllocation        = false                                  {pd product} {ergonomic}

Logging:
Log output configuration:
 #0: stdout all=warning uptime,level,tags
 #1: stderr all=off uptime,level,tags

Environment Variables:
PATH=C:\WINDOWS\system32;C:\WINDOWS;C:\WINDOWS\System32\Wbem;C:\WINDOWS\System32\WindowsPowerShell\v1.0\;C:\WINDOWS\System32\OpenSSH\;C:\Program Files (x86)\NVIDIA Corporation\PhysX\Common;C:\xampp\php;C:\ProgramData\ComposerSetup\bin;C:\Program Files\Git\cmd;C:\Program Files\nodejs\;C:\Program Files\NVIDIA Corporation\NVIDIA app\NvDLISR;C:\Users\labya\AppData\Local\Microsoft\WindowsApps;C:\Users\labya\AppData\Local\Programs\Microsoft VS Code\bin;C:\Users\labya\AppData\Roaming\Composer\vendor\bin;C:\Users\labya\AppData\Local\GitHubDesktop\bin;C:\Users\labya\AppData\Roaming\npm;
USERNAME=labya
OS=Windows_NT
PROCESSOR_IDENTIFIER=Intel64 Family 6 Model 142 Stepping 12, GenuineIntel



---------------  S Y S T E M  ---------------

OS: Windows 10 , 64 bit Build 26100 (10.0.26100.2454)
OS uptime: 0 days 3:33 hours
Hyper-V role detected

CPU:total 8 (initial active 8) (4 cores per cpu, 2 threads per core) family 6 model 142 stepping 12 microcode 0xea, cmov, cx8, fxsr, mmx, sse, sse2, sse3, ssse3, sse4.1, sse4.2, popcnt, avx, avx2, aes, clmul, erms, 3dnowpref, lzcnt, ht, tsc, tscinvbit, bmi1, bmi2, adx, fma

Memory: 4k page, system-wide physical 8025M (893M free)
TotalPageFile size 12121M (AvailPageFile size 136M)
current process WorkingSet (physical memory assigned to process): 685M, peak: 720M
current process commit charge ("private bytes"): 745M, peak: 965M

vm_info: OpenJDK 64-Bit Server VM (11.0.10+0-b96-7249189) for windows-amd64 JRE (11.0.10+0-b96-7249189), built on Mar 31 2021 21:44:00 by "builder" with MS VC++ 14.0 (VS2015)

END.
